running develop
Removing /home/chino/brazo_ws/install/ik_bridge/lib/python3.10/site-packages/ik-bridge.egg-link (link to .)
running egg_info
writing ../../build/ik_bridge/ik_bridge.egg-info/PKG-INFO
writing dependency_links to ../../build/ik_bridge/ik_bridge.egg-info/dependency_links.txt
writing entry points to ../../build/ik_bridge/ik_bridge.egg-info/entry_points.txt
writing requirements to ../../build/ik_bridge/ik_bridge.egg-info/requires.txt
writing top-level names to ../../build/ik_bridge/ik_bridge.egg-info/top_level.txt
reading manifest file '../../build/ik_bridge/ik_bridge.egg-info/SOURCES.txt'
writing manifest file '../../build/ik_bridge/ik_bridge.egg-info/SOURCES.txt'
running build
running build_py
creating /home/chino/brazo_ws/build/ik_bridge/build
creating /home/chino/brazo_ws/build/ik_bridge/build/lib
creating /home/chino/brazo_ws/build/ik_bridge/build/lib/ik_bridge
copying ik_bridge/ik_bridge_node.py -> /home/chino/brazo_ws/build/ik_bridge/build/lib/ik_bridge
copying ik_bridge/__init__.py -> /home/chino/brazo_ws/build/ik_bridge/build/lib/ik_bridge
running install
running install_lib
creating /home/chino/brazo_ws/install/ik_bridge/lib/python3.10/site-packages/ik_bridge
copying /home/chino/brazo_ws/build/ik_bridge/build/lib/ik_bridge/ik_bridge_node.py -> /home/chino/brazo_ws/install/ik_bridge/lib/python3.10/site-packages/ik_bridge
copying /home/chino/brazo_ws/build/ik_bridge/build/lib/ik_bridge/__init__.py -> /home/chino/brazo_ws/install/ik_bridge/lib/python3.10/site-packages/ik_bridge
byte-compiling /home/chino/brazo_ws/install/ik_bridge/lib/python3.10/site-packages/ik_bridge/ik_bridge_node.py to ik_bridge_node.cpython-310.pyc
byte-compiling /home/chino/brazo_ws/install/ik_bridge/lib/python3.10/site-packages/ik_bridge/__init__.py to __init__.cpython-310.pyc
running install_data
copying resource/ik_bridge -> /home/chino/brazo_ws/install/ik_bridge/share/ament_index/resource_index/packages
copying package.xml -> /home/chino/brazo_ws/install/ik_bridge/share/ik_bridge
running install_egg_info
Copying ../../build/ik_bridge/ik_bridge.egg-info to /home/chino/brazo_ws/install/ik_bridge/lib/python3.10/site-packages/ik_bridge-0.0.1-py3.10.egg-info
running install_scripts
Installing ik_bridge_node script to /home/chino/brazo_ws/install/ik_bridge/lib/ik_bridge
writing list of installed files to '/home/chino/brazo_ws/build/ik_bridge/install.log'
