[6.954s] Invoking command in '/home/chino/brazo_ws/build/ik_bridge': PYTHONPATH=/home/chino/brazo_ws/build/ik_bridge/prefix_override:/usr/lib/python3/dist-packages/colcon_core/task/python/colcon_distutils_commands:/home/chino/brazo_ws/install/ik_bridge/lib/python3.10/site-packages:${PYTHONPATH} /usr/bin/python3 -W ignore:setup.py install is deprecated -W ignore:easy_install command is deprecated setup.py develop --uninstall --editable --build-directory /home/chino/brazo_ws/build/ik_bridge/build
[7.991s] running develop
[8.733s] Removing /home/chino/brazo_ws/install/ik_bridge/lib/python3.10/site-packages/ik-bridge.egg-link (link to .)
[8.813s] Invoked command in '/home/chino/brazo_ws/build/ik_bridge' returned '0': PYTHONPATH=/home/chino/brazo_ws/build/ik_bridge/prefix_override:/usr/lib/python3/dist-packages/colcon_core/task/python/colcon_distutils_commands:/home/chino/brazo_ws/install/ik_bridge/lib/python3.10/site-packages:${PYTHONPATH} /usr/bin/python3 -W ignore:setup.py install is deprecated -W ignore:easy_install command is deprecated setup.py develop --uninstall --editable --build-directory /home/chino/brazo_ws/build/ik_bridge/build
[8.818s] Invoking command in '/home/chino/brazo_ws/src/ik_bridge': PYTHONPATH=/home/chino/brazo_ws/build/ik_bridge/prefix_override:/usr/lib/python3/dist-packages/colcon_core/task/python/colcon_distutils_commands:/home/chino/brazo_ws/install/ik_bridge/lib/python3.10/site-packages:${PYTHONPATH} /usr/bin/python3 -W ignore:setup.py install is deprecated -W ignore:easy_install command is deprecated setup.py egg_info --egg-base ../../build/ik_bridge build --build-base /home/chino/brazo_ws/build/ik_bridge/build install --record /home/chino/brazo_ws/build/ik_bridge/install.log --single-version-externally-managed install_data --force
[9.655s] running egg_info
[9.658s] writing ../../build/ik_bridge/ik_bridge.egg-info/PKG-INFO
[9.659s] writing dependency_links to ../../build/ik_bridge/ik_bridge.egg-info/dependency_links.txt
[9.660s] writing entry points to ../../build/ik_bridge/ik_bridge.egg-info/entry_points.txt
[9.660s] writing requirements to ../../build/ik_bridge/ik_bridge.egg-info/requires.txt
[9.661s] writing top-level names to ../../build/ik_bridge/ik_bridge.egg-info/top_level.txt
[9.666s] reading manifest file '../../build/ik_bridge/ik_bridge.egg-info/SOURCES.txt'
[9.669s] writing manifest file '../../build/ik_bridge/ik_bridge.egg-info/SOURCES.txt'
[9.670s] running build
[9.670s] running build_py
[9.671s] creating /home/chino/brazo_ws/build/ik_bridge/build
[9.673s] creating /home/chino/brazo_ws/build/ik_bridge/build/lib
[9.674s] creating /home/chino/brazo_ws/build/ik_bridge/build/lib/ik_bridge
[9.675s] copying ik_bridge/ik_bridge_node.py -> /home/chino/brazo_ws/build/ik_bridge/build/lib/ik_bridge
[9.676s] copying ik_bridge/__init__.py -> /home/chino/brazo_ws/build/ik_bridge/build/lib/ik_bridge
[9.677s] running install
[9.678s] running install_lib
[9.680s] creating /home/chino/brazo_ws/install/ik_bridge/lib/python3.10/site-packages/ik_bridge
[9.682s] copying /home/chino/brazo_ws/build/ik_bridge/build/lib/ik_bridge/ik_bridge_node.py -> /home/chino/brazo_ws/install/ik_bridge/lib/python3.10/site-packages/ik_bridge
[9.682s] copying /home/chino/brazo_ws/build/ik_bridge/build/lib/ik_bridge/__init__.py -> /home/chino/brazo_ws/install/ik_bridge/lib/python3.10/site-packages/ik_bridge
[9.684s] byte-compiling /home/chino/brazo_ws/install/ik_bridge/lib/python3.10/site-packages/ik_bridge/ik_bridge_node.py to ik_bridge_node.cpython-310.pyc
[9.691s] byte-compiling /home/chino/brazo_ws/install/ik_bridge/lib/python3.10/site-packages/ik_bridge/__init__.py to __init__.cpython-310.pyc
[9.692s] running install_data
[9.693s] copying resource/ik_bridge -> /home/chino/brazo_ws/install/ik_bridge/share/ament_index/resource_index/packages
[9.693s] copying package.xml -> /home/chino/brazo_ws/install/ik_bridge/share/ik_bridge
[9.694s] running install_egg_info
[9.698s] Copying ../../build/ik_bridge/ik_bridge.egg-info to /home/chino/brazo_ws/install/ik_bridge/lib/python3.10/site-packages/ik_bridge-0.0.1-py3.10.egg-info
[9.703s] running install_scripts
[9.765s] Installing ik_bridge_node script to /home/chino/brazo_ws/install/ik_bridge/lib/ik_bridge
[9.766s] writing list of installed files to '/home/chino/brazo_ws/build/ik_bridge/install.log'
[9.851s] Invoked command in '/home/chino/brazo_ws/src/ik_bridge' returned '0': PYTHONPATH=/home/chino/brazo_ws/build/ik_bridge/prefix_override:/usr/lib/python3/dist-packages/colcon_core/task/python/colcon_distutils_commands:/home/chino/brazo_ws/install/ik_bridge/lib/python3.10/site-packages:${PYTHONPATH} /usr/bin/python3 -W ignore:setup.py install is deprecated -W ignore:easy_install command is deprecated setup.py egg_info --egg-base ../../build/ik_bridge build --build-base /home/chino/brazo_ws/build/ik_bridge/build install --record /home/chino/brazo_ws/build/ik_bridge/install.log --single-version-externally-managed install_data --force
