[3.819s] Invoking command in '/home/chino/brazo_ws/build/micro_ros_setup': CMAKE_PREFIX_PATH=${CMAKE_PREFIX_PATH}:/home/chino/brazo_ws/install/trajectory_publisher:/home/chino/brazo_ws/install/ik_bridge:/home/chino/brazo_ws/install/Trayectorias:/home/chino/brazo_ws/install/BRAZOROBOTICO_description:/opt/ros/humble /usr/bin/cmake --build /home/chino/brazo_ws/build/micro_ros_setup -- -j16 -l16
[5.117s] Invoked command in '/home/chino/brazo_ws/build/micro_ros_setup' returned '0': CMAKE_PREFIX_PATH=${CMAKE_PREFIX_PATH}:/home/chino/brazo_ws/install/trajectory_publisher:/home/chino/brazo_ws/install/ik_bridge:/home/chino/brazo_ws/install/Trayectorias:/home/chino/brazo_ws/install/BRAZOROBOTICO_description:/opt/ros/humble /usr/bin/cmake --build /home/chino/brazo_ws/build/micro_ros_setup -- -j16 -l16
[5.120s] Invoking command in '/home/chino/brazo_ws/build/micro_ros_setup': CMAKE_PREFIX_PATH=${CMAKE_PREFIX_PATH}:/home/chino/brazo_ws/install/trajectory_publisher:/home/chino/brazo_ws/install/ik_bridge:/home/chino/brazo_ws/install/Trayectorias:/home/chino/brazo_ws/install/BRAZOROBOTICO_description:/opt/ros/humble /usr/bin/cmake --install /home/chino/brazo_ws/build/micro_ros_setup
[5.124s] -- Install configuration: ""
[5.125s] -- Up-to-date: /home/chino/brazo_ws/install/micro_ros_setup/share/ament_index/resource_index/package_run_dependencies/micro_ros_setup
[5.126s] -- Up-to-date: /home/chino/brazo_ws/install/micro_ros_setup/share/ament_index/resource_index/parent_prefix_path/micro_ros_setup
[5.127s] -- Up-to-date: /home/chino/brazo_ws/install/micro_ros_setup/share/micro_ros_setup/environment/ament_prefix_path.sh
[5.127s] -- Up-to-date: /home/chino/brazo_ws/install/micro_ros_setup/share/micro_ros_setup/environment/ament_prefix_path.dsv
[5.128s] -- Up-to-date: /home/chino/brazo_ws/install/micro_ros_setup/share/micro_ros_setup/environment/path.sh
[5.129s] -- Up-to-date: /home/chino/brazo_ws/install/micro_ros_setup/share/micro_ros_setup/environment/path.dsv
[5.130s] -- Up-to-date: /home/chino/brazo_ws/install/micro_ros_setup/share/micro_ros_setup/local_setup.bash
[5.130s] -- Up-to-date: /home/chino/brazo_ws/install/micro_ros_setup/share/micro_ros_setup/local_setup.sh
[5.131s] -- Up-to-date: /home/chino/brazo_ws/install/micro_ros_setup/share/micro_ros_setup/local_setup.zsh
[5.132s] -- Up-to-date: /home/chino/brazo_ws/install/micro_ros_setup/share/micro_ros_setup/local_setup.dsv
[5.133s] -- Installing: /home/chino/brazo_ws/install/micro_ros_setup/share/micro_ros_setup/package.dsv
[5.134s] -- Up-to-date: /home/chino/brazo_ws/install/micro_ros_setup/share/ament_index/resource_index/packages/micro_ros_setup
[5.135s] -- Up-to-date: /home/chino/brazo_ws/install/micro_ros_setup/share/micro_ros_setup/cmake/micro_ros_setupConfig.cmake
[5.135s] -- Up-to-date: /home/chino/brazo_ws/install/micro_ros_setup/share/micro_ros_setup/cmake/micro_ros_setupConfig-version.cmake
[5.136s] -- Up-to-date: /home/chino/brazo_ws/install/micro_ros_setup/share/micro_ros_setup/package.xml
[5.136s] -- Up-to-date: /home/chino/brazo_ws/install/micro_ros_setup/./config
[5.137s] -- Up-to-date: /home/chino/brazo_ws/install/micro_ros_setup/./config/utils.sh
[5.138s] -- Up-to-date: /home/chino/brazo_ws/install/micro_ros_setup/./config/client_ros2_packages.txt
[5.143s] -- Up-to-date: /home/chino/brazo_ws/install/micro_ros_setup/./config/client_uros_packages.repos
[5.146s] -- Up-to-date: /home/chino/brazo_ws/install/micro_ros_setup/./config/freertos
[5.151s] -- Up-to-date: /home/chino/brazo_ws/install/micro_ros_setup/./config/freertos/dev_uros_packages.repos
[5.153s] -- Up-to-date: /home/chino/brazo_ws/install/micro_ros_setup/./config/freertos/nucleo_f746zg
[5.155s] -- Up-to-date: /home/chino/brazo_ws/install/micro_ros_setup/./config/freertos/nucleo_f746zg/client_uros_packages.repos
[5.156s] -- Up-to-date: /home/chino/brazo_ws/install/micro_ros_setup/./config/freertos/nucleo_f746zg/board.repos
[5.156s] -- Up-to-date: /home/chino/brazo_ws/install/micro_ros_setup/./config/freertos/nucleo_f746zg/client-colcon.meta
[5.159s] -- Up-to-date: /home/chino/brazo_ws/install/micro_ros_setup/./config/freertos/nucleo_f746zg/create.sh
[5.160s] -- Up-to-date: /home/chino/brazo_ws/install/micro_ros_setup/./config/freertos/nucleo_f746zg/build.sh
[5.161s] -- Up-to-date: /home/chino/brazo_ws/install/micro_ros_setup/./config/freertos/nucleo_f746zg/flash.sh
[5.164s] -- Up-to-date: /home/chino/brazo_ws/install/micro_ros_setup/./config/freertos/nucleo_f746zg/package.xml
[5.166s] -- Up-to-date: /home/chino/brazo_ws/install/micro_ros_setup/./config/freertos/nucleo_f746zg/configure.sh
[5.169s] -- Up-to-date: /home/chino/brazo_ws/install/micro_ros_setup/./config/freertos/nucleo_f446re
[5.170s] -- Up-to-date: /home/chino/brazo_ws/install/micro_ros_setup/./config/freertos/nucleo_f446re/client_uros_packages.repos
[5.171s] -- Up-to-date: /home/chino/brazo_ws/install/micro_ros_setup/./config/freertos/nucleo_f446re/board.repos
[5.172s] -- Up-to-date: /home/chino/brazo_ws/install/micro_ros_setup/./config/freertos/nucleo_f446re/client-colcon.meta
[5.173s] -- Up-to-date: /home/chino/brazo_ws/install/micro_ros_setup/./config/freertos/nucleo_f446re/create.sh
[5.174s] -- Up-to-date: /home/chino/brazo_ws/install/micro_ros_setup/./config/freertos/nucleo_f446re/build.sh
[5.174s] -- Up-to-date: /home/chino/brazo_ws/install/micro_ros_setup/./config/freertos/nucleo_f446re/flash.sh
[5.174s] -- Up-to-date: /home/chino/brazo_ws/install/micro_ros_setup/./config/freertos/nucleo_f446re/package.xml
[5.175s] -- Up-to-date: /home/chino/brazo_ws/install/micro_ros_setup/./config/freertos/nucleo_f446re/configure.sh
[5.175s] -- Up-to-date: /home/chino/brazo_ws/install/micro_ros_setup/./config/freertos/olimex-stm32-e407
[5.177s] -- Up-to-date: /home/chino/brazo_ws/install/micro_ros_setup/./config/freertos/olimex-stm32-e407/client_uros_packages.repos
[5.179s] -- Up-to-date: /home/chino/brazo_ws/install/micro_ros_setup/./config/freertos/olimex-stm32-e407/board.repos
[5.180s] -- Up-to-date: /home/chino/brazo_ws/install/micro_ros_setup/./config/freertos/olimex-stm32-e407/client-colcon.meta
[5.181s] -- Up-to-date: /home/chino/brazo_ws/install/micro_ros_setup/./config/freertos/olimex-stm32-e407/create.sh
[5.185s] -- Up-to-date: /home/chino/brazo_ws/install/micro_ros_setup/./config/freertos/olimex-stm32-e407/build.sh
[5.188s] -- Up-to-date: /home/chino/brazo_ws/install/micro_ros_setup/./config/freertos/olimex-stm32-e407/flash.sh
[5.190s] -- Up-to-date: /home/chino/brazo_ws/install/micro_ros_setup/./config/freertos/olimex-stm32-e407/package.xml
[5.191s] -- Up-to-date: /home/chino/brazo_ws/install/micro_ros_setup/./config/freertos/olimex-stm32-e407/configure.sh
[5.191s] -- Up-to-date: /home/chino/brazo_ws/install/micro_ros_setup/./config/freertos/crazyflie21
[5.192s] -- Up-to-date: /home/chino/brazo_ws/install/micro_ros_setup/./config/freertos/crazyflie21/client_uros_packages.repos
[5.192s] -- Up-to-date: /home/chino/brazo_ws/install/micro_ros_setup/./config/freertos/crazyflie21/board.repos
[5.195s] -- Up-to-date: /home/chino/brazo_ws/install/micro_ros_setup/./config/freertos/crazyflie21/client-colcon.meta
[5.197s] -- Up-to-date: /home/chino/brazo_ws/install/micro_ros_setup/./config/freertos/crazyflie21/create.sh
[5.198s] -- Up-to-date: /home/chino/brazo_ws/install/micro_ros_setup/./config/freertos/crazyflie21/build.sh
[5.200s] -- Up-to-date: /home/chino/brazo_ws/install/micro_ros_setup/./config/freertos/crazyflie21/flash.sh
[5.202s] -- Up-to-date: /home/chino/brazo_ws/install/micro_ros_setup/./config/freertos/crazyflie21/package.xml
[5.203s] -- Up-to-date: /home/chino/brazo_ws/install/micro_ros_setup/./config/freertos/crazyflie21/configure.sh
[5.203s] -- Up-to-date: /home/chino/brazo_ws/install/micro_ros_setup/./config/freertos/nucleo_f446ze
[5.204s] -- Up-to-date: /home/chino/brazo_ws/install/micro_ros_setup/./config/freertos/nucleo_f446ze/client_uros_packages.repos
[5.204s] -- Up-to-date: /home/chino/brazo_ws/install/micro_ros_setup/./config/freertos/nucleo_f446ze/board.repos
[5.205s] -- Up-to-date: /home/chino/brazo_ws/install/micro_ros_setup/./config/freertos/nucleo_f446ze/client-colcon.meta
[5.208s] -- Up-to-date: /home/chino/brazo_ws/install/micro_ros_setup/./config/freertos/nucleo_f446ze/create.sh
[5.209s] -- Up-to-date: /home/chino/brazo_ws/install/micro_ros_setup/./config/freertos/nucleo_f446ze/build.sh
[5.209s] -- Up-to-date: /home/chino/brazo_ws/install/micro_ros_setup/./config/freertos/nucleo_f446ze/flash.sh
[5.209s] -- Up-to-date: /home/chino/brazo_ws/install/micro_ros_setup/./config/freertos/nucleo_f446ze/package.xml
[5.210s] -- Up-to-date: /home/chino/brazo_ws/install/micro_ros_setup/./config/freertos/nucleo_f446ze/configure.sh
[5.210s] -- Up-to-date: /home/chino/brazo_ws/install/micro_ros_setup/./config/freertos/nucleo_f767zi
[5.210s] -- Up-to-date: /home/chino/brazo_ws/install/micro_ros_setup/./config/freertos/nucleo_f767zi/client_uros_packages.repos
[5.211s] -- Up-to-date: /home/chino/brazo_ws/install/micro_ros_setup/./config/freertos/nucleo_f767zi/board.repos
[5.211s] -- Up-to-date: /home/chino/brazo_ws/install/micro_ros_setup/./config/freertos/nucleo_f767zi/client-colcon.meta
[5.213s] -- Up-to-date: /home/chino/brazo_ws/install/micro_ros_setup/./config/freertos/nucleo_f767zi/create.sh
[5.214s] -- Up-to-date: /home/chino/brazo_ws/install/micro_ros_setup/./config/freertos/nucleo_f767zi/build.sh
[5.215s] -- Up-to-date: /home/chino/brazo_ws/install/micro_ros_setup/./config/freertos/nucleo_f767zi/flash.sh
[5.218s] -- Up-to-date: /home/chino/brazo_ws/install/micro_ros_setup/./config/freertos/nucleo_f767zi/package.xml
[5.219s] -- Up-to-date: /home/chino/brazo_ws/install/micro_ros_setup/./config/freertos/nucleo_f767zi/configure.sh
[5.226s] -- Up-to-date: /home/chino/brazo_ws/install/micro_ros_setup/./config/freertos/esp32
[5.227s] -- Up-to-date: /home/chino/brazo_ws/install/micro_ros_setup/./config/freertos/esp32/client_uros_packages.repos
[5.227s] -- Up-to-date: /home/chino/brazo_ws/install/micro_ros_setup/./config/freertos/esp32/board.repos
[5.228s] -- Up-to-date: /home/chino/brazo_ws/install/micro_ros_setup/./config/freertos/esp32/client-colcon.meta
[5.229s] -- Up-to-date: /home/chino/brazo_ws/install/micro_ros_setup/./config/freertos/esp32/create.sh
[5.230s] -- Up-to-date: /home/chino/brazo_ws/install/micro_ros_setup/./config/freertos/esp32/build.sh
[5.232s] -- Up-to-date: /home/chino/brazo_ws/install/micro_ros_setup/./config/freertos/esp32/flash.sh
[5.233s] -- Up-to-date: /home/chino/brazo_ws/install/micro_ros_setup/./config/freertos/esp32/package.xml
[5.234s] -- Up-to-date: /home/chino/brazo_ws/install/micro_ros_setup/./config/freertos/esp32/configure.sh
[5.235s] -- Up-to-date: /home/chino/brazo_ws/install/micro_ros_setup/./config/freertos/esp32/README.md
[5.236s] -- Up-to-date: /home/chino/brazo_ws/install/micro_ros_setup/./config/freertos/list_apps.sh
[5.236s] -- Up-to-date: /home/chino/brazo_ws/install/micro_ros_setup/./config/freertos/dev_ros2_packages.txt
[5.238s] -- Up-to-date: /home/chino/brazo_ws/install/micro_ros_setup/./config/agent_uros_packages.repos
[5.240s] -- Up-to-date: /home/chino/brazo_ws/install/micro_ros_setup/./config/renesas_ra
[5.242s] -- Up-to-date: /home/chino/brazo_ws/install/micro_ros_setup/./config/renesas_ra/dev_uros_packages.repos
[5.244s] -- Up-to-date: /home/chino/brazo_ws/install/micro_ros_setup/./config/renesas_ra/ra6m5
[5.245s] -- Up-to-date: /home/chino/brazo_ws/install/micro_ros_setup/./config/renesas_ra/ra6m5/client_uros_packages.repos
[5.247s] -- Up-to-date: /home/chino/brazo_ws/install/micro_ros_setup/./config/renesas_ra/ra6m5/board.repos
[5.248s] -- Up-to-date: /home/chino/brazo_ws/install/micro_ros_setup/./config/renesas_ra/ra6m5/client-colcon.meta
[5.249s] -- Up-to-date: /home/chino/brazo_ws/install/micro_ros_setup/./config/renesas_ra/ra6m5/create.sh
[5.250s] -- Up-to-date: /home/chino/brazo_ws/install/micro_ros_setup/./config/renesas_ra/ra6m5/build.sh
[5.251s] -- Up-to-date: /home/chino/brazo_ws/install/micro_ros_setup/./config/renesas_ra/ra6m5/flash.sh
[5.252s] -- Up-to-date: /home/chino/brazo_ws/install/micro_ros_setup/./config/renesas_ra/ra6m5/configure.sh
[5.253s] -- Up-to-date: /home/chino/brazo_ws/install/micro_ros_setup/./config/renesas_ra/list_apps.sh
[5.254s] -- Up-to-date: /home/chino/brazo_ws/install/micro_ros_setup/./config/renesas_ra/dev_ros2_packages.txt
[5.254s] -- Up-to-date: /home/chino/brazo_ws/install/micro_ros_setup/./config/android
[5.255s] -- Up-to-date: /home/chino/brazo_ws/install/micro_ros_setup/./config/android/generic
[5.256s] -- Up-to-date: /home/chino/brazo_ws/install/micro_ros_setup/./config/android/generic/client_uros_packages.repos
[5.257s] -- Up-to-date: /home/chino/brazo_ws/install/micro_ros_setup/./config/android/generic/client-colcon.meta
[5.258s] -- Up-to-date: /home/chino/brazo_ws/install/micro_ros_setup/./config/android/generic/create.sh
[5.260s] -- Up-to-date: /home/chino/brazo_ws/install/micro_ros_setup/./config/android/generic/build.sh
[5.261s] -- Up-to-date: /home/chino/brazo_ws/install/micro_ros_setup/./config/android/generic/flash.sh
[5.263s] -- Up-to-date: /home/chino/brazo_ws/install/micro_ros_setup/./config/android/generic/package.xml
[5.263s] -- Up-to-date: /home/chino/brazo_ws/install/micro_ros_setup/./config/android/dev_uros_packages.repos
[5.264s] -- Up-to-date: /home/chino/brazo_ws/install/micro_ros_setup/./config/android/dev_ros2_packages.txt
[5.265s] -- Up-to-date: /home/chino/brazo_ws/install/micro_ros_setup/./config/agent_ros2_packages.txt
[5.266s] -- Up-to-date: /home/chino/brazo_ws/install/micro_ros_setup/./config/mbed
[5.266s] -- Up-to-date: /home/chino/brazo_ws/install/micro_ros_setup/./config/mbed/generic
[5.267s] -- Up-to-date: /home/chino/brazo_ws/install/micro_ros_setup/./config/mbed/generic/client_uros_packages.repos
[5.268s] -- Up-to-date: /home/chino/brazo_ws/install/micro_ros_setup/./config/mbed/generic/board.repos
[5.268s] -- Up-to-date: /home/chino/brazo_ws/install/micro_ros_setup/./config/mbed/generic/create.sh
[5.268s] -- Up-to-date: /home/chino/brazo_ws/install/micro_ros_setup/./config/mbed/generic/build.sh
[5.268s] -- Up-to-date: /home/chino/brazo_ws/install/micro_ros_setup/./config/mbed/generic/flash.sh
[5.269s] -- Up-to-date: /home/chino/brazo_ws/install/micro_ros_setup/./config/mbed/generic/package.xml
[5.269s] -- Up-to-date: /home/chino/brazo_ws/install/micro_ros_setup/./config/mbed/generic/supported_platforms
[5.269s] -- Up-to-date: /home/chino/brazo_ws/install/micro_ros_setup/./config/mbed/dev_uros_packages.repos
[5.270s] -- Up-to-date: /home/chino/brazo_ws/install/micro_ros_setup/./config/mbed/list_apps.sh
[5.270s] -- Up-to-date: /home/chino/brazo_ws/install/micro_ros_setup/./config/mbed/dev_ros2_packages.txt
[5.271s] -- Up-to-date: /home/chino/brazo_ws/install/micro_ros_setup/./config/zephyr
[5.272s] -- Up-to-date: /home/chino/brazo_ws/install/micro_ros_setup/./config/zephyr/generic
[5.273s] -- Up-to-date: /home/chino/brazo_ws/install/micro_ros_setup/./config/zephyr/generic/client_uros_packages.repos
[5.274s] -- Up-to-date: /home/chino/brazo_ws/install/micro_ros_setup/./config/zephyr/generic/board.repos
[5.275s] -- Up-to-date: /home/chino/brazo_ws/install/micro_ros_setup/./config/zephyr/generic/client-colcon.meta
[5.276s] -- Up-to-date: /home/chino/brazo_ws/install/micro_ros_setup/./config/zephyr/generic/create.sh
[5.277s] -- Up-to-date: /home/chino/brazo_ws/install/micro_ros_setup/./config/zephyr/generic/build.sh
[5.277s] -- Up-to-date: /home/chino/brazo_ws/install/micro_ros_setup/./config/zephyr/generic/flash.sh
[5.278s] -- Up-to-date: /home/chino/brazo_ws/install/micro_ros_setup/./config/zephyr/generic/package.xml
[5.280s] -- Up-to-date: /home/chino/brazo_ws/install/micro_ros_setup/./config/zephyr/generic/configure.sh
[5.281s] -- Up-to-date: /home/chino/brazo_ws/install/micro_ros_setup/./config/zephyr/generic/supported_platforms
[5.282s] -- Up-to-date: /home/chino/brazo_ws/install/micro_ros_setup/./config/zephyr/dev_uros_packages.repos
[5.283s] -- Up-to-date: /home/chino/brazo_ws/install/micro_ros_setup/./config/zephyr/list_apps.sh
[5.284s] -- Up-to-date: /home/chino/brazo_ws/install/micro_ros_setup/./config/zephyr/dev_ros2_packages.txt
[5.284s] -- Up-to-date: /home/chino/brazo_ws/install/micro_ros_setup/./config/host
[5.285s] -- Up-to-date: /home/chino/brazo_ws/install/micro_ros_setup/./config/host/client_ros2_packages.txt
[5.286s] -- Up-to-date: /home/chino/brazo_ws/install/micro_ros_setup/./config/host/generic
[5.287s] -- Up-to-date: /home/chino/brazo_ws/install/micro_ros_setup/./config/host/generic/client_host_packages.repos
[5.288s] -- Up-to-date: /home/chino/brazo_ws/install/micro_ros_setup/./config/host/generic/create.sh
[5.288s] -- Up-to-date: /home/chino/brazo_ws/install/micro_ros_setup/./config/host/generic/build.sh
[5.289s] -- Up-to-date: /home/chino/brazo_ws/install/micro_ros_setup/./config/host/generic/flash.sh
[5.290s] -- Up-to-date: /home/chino/brazo_ws/install/micro_ros_setup/./config/host/generic/client-host-colcon.meta
[5.291s] -- Up-to-date: /home/chino/brazo_ws/install/micro_ros_setup/./config/host/generic/package.xml
[5.291s] -- Up-to-date: /home/chino/brazo_ws/install/micro_ros_setup/./config/host/dev_uros_packages.repos
[5.292s] -- Up-to-date: /home/chino/brazo_ws/install/micro_ros_setup/./config/host/dev_ros2_packages.txt
[5.293s] -- Up-to-date: /home/chino/brazo_ws/install/micro_ros_setup/./config/generate_lib
[5.293s] -- Up-to-date: /home/chino/brazo_ws/install/micro_ros_setup/./config/generate_lib/generic
[5.294s] -- Up-to-date: /home/chino/brazo_ws/install/micro_ros_setup/./config/generate_lib/generic/client_uros_packages.repos
[5.295s] -- Up-to-date: /home/chino/brazo_ws/install/micro_ros_setup/./config/generate_lib/generic/client-colcon.meta
[5.295s] -- Up-to-date: /home/chino/brazo_ws/install/micro_ros_setup/./config/generate_lib/generic/create.sh
[5.295s] -- Up-to-date: /home/chino/brazo_ws/install/micro_ros_setup/./config/generate_lib/generic/demo_toolchain.cmake
[5.298s] -- Up-to-date: /home/chino/brazo_ws/install/micro_ros_setup/./config/generate_lib/generic/build.sh
[5.298s] -- Up-to-date: /home/chino/brazo_ws/install/micro_ros_setup/./config/generate_lib/generic/flash.sh
[5.298s] -- Up-to-date: /home/chino/brazo_ws/install/micro_ros_setup/./config/generate_lib/generic/package.xml
[5.299s] -- Up-to-date: /home/chino/brazo_ws/install/micro_ros_setup/./config/generate_lib/dev_uros_packages.repos
[5.299s] -- Up-to-date: /home/chino/brazo_ws/install/micro_ros_setup/./config/generate_lib/dev_ros2_packages.txt
[5.300s] -- Up-to-date: /home/chino/brazo_ws/install/micro_ros_setup/./config/raspbian
[5.300s] -- Up-to-date: /home/chino/brazo_ws/install/micro_ros_setup/./config/raspbian/generic
[5.304s] -- Up-to-date: /home/chino/brazo_ws/install/micro_ros_setup/./config/raspbian/generic/client_uros_packages.repos
[5.312s] -- Up-to-date: /home/chino/brazo_ws/install/micro_ros_setup/./config/raspbian/generic/client-colcon.meta
[5.315s] -- Up-to-date: /home/chino/brazo_ws/install/micro_ros_setup/./config/raspbian/generic/create.sh
[5.316s] -- Up-to-date: /home/chino/brazo_ws/install/micro_ros_setup/./config/raspbian/generic/build.sh
[5.317s] -- Up-to-date: /home/chino/brazo_ws/install/micro_ros_setup/./config/raspbian/generic/flash.sh
[5.318s] -- Up-to-date: /home/chino/brazo_ws/install/micro_ros_setup/./config/raspbian/generic/configure.sh
[5.320s] -- Up-to-date: /home/chino/brazo_ws/install/micro_ros_setup/./config/raspbian/generic/supported_platforms
[5.322s] -- Up-to-date: /home/chino/brazo_ws/install/micro_ros_setup/./config/raspbian/dev_uros_packages.repos
[5.324s] -- Up-to-date: /home/chino/brazo_ws/install/micro_ros_setup/./config/raspbian/dev_ros2_packages.txt
[5.326s] -- Up-to-date: /home/chino/brazo_ws/install/micro_ros_setup/lib/micro_ros_setup/create_ws.sh
[5.329s] -- Up-to-date: /home/chino/brazo_ws/install/micro_ros_setup/lib/micro_ros_setup/create_agent_ws.sh
[5.330s] -- Up-to-date: /home/chino/brazo_ws/install/micro_ros_setup/lib/micro_ros_setup/create_firmware_ws.sh
[5.331s] -- Up-to-date: /home/chino/brazo_ws/install/micro_ros_setup/lib/micro_ros_setup/configure_firmware.sh
[5.332s] -- Up-to-date: /home/chino/brazo_ws/install/micro_ros_setup/lib/micro_ros_setup/flash_firmware.sh
[5.333s] -- Up-to-date: /home/chino/brazo_ws/install/micro_ros_setup/lib/micro_ros_setup/build_firmware.sh
[5.334s] -- Up-to-date: /home/chino/brazo_ws/install/micro_ros_setup/lib/micro_ros_setup/build_agent.sh
[5.336s] -- Up-to-date: /home/chino/brazo_ws/install/micro_ros_setup/lib/micro_ros_setup/yaml_filter.py
[5.337s] -- Up-to-date: /home/chino/brazo_ws/install/micro_ros_setup/lib/micro_ros_setup/clean_env.sh
[5.338s] -- Up-to-date: /home/chino/brazo_ws/install/micro_ros_setup/lib/micro_ros_setup/component
[5.347s] Invoked command in '/home/chino/brazo_ws/build/micro_ros_setup' returned '0': CMAKE_PREFIX_PATH=${CMAKE_PREFIX_PATH}:/home/chino/brazo_ws/install/trajectory_publisher:/home/chino/brazo_ws/install/ik_bridge:/home/chino/brazo_ws/install/Trayectorias:/home/chino/brazo_ws/install/BRAZOROBOTICO_description:/opt/ros/humble /usr/bin/cmake --install /home/chino/brazo_ws/build/micro_ros_setup
