/usr/lib/python3/dist-packages/setuptools/dist.py:723: UserWarning: Usage of dash-separated 'script-dir' will not be supported in future versions. Please use the underscore name 'script_dir' instead
  warnings.warn(
running egg_info
creating ../../build/BRAZOROBOTICO_description/BRAZOROBOTICO_description.egg-info
writing ../../build/BRAZOROBOTICO_description/BRAZOROBOTICO_description.egg-info/PKG-INFO
writing dependency_links to ../../build/BRAZOROBOTICO_description/BRAZOROBOTICO_description.egg-info/dependency_links.txt
writing entry points to ../../build/BRAZOROBOTICO_description/BRAZOROBOTICO_description.egg-info/entry_points.txt
writing requirements to ../../build/BRAZOROBOTICO_description/BRAZOROBOTICO_description.egg-info/requires.txt
writing top-level names to ../../build/BRAZOROBOTICO_description/BRAZOROBOTICO_description.egg-info/top_level.txt
writing manifest file '../../build/BRAZOROBOTICO_description/BRAZOROBOTICO_description.egg-info/SOURCES.txt'
package init file 'BRAZOROBOTICO_description/__init__.py' not found (or not a regular file)
reading manifest file '../../build/BRAZOROBOTICO_description/BRAZOROBOTICO_description.egg-info/SOURCES.txt'
writing manifest file '../../build/BRAZOROBOTICO_description/BRAZOROBOTICO_description.egg-info/SOURCES.txt'
running build
running build_py
running install
running install_lib
warning: install_lib: '/home/chino/brazo_ws/build/BRAZOROBOTICO_description/build/lib' does not exist -- no Python modules to install

running install_data
creating /home/chino/brazo_ws/install/BRAZOROBOTICO_description/share/ament_index
creating /home/chino/brazo_ws/install/BRAZOROBOTICO_description/share/ament_index/resource_index
creating /home/chino/brazo_ws/install/BRAZOROBOTICO_description/share/ament_index/resource_index/packages
error: can't copy 'resource/BRAZOROBOTICO_description': doesn't exist or not a regular file
