[4.814s] Invoking command in '/home/chino/brazo_ws/src/BRAZOROBOTICO_description': PYTHONPATH=/home/chino/brazo_ws/build/BRAZOROBOTICO_description/prefix_override:/usr/lib/python3/dist-packages/colcon_core/task/python/colcon_distutils_commands:/home/chino/brazo_ws/install/BRAZOROBOTICO_description/lib/python3.10/site-packages:${PYTHONPATH} /usr/bin/python3 -W ignore:setup.py install is deprecated -W ignore:easy_install command is deprecated setup.py egg_info --egg-base ../../build/BRAZOROBOTICO_description build --build-base /home/chino/brazo_ws/build/BRAZOROBOTICO_description/build install --record /home/chino/brazo_ws/build/BRAZOROBOTICO_description/install.log --install-scripts $base/lib/BRAZOROBOTICO_description --single-version-externally-managed install_data
[5.609s] /usr/lib/python3/dist-packages/setuptools/dist.py:723: UserWarning: Usage of dash-separated 'script-dir' will not be supported in future versions. Please use the underscore name 'script_dir' instead
[5.610s]   warnings.warn(
[5.633s] running egg_info
[5.635s] creating ../../build/BRAZOROBOTICO_description/BRAZOROBOTICO_description.egg-info
[5.638s] writing ../../build/BRAZOROBOTICO_description/BRAZOROBOTICO_description.egg-info/PKG-INFO
[5.639s] writing dependency_links to ../../build/BRAZOROBOTICO_description/BRAZOROBOTICO_description.egg-info/dependency_links.txt
[5.639s] writing entry points to ../../build/BRAZOROBOTICO_description/BRAZOROBOTICO_description.egg-info/entry_points.txt
[5.640s] writing requirements to ../../build/BRAZOROBOTICO_description/BRAZOROBOTICO_description.egg-info/requires.txt
[5.641s] writing top-level names to ../../build/BRAZOROBOTICO_description/BRAZOROBOTICO_description.egg-info/top_level.txt
[5.641s] writing manifest file '../../build/BRAZOROBOTICO_description/BRAZOROBOTICO_description.egg-info/SOURCES.txt'
[5.645s] package init file 'BRAZOROBOTICO_description/__init__.py' not found (or not a regular file)
[5.647s] reading manifest file '../../build/BRAZOROBOTICO_description/BRAZOROBOTICO_description.egg-info/SOURCES.txt'
[5.649s] writing manifest file '../../build/BRAZOROBOTICO_description/BRAZOROBOTICO_description.egg-info/SOURCES.txt'
[5.650s] running build
[5.651s] running build_py
[5.651s] running install
[5.653s] running install_lib
[5.656s] warning: install_lib: '/home/chino/brazo_ws/build/BRAZOROBOTICO_description/build/lib' does not exist -- no Python modules to install
[5.656s] 
[5.656s] running install_data
[5.656s] creating /home/chino/brazo_ws/install/BRAZOROBOTICO_description/share/ament_index
[5.658s] creating /home/chino/brazo_ws/install/BRAZOROBOTICO_description/share/ament_index/resource_index
[5.660s] creating /home/chino/brazo_ws/install/BRAZOROBOTICO_description/share/ament_index/resource_index/packages
[5.662s] error: can't copy 'resource/BRAZOROBOTICO_description': doesn't exist or not a regular file
[5.724s] Invoked command in '/home/chino/brazo_ws/src/BRAZOROBOTICO_description' returned '1': PYTHONPATH=/home/chino/brazo_ws/build/BRAZOROBOTICO_description/prefix_override:/usr/lib/python3/dist-packages/colcon_core/task/python/colcon_distutils_commands:/home/chino/brazo_ws/install/BRAZOROBOTICO_description/lib/python3.10/site-packages:${PYTHONPATH} /usr/bin/python3 -W ignore:setup.py install is deprecated -W ignore:easy_install command is deprecated setup.py egg_info --egg-base ../../build/BRAZOROBOTICO_description build --build-base /home/chino/brazo_ws/build/BRAZOROBOTICO_description/build install --record /home/chino/brazo_ws/build/BRAZOROBOTICO_description/install.log --install-scripts $base/lib/BRAZOROBOTICO_description --single-version-externally-managed install_data
