[1.495s] Invoking command in '/home/chino/brazo_ws/src/ik_bridge': PYTHONPATH=/home/chino/brazo_ws/build/ik_bridge/prefix_override:/usr/lib/python3/dist-packages/colcon_core/task/python/colcon_distutils_commands:/home/chino/brazo_ws/install/ik_bridge/lib/python3.10/site-packages:${PYTHONPATH} /usr/bin/python3 -W ignore:setup.py install is deprecated -W ignore:easy_install command is deprecated setup.py egg_info --egg-base ../../build/ik_bridge build --build-base /home/chino/brazo_ws/build/ik_bridge/build install --record /home/chino/brazo_ws/build/ik_bridge/install.log --single-version-externally-managed install_data
[2.098s] running egg_info
[2.100s] writing ../../build/ik_bridge/ik_bridge.egg-info/PKG-INFO
[2.101s] writing dependency_links to ../../build/ik_bridge/ik_bridge.egg-info/dependency_links.txt
[2.102s] writing entry points to ../../build/ik_bridge/ik_bridge.egg-info/entry_points.txt
[2.102s] writing requirements to ../../build/ik_bridge/ik_bridge.egg-info/requires.txt
[2.103s] writing top-level names to ../../build/ik_bridge/ik_bridge.egg-info/top_level.txt
[2.107s] reading manifest file '../../build/ik_bridge/ik_bridge.egg-info/SOURCES.txt'
[2.109s] writing manifest file '../../build/ik_bridge/ik_bridge.egg-info/SOURCES.txt'
[2.109s] running build
[2.110s] running build_py
[2.110s] copying ik_bridge/forward_kinematics.py -> /home/chino/brazo_ws/build/ik_bridge/build/lib/ik_bridge
[2.111s] copying ik_bridge/ik_bridge_node.py -> /home/chino/brazo_ws/build/ik_bridge/build/lib/ik_bridge
[2.112s] copying ik_bridge/fk_node.py -> /home/chino/brazo_ws/build/ik_bridge/build/lib/ik_bridge
[2.114s] running install
[2.115s] running install_lib
[2.117s] copying /home/chino/brazo_ws/build/ik_bridge/build/lib/ik_bridge/forward_kinematics.py -> /home/chino/brazo_ws/install/ik_bridge/lib/python3.10/site-packages/ik_bridge
[2.117s] copying /home/chino/brazo_ws/build/ik_bridge/build/lib/ik_bridge/ik_bridge_node.py -> /home/chino/brazo_ws/install/ik_bridge/lib/python3.10/site-packages/ik_bridge
[2.118s] copying /home/chino/brazo_ws/build/ik_bridge/build/lib/ik_bridge/fk_node.py -> /home/chino/brazo_ws/install/ik_bridge/lib/python3.10/site-packages/ik_bridge
[2.119s] byte-compiling /home/chino/brazo_ws/install/ik_bridge/lib/python3.10/site-packages/ik_bridge/forward_kinematics.py to forward_kinematics.cpython-310.pyc
[2.125s] byte-compiling /home/chino/brazo_ws/install/ik_bridge/lib/python3.10/site-packages/ik_bridge/ik_bridge_node.py to ik_bridge_node.cpython-310.pyc
[2.129s] byte-compiling /home/chino/brazo_ws/install/ik_bridge/lib/python3.10/site-packages/ik_bridge/fk_node.py to fk_node.cpython-310.pyc
[2.132s] running install_data
[2.132s] copying package.xml -> /home/chino/brazo_ws/install/ik_bridge/share/ik_bridge
[2.133s] running install_egg_info
[2.138s] removing '/home/chino/brazo_ws/install/ik_bridge/lib/python3.10/site-packages/ik_bridge-0.0.1-py3.10.egg-info' (and everything under it)
[2.140s] Copying ../../build/ik_bridge/ik_bridge.egg-info to /home/chino/brazo_ws/install/ik_bridge/lib/python3.10/site-packages/ik_bridge-0.0.1-py3.10.egg-info
[2.148s] running install_scripts
[2.193s] Installing fk_node script to /home/chino/brazo_ws/install/ik_bridge/lib/ik_bridge
[2.194s] Installing ik_bridge_node script to /home/chino/brazo_ws/install/ik_bridge/lib/ik_bridge
[2.195s] writing list of installed files to '/home/chino/brazo_ws/build/ik_bridge/install.log'
[2.243s] Invoked command in '/home/chino/brazo_ws/src/ik_bridge' returned '0': PYTHONPATH=/home/chino/brazo_ws/build/ik_bridge/prefix_override:/usr/lib/python3/dist-packages/colcon_core/task/python/colcon_distutils_commands:/home/chino/brazo_ws/install/ik_bridge/lib/python3.10/site-packages:${PYTHONPATH} /usr/bin/python3 -W ignore:setup.py install is deprecated -W ignore:easy_install command is deprecated setup.py egg_info --egg-base ../../build/ik_bridge build --build-base /home/chino/brazo_ws/build/ik_bridge/build install --record /home/chino/brazo_ws/build/ik_bridge/install.log --single-version-externally-managed install_data
