[0.090s] Invoking command in '/home/chino/brazo_ws/build/micro_ros_msgs': CMAKE_PREFIX_PATH=${CMAKE_PREFIX_PATH}:/home/chino/brazo_ws/install/trajectory_publisher:/home/chino/brazo_ws/install/Trayectorias:/home/chino/brazo_ws/install/BRAZOROBOTICO_description:/opt/ros/humble /usr/bin/cmake --build /home/chino/brazo_ws/build/micro_ros_msgs -- -j16 -l16
[1.396s] [  2%] Built target micro_ros_msgs__cpp
[1.398s] [ 12%] Built target micro_ros_msgs__rosidl_generator_c
[1.398s] [ 12%] Built target ament_cmake_python_copy_micro_ros_msgs
[1.398s] [ 23%] Built target micro_ros_msgs__rosidl_typesupport_introspection_cpp
[1.398s] [ 36%] Built target micro_ros_msgs__rosidl_typesupport_c
[1.398s] [ 44%] Built target micro_ros_msgs__rosidl_typesupport_fastrtps_cpp
[1.398s] [ 55%] Built target micro_ros_msgs__rosidl_typesupport_cpp
[1.399s] [ 65%] Built target micro_ros_msgs__rosidl_typesupport_introspection_c
[1.399s] [ 76%] Built target micro_ros_msgs__rosidl_typesupport_fastrtps_c
[1.399s] [ 76%] Built target micro_ros_msgs
[1.399s] [ 78%] Built target micro_ros_msgs__py
[1.399s] [ 87%] Built target micro_ros_msgs__rosidl_generator_py
[1.399s] [100%] Built target micro_ros_msgs__rosidl_typesupport_fastrtps_c__pyext
[1.399s] [100%] Built target micro_ros_msgs__rosidl_typesupport_introspection_c__pyext
[1.400s] [100%] Built target micro_ros_msgs__rosidl_typesupport_c__pyext
[1.400s] running egg_info
[1.400s] writing micro_ros_msgs.egg-info/PKG-INFO
[1.400s] writing dependency_links to micro_ros_msgs.egg-info/dependency_links.txt
[1.400s] writing top-level names to micro_ros_msgs.egg-info/top_level.txt
[1.400s] reading manifest file 'micro_ros_msgs.egg-info/SOURCES.txt'
[1.401s] writing manifest file 'micro_ros_msgs.egg-info/SOURCES.txt'
[1.401s] [100%] Built target ament_cmake_python_build_micro_ros_msgs_egg
[1.401s] Invoked command in '/home/chino/brazo_ws/build/micro_ros_msgs' returned '0': CMAKE_PREFIX_PATH=${CMAKE_PREFIX_PATH}:/home/chino/brazo_ws/install/trajectory_publisher:/home/chino/brazo_ws/install/Trayectorias:/home/chino/brazo_ws/install/BRAZOROBOTICO_description:/opt/ros/humble /usr/bin/cmake --build /home/chino/brazo_ws/build/micro_ros_msgs -- -j16 -l16
[1.418s] Invoking command in '/home/chino/brazo_ws/build/micro_ros_msgs': CMAKE_PREFIX_PATH=${CMAKE_PREFIX_PATH}:/home/chino/brazo_ws/install/trajectory_publisher:/home/chino/brazo_ws/install/Trayectorias:/home/chino/brazo_ws/install/BRAZOROBOTICO_description:/opt/ros/humble /usr/bin/cmake --install /home/chino/brazo_ws/build/micro_ros_msgs
[1.979s] -- Install configuration: ""
[1.982s] -- Up-to-date: /home/chino/brazo_ws/install/micro_ros_msgs/share/ament_index/resource_index/rosidl_interfaces/micro_ros_msgs
[1.982s] -- Up-to-date: /home/chino/brazo_ws/install/micro_ros_msgs/include/micro_ros_msgs/micro_ros_msgs
[1.983s] -- Up-to-date: /home/chino/brazo_ws/install/micro_ros_msgs/include/micro_ros_msgs/micro_ros_msgs/msg
[1.986s] -- Up-to-date: /home/chino/brazo_ws/install/micro_ros_msgs/include/micro_ros_msgs/micro_ros_msgs/msg/rosidl_generator_c__visibility_control.h
[1.986s] -- Up-to-date: /home/chino/brazo_ws/install/micro_ros_msgs/include/micro_ros_msgs/micro_ros_msgs/msg/detail
[1.987s] -- Up-to-date: /home/chino/brazo_ws/install/micro_ros_msgs/include/micro_ros_msgs/micro_ros_msgs/msg/detail/graph__functions.c
[1.988s] -- Up-to-date: /home/chino/brazo_ws/install/micro_ros_msgs/include/micro_ros_msgs/micro_ros_msgs/msg/detail/entity__functions.c
[1.989s] -- Up-to-date: /home/chino/brazo_ws/install/micro_ros_msgs/include/micro_ros_msgs/micro_ros_msgs/msg/detail/graph__functions.h
[1.989s] -- Up-to-date: /home/chino/brazo_ws/install/micro_ros_msgs/include/micro_ros_msgs/micro_ros_msgs/msg/detail/node__struct.h
[1.991s] -- Up-to-date: /home/chino/brazo_ws/install/micro_ros_msgs/include/micro_ros_msgs/micro_ros_msgs/msg/detail/entity__struct.h
[1.994s] -- Up-to-date: /home/chino/brazo_ws/install/micro_ros_msgs/include/micro_ros_msgs/micro_ros_msgs/msg/detail/node__functions.c
[1.997s] -- Up-to-date: /home/chino/brazo_ws/install/micro_ros_msgs/include/micro_ros_msgs/micro_ros_msgs/msg/detail/graph__type_support.h
[1.999s] -- Up-to-date: /home/chino/brazo_ws/install/micro_ros_msgs/include/micro_ros_msgs/micro_ros_msgs/msg/detail/node__type_support.h
[2.001s] -- Up-to-date: /home/chino/brazo_ws/install/micro_ros_msgs/include/micro_ros_msgs/micro_ros_msgs/msg/detail/graph__struct.h
[2.004s] -- Up-to-date: /home/chino/brazo_ws/install/micro_ros_msgs/include/micro_ros_msgs/micro_ros_msgs/msg/detail/node__functions.h
[2.006s] -- Up-to-date: /home/chino/brazo_ws/install/micro_ros_msgs/include/micro_ros_msgs/micro_ros_msgs/msg/detail/entity__type_support.h
[2.007s] -- Up-to-date: /home/chino/brazo_ws/install/micro_ros_msgs/include/micro_ros_msgs/micro_ros_msgs/msg/detail/entity__functions.h
[2.008s] -- Up-to-date: /home/chino/brazo_ws/install/micro_ros_msgs/include/micro_ros_msgs/micro_ros_msgs/msg/entity.h
[2.011s] -- Up-to-date: /home/chino/brazo_ws/install/micro_ros_msgs/include/micro_ros_msgs/micro_ros_msgs/msg/node.h
[2.013s] -- Up-to-date: /home/chino/brazo_ws/install/micro_ros_msgs/include/micro_ros_msgs/micro_ros_msgs/msg/graph.h
[2.015s] -- Up-to-date: /home/chino/brazo_ws/install/micro_ros_msgs/share/micro_ros_msgs/environment/library_path.sh
[2.016s] -- Up-to-date: /home/chino/brazo_ws/install/micro_ros_msgs/share/micro_ros_msgs/environment/library_path.dsv
[2.017s] -- Up-to-date: /home/chino/brazo_ws/install/micro_ros_msgs/lib/libmicro_ros_msgs__rosidl_generator_c.so
[2.019s] -- Up-to-date: /home/chino/brazo_ws/install/micro_ros_msgs/include/micro_ros_msgs/micro_ros_msgs
[2.020s] -- Up-to-date: /home/chino/brazo_ws/install/micro_ros_msgs/include/micro_ros_msgs/micro_ros_msgs/msg
[2.021s] -- Up-to-date: /home/chino/brazo_ws/install/micro_ros_msgs/include/micro_ros_msgs/micro_ros_msgs/msg/rosidl_typesupport_fastrtps_c__visibility_control.h
[2.022s] -- Up-to-date: /home/chino/brazo_ws/install/micro_ros_msgs/include/micro_ros_msgs/micro_ros_msgs/msg/detail
[2.023s] -- Up-to-date: /home/chino/brazo_ws/install/micro_ros_msgs/include/micro_ros_msgs/micro_ros_msgs/msg/detail/entity__rosidl_typesupport_fastrtps_c.h
[2.024s] -- Up-to-date: /home/chino/brazo_ws/install/micro_ros_msgs/include/micro_ros_msgs/micro_ros_msgs/msg/detail/node__rosidl_typesupport_fastrtps_c.h
[2.025s] -- Up-to-date: /home/chino/brazo_ws/install/micro_ros_msgs/include/micro_ros_msgs/micro_ros_msgs/msg/detail/graph__rosidl_typesupport_fastrtps_c.h
[2.026s] -- Up-to-date: /home/chino/brazo_ws/install/micro_ros_msgs/lib/libmicro_ros_msgs__rosidl_typesupport_fastrtps_c.so
[2.027s] -- Up-to-date: /home/chino/brazo_ws/install/micro_ros_msgs/include/micro_ros_msgs/micro_ros_msgs
[2.027s] -- Up-to-date: /home/chino/brazo_ws/install/micro_ros_msgs/include/micro_ros_msgs/micro_ros_msgs/msg
[2.029s] -- Up-to-date: /home/chino/brazo_ws/install/micro_ros_msgs/include/micro_ros_msgs/micro_ros_msgs/msg/rosidl_typesupport_introspection_c__visibility_control.h
[2.030s] -- Up-to-date: /home/chino/brazo_ws/install/micro_ros_msgs/include/micro_ros_msgs/micro_ros_msgs/msg/detail
[2.031s] -- Up-to-date: /home/chino/brazo_ws/install/micro_ros_msgs/include/micro_ros_msgs/micro_ros_msgs/msg/detail/entity__type_support.c
[2.032s] -- Up-to-date: /home/chino/brazo_ws/install/micro_ros_msgs/include/micro_ros_msgs/micro_ros_msgs/msg/detail/node__rosidl_typesupport_introspection_c.h
[2.033s] -- Up-to-date: /home/chino/brazo_ws/install/micro_ros_msgs/include/micro_ros_msgs/micro_ros_msgs/msg/detail/entity__rosidl_typesupport_introspection_c.h
[2.035s] -- Up-to-date: /home/chino/brazo_ws/install/micro_ros_msgs/include/micro_ros_msgs/micro_ros_msgs/msg/detail/graph__rosidl_typesupport_introspection_c.h
[2.037s] -- Up-to-date: /home/chino/brazo_ws/install/micro_ros_msgs/include/micro_ros_msgs/micro_ros_msgs/msg/detail/graph__type_support.c
[2.039s] -- Up-to-date: /home/chino/brazo_ws/install/micro_ros_msgs/include/micro_ros_msgs/micro_ros_msgs/msg/detail/node__type_support.c
[2.042s] -- Up-to-date: /home/chino/brazo_ws/install/micro_ros_msgs/lib/libmicro_ros_msgs__rosidl_typesupport_introspection_c.so
[2.043s] -- Up-to-date: /home/chino/brazo_ws/install/micro_ros_msgs/lib/libmicro_ros_msgs__rosidl_typesupport_c.so
[2.045s] -- Up-to-date: /home/chino/brazo_ws/install/micro_ros_msgs/include/micro_ros_msgs/micro_ros_msgs
[2.047s] -- Up-to-date: /home/chino/brazo_ws/install/micro_ros_msgs/include/micro_ros_msgs/micro_ros_msgs/msg
[2.048s] -- Up-to-date: /home/chino/brazo_ws/install/micro_ros_msgs/include/micro_ros_msgs/micro_ros_msgs/msg/graph.hpp
[2.049s] -- Up-to-date: /home/chino/brazo_ws/install/micro_ros_msgs/include/micro_ros_msgs/micro_ros_msgs/msg/detail
[2.051s] -- Up-to-date: /home/chino/brazo_ws/install/micro_ros_msgs/include/micro_ros_msgs/micro_ros_msgs/msg/detail/graph__struct.hpp
[2.052s] -- Up-to-date: /home/chino/brazo_ws/install/micro_ros_msgs/include/micro_ros_msgs/micro_ros_msgs/msg/detail/entity__traits.hpp
[2.053s] -- Up-to-date: /home/chino/brazo_ws/install/micro_ros_msgs/include/micro_ros_msgs/micro_ros_msgs/msg/detail/entity__struct.hpp
[2.054s] -- Up-to-date: /home/chino/brazo_ws/install/micro_ros_msgs/include/micro_ros_msgs/micro_ros_msgs/msg/detail/entity__type_support.hpp
[2.055s] -- Up-to-date: /home/chino/brazo_ws/install/micro_ros_msgs/include/micro_ros_msgs/micro_ros_msgs/msg/detail/node__type_support.hpp
[2.056s] -- Up-to-date: /home/chino/brazo_ws/install/micro_ros_msgs/include/micro_ros_msgs/micro_ros_msgs/msg/detail/entity__builder.hpp
[2.057s] -- Up-to-date: /home/chino/brazo_ws/install/micro_ros_msgs/include/micro_ros_msgs/micro_ros_msgs/msg/detail/graph__type_support.hpp
[2.058s] -- Up-to-date: /home/chino/brazo_ws/install/micro_ros_msgs/include/micro_ros_msgs/micro_ros_msgs/msg/detail/graph__builder.hpp
[2.058s] -- Up-to-date: /home/chino/brazo_ws/install/micro_ros_msgs/include/micro_ros_msgs/micro_ros_msgs/msg/detail/node__traits.hpp
[2.059s] -- Up-to-date: /home/chino/brazo_ws/install/micro_ros_msgs/include/micro_ros_msgs/micro_ros_msgs/msg/detail/node__struct.hpp
[2.060s] -- Up-to-date: /home/chino/brazo_ws/install/micro_ros_msgs/include/micro_ros_msgs/micro_ros_msgs/msg/detail/node__builder.hpp
[2.060s] -- Up-to-date: /home/chino/brazo_ws/install/micro_ros_msgs/include/micro_ros_msgs/micro_ros_msgs/msg/detail/graph__traits.hpp
[2.061s] -- Up-to-date: /home/chino/brazo_ws/install/micro_ros_msgs/include/micro_ros_msgs/micro_ros_msgs/msg/node.hpp
[2.061s] -- Up-to-date: /home/chino/brazo_ws/install/micro_ros_msgs/include/micro_ros_msgs/micro_ros_msgs/msg/entity.hpp
[2.062s] -- Up-to-date: /home/chino/brazo_ws/install/micro_ros_msgs/include/micro_ros_msgs/micro_ros_msgs/msg/rosidl_generator_cpp__visibility_control.hpp
[2.062s] -- Up-to-date: /home/chino/brazo_ws/install/micro_ros_msgs/include/micro_ros_msgs/micro_ros_msgs
[2.063s] -- Up-to-date: /home/chino/brazo_ws/install/micro_ros_msgs/include/micro_ros_msgs/micro_ros_msgs/msg
[2.063s] -- Up-to-date: /home/chino/brazo_ws/install/micro_ros_msgs/include/micro_ros_msgs/micro_ros_msgs/msg/rosidl_typesupport_fastrtps_cpp__visibility_control.h
[2.064s] -- Up-to-date: /home/chino/brazo_ws/install/micro_ros_msgs/include/micro_ros_msgs/micro_ros_msgs/msg/detail
[2.065s] -- Up-to-date: /home/chino/brazo_ws/install/micro_ros_msgs/include/micro_ros_msgs/micro_ros_msgs/msg/detail/graph__rosidl_typesupport_fastrtps_cpp.hpp
[2.066s] -- Up-to-date: /home/chino/brazo_ws/install/micro_ros_msgs/include/micro_ros_msgs/micro_ros_msgs/msg/detail/dds_fastrtps
[2.066s] -- Up-to-date: /home/chino/brazo_ws/install/micro_ros_msgs/include/micro_ros_msgs/micro_ros_msgs/msg/detail/entity__rosidl_typesupport_fastrtps_cpp.hpp
[2.067s] -- Up-to-date: /home/chino/brazo_ws/install/micro_ros_msgs/include/micro_ros_msgs/micro_ros_msgs/msg/detail/node__rosidl_typesupport_fastrtps_cpp.hpp
[2.069s] -- Up-to-date: /home/chino/brazo_ws/install/micro_ros_msgs/lib/libmicro_ros_msgs__rosidl_typesupport_fastrtps_cpp.so
[2.069s] -- Up-to-date: /home/chino/brazo_ws/install/micro_ros_msgs/include/micro_ros_msgs/micro_ros_msgs
[2.070s] -- Up-to-date: /home/chino/brazo_ws/install/micro_ros_msgs/include/micro_ros_msgs/micro_ros_msgs/msg
[2.071s] -- Up-to-date: /home/chino/brazo_ws/install/micro_ros_msgs/include/micro_ros_msgs/micro_ros_msgs/msg/detail
[2.072s] -- Up-to-date: /home/chino/brazo_ws/install/micro_ros_msgs/include/micro_ros_msgs/micro_ros_msgs/msg/detail/graph__rosidl_typesupport_introspection_cpp.hpp
[2.073s] -- Up-to-date: /home/chino/brazo_ws/install/micro_ros_msgs/include/micro_ros_msgs/micro_ros_msgs/msg/detail/node__rosidl_typesupport_introspection_cpp.hpp
[2.074s] -- Up-to-date: /home/chino/brazo_ws/install/micro_ros_msgs/include/micro_ros_msgs/micro_ros_msgs/msg/detail/graph__type_support.cpp
[2.074s] -- Up-to-date: /home/chino/brazo_ws/install/micro_ros_msgs/include/micro_ros_msgs/micro_ros_msgs/msg/detail/entity__rosidl_typesupport_introspection_cpp.hpp
[2.076s] -- Up-to-date: /home/chino/brazo_ws/install/micro_ros_msgs/include/micro_ros_msgs/micro_ros_msgs/msg/detail/entity__type_support.cpp
[2.078s] -- Up-to-date: /home/chino/brazo_ws/install/micro_ros_msgs/include/micro_ros_msgs/micro_ros_msgs/msg/detail/node__type_support.cpp
[2.079s] -- Up-to-date: /home/chino/brazo_ws/install/micro_ros_msgs/lib/libmicro_ros_msgs__rosidl_typesupport_introspection_cpp.so
[2.080s] -- Up-to-date: /home/chino/brazo_ws/install/micro_ros_msgs/lib/libmicro_ros_msgs__rosidl_typesupport_cpp.so
[2.081s] -- Up-to-date: /home/chino/brazo_ws/install/micro_ros_msgs/share/micro_ros_msgs/environment/pythonpath.sh
[2.081s] -- Up-to-date: /home/chino/brazo_ws/install/micro_ros_msgs/share/micro_ros_msgs/environment/pythonpath.dsv
[2.082s] -- Up-to-date: /home/chino/brazo_ws/install/micro_ros_msgs/local/lib/python3.10/dist-packages/micro_ros_msgs-3.0.1-py3.10.egg-info
[2.083s] -- Installing: /home/chino/brazo_ws/install/micro_ros_msgs/local/lib/python3.10/dist-packages/micro_ros_msgs-3.0.1-py3.10.egg-info/dependency_links.txt
[2.084s] -- Installing: /home/chino/brazo_ws/install/micro_ros_msgs/local/lib/python3.10/dist-packages/micro_ros_msgs-3.0.1-py3.10.egg-info/SOURCES.txt
[2.085s] -- Installing: /home/chino/brazo_ws/install/micro_ros_msgs/local/lib/python3.10/dist-packages/micro_ros_msgs-3.0.1-py3.10.egg-info/top_level.txt
[2.086s] -- Installing: /home/chino/brazo_ws/install/micro_ros_msgs/local/lib/python3.10/dist-packages/micro_ros_msgs-3.0.1-py3.10.egg-info/PKG-INFO
[2.088s] -- Up-to-date: /home/chino/brazo_ws/install/micro_ros_msgs/local/lib/python3.10/dist-packages/micro_ros_msgs
[2.089s] -- Up-to-date: /home/chino/brazo_ws/install/micro_ros_msgs/local/lib/python3.10/dist-packages/micro_ros_msgs/_micro_ros_msgs_s.ep.rosidl_typesupport_c.c
[2.090s] -- Up-to-date: /home/chino/brazo_ws/install/micro_ros_msgs/local/lib/python3.10/dist-packages/micro_ros_msgs/micro_ros_msgs_s__rosidl_typesupport_introspection_c.cpython-310-x86_64-linux-gnu.so
[2.091s] -- Up-to-date: /home/chino/brazo_ws/install/micro_ros_msgs/local/lib/python3.10/dist-packages/micro_ros_msgs/_micro_ros_msgs_s.ep.rosidl_typesupport_introspection_c.c
[2.092s] -- Up-to-date: /home/chino/brazo_ws/install/micro_ros_msgs/local/lib/python3.10/dist-packages/micro_ros_msgs/__init__.py
[2.094s] -- Up-to-date: /home/chino/brazo_ws/install/micro_ros_msgs/local/lib/python3.10/dist-packages/micro_ros_msgs/libmicro_ros_msgs__rosidl_generator_py.so
[2.094s] -- Up-to-date: /home/chino/brazo_ws/install/micro_ros_msgs/local/lib/python3.10/dist-packages/micro_ros_msgs/msg
[2.096s] -- Up-to-date: /home/chino/brazo_ws/install/micro_ros_msgs/local/lib/python3.10/dist-packages/micro_ros_msgs/msg/_entity.py
[2.097s] -- Up-to-date: /home/chino/brazo_ws/install/micro_ros_msgs/local/lib/python3.10/dist-packages/micro_ros_msgs/msg/_graph.py
[2.098s] -- Up-to-date: /home/chino/brazo_ws/install/micro_ros_msgs/local/lib/python3.10/dist-packages/micro_ros_msgs/msg/_graph_s.c
[2.100s] -- Up-to-date: /home/chino/brazo_ws/install/micro_ros_msgs/local/lib/python3.10/dist-packages/micro_ros_msgs/msg/_entity_s.c
[2.100s] -- Up-to-date: /home/chino/brazo_ws/install/micro_ros_msgs/local/lib/python3.10/dist-packages/micro_ros_msgs/msg/_node.py
[2.101s] -- Up-to-date: /home/chino/brazo_ws/install/micro_ros_msgs/local/lib/python3.10/dist-packages/micro_ros_msgs/msg/__init__.py
[2.103s] -- Up-to-date: /home/chino/brazo_ws/install/micro_ros_msgs/local/lib/python3.10/dist-packages/micro_ros_msgs/msg/_node_s.c
[2.103s] -- Up-to-date: /home/chino/brazo_ws/install/micro_ros_msgs/local/lib/python3.10/dist-packages/micro_ros_msgs/micro_ros_msgs_s__rosidl_typesupport_c.cpython-310-x86_64-linux-gnu.so
[2.104s] -- Up-to-date: /home/chino/brazo_ws/install/micro_ros_msgs/local/lib/python3.10/dist-packages/micro_ros_msgs/_micro_ros_msgs_s.ep.rosidl_typesupport_fastrtps_c.c
[2.105s] -- Up-to-date: /home/chino/brazo_ws/install/micro_ros_msgs/local/lib/python3.10/dist-packages/micro_ros_msgs/micro_ros_msgs_s__rosidl_typesupport_fastrtps_c.cpython-310-x86_64-linux-gnu.so
[2.106s] Listing '/home/chino/brazo_ws/install/micro_ros_msgs/local/lib/python3.10/dist-packages/micro_ros_msgs'...
[2.106s] Listing '/home/chino/brazo_ws/install/micro_ros_msgs/local/lib/python3.10/dist-packages/micro_ros_msgs/msg'...
[2.107s] -- Up-to-date: /home/chino/brazo_ws/install/micro_ros_msgs/local/lib/python3.10/dist-packages/micro_ros_msgs/micro_ros_msgs_s__rosidl_typesupport_fastrtps_c.cpython-310-x86_64-linux-gnu.so
[2.109s] -- Up-to-date: /home/chino/brazo_ws/install/micro_ros_msgs/local/lib/python3.10/dist-packages/micro_ros_msgs/micro_ros_msgs_s__rosidl_typesupport_introspection_c.cpython-310-x86_64-linux-gnu.so
[2.111s] -- Up-to-date: /home/chino/brazo_ws/install/micro_ros_msgs/local/lib/python3.10/dist-packages/micro_ros_msgs/micro_ros_msgs_s__rosidl_typesupport_c.cpython-310-x86_64-linux-gnu.so
[2.112s] -- Up-to-date: /home/chino/brazo_ws/install/micro_ros_msgs/lib/libmicro_ros_msgs__rosidl_generator_py.so
[2.112s] -- Up-to-date: /home/chino/brazo_ws/install/micro_ros_msgs/share/micro_ros_msgs/msg/Graph.idl
[2.113s] -- Up-to-date: /home/chino/brazo_ws/install/micro_ros_msgs/share/micro_ros_msgs/msg/Node.idl
[2.114s] -- Up-to-date: /home/chino/brazo_ws/install/micro_ros_msgs/share/micro_ros_msgs/msg/Entity.idl
[2.115s] -- Up-to-date: /home/chino/brazo_ws/install/micro_ros_msgs/share/micro_ros_msgs/msg/Graph.msg
[2.118s] -- Up-to-date: /home/chino/brazo_ws/install/micro_ros_msgs/share/micro_ros_msgs/msg/Node.msg
[2.119s] -- Up-to-date: /home/chino/brazo_ws/install/micro_ros_msgs/share/micro_ros_msgs/msg/Entity.msg
[2.119s] -- Up-to-date: /home/chino/brazo_ws/install/micro_ros_msgs/share/ament_index/resource_index/package_run_dependencies/micro_ros_msgs
[2.120s] -- Up-to-date: /home/chino/brazo_ws/install/micro_ros_msgs/share/ament_index/resource_index/parent_prefix_path/micro_ros_msgs
[2.120s] -- Up-to-date: /home/chino/brazo_ws/install/micro_ros_msgs/share/micro_ros_msgs/environment/ament_prefix_path.sh
[2.121s] -- Up-to-date: /home/chino/brazo_ws/install/micro_ros_msgs/share/micro_ros_msgs/environment/ament_prefix_path.dsv
[2.122s] -- Up-to-date: /home/chino/brazo_ws/install/micro_ros_msgs/share/micro_ros_msgs/environment/path.sh
[2.123s] -- Up-to-date: /home/chino/brazo_ws/install/micro_ros_msgs/share/micro_ros_msgs/environment/path.dsv
[2.123s] -- Up-to-date: /home/chino/brazo_ws/install/micro_ros_msgs/share/micro_ros_msgs/local_setup.bash
[2.124s] -- Up-to-date: /home/chino/brazo_ws/install/micro_ros_msgs/share/micro_ros_msgs/local_setup.sh
[2.125s] -- Up-to-date: /home/chino/brazo_ws/install/micro_ros_msgs/share/micro_ros_msgs/local_setup.zsh
[2.126s] -- Up-to-date: /home/chino/brazo_ws/install/micro_ros_msgs/share/micro_ros_msgs/local_setup.dsv
[2.126s] -- Installing: /home/chino/brazo_ws/install/micro_ros_msgs/share/micro_ros_msgs/package.dsv
[2.128s] -- Up-to-date: /home/chino/brazo_ws/install/micro_ros_msgs/share/ament_index/resource_index/packages/micro_ros_msgs
[2.129s] -- Up-to-date: /home/chino/brazo_ws/install/micro_ros_msgs/share/micro_ros_msgs/cmake/export_micro_ros_msgs__rosidl_generator_cExport.cmake
[2.129s] -- Up-to-date: /home/chino/brazo_ws/install/micro_ros_msgs/share/micro_ros_msgs/cmake/export_micro_ros_msgs__rosidl_generator_cExport-noconfig.cmake
[2.130s] -- Up-to-date: /home/chino/brazo_ws/install/micro_ros_msgs/share/micro_ros_msgs/cmake/export_micro_ros_msgs__rosidl_typesupport_fastrtps_cExport.cmake
[2.131s] -- Up-to-date: /home/chino/brazo_ws/install/micro_ros_msgs/share/micro_ros_msgs/cmake/export_micro_ros_msgs__rosidl_typesupport_fastrtps_cExport-noconfig.cmake
[2.132s] -- Up-to-date: /home/chino/brazo_ws/install/micro_ros_msgs/share/micro_ros_msgs/cmake/micro_ros_msgs__rosidl_typesupport_introspection_cExport.cmake
[2.132s] -- Up-to-date: /home/chino/brazo_ws/install/micro_ros_msgs/share/micro_ros_msgs/cmake/micro_ros_msgs__rosidl_typesupport_introspection_cExport-noconfig.cmake
[2.134s] -- Up-to-date: /home/chino/brazo_ws/install/micro_ros_msgs/share/micro_ros_msgs/cmake/micro_ros_msgs__rosidl_typesupport_cExport.cmake
[2.135s] -- Up-to-date: /home/chino/brazo_ws/install/micro_ros_msgs/share/micro_ros_msgs/cmake/micro_ros_msgs__rosidl_typesupport_cExport-noconfig.cmake
[2.135s] -- Up-to-date: /home/chino/brazo_ws/install/micro_ros_msgs/share/micro_ros_msgs/cmake/export_micro_ros_msgs__rosidl_generator_cppExport.cmake
[2.136s] -- Up-to-date: /home/chino/brazo_ws/install/micro_ros_msgs/share/micro_ros_msgs/cmake/export_micro_ros_msgs__rosidl_typesupport_fastrtps_cppExport.cmake
[2.137s] -- Up-to-date: /home/chino/brazo_ws/install/micro_ros_msgs/share/micro_ros_msgs/cmake/export_micro_ros_msgs__rosidl_typesupport_fastrtps_cppExport-noconfig.cmake
[2.138s] -- Up-to-date: /home/chino/brazo_ws/install/micro_ros_msgs/share/micro_ros_msgs/cmake/micro_ros_msgs__rosidl_typesupport_introspection_cppExport.cmake
[2.140s] -- Up-to-date: /home/chino/brazo_ws/install/micro_ros_msgs/share/micro_ros_msgs/cmake/micro_ros_msgs__rosidl_typesupport_introspection_cppExport-noconfig.cmake
[2.140s] -- Up-to-date: /home/chino/brazo_ws/install/micro_ros_msgs/share/micro_ros_msgs/cmake/micro_ros_msgs__rosidl_typesupport_cppExport.cmake
[2.141s] -- Up-to-date: /home/chino/brazo_ws/install/micro_ros_msgs/share/micro_ros_msgs/cmake/micro_ros_msgs__rosidl_typesupport_cppExport-noconfig.cmake
[2.142s] -- Up-to-date: /home/chino/brazo_ws/install/micro_ros_msgs/share/micro_ros_msgs/cmake/export_micro_ros_msgs__rosidl_generator_pyExport.cmake
[2.143s] -- Up-to-date: /home/chino/brazo_ws/install/micro_ros_msgs/share/micro_ros_msgs/cmake/export_micro_ros_msgs__rosidl_generator_pyExport-noconfig.cmake
[2.143s] -- Up-to-date: /home/chino/brazo_ws/install/micro_ros_msgs/share/micro_ros_msgs/cmake/rosidl_cmake-extras.cmake
[2.145s] -- Up-to-date: /home/chino/brazo_ws/install/micro_ros_msgs/share/micro_ros_msgs/cmake/ament_cmake_export_include_directories-extras.cmake
[2.145s] -- Up-to-date: /home/chino/brazo_ws/install/micro_ros_msgs/share/micro_ros_msgs/cmake/ament_cmake_export_libraries-extras.cmake
[2.146s] -- Up-to-date: /home/chino/brazo_ws/install/micro_ros_msgs/share/micro_ros_msgs/cmake/ament_cmake_export_targets-extras.cmake
[2.148s] -- Up-to-date: /home/chino/brazo_ws/install/micro_ros_msgs/share/micro_ros_msgs/cmake/rosidl_cmake_export_typesupport_targets-extras.cmake
[2.150s] -- Up-to-date: /home/chino/brazo_ws/install/micro_ros_msgs/share/micro_ros_msgs/cmake/ament_cmake_export_dependencies-extras.cmake
[2.152s] -- Up-to-date: /home/chino/brazo_ws/install/micro_ros_msgs/share/micro_ros_msgs/cmake/rosidl_cmake_export_typesupport_libraries-extras.cmake
[2.153s] -- Up-to-date: /home/chino/brazo_ws/install/micro_ros_msgs/share/micro_ros_msgs/cmake/micro_ros_msgsConfig.cmake
[2.153s] -- Up-to-date: /home/chino/brazo_ws/install/micro_ros_msgs/share/micro_ros_msgs/cmake/micro_ros_msgsConfig-version.cmake
[2.155s] -- Up-to-date: /home/chino/brazo_ws/install/micro_ros_msgs/share/micro_ros_msgs/package.xml
[2.160s] Invoked command in '/home/chino/brazo_ws/build/micro_ros_msgs' returned '0': CMAKE_PREFIX_PATH=${CMAKE_PREFIX_PATH}:/home/chino/brazo_ws/install/trajectory_publisher:/home/chino/brazo_ws/install/Trayectorias:/home/chino/brazo_ws/install/BRAZOROBOTICO_description:/opt/ros/humble /usr/bin/cmake --install /home/chino/brazo_ws/build/micro_ros_msgs
