[3.388s] Invoking command in '/home/chino/brazo_ws/src/Trayectorias': PYTHONPATH=/home/chino/brazo_ws/build/Trayectorias/prefix_override:/usr/lib/python3/dist-packages/colcon_core/task/python/colcon_distutils_commands:/home/chino/brazo_ws/install/Trayectorias/lib/python3.10/site-packages:${PYTHONPATH} /usr/bin/python3 -W ignore:setup.py install is deprecated -W ignore:easy_install command is deprecated setup.py egg_info --egg-base ../../build/Trayectorias build --build-base /home/chino/brazo_ws/build/Trayectorias/build install --record /home/chino/brazo_ws/build/Trayectorias/install.log --single-version-externally-managed install_data
[4.106s] running egg_info
[4.108s] writing ../../build/Trayectorias/Trayectorias.egg-info/PKG-INFO
[4.109s] writing dependency_links to ../../build/Trayectorias/Trayectorias.egg-info/dependency_links.txt
[4.109s] writing entry points to ../../build/Trayectorias/Trayectorias.egg-info/entry_points.txt
[4.110s] writing requirements to ../../build/Trayectorias/Trayectorias.egg-info/requires.txt
[4.111s] writing top-level names to ../../build/Trayectorias/Trayectorias.egg-info/top_level.txt
[4.116s] reading manifest file '../../build/Trayectorias/Trayectorias.egg-info/SOURCES.txt'
[4.118s] adding license file 'LICENSE'
[4.120s] writing manifest file '../../build/Trayectorias/Trayectorias.egg-info/SOURCES.txt'
[4.120s] running build
[4.121s] running build_py
[4.121s] running install
[4.122s] running install_lib
[4.125s] running install_data
[4.126s] running install_egg_info
[4.130s] removing '/home/chino/brazo_ws/install/Trayectorias/lib/python3.10/site-packages/Trayectorias-0.0.0-py3.10.egg-info' (and everything under it)
[4.131s] Copying ../../build/Trayectorias/Trayectorias.egg-info to /home/chino/brazo_ws/install/Trayectorias/lib/python3.10/site-packages/Trayectorias-0.0.0-py3.10.egg-info
[4.137s] running install_scripts
[4.199s] writing list of installed files to '/home/chino/brazo_ws/build/Trayectorias/install.log'
[4.266s] Invoked command in '/home/chino/brazo_ws/src/Trayectorias' returned '0': PYTHONPATH=/home/chino/brazo_ws/build/Trayectorias/prefix_override:/usr/lib/python3/dist-packages/colcon_core/task/python/colcon_distutils_commands:/home/chino/brazo_ws/install/Trayectorias/lib/python3.10/site-packages:${PYTHONPATH} /usr/bin/python3 -W ignore:setup.py install is deprecated -W ignore:easy_install command is deprecated setup.py egg_info --egg-base ../../build/Trayectorias build --build-base /home/chino/brazo_ws/build/Trayectorias/build install --record /home/chino/brazo_ws/build/Trayectorias/install.log --single-version-externally-managed install_data
