running egg_info
creating ../../build/Trayectorias/Trayectorias.egg-info
writing ../../build/Trayectorias/Trayectorias.egg-info/PKG-INFO
writing dependency_links to ../../build/Trayectorias/Trayectorias.egg-info/dependency_links.txt
writing entry points to ../../build/Trayectorias/Trayectorias.egg-info/entry_points.txt
writing requirements to ../../build/Trayectorias/Trayectorias.egg-info/requires.txt
writing top-level names to ../../build/Trayectorias/Trayectorias.egg-info/top_level.txt
writing manifest file '../../build/Trayectorias/Trayectorias.egg-info/SOURCES.txt'
reading manifest file '../../build/Trayectorias/Trayectorias.egg-info/SOURCES.txt'
adding license file 'LICENSE'
writing manifest file '../../build/Trayectorias/Trayectorias.egg-info/SOURCES.txt'
running build
running build_py
creating /home/chino/brazo_ws/build/Trayectorias/build
creating /home/chino/brazo_ws/build/Trayectorias/build/lib
creating /home/chino/brazo_ws/build/Trayectorias/build/lib/Trayectorias
copying Trayectorias/__init__.py -> /home/chino/brazo_ws/build/Trayectorias/build/lib/Trayectorias
running install
running install_lib
creating /home/chino/brazo_ws/install/Trayectorias/lib/python3.10/site-packages/Trayectorias
copying /home/chino/brazo_ws/build/Trayectorias/build/lib/Trayectorias/__init__.py -> /home/chino/brazo_ws/install/Trayectorias/lib/python3.10/site-packages/Trayectorias
byte-compiling /home/chino/brazo_ws/install/Trayectorias/lib/python3.10/site-packages/Trayectorias/__init__.py to __init__.cpython-310.pyc
running install_data
creating /home/chino/brazo_ws/install/Trayectorias/share/ament_index
creating /home/chino/brazo_ws/install/Trayectorias/share/ament_index/resource_index
creating /home/chino/brazo_ws/install/Trayectorias/share/ament_index/resource_index/packages
copying resource/Trayectorias -> /home/chino/brazo_ws/install/Trayectorias/share/ament_index/resource_index/packages
copying package.xml -> /home/chino/brazo_ws/install/Trayectorias/share/Trayectorias
running install_egg_info
Copying ../../build/Trayectorias/Trayectorias.egg-info to /home/chino/brazo_ws/install/Trayectorias/lib/python3.10/site-packages/Trayectorias-0.0.0-py3.10.egg-info
running install_scripts
writing list of installed files to '/home/chino/brazo_ws/build/Trayectorias/install.log'
