[3.346s] Invoking command in '/home/chino/brazo_ws/src/ik_bridge': PYTHONPATH=/home/chino/brazo_ws/build/ik_bridge/prefix_override:/usr/lib/python3/dist-packages/colcon_core/task/python/colcon_distutils_commands:/home/chino/brazo_ws/install/ik_bridge/lib/python3.10/site-packages:${PYTHONPATH} /usr/bin/python3 -W ignore:setup.py install is deprecated -W ignore:easy_install command is deprecated setup.py egg_info --egg-base ../../build/ik_bridge build --build-base /home/chino/brazo_ws/build/ik_bridge/build install --record /home/chino/brazo_ws/build/ik_bridge/install.log --single-version-externally-managed install_data
[4.397s] running egg_info
[4.401s] writing ../../build/ik_bridge/ik_bridge.egg-info/PKG-INFO
[4.404s] writing dependency_links to ../../build/ik_bridge/ik_bridge.egg-info/dependency_links.txt
[4.405s] writing entry points to ../../build/ik_bridge/ik_bridge.egg-info/entry_points.txt
[4.407s] writing requirements to ../../build/ik_bridge/ik_bridge.egg-info/requires.txt
[4.408s] writing top-level names to ../../build/ik_bridge/ik_bridge.egg-info/top_level.txt
[4.416s] reading manifest file '../../build/ik_bridge/ik_bridge.egg-info/SOURCES.txt'
[4.420s] writing manifest file '../../build/ik_bridge/ik_bridge.egg-info/SOURCES.txt'
[4.421s] running build
[4.421s] running build_py
[4.422s] copying ik_bridge/forward_kinematics.py -> /home/chino/brazo_ws/build/ik_bridge/build/lib/ik_bridge
[4.423s] copying ik_bridge/ik_bridge_node.py -> /home/chino/brazo_ws/build/ik_bridge/build/lib/ik_bridge
[4.426s] running install
[4.427s] running install_lib
[4.429s] copying /home/chino/brazo_ws/build/ik_bridge/build/lib/ik_bridge/forward_kinematics.py -> /home/chino/brazo_ws/install/ik_bridge/lib/python3.10/site-packages/ik_bridge
[4.430s] copying /home/chino/brazo_ws/build/ik_bridge/build/lib/ik_bridge/ik_bridge_node.py -> /home/chino/brazo_ws/install/ik_bridge/lib/python3.10/site-packages/ik_bridge
[4.434s] byte-compiling /home/chino/brazo_ws/install/ik_bridge/lib/python3.10/site-packages/ik_bridge/forward_kinematics.py to forward_kinematics.cpython-310.pyc
[4.443s] byte-compiling /home/chino/brazo_ws/install/ik_bridge/lib/python3.10/site-packages/ik_bridge/ik_bridge_node.py to ik_bridge_node.cpython-310.pyc
[4.451s] running install_data
[4.452s] running install_egg_info
[4.462s] removing '/home/chino/brazo_ws/install/ik_bridge/lib/python3.10/site-packages/ik_bridge-0.0.1-py3.10.egg-info' (and everything under it)
[4.467s] Copying ../../build/ik_bridge/ik_bridge.egg-info to /home/chino/brazo_ws/install/ik_bridge/lib/python3.10/site-packages/ik_bridge-0.0.1-py3.10.egg-info
[4.474s] running install_scripts
[4.593s] Installing ik_bridge_node script to /home/chino/brazo_ws/install/ik_bridge/lib/ik_bridge
[4.595s] writing list of installed files to '/home/chino/brazo_ws/build/ik_bridge/install.log'
[4.730s] Invoked command in '/home/chino/brazo_ws/src/ik_bridge' returned '0': PYTHONPATH=/home/chino/brazo_ws/build/ik_bridge/prefix_override:/usr/lib/python3/dist-packages/colcon_core/task/python/colcon_distutils_commands:/home/chino/brazo_ws/install/ik_bridge/lib/python3.10/site-packages:${PYTHONPATH} /usr/bin/python3 -W ignore:setup.py install is deprecated -W ignore:easy_install command is deprecated setup.py egg_info --egg-base ../../build/ik_bridge build --build-base /home/chino/brazo_ws/build/ik_bridge/build install --record /home/chino/brazo_ws/build/ik_bridge/install.log --single-version-externally-managed install_data
