[3.724s] Invoking command in '/home/chino/brazo_ws/src/Trayectorias': PYTHONPATH=/home/chino/brazo_ws/build/Trayectorias/prefix_override:/usr/lib/python3/dist-packages/colcon_core/task/python/colcon_distutils_commands:/home/chino/brazo_ws/install/Trayectorias/lib/python3.10/site-packages:${PYTHONPATH} /usr/bin/python3 -W ignore:setup.py install is deprecated -W ignore:easy_install command is deprecated setup.py egg_info --egg-base ../../build/Trayectorias build --build-base /home/chino/brazo_ws/build/Trayectorias/build install --record /home/chino/brazo_ws/build/Trayectorias/install.log --single-version-externally-managed install_data
[4.472s] running egg_info
[4.474s] writing ../../build/Trayectorias/Trayectorias.egg-info/PKG-INFO
[4.474s] writing dependency_links to ../../build/Trayectorias/Trayectorias.egg-info/dependency_links.txt
[4.475s] writing entry points to ../../build/Trayectorias/Trayectorias.egg-info/entry_points.txt
[4.475s] writing requirements to ../../build/Trayectorias/Trayectorias.egg-info/requires.txt
[4.476s] writing top-level names to ../../build/Trayectorias/Trayectorias.egg-info/top_level.txt
[4.481s] reading manifest file '../../build/Trayectorias/Trayectorias.egg-info/SOURCES.txt'
[4.482s] adding license file 'LICENSE'
[4.484s] writing manifest file '../../build/Trayectorias/Trayectorias.egg-info/SOURCES.txt'
[4.484s] running build
[4.484s] running build_py
[4.485s] running install
[4.486s] running install_lib
[4.489s] running install_data
[4.489s] running install_egg_info
[4.494s] removing '/home/chino/brazo_ws/install/Trayectorias/lib/python3.10/site-packages/Trayectorias-0.0.0-py3.10.egg-info' (and everything under it)
[4.496s] Copying ../../build/Trayectorias/Trayectorias.egg-info to /home/chino/brazo_ws/install/Trayectorias/lib/python3.10/site-packages/Trayectorias-0.0.0-py3.10.egg-info
[4.502s] running install_scripts
[4.559s] writing list of installed files to '/home/chino/brazo_ws/build/Trayectorias/install.log'
[4.647s] Invoked command in '/home/chino/brazo_ws/src/Trayectorias' returned '0': PYTHONPATH=/home/chino/brazo_ws/build/Trayectorias/prefix_override:/usr/lib/python3/dist-packages/colcon_core/task/python/colcon_distutils_commands:/home/chino/brazo_ws/install/Trayectorias/lib/python3.10/site-packages:${PYTHONPATH} /usr/bin/python3 -W ignore:setup.py install is deprecated -W ignore:easy_install command is deprecated setup.py egg_info --egg-base ../../build/Trayectorias build --build-base /home/chino/brazo_ws/build/Trayectorias/build install --record /home/chino/brazo_ws/build/Trayectorias/install.log --single-version-externally-managed install_data
