[1.052s] DEBUG:colcon:Command line arguments: ['/usr/bin/colcon', 'build']
[1.052s] DEBUG:colcon:Parsed command line arguments: Namespace(log_base=None, log_level=None, verb_name='build', build_base='build', install_base='install', merge_install=False, symlink_install=False, test_result_base=None, continue_on_error=False, executor='parallel', parallel_workers=16, event_handlers=None, ignore_user_meta=False, metas=['./colcon.meta'], base_paths=['.'], packages_ignore=None, packages_ignore_regex=None, paths=None, packages_up_to=None, packages_up_to_regex=None, packages_above=None, packages_above_and_dependencies=None, packages_above_depth=None, packages_select_by_dep=None, packages_skip_by_dep=None, packages_skip_up_to=None, packages_select_build_failed=False, packages_skip_build_finished=False, packages_select_test_failures=False, packages_skip_test_passed=False, packages_select=None, packages_skip=None, packages_select_regex=None, packages_skip_regex=None, packages_start=None, packages_end=None, allow_overriding=[], cmake_args=None, cmake_target=None, cmake_target_skip_unavailable=False, cmake_clean_cache=False, cmake_clean_first=False, cmake_force_configure=False, ament_cmake_args=None, catkin_cmake_args=None, catkin_skip_building_tests=False, verb_parser=<colcon_defaults.argument_parser.defaults.DefaultArgumentsDecorator object at 0x7c4b3145a950>, verb_extension=<colcon_core.verb.build.BuildVerb object at 0x7c4b315cb790>, main=<bound method BuildVerb.main of <colcon_core.verb.build.BuildVerb object at 0x7c4b315cb790>>)
[1.536s] Level 1:colcon.colcon_core.package_discovery:discover_packages(colcon_meta) check parameters
[1.536s] Level 1:colcon.colcon_core.package_discovery:discover_packages(recursive) check parameters
[1.536s] Level 1:colcon.colcon_core.package_discovery:discover_packages(ignore) check parameters
[1.536s] Level 1:colcon.colcon_core.package_discovery:discover_packages(path) check parameters
[1.537s] Level 1:colcon.colcon_core.package_discovery:discover_packages(colcon_meta) discover
[1.537s] Level 1:colcon.colcon_core.package_discovery:discover_packages(recursive) discover
[1.537s] INFO:colcon.colcon_core.package_discovery:Crawling recursively for packages in '/home/chino/brazo_ws'
[1.537s] Level 1:colcon.colcon_core.package_identification:_identify(.) by extensions ['ignore', 'ignore_ament_install']
[1.538s] Level 1:colcon.colcon_core.package_identification:_identify(.) by extension 'ignore'
[1.538s] Level 1:colcon.colcon_core.package_identification:_identify(.) by extension 'ignore_ament_install'
[1.538s] Level 1:colcon.colcon_core.package_identification:_identify(.) by extensions ['colcon_pkg']
[1.538s] Level 1:colcon.colcon_core.package_identification:_identify(.) by extension 'colcon_pkg'
[1.538s] Level 1:colcon.colcon_core.package_identification:_identify(.) by extensions ['colcon_meta']
[1.538s] Level 1:colcon.colcon_core.package_identification:_identify(.) by extension 'colcon_meta'
[1.539s] Level 1:colcon.colcon_core.package_identification:_identify(.) by extensions ['ros']
[1.539s] Level 1:colcon.colcon_core.package_identification:_identify(.) by extension 'ros'
[1.569s] Level 1:colcon.colcon_core.package_identification:_identify(.) by extensions ['cmake', 'python']
[1.569s] Level 1:colcon.colcon_core.package_identification:_identify(.) by extension 'cmake'
[1.570s] Level 1:colcon.colcon_core.package_identification:_identify(.) by extension 'python'
[1.570s] Level 1:colcon.colcon_core.package_identification:_identify(.) by extensions ['python_setup_py']
[1.570s] Level 1:colcon.colcon_core.package_identification:_identify(.) by extension 'python_setup_py'
[1.570s] Level 1:colcon.colcon_core.package_identification:_identify(build) by extensions ['ignore', 'ignore_ament_install']
[1.570s] Level 1:colcon.colcon_core.package_identification:_identify(build) by extension 'ignore'
[1.571s] Level 1:colcon.colcon_core.package_identification:_identify(build) ignored
[1.571s] Level 1:colcon.colcon_core.package_identification:_identify(install) by extensions ['ignore', 'ignore_ament_install']
[1.571s] Level 1:colcon.colcon_core.package_identification:_identify(install) by extension 'ignore'
[1.572s] Level 1:colcon.colcon_core.package_identification:_identify(install) ignored
[1.572s] Level 1:colcon.colcon_core.package_identification:_identify(log) by extensions ['ignore', 'ignore_ament_install']
[1.572s] Level 1:colcon.colcon_core.package_identification:_identify(log) by extension 'ignore'
[1.572s] Level 1:colcon.colcon_core.package_identification:_identify(log) ignored
[1.573s] Level 1:colcon.colcon_core.package_identification:_identify(src) by extensions ['ignore', 'ignore_ament_install']
[1.573s] Level 1:colcon.colcon_core.package_identification:_identify(src) by extension 'ignore'
[1.573s] Level 1:colcon.colcon_core.package_identification:_identify(src) by extension 'ignore_ament_install'
[1.574s] Level 1:colcon.colcon_core.package_identification:_identify(src) by extensions ['colcon_pkg']
[1.574s] Level 1:colcon.colcon_core.package_identification:_identify(src) by extension 'colcon_pkg'
[1.574s] Level 1:colcon.colcon_core.package_identification:_identify(src) by extensions ['colcon_meta']
[1.574s] Level 1:colcon.colcon_core.package_identification:_identify(src) by extension 'colcon_meta'
[1.574s] Level 1:colcon.colcon_core.package_identification:_identify(src) by extensions ['ros']
[1.575s] Level 1:colcon.colcon_core.package_identification:_identify(src) by extension 'ros'
[1.575s] Level 1:colcon.colcon_core.package_identification:_identify(src) by extensions ['cmake', 'python']
[1.575s] Level 1:colcon.colcon_core.package_identification:_identify(src) by extension 'cmake'
[1.575s] Level 1:colcon.colcon_core.package_identification:_identify(src) by extension 'python'
[1.575s] Level 1:colcon.colcon_core.package_identification:_identify(src) by extensions ['python_setup_py']
[1.575s] Level 1:colcon.colcon_core.package_identification:_identify(src) by extension 'python_setup_py'
[1.576s] Level 1:colcon.colcon_core.package_identification:_identify(src/BRAZOROBOTICO_description) by extensions ['ignore', 'ignore_ament_install']
[1.576s] Level 1:colcon.colcon_core.package_identification:_identify(src/BRAZOROBOTICO_description) by extension 'ignore'
[1.576s] Level 1:colcon.colcon_core.package_identification:_identify(src/BRAZOROBOTICO_description) by extension 'ignore_ament_install'
[1.577s] Level 1:colcon.colcon_core.package_identification:_identify(src/BRAZOROBOTICO_description) by extensions ['colcon_pkg']
[1.577s] Level 1:colcon.colcon_core.package_identification:_identify(src/BRAZOROBOTICO_description) by extension 'colcon_pkg'
[1.577s] Level 1:colcon.colcon_core.package_identification:_identify(src/BRAZOROBOTICO_description) by extensions ['colcon_meta']
[1.577s] Level 1:colcon.colcon_core.package_identification:_identify(src/BRAZOROBOTICO_description) by extension 'colcon_meta'
[1.578s] Level 1:colcon.colcon_core.package_identification:_identify(src/BRAZOROBOTICO_description) by extensions ['ros']
[1.578s] Level 1:colcon.colcon_core.package_identification:_identify(src/BRAZOROBOTICO_description) by extension 'ros'
[1.584s] DEBUG:colcon.colcon_core.package_identification:Package 'src/BRAZOROBOTICO_description' with type 'ros.ament_python' and name 'BRAZOROBOTICO_description'
[1.585s] Level 1:colcon.colcon_core.package_identification:_identify(src/Trayectorias) by extensions ['ignore', 'ignore_ament_install']
[1.585s] Level 1:colcon.colcon_core.package_identification:_identify(src/Trayectorias) by extension 'ignore'
[1.585s] Level 1:colcon.colcon_core.package_identification:_identify(src/Trayectorias) by extension 'ignore_ament_install'
[1.586s] Level 1:colcon.colcon_core.package_identification:_identify(src/Trayectorias) by extensions ['colcon_pkg']
[1.586s] Level 1:colcon.colcon_core.package_identification:_identify(src/Trayectorias) by extension 'colcon_pkg'
[1.586s] Level 1:colcon.colcon_core.package_identification:_identify(src/Trayectorias) by extensions ['colcon_meta']
[1.586s] Level 1:colcon.colcon_core.package_identification:_identify(src/Trayectorias) by extension 'colcon_meta'
[1.586s] Level 1:colcon.colcon_core.package_identification:_identify(src/Trayectorias) by extensions ['ros']
[1.586s] Level 1:colcon.colcon_core.package_identification:_identify(src/Trayectorias) by extension 'ros'
[1.607s] DEBUG:colcon.colcon_core.package_identification:Package 'src/Trayectorias' with type 'ros.ament_python' and name 'Trayectorias'
[1.608s] Level 1:colcon.colcon_core.package_identification:_identify(src/micro_ros_setup) by extensions ['ignore', 'ignore_ament_install']
[1.608s] Level 1:colcon.colcon_core.package_identification:_identify(src/micro_ros_setup) by extension 'ignore'
[1.608s] Level 1:colcon.colcon_core.package_identification:_identify(src/micro_ros_setup) by extension 'ignore_ament_install'
[1.608s] Level 1:colcon.colcon_core.package_identification:_identify(src/micro_ros_setup) by extensions ['colcon_pkg']
[1.609s] Level 1:colcon.colcon_core.package_identification:_identify(src/micro_ros_setup) by extension 'colcon_pkg'
[1.609s] Level 1:colcon.colcon_core.package_identification:_identify(src/micro_ros_setup) by extensions ['colcon_meta']
[1.609s] Level 1:colcon.colcon_core.package_identification:_identify(src/micro_ros_setup) by extension 'colcon_meta'
[1.609s] Level 1:colcon.colcon_core.package_identification:_identify(src/micro_ros_setup) by extensions ['ros']
[1.609s] Level 1:colcon.colcon_core.package_identification:_identify(src/micro_ros_setup) by extension 'ros'
[1.611s] DEBUG:colcon.colcon_core.package_identification:Package 'src/micro_ros_setup' with type 'ros.ament_cmake' and name 'micro_ros_setup'
[1.611s] Level 1:colcon.colcon_core.package_identification:_identify(src/trajectory_publisher) by extensions ['ignore', 'ignore_ament_install']
[1.612s] Level 1:colcon.colcon_core.package_identification:_identify(src/trajectory_publisher) by extension 'ignore'
[1.612s] Level 1:colcon.colcon_core.package_identification:_identify(src/trajectory_publisher) by extension 'ignore_ament_install'
[1.612s] Level 1:colcon.colcon_core.package_identification:_identify(src/trajectory_publisher) by extensions ['colcon_pkg']
[1.612s] Level 1:colcon.colcon_core.package_identification:_identify(src/trajectory_publisher) by extension 'colcon_pkg'
[1.612s] Level 1:colcon.colcon_core.package_identification:_identify(src/trajectory_publisher) by extensions ['colcon_meta']
[1.612s] Level 1:colcon.colcon_core.package_identification:_identify(src/trajectory_publisher) by extension 'colcon_meta'
[1.613s] Level 1:colcon.colcon_core.package_identification:_identify(src/trajectory_publisher) by extensions ['ros']
[1.613s] Level 1:colcon.colcon_core.package_identification:_identify(src/trajectory_publisher) by extension 'ros'
[1.614s] DEBUG:colcon.colcon_core.package_identification:Package 'src/trajectory_publisher' with type 'ros.ament_python' and name 'trajectory_publisher'
[1.614s] Level 1:colcon.colcon_core.package_identification:_identify(src/uros) by extensions ['ignore', 'ignore_ament_install']
[1.615s] Level 1:colcon.colcon_core.package_identification:_identify(src/uros) by extension 'ignore'
[1.615s] Level 1:colcon.colcon_core.package_identification:_identify(src/uros) by extension 'ignore_ament_install'
[1.615s] Level 1:colcon.colcon_core.package_identification:_identify(src/uros) by extensions ['colcon_pkg']
[1.616s] Level 1:colcon.colcon_core.package_identification:_identify(src/uros) by extension 'colcon_pkg'
[1.616s] Level 1:colcon.colcon_core.package_identification:_identify(src/uros) by extensions ['colcon_meta']
[1.616s] Level 1:colcon.colcon_core.package_identification:_identify(src/uros) by extension 'colcon_meta'
[1.616s] Level 1:colcon.colcon_core.package_identification:_identify(src/uros) by extensions ['ros']
[1.616s] Level 1:colcon.colcon_core.package_identification:_identify(src/uros) by extension 'ros'
[1.616s] Level 1:colcon.colcon_core.package_identification:_identify(src/uros) by extensions ['cmake', 'python']
[1.617s] Level 1:colcon.colcon_core.package_identification:_identify(src/uros) by extension 'cmake'
[1.617s] Level 1:colcon.colcon_core.package_identification:_identify(src/uros) by extension 'python'
[1.617s] Level 1:colcon.colcon_core.package_identification:_identify(src/uros) by extensions ['python_setup_py']
[1.617s] Level 1:colcon.colcon_core.package_identification:_identify(src/uros) by extension 'python_setup_py'
[1.617s] Level 1:colcon.colcon_core.package_identification:_identify(src/uros/micro-ROS-Agent) by extensions ['ignore', 'ignore_ament_install']
[1.618s] Level 1:colcon.colcon_core.package_identification:_identify(src/uros/micro-ROS-Agent) by extension 'ignore'
[1.618s] Level 1:colcon.colcon_core.package_identification:_identify(src/uros/micro-ROS-Agent) by extension 'ignore_ament_install'
[1.618s] Level 1:colcon.colcon_core.package_identification:_identify(src/uros/micro-ROS-Agent) by extensions ['colcon_pkg']
[1.618s] Level 1:colcon.colcon_core.package_identification:_identify(src/uros/micro-ROS-Agent) by extension 'colcon_pkg'
[1.618s] Level 1:colcon.colcon_core.package_identification:_identify(src/uros/micro-ROS-Agent) by extensions ['colcon_meta']
[1.618s] Level 1:colcon.colcon_core.package_identification:_identify(src/uros/micro-ROS-Agent) by extension 'colcon_meta'
[1.619s] Level 1:colcon.colcon_core.package_identification:_identify(src/uros/micro-ROS-Agent) by extensions ['ros']
[1.619s] Level 1:colcon.colcon_core.package_identification:_identify(src/uros/micro-ROS-Agent) by extension 'ros'
[1.619s] Level 1:colcon.colcon_core.package_identification:_identify(src/uros/micro-ROS-Agent) by extensions ['cmake', 'python']
[1.619s] Level 1:colcon.colcon_core.package_identification:_identify(src/uros/micro-ROS-Agent) by extension 'cmake'
[1.619s] Level 1:colcon.colcon_core.package_identification:_identify(src/uros/micro-ROS-Agent) by extension 'python'
[1.619s] Level 1:colcon.colcon_core.package_identification:_identify(src/uros/micro-ROS-Agent) by extensions ['python_setup_py']
[1.620s] Level 1:colcon.colcon_core.package_identification:_identify(src/uros/micro-ROS-Agent) by extension 'python_setup_py'
[1.620s] Level 1:colcon.colcon_core.package_identification:_identify(src/uros/micro-ROS-Agent/micro_ros_agent) by extensions ['ignore', 'ignore_ament_install']
[1.620s] Level 1:colcon.colcon_core.package_identification:_identify(src/uros/micro-ROS-Agent/micro_ros_agent) by extension 'ignore'
[1.620s] Level 1:colcon.colcon_core.package_identification:_identify(src/uros/micro-ROS-Agent/micro_ros_agent) by extension 'ignore_ament_install'
[1.621s] Level 1:colcon.colcon_core.package_identification:_identify(src/uros/micro-ROS-Agent/micro_ros_agent) by extensions ['colcon_pkg']
[1.621s] Level 1:colcon.colcon_core.package_identification:_identify(src/uros/micro-ROS-Agent/micro_ros_agent) by extension 'colcon_pkg'
[1.621s] Level 1:colcon.colcon_core.package_identification:_identify(src/uros/micro-ROS-Agent/micro_ros_agent) by extensions ['colcon_meta']
[1.621s] Level 1:colcon.colcon_core.package_identification:_identify(src/uros/micro-ROS-Agent/micro_ros_agent) by extension 'colcon_meta'
[1.621s] Level 1:colcon.colcon_core.package_identification:_identify(src/uros/micro-ROS-Agent/micro_ros_agent) by extensions ['ros']
[1.621s] Level 1:colcon.colcon_core.package_identification:_identify(src/uros/micro-ROS-Agent/micro_ros_agent) by extension 'ros'
[1.623s] DEBUG:colcon.colcon_core.package_identification:Package 'src/uros/micro-ROS-Agent/micro_ros_agent' with type 'ros.ament_cmake' and name 'micro_ros_agent'
[1.624s] Level 1:colcon.colcon_core.package_identification:_identify(src/uros/micro-ROS-Agent/snap) by extensions ['ignore', 'ignore_ament_install']
[1.624s] Level 1:colcon.colcon_core.package_identification:_identify(src/uros/micro-ROS-Agent/snap) by extension 'ignore'
[1.624s] Level 1:colcon.colcon_core.package_identification:_identify(src/uros/micro-ROS-Agent/snap) by extension 'ignore_ament_install'
[1.624s] Level 1:colcon.colcon_core.package_identification:_identify(src/uros/micro-ROS-Agent/snap) by extensions ['colcon_pkg']
[1.625s] Level 1:colcon.colcon_core.package_identification:_identify(src/uros/micro-ROS-Agent/snap) by extension 'colcon_pkg'
[1.625s] Level 1:colcon.colcon_core.package_identification:_identify(src/uros/micro-ROS-Agent/snap) by extensions ['colcon_meta']
[1.625s] Level 1:colcon.colcon_core.package_identification:_identify(src/uros/micro-ROS-Agent/snap) by extension 'colcon_meta'
[1.625s] Level 1:colcon.colcon_core.package_identification:_identify(src/uros/micro-ROS-Agent/snap) by extensions ['ros']
[1.626s] Level 1:colcon.colcon_core.package_identification:_identify(src/uros/micro-ROS-Agent/snap) by extension 'ros'
[1.626s] Level 1:colcon.colcon_core.package_identification:_identify(src/uros/micro-ROS-Agent/snap) by extensions ['cmake', 'python']
[1.626s] Level 1:colcon.colcon_core.package_identification:_identify(src/uros/micro-ROS-Agent/snap) by extension 'cmake'
[1.626s] Level 1:colcon.colcon_core.package_identification:_identify(src/uros/micro-ROS-Agent/snap) by extension 'python'
[1.626s] Level 1:colcon.colcon_core.package_identification:_identify(src/uros/micro-ROS-Agent/snap) by extensions ['python_setup_py']
[1.626s] Level 1:colcon.colcon_core.package_identification:_identify(src/uros/micro-ROS-Agent/snap) by extension 'python_setup_py'
[1.627s] Level 1:colcon.colcon_core.package_identification:_identify(src/uros/micro-ROS-Agent/snap/hooks) by extensions ['ignore', 'ignore_ament_install']
[1.627s] Level 1:colcon.colcon_core.package_identification:_identify(src/uros/micro-ROS-Agent/snap/hooks) by extension 'ignore'
[1.627s] Level 1:colcon.colcon_core.package_identification:_identify(src/uros/micro-ROS-Agent/snap/hooks) by extension 'ignore_ament_install'
[1.627s] Level 1:colcon.colcon_core.package_identification:_identify(src/uros/micro-ROS-Agent/snap/hooks) by extensions ['colcon_pkg']
[1.628s] Level 1:colcon.colcon_core.package_identification:_identify(src/uros/micro-ROS-Agent/snap/hooks) by extension 'colcon_pkg'
[1.628s] Level 1:colcon.colcon_core.package_identification:_identify(src/uros/micro-ROS-Agent/snap/hooks) by extensions ['colcon_meta']
[1.628s] Level 1:colcon.colcon_core.package_identification:_identify(src/uros/micro-ROS-Agent/snap/hooks) by extension 'colcon_meta'
[1.628s] Level 1:colcon.colcon_core.package_identification:_identify(src/uros/micro-ROS-Agent/snap/hooks) by extensions ['ros']
[1.628s] Level 1:colcon.colcon_core.package_identification:_identify(src/uros/micro-ROS-Agent/snap/hooks) by extension 'ros'
[1.629s] Level 1:colcon.colcon_core.package_identification:_identify(src/uros/micro-ROS-Agent/snap/hooks) by extensions ['cmake', 'python']
[1.629s] Level 1:colcon.colcon_core.package_identification:_identify(src/uros/micro-ROS-Agent/snap/hooks) by extension 'cmake'
[1.629s] Level 1:colcon.colcon_core.package_identification:_identify(src/uros/micro-ROS-Agent/snap/hooks) by extension 'python'
[1.629s] Level 1:colcon.colcon_core.package_identification:_identify(src/uros/micro-ROS-Agent/snap/hooks) by extensions ['python_setup_py']
[1.629s] Level 1:colcon.colcon_core.package_identification:_identify(src/uros/micro-ROS-Agent/snap/hooks) by extension 'python_setup_py'
[1.630s] Level 1:colcon.colcon_core.package_identification:_identify(src/uros/micro-ROS-Agent/snap/local) by extensions ['ignore', 'ignore_ament_install']
[1.630s] Level 1:colcon.colcon_core.package_identification:_identify(src/uros/micro-ROS-Agent/snap/local) by extension 'ignore'
[1.630s] Level 1:colcon.colcon_core.package_identification:_identify(src/uros/micro-ROS-Agent/snap/local) by extension 'ignore_ament_install'
[1.630s] Level 1:colcon.colcon_core.package_identification:_identify(src/uros/micro-ROS-Agent/snap/local) by extensions ['colcon_pkg']
[1.631s] Level 1:colcon.colcon_core.package_identification:_identify(src/uros/micro-ROS-Agent/snap/local) by extension 'colcon_pkg'
[1.631s] Level 1:colcon.colcon_core.package_identification:_identify(src/uros/micro-ROS-Agent/snap/local) by extensions ['colcon_meta']
[1.631s] Level 1:colcon.colcon_core.package_identification:_identify(src/uros/micro-ROS-Agent/snap/local) by extension 'colcon_meta'
[1.631s] Level 1:colcon.colcon_core.package_identification:_identify(src/uros/micro-ROS-Agent/snap/local) by extensions ['ros']
[1.631s] Level 1:colcon.colcon_core.package_identification:_identify(src/uros/micro-ROS-Agent/snap/local) by extension 'ros'
[1.632s] Level 1:colcon.colcon_core.package_identification:_identify(src/uros/micro-ROS-Agent/snap/local) by extensions ['cmake', 'python']
[1.632s] Level 1:colcon.colcon_core.package_identification:_identify(src/uros/micro-ROS-Agent/snap/local) by extension 'cmake'
[1.632s] Level 1:colcon.colcon_core.package_identification:_identify(src/uros/micro-ROS-Agent/snap/local) by extension 'python'
[1.632s] Level 1:colcon.colcon_core.package_identification:_identify(src/uros/micro-ROS-Agent/snap/local) by extensions ['python_setup_py']
[1.633s] Level 1:colcon.colcon_core.package_identification:_identify(src/uros/micro-ROS-Agent/snap/local) by extension 'python_setup_py'
[1.633s] Level 1:colcon.colcon_core.package_identification:_identify(src/uros/micro_ros_msgs) by extensions ['ignore', 'ignore_ament_install']
[1.633s] Level 1:colcon.colcon_core.package_identification:_identify(src/uros/micro_ros_msgs) by extension 'ignore'
[1.633s] Level 1:colcon.colcon_core.package_identification:_identify(src/uros/micro_ros_msgs) by extension 'ignore_ament_install'
[1.634s] Level 1:colcon.colcon_core.package_identification:_identify(src/uros/micro_ros_msgs) by extensions ['colcon_pkg']
[1.634s] Level 1:colcon.colcon_core.package_identification:_identify(src/uros/micro_ros_msgs) by extension 'colcon_pkg'
[1.634s] Level 1:colcon.colcon_core.package_identification:_identify(src/uros/micro_ros_msgs) by extensions ['colcon_meta']
[1.634s] Level 1:colcon.colcon_core.package_identification:_identify(src/uros/micro_ros_msgs) by extension 'colcon_meta'
[1.634s] Level 1:colcon.colcon_core.package_identification:_identify(src/uros/micro_ros_msgs) by extensions ['ros']
[1.634s] Level 1:colcon.colcon_core.package_identification:_identify(src/uros/micro_ros_msgs) by extension 'ros'
[1.636s] DEBUG:colcon.colcon_core.package_identification:Package 'src/uros/micro_ros_msgs' with type 'ros.ament_cmake' and name 'micro_ros_msgs'
[1.636s] Level 1:colcon.colcon_core.package_discovery:discover_packages(recursive) using defaults
[1.636s] Level 1:colcon.colcon_core.package_discovery:discover_packages(ignore) discover
[1.636s] Level 1:colcon.colcon_core.package_discovery:discover_packages(ignore) using defaults
[1.636s] Level 1:colcon.colcon_core.package_discovery:discover_packages(path) discover
[1.636s] Level 1:colcon.colcon_core.package_discovery:discover_packages(path) using defaults
[1.687s] Level 1:colcon.colcon_core.package_discovery:discover_packages(prefix_path) check parameters
[1.687s] Level 1:colcon.colcon_core.package_discovery:discover_packages(prefix_path) discover
[1.693s] DEBUG:colcon.colcon_installed_package_information.package_discovery:Found 6 installed packages in /home/chino/brazo_ws/install
[1.699s] DEBUG:colcon.colcon_installed_package_information.package_discovery:Found 506 installed packages in /opt/ros/humble
[1.706s] Level 1:colcon.colcon_core.package_discovery:discover_packages(prefix_path) using defaults
[1.864s] Level 5:colcon.colcon_core.verb:set package 'BRAZOROBOTICO_description' build argument 'cmake_args' from command line to 'None'
[1.864s] Level 5:colcon.colcon_core.verb:set package 'BRAZOROBOTICO_description' build argument 'cmake_target' from command line to 'None'
[1.864s] Level 5:colcon.colcon_core.verb:set package 'BRAZOROBOTICO_description' build argument 'cmake_target_skip_unavailable' from command line to 'False'
[1.865s] Level 5:colcon.colcon_core.verb:set package 'BRAZOROBOTICO_description' build argument 'cmake_clean_cache' from command line to 'False'
[1.865s] Level 5:colcon.colcon_core.verb:set package 'BRAZOROBOTICO_description' build argument 'cmake_clean_first' from command line to 'False'
[1.865s] Level 5:colcon.colcon_core.verb:set package 'BRAZOROBOTICO_description' build argument 'cmake_force_configure' from command line to 'False'
[1.865s] Level 5:colcon.colcon_core.verb:set package 'BRAZOROBOTICO_description' build argument 'ament_cmake_args' from command line to 'None'
[1.865s] Level 5:colcon.colcon_core.verb:set package 'BRAZOROBOTICO_description' build argument 'catkin_cmake_args' from command line to 'None'
[1.866s] Level 5:colcon.colcon_core.verb:set package 'BRAZOROBOTICO_description' build argument 'catkin_skip_building_tests' from command line to 'False'
[1.866s] DEBUG:colcon.colcon_core.verb:Building package 'BRAZOROBOTICO_description' with the following arguments: {'ament_cmake_args': None, 'build_base': '/home/chino/brazo_ws/build/BRAZOROBOTICO_description', 'catkin_cmake_args': None, 'catkin_skip_building_tests': False, 'cmake_args': None, 'cmake_clean_cache': False, 'cmake_clean_first': False, 'cmake_force_configure': False, 'cmake_target': None, 'cmake_target_skip_unavailable': False, 'install_base': '/home/chino/brazo_ws/install/BRAZOROBOTICO_description', 'merge_install': False, 'path': '/home/chino/brazo_ws/src/BRAZOROBOTICO_description', 'symlink_install': False, 'test_result_base': None}
[1.867s] Level 5:colcon.colcon_core.verb:set package 'Trayectorias' build argument 'cmake_args' from command line to 'None'
[1.867s] Level 5:colcon.colcon_core.verb:set package 'Trayectorias' build argument 'cmake_target' from command line to 'None'
[1.867s] Level 5:colcon.colcon_core.verb:set package 'Trayectorias' build argument 'cmake_target_skip_unavailable' from command line to 'False'
[1.867s] Level 5:colcon.colcon_core.verb:set package 'Trayectorias' build argument 'cmake_clean_cache' from command line to 'False'
[1.867s] Level 5:colcon.colcon_core.verb:set package 'Trayectorias' build argument 'cmake_clean_first' from command line to 'False'
[1.867s] Level 5:colcon.colcon_core.verb:set package 'Trayectorias' build argument 'cmake_force_configure' from command line to 'False'
[1.867s] Level 5:colcon.colcon_core.verb:set package 'Trayectorias' build argument 'ament_cmake_args' from command line to 'None'
[1.867s] Level 5:colcon.colcon_core.verb:set package 'Trayectorias' build argument 'catkin_cmake_args' from command line to 'None'
[1.867s] Level 5:colcon.colcon_core.verb:set package 'Trayectorias' build argument 'catkin_skip_building_tests' from command line to 'False'
[1.867s] DEBUG:colcon.colcon_core.verb:Building package 'Trayectorias' with the following arguments: {'ament_cmake_args': None, 'build_base': '/home/chino/brazo_ws/build/Trayectorias', 'catkin_cmake_args': None, 'catkin_skip_building_tests': False, 'cmake_args': None, 'cmake_clean_cache': False, 'cmake_clean_first': False, 'cmake_force_configure': False, 'cmake_target': None, 'cmake_target_skip_unavailable': False, 'install_base': '/home/chino/brazo_ws/install/Trayectorias', 'merge_install': False, 'path': '/home/chino/brazo_ws/src/Trayectorias', 'symlink_install': False, 'test_result_base': None}
[1.868s] Level 5:colcon.colcon_core.verb:set package 'micro_ros_msgs' build argument 'cmake_args' from command line to 'None'
[1.868s] Level 5:colcon.colcon_core.verb:set package 'micro_ros_msgs' build argument 'cmake_target' from command line to 'None'
[1.868s] Level 5:colcon.colcon_core.verb:set package 'micro_ros_msgs' build argument 'cmake_target_skip_unavailable' from command line to 'False'
[1.868s] Level 5:colcon.colcon_core.verb:set package 'micro_ros_msgs' build argument 'cmake_clean_cache' from command line to 'False'
[1.868s] Level 5:colcon.colcon_core.verb:set package 'micro_ros_msgs' build argument 'cmake_clean_first' from command line to 'False'
[1.869s] Level 5:colcon.colcon_core.verb:set package 'micro_ros_msgs' build argument 'cmake_force_configure' from command line to 'False'
[1.869s] Level 5:colcon.colcon_core.verb:set package 'micro_ros_msgs' build argument 'ament_cmake_args' from command line to 'None'
[1.869s] Level 5:colcon.colcon_core.verb:set package 'micro_ros_msgs' build argument 'catkin_cmake_args' from command line to 'None'
[1.869s] Level 5:colcon.colcon_core.verb:set package 'micro_ros_msgs' build argument 'catkin_skip_building_tests' from command line to 'False'
[1.869s] DEBUG:colcon.colcon_core.verb:Building package 'micro_ros_msgs' with the following arguments: {'ament_cmake_args': None, 'build_base': '/home/chino/brazo_ws/build/micro_ros_msgs', 'catkin_cmake_args': None, 'catkin_skip_building_tests': False, 'cmake_args': None, 'cmake_clean_cache': False, 'cmake_clean_first': False, 'cmake_force_configure': False, 'cmake_target': None, 'cmake_target_skip_unavailable': False, 'install_base': '/home/chino/brazo_ws/install/micro_ros_msgs', 'merge_install': False, 'path': '/home/chino/brazo_ws/src/uros/micro_ros_msgs', 'symlink_install': False, 'test_result_base': None}
[1.870s] Level 5:colcon.colcon_core.verb:set package 'micro_ros_setup' build argument 'cmake_args' from command line to 'None'
[1.870s] Level 5:colcon.colcon_core.verb:set package 'micro_ros_setup' build argument 'cmake_target' from command line to 'None'
[1.870s] Level 5:colcon.colcon_core.verb:set package 'micro_ros_setup' build argument 'cmake_target_skip_unavailable' from command line to 'False'
[1.870s] Level 5:colcon.colcon_core.verb:set package 'micro_ros_setup' build argument 'cmake_clean_cache' from command line to 'False'
[1.870s] Level 5:colcon.colcon_core.verb:set package 'micro_ros_setup' build argument 'cmake_clean_first' from command line to 'False'
[1.870s] Level 5:colcon.colcon_core.verb:set package 'micro_ros_setup' build argument 'cmake_force_configure' from command line to 'False'
[1.870s] Level 5:colcon.colcon_core.verb:set package 'micro_ros_setup' build argument 'ament_cmake_args' from command line to 'None'
[1.871s] Level 5:colcon.colcon_core.verb:set package 'micro_ros_setup' build argument 'catkin_cmake_args' from command line to 'None'
[1.871s] Level 5:colcon.colcon_core.verb:set package 'micro_ros_setup' build argument 'catkin_skip_building_tests' from command line to 'False'
[1.871s] DEBUG:colcon.colcon_core.verb:Building package 'micro_ros_setup' with the following arguments: {'ament_cmake_args': None, 'build_base': '/home/chino/brazo_ws/build/micro_ros_setup', 'catkin_cmake_args': None, 'catkin_skip_building_tests': False, 'cmake_args': None, 'cmake_clean_cache': False, 'cmake_clean_first': False, 'cmake_force_configure': False, 'cmake_target': None, 'cmake_target_skip_unavailable': False, 'install_base': '/home/chino/brazo_ws/install/micro_ros_setup', 'merge_install': False, 'path': '/home/chino/brazo_ws/src/micro_ros_setup', 'symlink_install': False, 'test_result_base': None}
[1.872s] Level 5:colcon.colcon_core.verb:set package 'trajectory_publisher' build argument 'cmake_args' from command line to 'None'
[1.872s] Level 5:colcon.colcon_core.verb:set package 'trajectory_publisher' build argument 'cmake_target' from command line to 'None'
[1.872s] Level 5:colcon.colcon_core.verb:set package 'trajectory_publisher' build argument 'cmake_target_skip_unavailable' from command line to 'False'
[1.872s] Level 5:colcon.colcon_core.verb:set package 'trajectory_publisher' build argument 'cmake_clean_cache' from command line to 'False'
[1.872s] Level 5:colcon.colcon_core.verb:set package 'trajectory_publisher' build argument 'cmake_clean_first' from command line to 'False'
[1.872s] Level 5:colcon.colcon_core.verb:set package 'trajectory_publisher' build argument 'cmake_force_configure' from command line to 'False'
[1.872s] Level 5:colcon.colcon_core.verb:set package 'trajectory_publisher' build argument 'ament_cmake_args' from command line to 'None'
[1.872s] Level 5:colcon.colcon_core.verb:set package 'trajectory_publisher' build argument 'catkin_cmake_args' from command line to 'None'
[1.873s] Level 5:colcon.colcon_core.verb:set package 'trajectory_publisher' build argument 'catkin_skip_building_tests' from command line to 'False'
[1.873s] DEBUG:colcon.colcon_core.verb:Building package 'trajectory_publisher' with the following arguments: {'ament_cmake_args': None, 'build_base': '/home/chino/brazo_ws/build/trajectory_publisher', 'catkin_cmake_args': None, 'catkin_skip_building_tests': False, 'cmake_args': None, 'cmake_clean_cache': False, 'cmake_clean_first': False, 'cmake_force_configure': False, 'cmake_target': None, 'cmake_target_skip_unavailable': False, 'install_base': '/home/chino/brazo_ws/install/trajectory_publisher', 'merge_install': False, 'path': '/home/chino/brazo_ws/src/trajectory_publisher', 'symlink_install': False, 'test_result_base': None}
[1.874s] Level 5:colcon.colcon_core.verb:set package 'micro_ros_agent' build argument 'cmake_args' from command line to 'None'
[1.874s] Level 5:colcon.colcon_core.verb:set package 'micro_ros_agent' build argument 'cmake_target' from command line to 'None'
[1.874s] Level 5:colcon.colcon_core.verb:set package 'micro_ros_agent' build argument 'cmake_target_skip_unavailable' from command line to 'False'
[1.874s] Level 5:colcon.colcon_core.verb:set package 'micro_ros_agent' build argument 'cmake_clean_cache' from command line to 'False'
[1.874s] Level 5:colcon.colcon_core.verb:set package 'micro_ros_agent' build argument 'cmake_clean_first' from command line to 'False'
[1.874s] Level 5:colcon.colcon_core.verb:set package 'micro_ros_agent' build argument 'cmake_force_configure' from command line to 'False'
[1.874s] Level 5:colcon.colcon_core.verb:set package 'micro_ros_agent' build argument 'ament_cmake_args' from command line to 'None'
[1.874s] Level 5:colcon.colcon_core.verb:set package 'micro_ros_agent' build argument 'catkin_cmake_args' from command line to 'None'
[1.874s] Level 5:colcon.colcon_core.verb:set package 'micro_ros_agent' build argument 'catkin_skip_building_tests' from command line to 'False'
[1.875s] DEBUG:colcon.colcon_core.verb:Building package 'micro_ros_agent' with the following arguments: {'ament_cmake_args': None, 'build_base': '/home/chino/brazo_ws/build/micro_ros_agent', 'catkin_cmake_args': None, 'catkin_skip_building_tests': False, 'cmake_args': None, 'cmake_clean_cache': False, 'cmake_clean_first': False, 'cmake_force_configure': False, 'cmake_target': None, 'cmake_target_skip_unavailable': False, 'install_base': '/home/chino/brazo_ws/install/micro_ros_agent', 'merge_install': False, 'path': '/home/chino/brazo_ws/src/uros/micro-ROS-Agent/micro_ros_agent', 'symlink_install': False, 'test_result_base': None}
[1.875s] INFO:colcon.colcon_core.executor:Executing jobs using 'parallel' executor
[1.878s] DEBUG:colcon.colcon_parallel_executor.executor.parallel:run_until_complete
[1.880s] INFO:colcon.colcon_ros.task.ament_cmake.build:Building ROS package in '/home/chino/brazo_ws/src/uros/micro_ros_msgs' with build type 'ament_cmake'
[1.881s] INFO:colcon.colcon_cmake.task.cmake.build:Building CMake package in '/home/chino/brazo_ws/src/uros/micro_ros_msgs'
[1.889s] INFO:colcon.colcon_core.plugin_system:Skipping extension 'colcon_core.shell.bat': Not used on non-Windows systems
[1.890s] INFO:colcon.colcon_core.shell:Skip shell extension 'powershell' for command environment: Not usable outside of PowerShell
[1.890s] DEBUG:colcon.colcon_core.shell:Skip shell extension 'dsv' for command environment
[1.904s] INFO:colcon.colcon_ros.task.ament_python.build:Building ROS package in '/home/chino/brazo_ws/src/BRAZOROBOTICO_description' with build type 'ament_python'
[1.905s] Level 1:colcon.colcon_core.shell:create_environment_hook('BRAZOROBOTICO_description', 'ament_prefix_path')
[1.906s] INFO:colcon.colcon_core.shell:Creating environment hook '/home/chino/brazo_ws/install/BRAZOROBOTICO_description/share/BRAZOROBOTICO_description/hook/ament_prefix_path.ps1'
[1.909s] INFO:colcon.colcon_core.shell:Creating environment descriptor '/home/chino/brazo_ws/install/BRAZOROBOTICO_description/share/BRAZOROBOTICO_description/hook/ament_prefix_path.dsv'
[1.910s] INFO:colcon.colcon_core.shell:Creating environment hook '/home/chino/brazo_ws/install/BRAZOROBOTICO_description/share/BRAZOROBOTICO_description/hook/ament_prefix_path.sh'
[1.912s] INFO:colcon.colcon_core.shell:Skip shell extension 'powershell' for command environment: Not usable outside of PowerShell
[1.912s] DEBUG:colcon.colcon_core.shell:Skip shell extension 'dsv' for command environment
[1.925s] INFO:colcon.colcon_ros.task.ament_python.build:Building ROS package in '/home/chino/brazo_ws/src/Trayectorias' with build type 'ament_python'
[1.926s] Level 1:colcon.colcon_core.shell:create_environment_hook('Trayectorias', 'ament_prefix_path')
[1.927s] INFO:colcon.colcon_core.shell:Creating environment hook '/home/chino/brazo_ws/install/Trayectorias/share/Trayectorias/hook/ament_prefix_path.ps1'
[1.928s] INFO:colcon.colcon_core.shell:Creating environment descriptor '/home/chino/brazo_ws/install/Trayectorias/share/Trayectorias/hook/ament_prefix_path.dsv'
[1.929s] INFO:colcon.colcon_core.shell:Creating environment hook '/home/chino/brazo_ws/install/Trayectorias/share/Trayectorias/hook/ament_prefix_path.sh'
[1.931s] INFO:colcon.colcon_core.shell:Skip shell extension 'powershell' for command environment: Not usable outside of PowerShell
[1.931s] DEBUG:colcon.colcon_core.shell:Skip shell extension 'dsv' for command environment
[1.942s] INFO:colcon.colcon_ros.task.ament_cmake.build:Building ROS package in '/home/chino/brazo_ws/src/micro_ros_setup' with build type 'ament_cmake'
[1.942s] INFO:colcon.colcon_cmake.task.cmake.build:Building CMake package in '/home/chino/brazo_ws/src/micro_ros_setup'
[1.943s] INFO:colcon.colcon_core.shell:Skip shell extension 'powershell' for command environment: Not usable outside of PowerShell
[1.943s] DEBUG:colcon.colcon_core.shell:Skip shell extension 'dsv' for command environment
[1.955s] INFO:colcon.colcon_ros.task.ament_python.build:Building ROS package in '/home/chino/brazo_ws/src/trajectory_publisher' with build type 'ament_python'
[1.956s] Level 1:colcon.colcon_core.shell:create_environment_hook('trajectory_publisher', 'ament_prefix_path')
[1.957s] INFO:colcon.colcon_core.shell:Creating environment hook '/home/chino/brazo_ws/install/trajectory_publisher/share/trajectory_publisher/hook/ament_prefix_path.ps1'
[1.958s] INFO:colcon.colcon_core.shell:Creating environment descriptor '/home/chino/brazo_ws/install/trajectory_publisher/share/trajectory_publisher/hook/ament_prefix_path.dsv'
[1.959s] INFO:colcon.colcon_core.shell:Creating environment hook '/home/chino/brazo_ws/install/trajectory_publisher/share/trajectory_publisher/hook/ament_prefix_path.sh'
[1.962s] INFO:colcon.colcon_core.shell:Skip shell extension 'powershell' for command environment: Not usable outside of PowerShell
[1.962s] DEBUG:colcon.colcon_core.shell:Skip shell extension 'dsv' for command environment
[1.994s] DEBUG:colcon.colcon_core.event_handler.log_command:Invoking command in '/home/chino/brazo_ws/build/micro_ros_msgs': CMAKE_PREFIX_PATH=${CMAKE_PREFIX_PATH}:/home/chino/brazo_ws/install/BRAZOROBOTICO_description:/home/chino/brazo_ws/install/trajectory_publisher:/home/chino/brazo_ws/install/Trayectorias:/opt/ros/humble /usr/bin/cmake --build /home/chino/brazo_ws/build/micro_ros_msgs -- -j16 -l16
[2.868s] INFO:colcon.colcon_core.task.python.build:Building Python package in '/home/chino/brazo_ws/src/BRAZOROBOTICO_description'
[2.869s] INFO:colcon.colcon_core.shell:Skip shell extension 'powershell' for command environment: Not usable outside of PowerShell
[2.869s] DEBUG:colcon.colcon_core.shell:Skip shell extension 'dsv' for command environment
[3.635s] INFO:colcon.colcon_core.task.python.build:Building Python package in '/home/chino/brazo_ws/src/Trayectorias'
[3.636s] INFO:colcon.colcon_core.shell:Skip shell extension 'powershell' for command environment: Not usable outside of PowerShell
[3.636s] DEBUG:colcon.colcon_core.shell:Skip shell extension 'dsv' for command environment
[3.669s] DEBUG:colcon.colcon_core.event_handler.log_command:Invoking command in '/home/chino/brazo_ws/build/micro_ros_setup': CMAKE_PREFIX_PATH=${CMAKE_PREFIX_PATH}:/home/chino/brazo_ws/install/BRAZOROBOTICO_description:/home/chino/brazo_ws/install/trajectory_publisher:/home/chino/brazo_ws/install/Trayectorias:/opt/ros/humble /usr/bin/cmake --build /home/chino/brazo_ws/build/micro_ros_setup -- -j16 -l16
[4.397s] INFO:colcon.colcon_core.task.python.build:Building Python package in '/home/chino/brazo_ws/src/trajectory_publisher'
[4.398s] INFO:colcon.colcon_core.shell:Skip shell extension 'powershell' for command environment: Not usable outside of PowerShell
[4.399s] DEBUG:colcon.colcon_core.shell:Skip shell extension 'dsv' for command environment
[4.410s] DEBUG:colcon.colcon_core.event_handler.log_command:Invoked command in '/home/chino/brazo_ws/build/micro_ros_msgs' returned '0': CMAKE_PREFIX_PATH=${CMAKE_PREFIX_PATH}:/home/chino/brazo_ws/install/BRAZOROBOTICO_description:/home/chino/brazo_ws/install/trajectory_publisher:/home/chino/brazo_ws/install/Trayectorias:/opt/ros/humble /usr/bin/cmake --build /home/chino/brazo_ws/build/micro_ros_msgs -- -j16 -l16
[4.444s] DEBUG:colcon.colcon_core.event_handler.log_command:Invoking command in '/home/chino/brazo_ws/build/micro_ros_msgs': CMAKE_PREFIX_PATH=${CMAKE_PREFIX_PATH}:/home/chino/brazo_ws/install/BRAZOROBOTICO_description:/home/chino/brazo_ws/install/trajectory_publisher:/home/chino/brazo_ws/install/Trayectorias:/opt/ros/humble /usr/bin/cmake --install /home/chino/brazo_ws/build/micro_ros_msgs
[4.459s] DEBUG:colcon.colcon_core.event_handler.log_command:Invoked command in '/home/chino/brazo_ws/build/micro_ros_setup' returned '0': CMAKE_PREFIX_PATH=${CMAKE_PREFIX_PATH}:/home/chino/brazo_ws/install/BRAZOROBOTICO_description:/home/chino/brazo_ws/install/trajectory_publisher:/home/chino/brazo_ws/install/Trayectorias:/opt/ros/humble /usr/bin/cmake --build /home/chino/brazo_ws/build/micro_ros_setup -- -j16 -l16
[4.466s] DEBUG:colcon.colcon_core.event_handler.log_command:Invoking command in '/home/chino/brazo_ws/build/micro_ros_setup': CMAKE_PREFIX_PATH=${CMAKE_PREFIX_PATH}:/home/chino/brazo_ws/install/BRAZOROBOTICO_description:/home/chino/brazo_ws/install/trajectory_publisher:/home/chino/brazo_ws/install/Trayectorias:/opt/ros/humble /usr/bin/cmake --install /home/chino/brazo_ws/build/micro_ros_setup
[4.543s] Level 1:colcon.colcon_core.environment:create_environment_scripts_only(micro_ros_setup)
[4.564s] Level 1:colcon.colcon_core.environment:checking '/home/chino/brazo_ws/install/micro_ros_setup' for CMake module files
[4.571s] Level 1:colcon.colcon_core.environment:checking '/home/chino/brazo_ws/install/micro_ros_setup' for CMake config files
[4.577s] Level 1:colcon.colcon_core.shell:create_environment_hook('micro_ros_setup', 'cmake_prefix_path')
[4.578s] INFO:colcon.colcon_core.shell:Creating environment hook '/home/chino/brazo_ws/install/micro_ros_setup/share/micro_ros_setup/hook/cmake_prefix_path.ps1'
[4.581s] INFO:colcon.colcon_core.shell:Creating environment descriptor '/home/chino/brazo_ws/install/micro_ros_setup/share/micro_ros_setup/hook/cmake_prefix_path.dsv'
[4.583s] INFO:colcon.colcon_core.shell:Creating environment hook '/home/chino/brazo_ws/install/micro_ros_setup/share/micro_ros_setup/hook/cmake_prefix_path.sh'
[4.587s] Level 1:colcon.colcon_core.environment:checking '/home/chino/brazo_ws/install/micro_ros_setup/lib'
[4.588s] Level 1:colcon.colcon_core.environment:checking '/home/chino/brazo_ws/install/micro_ros_setup/bin'
[4.589s] Level 1:colcon.colcon_core.environment:checking '/home/chino/brazo_ws/install/micro_ros_setup/lib/pkgconfig/micro_ros_setup.pc'
[4.590s] Level 1:colcon.colcon_core.environment:checking '/home/chino/brazo_ws/install/micro_ros_setup/lib/python3.10/site-packages'
[4.591s] Level 1:colcon.colcon_core.environment:checking '/home/chino/brazo_ws/install/micro_ros_setup/bin'
[4.592s] INFO:colcon.colcon_core.shell:Creating package script '/home/chino/brazo_ws/install/micro_ros_setup/share/micro_ros_setup/package.ps1'
[4.595s] INFO:colcon.colcon_core.shell:Creating package descriptor '/home/chino/brazo_ws/install/micro_ros_setup/share/micro_ros_setup/package.dsv'
[4.598s] INFO:colcon.colcon_core.shell:Creating package script '/home/chino/brazo_ws/install/micro_ros_setup/share/micro_ros_setup/package.sh'
[4.602s] INFO:colcon.colcon_core.shell:Creating package script '/home/chino/brazo_ws/install/micro_ros_setup/share/micro_ros_setup/package.bash'
[4.607s] INFO:colcon.colcon_core.shell:Creating package script '/home/chino/brazo_ws/install/micro_ros_setup/share/micro_ros_setup/package.zsh'
[4.611s] Level 1:colcon.colcon_core.environment:create_file_with_runtime_dependencies(/home/chino/brazo_ws/install/micro_ros_setup/share/colcon-core/packages/micro_ros_setup)
[4.615s] Level 1:colcon.colcon_core.environment:create_environment_scripts_only(micro_ros_setup)
[4.616s] Level 1:colcon.colcon_core.environment:checking '/home/chino/brazo_ws/install/micro_ros_setup' for CMake module files
[4.625s] Level 1:colcon.colcon_core.environment:checking '/home/chino/brazo_ws/install/micro_ros_setup' for CMake config files
[4.637s] Level 1:colcon.colcon_core.shell:create_environment_hook('micro_ros_setup', 'cmake_prefix_path')
[4.638s] INFO:colcon.colcon_core.shell:Creating environment hook '/home/chino/brazo_ws/install/micro_ros_setup/share/micro_ros_setup/hook/cmake_prefix_path.ps1'
[4.644s] INFO:colcon.colcon_core.shell:Creating environment descriptor '/home/chino/brazo_ws/install/micro_ros_setup/share/micro_ros_setup/hook/cmake_prefix_path.dsv'
[4.647s] INFO:colcon.colcon_core.shell:Creating environment hook '/home/chino/brazo_ws/install/micro_ros_setup/share/micro_ros_setup/hook/cmake_prefix_path.sh'
[4.651s] Level 1:colcon.colcon_core.environment:checking '/home/chino/brazo_ws/install/micro_ros_setup/lib'
[4.652s] Level 1:colcon.colcon_core.environment:checking '/home/chino/brazo_ws/install/micro_ros_setup/bin'
[4.653s] Level 1:colcon.colcon_core.environment:checking '/home/chino/brazo_ws/install/micro_ros_setup/lib/pkgconfig/micro_ros_setup.pc'
[4.654s] Level 1:colcon.colcon_core.environment:checking '/home/chino/brazo_ws/install/micro_ros_setup/lib/python3.10/site-packages'
[4.655s] Level 1:colcon.colcon_core.environment:checking '/home/chino/brazo_ws/install/micro_ros_setup/bin'
[4.656s] INFO:colcon.colcon_core.shell:Creating package script '/home/chino/brazo_ws/install/micro_ros_setup/share/micro_ros_setup/package.ps1'
[4.660s] INFO:colcon.colcon_core.shell:Creating package descriptor '/home/chino/brazo_ws/install/micro_ros_setup/share/micro_ros_setup/package.dsv'
[4.663s] INFO:colcon.colcon_core.shell:Creating package script '/home/chino/brazo_ws/install/micro_ros_setup/share/micro_ros_setup/package.sh'
[4.666s] INFO:colcon.colcon_core.shell:Creating package script '/home/chino/brazo_ws/install/micro_ros_setup/share/micro_ros_setup/package.bash'
[4.668s] INFO:colcon.colcon_core.shell:Creating package script '/home/chino/brazo_ws/install/micro_ros_setup/share/micro_ros_setup/package.zsh'
[4.672s] Level 1:colcon.colcon_core.environment:create_file_with_runtime_dependencies(/home/chino/brazo_ws/install/micro_ros_setup/share/colcon-core/packages/micro_ros_setup)
[4.677s] Level 1:colcon.colcon_core.environment:create_environment_scripts_only(micro_ros_msgs)
[4.678s] Level 1:colcon.colcon_core.environment:checking '/home/chino/brazo_ws/install/micro_ros_msgs' for CMake module files
[4.686s] Level 1:colcon.colcon_core.environment:checking '/home/chino/brazo_ws/install/micro_ros_msgs' for CMake config files
[4.696s] Level 1:colcon.colcon_core.shell:create_environment_hook('micro_ros_msgs', 'cmake_prefix_path')
[4.698s] INFO:colcon.colcon_core.shell:Creating environment hook '/home/chino/brazo_ws/install/micro_ros_msgs/share/micro_ros_msgs/hook/cmake_prefix_path.ps1'
[4.700s] INFO:colcon.colcon_core.shell:Creating environment descriptor '/home/chino/brazo_ws/install/micro_ros_msgs/share/micro_ros_msgs/hook/cmake_prefix_path.dsv'
[4.703s] INFO:colcon.colcon_core.shell:Creating environment hook '/home/chino/brazo_ws/install/micro_ros_msgs/share/micro_ros_msgs/hook/cmake_prefix_path.sh'
[4.706s] Level 1:colcon.colcon_core.environment:checking '/home/chino/brazo_ws/install/micro_ros_msgs/lib'
[4.707s] Level 1:colcon.colcon_core.shell:create_environment_hook('micro_ros_msgs', 'ld_library_path_lib')
[4.708s] INFO:colcon.colcon_core.shell:Creating environment hook '/home/chino/brazo_ws/install/micro_ros_msgs/share/micro_ros_msgs/hook/ld_library_path_lib.ps1'
[4.711s] INFO:colcon.colcon_core.shell:Creating environment descriptor '/home/chino/brazo_ws/install/micro_ros_msgs/share/micro_ros_msgs/hook/ld_library_path_lib.dsv'
[4.714s] INFO:colcon.colcon_core.shell:Creating environment hook '/home/chino/brazo_ws/install/micro_ros_msgs/share/micro_ros_msgs/hook/ld_library_path_lib.sh'
[4.717s] Level 1:colcon.colcon_core.environment:checking '/home/chino/brazo_ws/install/micro_ros_msgs/bin'
[4.718s] Level 1:colcon.colcon_core.environment:checking '/home/chino/brazo_ws/install/micro_ros_msgs/lib/pkgconfig/micro_ros_msgs.pc'
[4.719s] Level 1:colcon.colcon_core.environment:checking '/home/chino/brazo_ws/install/micro_ros_msgs/lib/python3.10/site-packages'
[4.720s] Level 1:colcon.colcon_core.environment:checking '/home/chino/brazo_ws/install/micro_ros_msgs/bin'
[4.721s] INFO:colcon.colcon_core.shell:Creating package script '/home/chino/brazo_ws/install/micro_ros_msgs/share/micro_ros_msgs/package.ps1'
[4.724s] INFO:colcon.colcon_core.shell:Creating package descriptor '/home/chino/brazo_ws/install/micro_ros_msgs/share/micro_ros_msgs/package.dsv'
[4.727s] INFO:colcon.colcon_core.shell:Creating package script '/home/chino/brazo_ws/install/micro_ros_msgs/share/micro_ros_msgs/package.sh'
[4.731s] INFO:colcon.colcon_core.shell:Creating package script '/home/chino/brazo_ws/install/micro_ros_msgs/share/micro_ros_msgs/package.bash'
[4.734s] INFO:colcon.colcon_core.shell:Creating package script '/home/chino/brazo_ws/install/micro_ros_msgs/share/micro_ros_msgs/package.zsh'
[4.737s] Level 1:colcon.colcon_core.environment:create_file_with_runtime_dependencies(/home/chino/brazo_ws/install/micro_ros_msgs/share/colcon-core/packages/micro_ros_msgs)
[4.741s] Level 1:colcon.colcon_core.environment:create_environment_scripts_only(micro_ros_msgs)
[4.742s] Level 1:colcon.colcon_core.environment:checking '/home/chino/brazo_ws/install/micro_ros_msgs' for CMake module files
[4.751s] Level 1:colcon.colcon_core.environment:checking '/home/chino/brazo_ws/install/micro_ros_msgs' for CMake config files
[4.762s] Level 1:colcon.colcon_core.shell:create_environment_hook('micro_ros_msgs', 'cmake_prefix_path')
[4.763s] INFO:colcon.colcon_core.shell:Creating environment hook '/home/chino/brazo_ws/install/micro_ros_msgs/share/micro_ros_msgs/hook/cmake_prefix_path.ps1'
[4.766s] INFO:colcon.colcon_core.shell:Creating environment descriptor '/home/chino/brazo_ws/install/micro_ros_msgs/share/micro_ros_msgs/hook/cmake_prefix_path.dsv'
[4.769s] INFO:colcon.colcon_core.shell:Creating environment hook '/home/chino/brazo_ws/install/micro_ros_msgs/share/micro_ros_msgs/hook/cmake_prefix_path.sh'
[4.772s] Level 1:colcon.colcon_core.environment:checking '/home/chino/brazo_ws/install/micro_ros_msgs/lib'
[4.773s] Level 1:colcon.colcon_core.shell:create_environment_hook('micro_ros_msgs', 'ld_library_path_lib')
[4.774s] INFO:colcon.colcon_core.shell:Creating environment hook '/home/chino/brazo_ws/install/micro_ros_msgs/share/micro_ros_msgs/hook/ld_library_path_lib.ps1'
[4.777s] INFO:colcon.colcon_core.shell:Creating environment descriptor '/home/chino/brazo_ws/install/micro_ros_msgs/share/micro_ros_msgs/hook/ld_library_path_lib.dsv'
[4.780s] INFO:colcon.colcon_core.shell:Creating environment hook '/home/chino/brazo_ws/install/micro_ros_msgs/share/micro_ros_msgs/hook/ld_library_path_lib.sh'
[4.784s] Level 1:colcon.colcon_core.environment:checking '/home/chino/brazo_ws/install/micro_ros_msgs/bin'
[4.784s] Level 1:colcon.colcon_core.environment:checking '/home/chino/brazo_ws/install/micro_ros_msgs/lib/pkgconfig/micro_ros_msgs.pc'
[4.786s] Level 1:colcon.colcon_core.environment:checking '/home/chino/brazo_ws/install/micro_ros_msgs/lib/python3.10/site-packages'
[4.787s] Level 1:colcon.colcon_core.environment:checking '/home/chino/brazo_ws/install/micro_ros_msgs/bin'
[4.788s] INFO:colcon.colcon_core.shell:Creating package script '/home/chino/brazo_ws/install/micro_ros_msgs/share/micro_ros_msgs/package.ps1'
[4.791s] INFO:colcon.colcon_core.shell:Creating package descriptor '/home/chino/brazo_ws/install/micro_ros_msgs/share/micro_ros_msgs/package.dsv'
[4.794s] INFO:colcon.colcon_core.shell:Creating package script '/home/chino/brazo_ws/install/micro_ros_msgs/share/micro_ros_msgs/package.sh'
[4.796s] INFO:colcon.colcon_core.shell:Creating package script '/home/chino/brazo_ws/install/micro_ros_msgs/share/micro_ros_msgs/package.bash'
[4.800s] INFO:colcon.colcon_core.shell:Creating package script '/home/chino/brazo_ws/install/micro_ros_msgs/share/micro_ros_msgs/package.zsh'
[4.802s] Level 1:colcon.colcon_core.environment:create_file_with_runtime_dependencies(/home/chino/brazo_ws/install/micro_ros_msgs/share/colcon-core/packages/micro_ros_msgs)
[4.805s] INFO:colcon.colcon_ros.task.ament_cmake.build:Building ROS package in '/home/chino/brazo_ws/src/uros/micro-ROS-Agent/micro_ros_agent' with build type 'ament_cmake'
[4.805s] INFO:colcon.colcon_cmake.task.cmake.build:Building CMake package in '/home/chino/brazo_ws/src/uros/micro-ROS-Agent/micro_ros_agent'
[4.806s] INFO:colcon.colcon_core.shell:Skip shell extension 'powershell' for command environment: Not usable outside of PowerShell
[4.806s] DEBUG:colcon.colcon_core.shell:Skip shell extension 'dsv' for command environment
[4.823s] DEBUG:colcon.colcon_core.event_handler.log_command:Invoked command in '/home/chino/brazo_ws/build/micro_ros_setup' returned '0': CMAKE_PREFIX_PATH=${CMAKE_PREFIX_PATH}:/home/chino/brazo_ws/install/BRAZOROBOTICO_description:/home/chino/brazo_ws/install/trajectory_publisher:/home/chino/brazo_ws/install/Trayectorias:/opt/ros/humble /usr/bin/cmake --install /home/chino/brazo_ws/build/micro_ros_setup
[4.872s] DEBUG:colcon.colcon_core.event_handler.log_command:Invoked command in '/home/chino/brazo_ws/build/micro_ros_msgs' returned '0': CMAKE_PREFIX_PATH=${CMAKE_PREFIX_PATH}:/home/chino/brazo_ws/install/BRAZOROBOTICO_description:/home/chino/brazo_ws/install/trajectory_publisher:/home/chino/brazo_ws/install/Trayectorias:/opt/ros/humble /usr/bin/cmake --install /home/chino/brazo_ws/build/micro_ros_msgs
[5.592s] DEBUG:colcon.colcon_core.event_handler.log_command:Invoking command in '/home/chino/brazo_ws/src/trajectory_publisher': PYTHONPATH=/home/chino/brazo_ws/build/trajectory_publisher/prefix_override:/usr/lib/python3/dist-packages/colcon_core/task/python/colcon_distutils_commands:/home/chino/brazo_ws/install/trajectory_publisher/lib/python3.10/site-packages:${PYTHONPATH} /usr/bin/python3 -W ignore:setup.py install is deprecated -W ignore:easy_install command is deprecated setup.py egg_info --egg-base ../../build/trajectory_publisher build --build-base /home/chino/brazo_ws/build/trajectory_publisher/build install --record /home/chino/brazo_ws/build/trajectory_publisher/install.log --single-version-externally-managed install_data
[5.608s] DEBUG:colcon.colcon_core.event_handler.log_command:Invoking command in '/home/chino/brazo_ws/build/micro_ros_agent': CMAKE_PREFIX_PATH=/home/chino/brazo_ws/install/micro_ros_msgs:/home/chino/brazo_ws/install/micro_ros_setup:/home/chino/brazo_ws/install/micro_ros_agent:/home/chino/brazo_ws/install/BRAZOROBOTICO_description:/home/chino/brazo_ws/install/trajectory_publisher:/home/chino/brazo_ws/install/Trayectorias:/opt/ros/humble LD_LIBRARY_PATH=/home/chino/brazo_ws/install/micro_ros_msgs/lib:/home/chino/brazo_ws/install/micro_ros_agent/lib:/usr/lib/x86_64-linux-gnu/gazebo-11/plugins:/opt/ros/humble/opt/rviz_ogre_vendor/lib:/opt/ros/humble/lib/x86_64-linux-gnu:/opt/ros/humble/lib:/usr/share/gazebo/../../lib/x86_64-linux-gnu/gazebo-11/plugins /usr/bin/cmake --build /home/chino/brazo_ws/build/micro_ros_agent -- -j16 -l16
[5.631s] DEBUG:colcon.colcon_core.event_handler.log_command:Invoking command in '/home/chino/brazo_ws/src/BRAZOROBOTICO_description': PYTHONPATH=/home/chino/brazo_ws/build/BRAZOROBOTICO_description/prefix_override:/usr/lib/python3/dist-packages/colcon_core/task/python/colcon_distutils_commands:/home/chino/brazo_ws/install/BRAZOROBOTICO_description/lib/python3.10/site-packages:${PYTHONPATH} /usr/bin/python3 -W ignore:setup.py install is deprecated -W ignore:easy_install command is deprecated setup.py egg_info --egg-base ../../build/BRAZOROBOTICO_description build --build-base /home/chino/brazo_ws/build/BRAZOROBOTICO_description/build install --record /home/chino/brazo_ws/build/BRAZOROBOTICO_description/install.log --single-version-externally-managed install_data
[5.649s] DEBUG:colcon.colcon_core.event_handler.log_command:Invoking command in '/home/chino/brazo_ws/src/Trayectorias': PYTHONPATH=/home/chino/brazo_ws/build/Trayectorias/prefix_override:/usr/lib/python3/dist-packages/colcon_core/task/python/colcon_distutils_commands:/home/chino/brazo_ws/install/Trayectorias/lib/python3.10/site-packages:${PYTHONPATH} /usr/bin/python3 -W ignore:setup.py install is deprecated -W ignore:easy_install command is deprecated setup.py egg_info --egg-base ../../build/Trayectorias build --build-base /home/chino/brazo_ws/build/Trayectorias/build install --record /home/chino/brazo_ws/build/Trayectorias/install.log --single-version-externally-managed install_data
[5.790s] DEBUG:colcon.colcon_core.event_handler.log_command:Invoked command in '/home/chino/brazo_ws/build/micro_ros_agent' returned '0': CMAKE_PREFIX_PATH=/home/chino/brazo_ws/install/micro_ros_msgs:/home/chino/brazo_ws/install/micro_ros_setup:/home/chino/brazo_ws/install/micro_ros_agent:/home/chino/brazo_ws/install/BRAZOROBOTICO_description:/home/chino/brazo_ws/install/trajectory_publisher:/home/chino/brazo_ws/install/Trayectorias:/opt/ros/humble LD_LIBRARY_PATH=/home/chino/brazo_ws/install/micro_ros_msgs/lib:/home/chino/brazo_ws/install/micro_ros_agent/lib:/usr/lib/x86_64-linux-gnu/gazebo-11/plugins:/opt/ros/humble/opt/rviz_ogre_vendor/lib:/opt/ros/humble/lib/x86_64-linux-gnu:/opt/ros/humble/lib:/usr/share/gazebo/../../lib/x86_64-linux-gnu/gazebo-11/plugins /usr/bin/cmake --build /home/chino/brazo_ws/build/micro_ros_agent -- -j16 -l16
[5.796s] DEBUG:colcon.colcon_core.event_handler.log_command:Invoking command in '/home/chino/brazo_ws/build/micro_ros_agent': CMAKE_PREFIX_PATH=/home/chino/brazo_ws/install/micro_ros_msgs:/home/chino/brazo_ws/install/micro_ros_setup:/home/chino/brazo_ws/install/micro_ros_agent:/home/chino/brazo_ws/install/BRAZOROBOTICO_description:/home/chino/brazo_ws/install/trajectory_publisher:/home/chino/brazo_ws/install/Trayectorias:/opt/ros/humble LD_LIBRARY_PATH=/home/chino/brazo_ws/install/micro_ros_msgs/lib:/home/chino/brazo_ws/install/micro_ros_agent/lib:/usr/lib/x86_64-linux-gnu/gazebo-11/plugins:/opt/ros/humble/opt/rviz_ogre_vendor/lib:/opt/ros/humble/lib/x86_64-linux-gnu:/opt/ros/humble/lib:/usr/share/gazebo/../../lib/x86_64-linux-gnu/gazebo-11/plugins /usr/bin/cmake --install /home/chino/brazo_ws/build/micro_ros_agent
[5.833s] Level 1:colcon.colcon_core.environment:create_environment_scripts_only(micro_ros_agent)
[5.834s] Level 1:colcon.colcon_core.environment:checking '/home/chino/brazo_ws/install/micro_ros_agent' for CMake module files
[5.841s] DEBUG:colcon.colcon_core.event_handler.log_command:Invoked command in '/home/chino/brazo_ws/build/micro_ros_agent' returned '0': CMAKE_PREFIX_PATH=/home/chino/brazo_ws/install/micro_ros_msgs:/home/chino/brazo_ws/install/micro_ros_setup:/home/chino/brazo_ws/install/micro_ros_agent:/home/chino/brazo_ws/install/BRAZOROBOTICO_description:/home/chino/brazo_ws/install/trajectory_publisher:/home/chino/brazo_ws/install/Trayectorias:/opt/ros/humble LD_LIBRARY_PATH=/home/chino/brazo_ws/install/micro_ros_msgs/lib:/home/chino/brazo_ws/install/micro_ros_agent/lib:/usr/lib/x86_64-linux-gnu/gazebo-11/plugins:/opt/ros/humble/opt/rviz_ogre_vendor/lib:/opt/ros/humble/lib/x86_64-linux-gnu:/opt/ros/humble/lib:/usr/share/gazebo/../../lib/x86_64-linux-gnu/gazebo-11/plugins /usr/bin/cmake --install /home/chino/brazo_ws/build/micro_ros_agent
[5.842s] Level 1:colcon.colcon_core.environment:checking '/home/chino/brazo_ws/install/micro_ros_agent' for CMake config files
[5.844s] Level 1:colcon.colcon_core.shell:create_environment_hook('micro_ros_agent', 'cmake_prefix_path')
[5.846s] INFO:colcon.colcon_core.shell:Creating environment hook '/home/chino/brazo_ws/install/micro_ros_agent/share/micro_ros_agent/hook/cmake_prefix_path.ps1'
[5.847s] INFO:colcon.colcon_core.shell:Creating environment descriptor '/home/chino/brazo_ws/install/micro_ros_agent/share/micro_ros_agent/hook/cmake_prefix_path.dsv'
[5.849s] INFO:colcon.colcon_core.shell:Creating environment hook '/home/chino/brazo_ws/install/micro_ros_agent/share/micro_ros_agent/hook/cmake_prefix_path.sh'
[5.850s] Level 1:colcon.colcon_core.environment:checking '/home/chino/brazo_ws/install/micro_ros_agent/lib'
[5.851s] Level 1:colcon.colcon_core.shell:create_environment_hook('micro_ros_agent', 'ld_library_path_lib')
[5.851s] INFO:colcon.colcon_core.shell:Creating environment hook '/home/chino/brazo_ws/install/micro_ros_agent/share/micro_ros_agent/hook/ld_library_path_lib.ps1'
[5.852s] INFO:colcon.colcon_core.shell:Creating environment descriptor '/home/chino/brazo_ws/install/micro_ros_agent/share/micro_ros_agent/hook/ld_library_path_lib.dsv'
[5.853s] INFO:colcon.colcon_core.shell:Creating environment hook '/home/chino/brazo_ws/install/micro_ros_agent/share/micro_ros_agent/hook/ld_library_path_lib.sh'
[5.854s] Level 1:colcon.colcon_core.environment:checking '/home/chino/brazo_ws/install/micro_ros_agent/bin'
[5.854s] Level 1:colcon.colcon_core.environment:checking '/home/chino/brazo_ws/install/micro_ros_agent/lib/pkgconfig/micro_ros_agent.pc'
[5.855s] Level 1:colcon.colcon_core.environment:checking '/home/chino/brazo_ws/install/micro_ros_agent/lib/python3.10/site-packages'
[5.856s] Level 1:colcon.colcon_core.environment:checking '/home/chino/brazo_ws/install/micro_ros_agent/bin'
[5.857s] INFO:colcon.colcon_core.shell:Creating package script '/home/chino/brazo_ws/install/micro_ros_agent/share/micro_ros_agent/package.ps1'
[5.858s] INFO:colcon.colcon_core.shell:Creating package descriptor '/home/chino/brazo_ws/install/micro_ros_agent/share/micro_ros_agent/package.dsv'
[5.859s] INFO:colcon.colcon_core.shell:Creating package script '/home/chino/brazo_ws/install/micro_ros_agent/share/micro_ros_agent/package.sh'
[5.860s] INFO:colcon.colcon_core.shell:Creating package script '/home/chino/brazo_ws/install/micro_ros_agent/share/micro_ros_agent/package.bash'
[5.861s] INFO:colcon.colcon_core.shell:Creating package script '/home/chino/brazo_ws/install/micro_ros_agent/share/micro_ros_agent/package.zsh'
[5.863s] Level 1:colcon.colcon_core.environment:create_file_with_runtime_dependencies(/home/chino/brazo_ws/install/micro_ros_agent/share/colcon-core/packages/micro_ros_agent)
[5.865s] Level 1:colcon.colcon_core.environment:create_environment_scripts_only(micro_ros_agent)
[5.865s] Level 1:colcon.colcon_core.environment:checking '/home/chino/brazo_ws/install/micro_ros_agent' for CMake module files
[5.867s] Level 1:colcon.colcon_core.environment:checking '/home/chino/brazo_ws/install/micro_ros_agent' for CMake config files
[5.870s] Level 1:colcon.colcon_core.shell:create_environment_hook('micro_ros_agent', 'cmake_prefix_path')
[5.871s] INFO:colcon.colcon_core.shell:Creating environment hook '/home/chino/brazo_ws/install/micro_ros_agent/share/micro_ros_agent/hook/cmake_prefix_path.ps1'
[5.873s] INFO:colcon.colcon_core.shell:Creating environment descriptor '/home/chino/brazo_ws/install/micro_ros_agent/share/micro_ros_agent/hook/cmake_prefix_path.dsv'
[5.875s] INFO:colcon.colcon_core.shell:Creating environment hook '/home/chino/brazo_ws/install/micro_ros_agent/share/micro_ros_agent/hook/cmake_prefix_path.sh'
[5.876s] Level 1:colcon.colcon_core.environment:checking '/home/chino/brazo_ws/install/micro_ros_agent/lib'
[5.876s] Level 1:colcon.colcon_core.shell:create_environment_hook('micro_ros_agent', 'ld_library_path_lib')
[5.877s] INFO:colcon.colcon_core.shell:Creating environment hook '/home/chino/brazo_ws/install/micro_ros_agent/share/micro_ros_agent/hook/ld_library_path_lib.ps1'
[5.878s] INFO:colcon.colcon_core.shell:Creating environment descriptor '/home/chino/brazo_ws/install/micro_ros_agent/share/micro_ros_agent/hook/ld_library_path_lib.dsv'
[5.879s] INFO:colcon.colcon_core.shell:Creating environment hook '/home/chino/brazo_ws/install/micro_ros_agent/share/micro_ros_agent/hook/ld_library_path_lib.sh'
[5.881s] Level 1:colcon.colcon_core.environment:checking '/home/chino/brazo_ws/install/micro_ros_agent/bin'
[5.881s] Level 1:colcon.colcon_core.environment:checking '/home/chino/brazo_ws/install/micro_ros_agent/lib/pkgconfig/micro_ros_agent.pc'
[5.882s] Level 1:colcon.colcon_core.environment:checking '/home/chino/brazo_ws/install/micro_ros_agent/lib/python3.10/site-packages'
[5.883s] Level 1:colcon.colcon_core.environment:checking '/home/chino/brazo_ws/install/micro_ros_agent/bin'
[5.883s] INFO:colcon.colcon_core.shell:Creating package script '/home/chino/brazo_ws/install/micro_ros_agent/share/micro_ros_agent/package.ps1'
[5.885s] INFO:colcon.colcon_core.shell:Creating package descriptor '/home/chino/brazo_ws/install/micro_ros_agent/share/micro_ros_agent/package.dsv'
[5.886s] INFO:colcon.colcon_core.shell:Creating package script '/home/chino/brazo_ws/install/micro_ros_agent/share/micro_ros_agent/package.sh'
[5.888s] INFO:colcon.colcon_core.shell:Creating package script '/home/chino/brazo_ws/install/micro_ros_agent/share/micro_ros_agent/package.bash'
[5.889s] INFO:colcon.colcon_core.shell:Creating package script '/home/chino/brazo_ws/install/micro_ros_agent/share/micro_ros_agent/package.zsh'
[5.890s] Level 1:colcon.colcon_core.environment:create_file_with_runtime_dependencies(/home/chino/brazo_ws/install/micro_ros_agent/share/colcon-core/packages/micro_ros_agent)
[6.522s] Level 1:colcon.colcon_core.environment:checking '/home/chino/brazo_ws/install/BRAZOROBOTICO_description' for CMake module files
[6.524s] DEBUG:colcon.colcon_core.event_handler.log_command:Invoked command in '/home/chino/brazo_ws/src/BRAZOROBOTICO_description' returned '0': PYTHONPATH=/home/chino/brazo_ws/build/BRAZOROBOTICO_description/prefix_override:/usr/lib/python3/dist-packages/colcon_core/task/python/colcon_distutils_commands:/home/chino/brazo_ws/install/BRAZOROBOTICO_description/lib/python3.10/site-packages:${PYTHONPATH} /usr/bin/python3 -W ignore:setup.py install is deprecated -W ignore:easy_install command is deprecated setup.py egg_info --egg-base ../../build/BRAZOROBOTICO_description build --build-base /home/chino/brazo_ws/build/BRAZOROBOTICO_description/build install --record /home/chino/brazo_ws/build/BRAZOROBOTICO_description/install.log --single-version-externally-managed install_data
[6.525s] Level 1:colcon.colcon_core.environment:checking '/home/chino/brazo_ws/install/BRAZOROBOTICO_description' for CMake config files
[6.528s] Level 1:colcon.colcon_core.environment:checking '/home/chino/brazo_ws/install/BRAZOROBOTICO_description/lib'
[6.528s] Level 1:colcon.colcon_core.environment:checking '/home/chino/brazo_ws/install/BRAZOROBOTICO_description/bin'
[6.528s] Level 1:colcon.colcon_core.environment:checking '/home/chino/brazo_ws/install/BRAZOROBOTICO_description/lib/pkgconfig/BRAZOROBOTICO_description.pc'
[6.529s] Level 1:colcon.colcon_core.environment:checking '/home/chino/brazo_ws/install/BRAZOROBOTICO_description/lib/python3.10/site-packages'
[6.529s] Level 1:colcon.colcon_core.shell:create_environment_hook('BRAZOROBOTICO_description', 'pythonpath')
[6.530s] INFO:colcon.colcon_core.shell:Creating environment hook '/home/chino/brazo_ws/install/BRAZOROBOTICO_description/share/BRAZOROBOTICO_description/hook/pythonpath.ps1'
[6.531s] INFO:colcon.colcon_core.shell:Creating environment descriptor '/home/chino/brazo_ws/install/BRAZOROBOTICO_description/share/BRAZOROBOTICO_description/hook/pythonpath.dsv'
[6.532s] INFO:colcon.colcon_core.shell:Creating environment hook '/home/chino/brazo_ws/install/BRAZOROBOTICO_description/share/BRAZOROBOTICO_description/hook/pythonpath.sh'
[6.535s] Level 1:colcon.colcon_core.environment:checking '/home/chino/brazo_ws/install/BRAZOROBOTICO_description/bin'
[6.535s] Level 1:colcon.colcon_core.environment:create_environment_scripts_only(BRAZOROBOTICO_description)
[6.536s] INFO:colcon.colcon_core.shell:Creating package script '/home/chino/brazo_ws/install/BRAZOROBOTICO_description/share/BRAZOROBOTICO_description/package.ps1'
[6.538s] INFO:colcon.colcon_core.shell:Creating package descriptor '/home/chino/brazo_ws/install/BRAZOROBOTICO_description/share/BRAZOROBOTICO_description/package.dsv'
[6.539s] INFO:colcon.colcon_core.shell:Creating package script '/home/chino/brazo_ws/install/BRAZOROBOTICO_description/share/BRAZOROBOTICO_description/package.sh'
[6.540s] INFO:colcon.colcon_core.shell:Creating package script '/home/chino/brazo_ws/install/BRAZOROBOTICO_description/share/BRAZOROBOTICO_description/package.bash'
[6.541s] INFO:colcon.colcon_core.shell:Creating package script '/home/chino/brazo_ws/install/BRAZOROBOTICO_description/share/BRAZOROBOTICO_description/package.zsh'
[6.542s] Level 1:colcon.colcon_core.environment:create_file_with_runtime_dependencies(/home/chino/brazo_ws/install/BRAZOROBOTICO_description/share/colcon-core/packages/BRAZOROBOTICO_description)
[6.548s] Level 1:colcon.colcon_core.environment:checking '/home/chino/brazo_ws/install/trajectory_publisher' for CMake module files
[6.550s] DEBUG:colcon.colcon_core.event_handler.log_command:Invoked command in '/home/chino/brazo_ws/src/trajectory_publisher' returned '0': PYTHONPATH=/home/chino/brazo_ws/build/trajectory_publisher/prefix_override:/usr/lib/python3/dist-packages/colcon_core/task/python/colcon_distutils_commands:/home/chino/brazo_ws/install/trajectory_publisher/lib/python3.10/site-packages:${PYTHONPATH} /usr/bin/python3 -W ignore:setup.py install is deprecated -W ignore:easy_install command is deprecated setup.py egg_info --egg-base ../../build/trajectory_publisher build --build-base /home/chino/brazo_ws/build/trajectory_publisher/build install --record /home/chino/brazo_ws/build/trajectory_publisher/install.log --single-version-externally-managed install_data
[6.551s] Level 1:colcon.colcon_core.environment:checking '/home/chino/brazo_ws/install/trajectory_publisher' for CMake config files
[6.552s] Level 1:colcon.colcon_core.environment:checking '/home/chino/brazo_ws/install/trajectory_publisher/lib'
[6.553s] Level 1:colcon.colcon_core.environment:checking '/home/chino/brazo_ws/install/trajectory_publisher/bin'
[6.553s] Level 1:colcon.colcon_core.environment:checking '/home/chino/brazo_ws/install/trajectory_publisher/lib/pkgconfig/trajectory_publisher.pc'
[6.554s] Level 1:colcon.colcon_core.environment:checking '/home/chino/brazo_ws/install/trajectory_publisher/lib/python3.10/site-packages'
[6.554s] Level 1:colcon.colcon_core.shell:create_environment_hook('trajectory_publisher', 'pythonpath')
[6.554s] INFO:colcon.colcon_core.shell:Creating environment hook '/home/chino/brazo_ws/install/trajectory_publisher/share/trajectory_publisher/hook/pythonpath.ps1'
[6.555s] INFO:colcon.colcon_core.shell:Creating environment descriptor '/home/chino/brazo_ws/install/trajectory_publisher/share/trajectory_publisher/hook/pythonpath.dsv'
[6.556s] INFO:colcon.colcon_core.shell:Creating environment hook '/home/chino/brazo_ws/install/trajectory_publisher/share/trajectory_publisher/hook/pythonpath.sh'
[6.558s] Level 1:colcon.colcon_core.environment:checking '/home/chino/brazo_ws/install/trajectory_publisher/bin'
[6.558s] Level 1:colcon.colcon_core.environment:create_environment_scripts_only(trajectory_publisher)
[6.559s] INFO:colcon.colcon_core.shell:Creating package script '/home/chino/brazo_ws/install/trajectory_publisher/share/trajectory_publisher/package.ps1'
[6.560s] INFO:colcon.colcon_core.shell:Creating package descriptor '/home/chino/brazo_ws/install/trajectory_publisher/share/trajectory_publisher/package.dsv'
[6.561s] INFO:colcon.colcon_core.shell:Creating package script '/home/chino/brazo_ws/install/trajectory_publisher/share/trajectory_publisher/package.sh'
[6.562s] INFO:colcon.colcon_core.shell:Creating package script '/home/chino/brazo_ws/install/trajectory_publisher/share/trajectory_publisher/package.bash'
[6.564s] INFO:colcon.colcon_core.shell:Creating package script '/home/chino/brazo_ws/install/trajectory_publisher/share/trajectory_publisher/package.zsh'
[6.565s] Level 1:colcon.colcon_core.environment:create_file_with_runtime_dependencies(/home/chino/brazo_ws/install/trajectory_publisher/share/colcon-core/packages/trajectory_publisher)
[6.571s] Level 1:colcon.colcon_core.environment:checking '/home/chino/brazo_ws/install/Trayectorias' for CMake module files
[6.573s] DEBUG:colcon.colcon_core.event_handler.log_command:Invoked command in '/home/chino/brazo_ws/src/Trayectorias' returned '0': PYTHONPATH=/home/chino/brazo_ws/build/Trayectorias/prefix_override:/usr/lib/python3/dist-packages/colcon_core/task/python/colcon_distutils_commands:/home/chino/brazo_ws/install/Trayectorias/lib/python3.10/site-packages:${PYTHONPATH} /usr/bin/python3 -W ignore:setup.py install is deprecated -W ignore:easy_install command is deprecated setup.py egg_info --egg-base ../../build/Trayectorias build --build-base /home/chino/brazo_ws/build/Trayectorias/build install --record /home/chino/brazo_ws/build/Trayectorias/install.log --single-version-externally-managed install_data
[6.574s] Level 1:colcon.colcon_core.environment:checking '/home/chino/brazo_ws/install/Trayectorias' for CMake config files
[6.575s] Level 1:colcon.colcon_core.environment:checking '/home/chino/brazo_ws/install/Trayectorias/lib'
[6.575s] Level 1:colcon.colcon_core.environment:checking '/home/chino/brazo_ws/install/Trayectorias/bin'
[6.576s] Level 1:colcon.colcon_core.environment:checking '/home/chino/brazo_ws/install/Trayectorias/lib/pkgconfig/Trayectorias.pc'
[6.576s] Level 1:colcon.colcon_core.environment:checking '/home/chino/brazo_ws/install/Trayectorias/lib/python3.10/site-packages'
[6.576s] Level 1:colcon.colcon_core.shell:create_environment_hook('Trayectorias', 'pythonpath')
[6.577s] INFO:colcon.colcon_core.shell:Creating environment hook '/home/chino/brazo_ws/install/Trayectorias/share/Trayectorias/hook/pythonpath.ps1'
[6.578s] INFO:colcon.colcon_core.shell:Creating environment descriptor '/home/chino/brazo_ws/install/Trayectorias/share/Trayectorias/hook/pythonpath.dsv'
[6.580s] INFO:colcon.colcon_core.shell:Creating environment hook '/home/chino/brazo_ws/install/Trayectorias/share/Trayectorias/hook/pythonpath.sh'
[6.582s] Level 1:colcon.colcon_core.environment:checking '/home/chino/brazo_ws/install/Trayectorias/bin'
[6.583s] Level 1:colcon.colcon_core.environment:create_environment_scripts_only(Trayectorias)
[6.583s] INFO:colcon.colcon_core.shell:Creating package script '/home/chino/brazo_ws/install/Trayectorias/share/Trayectorias/package.ps1'
[6.585s] INFO:colcon.colcon_core.shell:Creating package descriptor '/home/chino/brazo_ws/install/Trayectorias/share/Trayectorias/package.dsv'
[6.586s] INFO:colcon.colcon_core.shell:Creating package script '/home/chino/brazo_ws/install/Trayectorias/share/Trayectorias/package.sh'
[6.587s] INFO:colcon.colcon_core.shell:Creating package script '/home/chino/brazo_ws/install/Trayectorias/share/Trayectorias/package.bash'
[6.589s] INFO:colcon.colcon_core.shell:Creating package script '/home/chino/brazo_ws/install/Trayectorias/share/Trayectorias/package.zsh'
[6.590s] Level 1:colcon.colcon_core.environment:create_file_with_runtime_dependencies(/home/chino/brazo_ws/install/Trayectorias/share/colcon-core/packages/Trayectorias)
[6.591s] DEBUG:colcon.colcon_parallel_executor.executor.parallel:closing loop
[6.592s] DEBUG:colcon.colcon_parallel_executor.executor.parallel:loop closed
[6.593s] DEBUG:colcon.colcon_parallel_executor.executor.parallel:run_until_complete finished with '0'
[6.593s] DEBUG:colcon.colcon_core.event_reactor:joining thread
[6.986s] INFO:colcon.colcon_core.plugin_system:Skipping extension 'colcon_notification.desktop_notification.notify_send': Could not find 'notify-send'
[6.987s] INFO:colcon.colcon_core.plugin_system:Skipping extension 'colcon_notification.desktop_notification.terminal_notifier': Not used on non-Darwin systems
[6.987s] INFO:colcon.colcon_core.plugin_system:Skipping extension 'colcon_notification.desktop_notification.win32': Not used on non-Windows systems
[6.987s] INFO:colcon.colcon_notification.desktop_notification:Sending desktop notification using 'notify2'
[6.988s] DEBUG:colcon.colcon_notification.desktop_notification.notify2:Failed to initialize notify2: org.freedesktop.DBus.Error.FileNotFound: Failed to connect to socket /run/user/1000/bus: No such file or directory
[6.988s] DEBUG:colcon.colcon_core.event_reactor:joined thread
[6.989s] INFO:colcon.colcon_core.shell:Creating prefix script '/home/chino/brazo_ws/install/local_setup.ps1'
[6.991s] INFO:colcon.colcon_core.shell:Creating prefix util module '/home/chino/brazo_ws/install/_local_setup_util_ps1.py'
[6.994s] INFO:colcon.colcon_core.shell:Creating prefix chain script '/home/chino/brazo_ws/install/setup.ps1'
[6.997s] INFO:colcon.colcon_core.shell:Creating prefix script '/home/chino/brazo_ws/install/local_setup.sh'
[7.000s] INFO:colcon.colcon_core.shell:Creating prefix util module '/home/chino/brazo_ws/install/_local_setup_util_sh.py'
[7.001s] INFO:colcon.colcon_core.shell:Creating prefix chain script '/home/chino/brazo_ws/install/setup.sh'
[7.004s] INFO:colcon.colcon_core.shell:Creating prefix script '/home/chino/brazo_ws/install/local_setup.bash'
[7.005s] INFO:colcon.colcon_core.shell:Creating prefix chain script '/home/chino/brazo_ws/install/setup.bash'
[7.007s] INFO:colcon.colcon_core.shell:Creating prefix script '/home/chino/brazo_ws/install/local_setup.zsh'
[7.009s] INFO:colcon.colcon_core.shell:Creating prefix chain script '/home/chino/brazo_ws/install/setup.zsh'
