/home/chino/brazo_ws/install/ik_bridge/lib/python3.10/site-packages/ik_bridge/forward_kinematics.py
/home/chino/brazo_ws/install/ik_bridge/lib/python3.10/site-packages/ik_bridge/ik_bridge_node.py
/home/chino/brazo_ws/install/ik_bridge/lib/python3.10/site-packages/ik_bridge/fk_node.py
/home/chino/brazo_ws/install/ik_bridge/lib/python3.10/site-packages/ik_bridge/__init__.py
/home/chino/brazo_ws/install/ik_bridge/lib/python3.10/site-packages/ik_bridge/send_target.py
/home/chino/brazo_ws/install/ik_bridge/lib/python3.10/site-packages/ik_bridge/__pycache__/forward_kinematics.cpython-310.pyc
/home/chino/brazo_ws/install/ik_bridge/lib/python3.10/site-packages/ik_bridge/__pycache__/ik_bridge_node.cpython-310.pyc
/home/chino/brazo_ws/install/ik_bridge/lib/python3.10/site-packages/ik_bridge/__pycache__/fk_node.cpython-310.pyc
/home/chino/brazo_ws/install/ik_bridge/lib/python3.10/site-packages/ik_bridge/__pycache__/__init__.cpython-310.pyc
/home/chino/brazo_ws/install/ik_bridge/lib/python3.10/site-packages/ik_bridge/__pycache__/send_target.cpython-310.pyc
/home/chino/brazo_ws/install/ik_bridge/share/ament_index/resource_index/packages/ik_bridge
/home/chino/brazo_ws/install/ik_bridge/share/ik_bridge/package.xml
/home/chino/brazo_ws/install/ik_bridge/lib/python3.10/site-packages/ik_bridge-0.0.1-py3.10.egg-info/dependency_links.txt
/home/chino/brazo_ws/install/ik_bridge/lib/python3.10/site-packages/ik_bridge-0.0.1-py3.10.egg-info/SOURCES.txt
/home/chino/brazo_ws/install/ik_bridge/lib/python3.10/site-packages/ik_bridge-0.0.1-py3.10.egg-info/entry_points.txt
/home/chino/brazo_ws/install/ik_bridge/lib/python3.10/site-packages/ik_bridge-0.0.1-py3.10.egg-info/top_level.txt
/home/chino/brazo_ws/install/ik_bridge/lib/python3.10/site-packages/ik_bridge-0.0.1-py3.10.egg-info/requires.txt
/home/chino/brazo_ws/install/ik_bridge/lib/python3.10/site-packages/ik_bridge-0.0.1-py3.10.egg-info/PKG-INFO
/home/chino/brazo_ws/install/ik_bridge/lib/python3.10/site-packages/ik_bridge-0.0.1-py3.10.egg-info/zip-safe
/home/chino/brazo_ws/install/ik_bridge/lib/ik_bridge/fk_node
/home/chino/brazo_ws/install/ik_bridge/lib/ik_bridge/ik_bridge_node
/home/chino/brazo_ws/install/ik_bridge/lib/ik_bridge/send_target
