[3.329s] Invoking command in '/home/chino/brazo_ws/src/Trayectorias': PYTHONPATH=/home/chino/brazo_ws/build/Trayectorias/prefix_override:/usr/lib/python3/dist-packages/colcon_core/task/python/colcon_distutils_commands:/home/chino/brazo_ws/install/Trayectorias/lib/python3.10/site-packages:${PYTHONPATH} /usr/bin/python3 -W ignore:setup.py install is deprecated -W ignore:easy_install command is deprecated setup.py egg_info --egg-base ../../build/Trayectorias build --build-base /home/chino/brazo_ws/build/Trayectorias/build install --record /home/chino/brazo_ws/build/Trayectorias/install.log --single-version-externally-managed install_data
[3.904s] running egg_info
[3.905s] writing ../../build/Trayectorias/Trayectorias.egg-info/PKG-INFO
[3.906s] writing dependency_links to ../../build/Trayectorias/Trayectorias.egg-info/dependency_links.txt
[3.907s] writing entry points to ../../build/Trayectorias/Trayectorias.egg-info/entry_points.txt
[3.907s] writing requirements to ../../build/Trayectorias/Trayectorias.egg-info/requires.txt
[3.908s] writing top-level names to ../../build/Trayectorias/Trayectorias.egg-info/top_level.txt
[3.912s] reading manifest file '../../build/Trayectorias/Trayectorias.egg-info/SOURCES.txt'
[3.912s] adding license file 'LICENSE'
[3.913s] writing manifest file '../../build/Trayectorias/Trayectorias.egg-info/SOURCES.txt'
[3.914s] running build
[3.914s] running build_py
[3.915s] running install
[3.915s] running install_lib
[3.918s] running install_data
[3.918s] running install_egg_info
[3.922s] removing '/home/chino/brazo_ws/install/Trayectorias/lib/python3.10/site-packages/Trayectorias-0.0.0-py3.10.egg-info' (and everything under it)
[3.926s] Copying ../../build/Trayectorias/Trayectorias.egg-info to /home/chino/brazo_ws/install/Trayectorias/lib/python3.10/site-packages/Trayectorias-0.0.0-py3.10.egg-info
[3.931s] running install_scripts
[3.979s] writing list of installed files to '/home/chino/brazo_ws/build/Trayectorias/install.log'
[4.055s] Invoked command in '/home/chino/brazo_ws/src/Trayectorias' returned '0': PYTHONPATH=/home/chino/brazo_ws/build/Trayectorias/prefix_override:/usr/lib/python3/dist-packages/colcon_core/task/python/colcon_distutils_commands:/home/chino/brazo_ws/install/Trayectorias/lib/python3.10/site-packages:${PYTHONPATH} /usr/bin/python3 -W ignore:setup.py install is deprecated -W ignore:easy_install command is deprecated setup.py egg_info --egg-base ../../build/Trayectorias build --build-base /home/chino/brazo_ws/build/Trayectorias/build install --record /home/chino/brazo_ws/build/Trayectorias/install.log --single-version-externally-managed install_data
