[1.662s] Invoking command in '/home/chino/brazo_ws/build/micro_ros_setup': CMAKE_PREFIX_PATH=${CMAKE_PREFIX_PATH}:/home/chino/brazo_ws/install/trajectory_publisher:/home/chino/brazo_ws/install/Trayectorias:/opt/ros/humble /usr/bin/cmake --build /home/chino/brazo_ws/build/micro_ros_setup -- -j16 -l16
[2.718s] Invoked command in '/home/chino/brazo_ws/build/micro_ros_setup' returned '0': CMAKE_PREFIX_PATH=${CMAKE_PREFIX_PATH}:/home/chino/brazo_ws/install/trajectory_publisher:/home/chino/brazo_ws/install/Trayectorias:/opt/ros/humble /usr/bin/cmake --build /home/chino/brazo_ws/build/micro_ros_setup -- -j16 -l16
[2.721s] Invoking command in '/home/chino/brazo_ws/build/micro_ros_setup': CMAKE_PREFIX_PATH=${CMAKE_PREFIX_PATH}:/home/chino/brazo_ws/install/trajectory_publisher:/home/chino/brazo_ws/install/Trayectorias:/opt/ros/humble /usr/bin/cmake --install /home/chino/brazo_ws/build/micro_ros_setup
[2.748s] -- Install configuration: ""
[2.749s] -- Up-to-date: /home/chino/brazo_ws/install/micro_ros_setup/share/ament_index/resource_index/package_run_dependencies/micro_ros_setup
[2.750s] -- Up-to-date: /home/chino/brazo_ws/install/micro_ros_setup/share/ament_index/resource_index/parent_prefix_path/micro_ros_setup
[2.751s] -- Up-to-date: /home/chino/brazo_ws/install/micro_ros_setup/share/micro_ros_setup/environment/ament_prefix_path.sh
[2.752s] -- Up-to-date: /home/chino/brazo_ws/install/micro_ros_setup/share/micro_ros_setup/environment/ament_prefix_path.dsv
[2.754s] -- Up-to-date: /home/chino/brazo_ws/install/micro_ros_setup/share/micro_ros_setup/environment/path.sh
[2.756s] -- Up-to-date: /home/chino/brazo_ws/install/micro_ros_setup/share/micro_ros_setup/environment/path.dsv
[2.758s] -- Up-to-date: /home/chino/brazo_ws/install/micro_ros_setup/share/micro_ros_setup/local_setup.bash
[2.759s] -- Up-to-date: /home/chino/brazo_ws/install/micro_ros_setup/share/micro_ros_setup/local_setup.sh
[2.761s] -- Up-to-date: /home/chino/brazo_ws/install/micro_ros_setup/share/micro_ros_setup/local_setup.zsh
[2.761s] -- Up-to-date: /home/chino/brazo_ws/install/micro_ros_setup/share/micro_ros_setup/local_setup.dsv
[2.762s] -- Installing: /home/chino/brazo_ws/install/micro_ros_setup/share/micro_ros_setup/package.dsv
[2.763s] -- Up-to-date: /home/chino/brazo_ws/install/micro_ros_setup/share/ament_index/resource_index/packages/micro_ros_setup
[2.764s] -- Up-to-date: /home/chino/brazo_ws/install/micro_ros_setup/share/micro_ros_setup/cmake/micro_ros_setupConfig.cmake
[2.764s] -- Up-to-date: /home/chino/brazo_ws/install/micro_ros_setup/share/micro_ros_setup/cmake/micro_ros_setupConfig-version.cmake
[2.765s] -- Up-to-date: /home/chino/brazo_ws/install/micro_ros_setup/share/micro_ros_setup/package.xml
[2.765s] -- Up-to-date: /home/chino/brazo_ws/install/micro_ros_setup/./config
[2.766s] -- Up-to-date: /home/chino/brazo_ws/install/micro_ros_setup/./config/utils.sh
[2.766s] -- Up-to-date: /home/chino/brazo_ws/install/micro_ros_setup/./config/client_ros2_packages.txt
[2.767s] -- Up-to-date: /home/chino/brazo_ws/install/micro_ros_setup/./config/client_uros_packages.repos
[2.768s] -- Up-to-date: /home/chino/brazo_ws/install/micro_ros_setup/./config/freertos
[2.769s] -- Up-to-date: /home/chino/brazo_ws/install/micro_ros_setup/./config/freertos/dev_uros_packages.repos
[2.769s] -- Up-to-date: /home/chino/brazo_ws/install/micro_ros_setup/./config/freertos/nucleo_f746zg
[2.770s] -- Up-to-date: /home/chino/brazo_ws/install/micro_ros_setup/./config/freertos/nucleo_f746zg/client_uros_packages.repos
[2.771s] -- Up-to-date: /home/chino/brazo_ws/install/micro_ros_setup/./config/freertos/nucleo_f746zg/board.repos
[2.772s] -- Up-to-date: /home/chino/brazo_ws/install/micro_ros_setup/./config/freertos/nucleo_f746zg/client-colcon.meta
[2.773s] -- Up-to-date: /home/chino/brazo_ws/install/micro_ros_setup/./config/freertos/nucleo_f746zg/create.sh
[2.773s] -- Up-to-date: /home/chino/brazo_ws/install/micro_ros_setup/./config/freertos/nucleo_f746zg/build.sh
[2.775s] -- Up-to-date: /home/chino/brazo_ws/install/micro_ros_setup/./config/freertos/nucleo_f746zg/flash.sh
[2.778s] -- Up-to-date: /home/chino/brazo_ws/install/micro_ros_setup/./config/freertos/nucleo_f746zg/package.xml
[2.779s] -- Up-to-date: /home/chino/brazo_ws/install/micro_ros_setup/./config/freertos/nucleo_f746zg/configure.sh
[2.780s] -- Up-to-date: /home/chino/brazo_ws/install/micro_ros_setup/./config/freertos/nucleo_f446re
[2.781s] -- Up-to-date: /home/chino/brazo_ws/install/micro_ros_setup/./config/freertos/nucleo_f446re/client_uros_packages.repos
[2.783s] -- Up-to-date: /home/chino/brazo_ws/install/micro_ros_setup/./config/freertos/nucleo_f446re/board.repos
[2.784s] -- Up-to-date: /home/chino/brazo_ws/install/micro_ros_setup/./config/freertos/nucleo_f446re/client-colcon.meta
[2.784s] -- Up-to-date: /home/chino/brazo_ws/install/micro_ros_setup/./config/freertos/nucleo_f446re/create.sh
[2.785s] -- Up-to-date: /home/chino/brazo_ws/install/micro_ros_setup/./config/freertos/nucleo_f446re/build.sh
[2.785s] -- Up-to-date: /home/chino/brazo_ws/install/micro_ros_setup/./config/freertos/nucleo_f446re/flash.sh
[2.786s] -- Up-to-date: /home/chino/brazo_ws/install/micro_ros_setup/./config/freertos/nucleo_f446re/package.xml
[2.787s] -- Up-to-date: /home/chino/brazo_ws/install/micro_ros_setup/./config/freertos/nucleo_f446re/configure.sh
[2.788s] -- Up-to-date: /home/chino/brazo_ws/install/micro_ros_setup/./config/freertos/olimex-stm32-e407
[2.789s] -- Up-to-date: /home/chino/brazo_ws/install/micro_ros_setup/./config/freertos/olimex-stm32-e407/client_uros_packages.repos
[2.790s] -- Up-to-date: /home/chino/brazo_ws/install/micro_ros_setup/./config/freertos/olimex-stm32-e407/board.repos
[2.794s] -- Up-to-date: /home/chino/brazo_ws/install/micro_ros_setup/./config/freertos/olimex-stm32-e407/client-colcon.meta
[2.796s] -- Up-to-date: /home/chino/brazo_ws/install/micro_ros_setup/./config/freertos/olimex-stm32-e407/create.sh
[2.800s] -- Up-to-date: /home/chino/brazo_ws/install/micro_ros_setup/./config/freertos/olimex-stm32-e407/build.sh
[2.805s] -- Up-to-date: /home/chino/brazo_ws/install/micro_ros_setup/./config/freertos/olimex-stm32-e407/flash.sh
[2.808s] -- Up-to-date: /home/chino/brazo_ws/install/micro_ros_setup/./config/freertos/olimex-stm32-e407/package.xml
[2.809s] -- Up-to-date: /home/chino/brazo_ws/install/micro_ros_setup/./config/freertos/olimex-stm32-e407/configure.sh
[2.810s] -- Up-to-date: /home/chino/brazo_ws/install/micro_ros_setup/./config/freertos/crazyflie21
[2.810s] -- Up-to-date: /home/chino/brazo_ws/install/micro_ros_setup/./config/freertos/crazyflie21/client_uros_packages.repos
[2.811s] -- Up-to-date: /home/chino/brazo_ws/install/micro_ros_setup/./config/freertos/crazyflie21/board.repos
[2.812s] -- Up-to-date: /home/chino/brazo_ws/install/micro_ros_setup/./config/freertos/crazyflie21/client-colcon.meta
[2.812s] -- Up-to-date: /home/chino/brazo_ws/install/micro_ros_setup/./config/freertos/crazyflie21/create.sh
[2.814s] -- Up-to-date: /home/chino/brazo_ws/install/micro_ros_setup/./config/freertos/crazyflie21/build.sh
[2.814s] -- Up-to-date: /home/chino/brazo_ws/install/micro_ros_setup/./config/freertos/crazyflie21/flash.sh
[2.815s] -- Up-to-date: /home/chino/brazo_ws/install/micro_ros_setup/./config/freertos/crazyflie21/package.xml
[2.816s] -- Up-to-date: /home/chino/brazo_ws/install/micro_ros_setup/./config/freertos/crazyflie21/configure.sh
[2.818s] -- Up-to-date: /home/chino/brazo_ws/install/micro_ros_setup/./config/freertos/nucleo_f446ze
[2.819s] -- Up-to-date: /home/chino/brazo_ws/install/micro_ros_setup/./config/freertos/nucleo_f446ze/client_uros_packages.repos
[2.820s] -- Up-to-date: /home/chino/brazo_ws/install/micro_ros_setup/./config/freertos/nucleo_f446ze/board.repos
[2.821s] -- Up-to-date: /home/chino/brazo_ws/install/micro_ros_setup/./config/freertos/nucleo_f446ze/client-colcon.meta
[2.821s] -- Up-to-date: /home/chino/brazo_ws/install/micro_ros_setup/./config/freertos/nucleo_f446ze/create.sh
[2.822s] -- Up-to-date: /home/chino/brazo_ws/install/micro_ros_setup/./config/freertos/nucleo_f446ze/build.sh
[2.823s] -- Up-to-date: /home/chino/brazo_ws/install/micro_ros_setup/./config/freertos/nucleo_f446ze/flash.sh
[2.823s] -- Up-to-date: /home/chino/brazo_ws/install/micro_ros_setup/./config/freertos/nucleo_f446ze/package.xml
[2.824s] -- Up-to-date: /home/chino/brazo_ws/install/micro_ros_setup/./config/freertos/nucleo_f446ze/configure.sh
[2.825s] -- Up-to-date: /home/chino/brazo_ws/install/micro_ros_setup/./config/freertos/nucleo_f767zi
[2.825s] -- Up-to-date: /home/chino/brazo_ws/install/micro_ros_setup/./config/freertos/nucleo_f767zi/client_uros_packages.repos
[2.826s] -- Up-to-date: /home/chino/brazo_ws/install/micro_ros_setup/./config/freertos/nucleo_f767zi/board.repos
[2.826s] -- Up-to-date: /home/chino/brazo_ws/install/micro_ros_setup/./config/freertos/nucleo_f767zi/client-colcon.meta
[2.827s] -- Up-to-date: /home/chino/brazo_ws/install/micro_ros_setup/./config/freertos/nucleo_f767zi/create.sh
[2.828s] -- Up-to-date: /home/chino/brazo_ws/install/micro_ros_setup/./config/freertos/nucleo_f767zi/build.sh
[2.829s] -- Up-to-date: /home/chino/brazo_ws/install/micro_ros_setup/./config/freertos/nucleo_f767zi/flash.sh
[2.829s] -- Up-to-date: /home/chino/brazo_ws/install/micro_ros_setup/./config/freertos/nucleo_f767zi/package.xml
[2.830s] -- Up-to-date: /home/chino/brazo_ws/install/micro_ros_setup/./config/freertos/nucleo_f767zi/configure.sh
[2.831s] -- Up-to-date: /home/chino/brazo_ws/install/micro_ros_setup/./config/freertos/esp32
[2.833s] -- Up-to-date: /home/chino/brazo_ws/install/micro_ros_setup/./config/freertos/esp32/client_uros_packages.repos
[2.835s] -- Up-to-date: /home/chino/brazo_ws/install/micro_ros_setup/./config/freertos/esp32/board.repos
[2.835s] -- Up-to-date: /home/chino/brazo_ws/install/micro_ros_setup/./config/freertos/esp32/client-colcon.meta
[2.836s] -- Up-to-date: /home/chino/brazo_ws/install/micro_ros_setup/./config/freertos/esp32/create.sh
[2.837s] -- Up-to-date: /home/chino/brazo_ws/install/micro_ros_setup/./config/freertos/esp32/build.sh
[2.838s] -- Up-to-date: /home/chino/brazo_ws/install/micro_ros_setup/./config/freertos/esp32/flash.sh
[2.839s] -- Up-to-date: /home/chino/brazo_ws/install/micro_ros_setup/./config/freertos/esp32/package.xml
[2.841s] -- Up-to-date: /home/chino/brazo_ws/install/micro_ros_setup/./config/freertos/esp32/configure.sh
[2.842s] -- Up-to-date: /home/chino/brazo_ws/install/micro_ros_setup/./config/freertos/esp32/README.md
[2.843s] -- Up-to-date: /home/chino/brazo_ws/install/micro_ros_setup/./config/freertos/list_apps.sh
[2.845s] -- Up-to-date: /home/chino/brazo_ws/install/micro_ros_setup/./config/freertos/dev_ros2_packages.txt
[2.847s] -- Up-to-date: /home/chino/brazo_ws/install/micro_ros_setup/./config/agent_uros_packages.repos
[2.849s] -- Up-to-date: /home/chino/brazo_ws/install/micro_ros_setup/./config/renesas_ra
[2.851s] -- Up-to-date: /home/chino/brazo_ws/install/micro_ros_setup/./config/renesas_ra/dev_uros_packages.repos
[2.852s] -- Up-to-date: /home/chino/brazo_ws/install/micro_ros_setup/./config/renesas_ra/ra6m5
[2.854s] -- Up-to-date: /home/chino/brazo_ws/install/micro_ros_setup/./config/renesas_ra/ra6m5/client_uros_packages.repos
[2.855s] -- Up-to-date: /home/chino/brazo_ws/install/micro_ros_setup/./config/renesas_ra/ra6m5/board.repos
[2.855s] -- Up-to-date: /home/chino/brazo_ws/install/micro_ros_setup/./config/renesas_ra/ra6m5/client-colcon.meta
[2.856s] -- Up-to-date: /home/chino/brazo_ws/install/micro_ros_setup/./config/renesas_ra/ra6m5/create.sh
[2.858s] -- Up-to-date: /home/chino/brazo_ws/install/micro_ros_setup/./config/renesas_ra/ra6m5/build.sh
[2.859s] -- Up-to-date: /home/chino/brazo_ws/install/micro_ros_setup/./config/renesas_ra/ra6m5/flash.sh
[2.861s] -- Up-to-date: /home/chino/brazo_ws/install/micro_ros_setup/./config/renesas_ra/ra6m5/configure.sh
[2.862s] -- Up-to-date: /home/chino/brazo_ws/install/micro_ros_setup/./config/renesas_ra/list_apps.sh
[2.863s] -- Up-to-date: /home/chino/brazo_ws/install/micro_ros_setup/./config/renesas_ra/dev_ros2_packages.txt
[2.864s] -- Up-to-date: /home/chino/brazo_ws/install/micro_ros_setup/./config/android
[2.865s] -- Up-to-date: /home/chino/brazo_ws/install/micro_ros_setup/./config/android/generic
[2.867s] -- Up-to-date: /home/chino/brazo_ws/install/micro_ros_setup/./config/android/generic/client_uros_packages.repos
[2.868s] -- Up-to-date: /home/chino/brazo_ws/install/micro_ros_setup/./config/android/generic/client-colcon.meta
[2.872s] -- Up-to-date: /home/chino/brazo_ws/install/micro_ros_setup/./config/android/generic/create.sh
[2.874s] -- Up-to-date: /home/chino/brazo_ws/install/micro_ros_setup/./config/android/generic/build.sh
[2.875s] -- Up-to-date: /home/chino/brazo_ws/install/micro_ros_setup/./config/android/generic/flash.sh
[2.879s] -- Up-to-date: /home/chino/brazo_ws/install/micro_ros_setup/./config/android/generic/package.xml
[2.880s] -- Up-to-date: /home/chino/brazo_ws/install/micro_ros_setup/./config/android/dev_uros_packages.repos
[2.881s] -- Up-to-date: /home/chino/brazo_ws/install/micro_ros_setup/./config/android/dev_ros2_packages.txt
[2.882s] -- Up-to-date: /home/chino/brazo_ws/install/micro_ros_setup/./config/agent_ros2_packages.txt
[2.883s] -- Up-to-date: /home/chino/brazo_ws/install/micro_ros_setup/./config/mbed
[2.884s] -- Up-to-date: /home/chino/brazo_ws/install/micro_ros_setup/./config/mbed/generic
[2.885s] -- Up-to-date: /home/chino/brazo_ws/install/micro_ros_setup/./config/mbed/generic/client_uros_packages.repos
[2.888s] -- Up-to-date: /home/chino/brazo_ws/install/micro_ros_setup/./config/mbed/generic/board.repos
[2.889s] -- Up-to-date: /home/chino/brazo_ws/install/micro_ros_setup/./config/mbed/generic/create.sh
[2.890s] -- Up-to-date: /home/chino/brazo_ws/install/micro_ros_setup/./config/mbed/generic/build.sh
[2.892s] -- Up-to-date: /home/chino/brazo_ws/install/micro_ros_setup/./config/mbed/generic/flash.sh
[2.892s] -- Up-to-date: /home/chino/brazo_ws/install/micro_ros_setup/./config/mbed/generic/package.xml
[2.893s] -- Up-to-date: /home/chino/brazo_ws/install/micro_ros_setup/./config/mbed/generic/supported_platforms
[2.895s] -- Up-to-date: /home/chino/brazo_ws/install/micro_ros_setup/./config/mbed/dev_uros_packages.repos
[2.896s] -- Up-to-date: /home/chino/brazo_ws/install/micro_ros_setup/./config/mbed/list_apps.sh
[2.896s] -- Up-to-date: /home/chino/brazo_ws/install/micro_ros_setup/./config/mbed/dev_ros2_packages.txt
[2.898s] -- Up-to-date: /home/chino/brazo_ws/install/micro_ros_setup/./config/zephyr
[2.901s] -- Up-to-date: /home/chino/brazo_ws/install/micro_ros_setup/./config/zephyr/generic
[2.904s] -- Up-to-date: /home/chino/brazo_ws/install/micro_ros_setup/./config/zephyr/generic/client_uros_packages.repos
[2.906s] -- Up-to-date: /home/chino/brazo_ws/install/micro_ros_setup/./config/zephyr/generic/board.repos
[2.906s] -- Up-to-date: /home/chino/brazo_ws/install/micro_ros_setup/./config/zephyr/generic/client-colcon.meta
[2.908s] -- Up-to-date: /home/chino/brazo_ws/install/micro_ros_setup/./config/zephyr/generic/create.sh
[2.909s] -- Up-to-date: /home/chino/brazo_ws/install/micro_ros_setup/./config/zephyr/generic/build.sh
[2.911s] -- Up-to-date: /home/chino/brazo_ws/install/micro_ros_setup/./config/zephyr/generic/flash.sh
[2.912s] -- Up-to-date: /home/chino/brazo_ws/install/micro_ros_setup/./config/zephyr/generic/package.xml
[2.913s] -- Up-to-date: /home/chino/brazo_ws/install/micro_ros_setup/./config/zephyr/generic/configure.sh
[2.914s] -- Up-to-date: /home/chino/brazo_ws/install/micro_ros_setup/./config/zephyr/generic/supported_platforms
[2.917s] -- Up-to-date: /home/chino/brazo_ws/install/micro_ros_setup/./config/zephyr/dev_uros_packages.repos
[2.917s] -- Up-to-date: /home/chino/brazo_ws/install/micro_ros_setup/./config/zephyr/list_apps.sh
[2.919s] -- Up-to-date: /home/chino/brazo_ws/install/micro_ros_setup/./config/zephyr/dev_ros2_packages.txt
[2.920s] -- Up-to-date: /home/chino/brazo_ws/install/micro_ros_setup/./config/host
[2.921s] -- Up-to-date: /home/chino/brazo_ws/install/micro_ros_setup/./config/host/client_ros2_packages.txt
[2.923s] -- Up-to-date: /home/chino/brazo_ws/install/micro_ros_setup/./config/host/generic
[2.924s] -- Up-to-date: /home/chino/brazo_ws/install/micro_ros_setup/./config/host/generic/client_host_packages.repos
[2.924s] -- Up-to-date: /home/chino/brazo_ws/install/micro_ros_setup/./config/host/generic/create.sh
[2.924s] -- Up-to-date: /home/chino/brazo_ws/install/micro_ros_setup/./config/host/generic/build.sh
[2.925s] -- Up-to-date: /home/chino/brazo_ws/install/micro_ros_setup/./config/host/generic/flash.sh
[2.925s] -- Up-to-date: /home/chino/brazo_ws/install/micro_ros_setup/./config/host/generic/client-host-colcon.meta
[2.925s] -- Up-to-date: /home/chino/brazo_ws/install/micro_ros_setup/./config/host/generic/package.xml
[2.926s] -- Up-to-date: /home/chino/brazo_ws/install/micro_ros_setup/./config/host/dev_uros_packages.repos
[2.926s] -- Up-to-date: /home/chino/brazo_ws/install/micro_ros_setup/./config/host/dev_ros2_packages.txt
[2.926s] -- Up-to-date: /home/chino/brazo_ws/install/micro_ros_setup/./config/generate_lib
[2.927s] -- Up-to-date: /home/chino/brazo_ws/install/micro_ros_setup/./config/generate_lib/generic
[2.927s] -- Up-to-date: /home/chino/brazo_ws/install/micro_ros_setup/./config/generate_lib/generic/client_uros_packages.repos
[2.927s] -- Up-to-date: /home/chino/brazo_ws/install/micro_ros_setup/./config/generate_lib/generic/client-colcon.meta
[2.928s] -- Up-to-date: /home/chino/brazo_ws/install/micro_ros_setup/./config/generate_lib/generic/create.sh
[2.928s] -- Up-to-date: /home/chino/brazo_ws/install/micro_ros_setup/./config/generate_lib/generic/demo_toolchain.cmake
[2.928s] -- Up-to-date: /home/chino/brazo_ws/install/micro_ros_setup/./config/generate_lib/generic/build.sh
[2.929s] -- Up-to-date: /home/chino/brazo_ws/install/micro_ros_setup/./config/generate_lib/generic/flash.sh
[2.929s] -- Up-to-date: /home/chino/brazo_ws/install/micro_ros_setup/./config/generate_lib/generic/package.xml
[2.929s] -- Up-to-date: /home/chino/brazo_ws/install/micro_ros_setup/./config/generate_lib/dev_uros_packages.repos
[2.929s] -- Up-to-date: /home/chino/brazo_ws/install/micro_ros_setup/./config/generate_lib/dev_ros2_packages.txt
[2.930s] -- Up-to-date: /home/chino/brazo_ws/install/micro_ros_setup/./config/raspbian
[2.930s] -- Up-to-date: /home/chino/brazo_ws/install/micro_ros_setup/./config/raspbian/generic
[2.930s] -- Up-to-date: /home/chino/brazo_ws/install/micro_ros_setup/./config/raspbian/generic/client_uros_packages.repos
[2.931s] -- Up-to-date: /home/chino/brazo_ws/install/micro_ros_setup/./config/raspbian/generic/client-colcon.meta
[2.931s] -- Up-to-date: /home/chino/brazo_ws/install/micro_ros_setup/./config/raspbian/generic/create.sh
[2.932s] -- Up-to-date: /home/chino/brazo_ws/install/micro_ros_setup/./config/raspbian/generic/build.sh
[2.933s] -- Up-to-date: /home/chino/brazo_ws/install/micro_ros_setup/./config/raspbian/generic/flash.sh
[2.933s] -- Up-to-date: /home/chino/brazo_ws/install/micro_ros_setup/./config/raspbian/generic/configure.sh
[2.934s] -- Up-to-date: /home/chino/brazo_ws/install/micro_ros_setup/./config/raspbian/generic/supported_platforms
[2.934s] -- Up-to-date: /home/chino/brazo_ws/install/micro_ros_setup/./config/raspbian/dev_uros_packages.repos
[2.935s] -- Up-to-date: /home/chino/brazo_ws/install/micro_ros_setup/./config/raspbian/dev_ros2_packages.txt
[2.935s] -- Up-to-date: /home/chino/brazo_ws/install/micro_ros_setup/lib/micro_ros_setup/create_ws.sh
[2.936s] -- Up-to-date: /home/chino/brazo_ws/install/micro_ros_setup/lib/micro_ros_setup/create_agent_ws.sh
[2.936s] -- Up-to-date: /home/chino/brazo_ws/install/micro_ros_setup/lib/micro_ros_setup/create_firmware_ws.sh
[2.937s] -- Up-to-date: /home/chino/brazo_ws/install/micro_ros_setup/lib/micro_ros_setup/configure_firmware.sh
[2.937s] -- Up-to-date: /home/chino/brazo_ws/install/micro_ros_setup/lib/micro_ros_setup/flash_firmware.sh
[2.937s] -- Up-to-date: /home/chino/brazo_ws/install/micro_ros_setup/lib/micro_ros_setup/build_firmware.sh
[2.938s] -- Up-to-date: /home/chino/brazo_ws/install/micro_ros_setup/lib/micro_ros_setup/build_agent.sh
[2.938s] -- Up-to-date: /home/chino/brazo_ws/install/micro_ros_setup/lib/micro_ros_setup/yaml_filter.py
[2.939s] -- Up-to-date: /home/chino/brazo_ws/install/micro_ros_setup/lib/micro_ros_setup/clean_env.sh
[2.939s] -- Up-to-date: /home/chino/brazo_ws/install/micro_ros_setup/lib/micro_ros_setup/component
[2.940s] Invoked command in '/home/chino/brazo_ws/build/micro_ros_setup' returned '0': CMAKE_PREFIX_PATH=${CMAKE_PREFIX_PATH}:/home/chino/brazo_ws/install/trajectory_publisher:/home/chino/brazo_ws/install/Trayectorias:/opt/ros/humble /usr/bin/cmake --install /home/chino/brazo_ws/build/micro_ros_setup
