/home/chino/brazo_ws/install/BRAZOROBOTICO_description/lib/python3.10/site-packages/BRAZOROBOTICO_description/__init__.py
/home/chino/brazo_ws/install/BRAZOROBOTICO_description/lib/python3.10/site-packages/BRAZOROBOTICO_description/__pycache__/__init__.cpython-310.pyc
/home/chino/brazo_ws/install/BRAZOROBOTICO_description/share/ament_index/resource_index/packages/BRAZOROBOTICO_description
/home/chino/brazo_ws/install/BRAZOROBOTICO_description/share/BRAZOROBOTICO_description/package.xml
/home/chino/brazo_ws/install/BRAZOROBOTICO_description/share/BRAZOROBOTICO_description/launch/display.launch.py
/home/chino/brazo_ws/install/BRAZOROBOTICO_description/share/BRAZOROBOTICO_description/launch/gazebo.launch.py
/home/chino/brazo_ws/install/BRAZOROBOTICO_description/share/BRAZOROBOTICO_description/launch/gzclient.launch.py
/home/chino/brazo_ws/install/BRAZOROBOTICO_description/share/BRAZOROBOTICO_description/urdf/BRAZOROBOTICO.gazebo
/home/chino/brazo_ws/install/BRAZOROBOTICO_description/share/BRAZOROBOTICO_description/urdf/BRAZOROBOTICO.ros2control
/home/chino/brazo_ws/install/BRAZOROBOTICO_description/share/BRAZOROBOTICO_description/urdf/BRAZOROBOTICO.xacro
/home/chino/brazo_ws/install/BRAZOROBOTICO_description/share/BRAZOROBOTICO_description/urdf/materials.xacro
/home/chino/brazo_ws/install/BRAZOROBOTICO_description/share/BRAZOROBOTICO_description/meshes/efector_final_1.stl
/home/chino/brazo_ws/install/BRAZOROBOTICO_description/share/BRAZOROBOTICO_description/meshes/arm4_1.stl
/home/chino/brazo_ws/install/BRAZOROBOTICO_description/share/BRAZOROBOTICO_description/meshes/base_link.stl
/home/chino/brazo_ws/install/BRAZOROBOTICO_description/share/BRAZOROBOTICO_description/meshes/arm5_1.stl
/home/chino/brazo_ws/install/BRAZOROBOTICO_description/share/BRAZOROBOTICO_description/meshes/arm3_1.stl
/home/chino/brazo_ws/install/BRAZOROBOTICO_description/share/BRAZOROBOTICO_description/meshes/arm2_1.stl
/home/chino/brazo_ws/install/BRAZOROBOTICO_description/share/BRAZOROBOTICO_description/meshes/arm1_1.stl
/home/chino/brazo_ws/install/BRAZOROBOTICO_description/share/BRAZOROBOTICO_description/config/controllers.yaml
/home/chino/brazo_ws/install/BRAZOROBOTICO_description/share/BRAZOROBOTICO_description/config/gazebo.rviz
/home/chino/brazo_ws/install/BRAZOROBOTICO_description/share/BRAZOROBOTICO_description/config/display.rviz:Zone.Identifier
/home/chino/brazo_ws/install/BRAZOROBOTICO_description/share/BRAZOROBOTICO_description/config/ros_gz_bridge_gazebo.yaml:Zone.Identifier
/home/chino/brazo_ws/install/BRAZOROBOTICO_description/share/BRAZOROBOTICO_description/config/ros_gz_bridge_gazebo.yaml
/home/chino/brazo_ws/install/BRAZOROBOTICO_description/share/BRAZOROBOTICO_description/config/gazebo.rviz:Zone.Identifier
/home/chino/brazo_ws/install/BRAZOROBOTICO_description/share/BRAZOROBOTICO_description/config/display.rviz
/home/chino/brazo_ws/install/BRAZOROBOTICO_description/lib/python3.10/site-packages/BRAZOROBOTICO_description-0.0.0-py3.10.egg-info/dependency_links.txt
/home/chino/brazo_ws/install/BRAZOROBOTICO_description/lib/python3.10/site-packages/BRAZOROBOTICO_description-0.0.0-py3.10.egg-info/SOURCES.txt
/home/chino/brazo_ws/install/BRAZOROBOTICO_description/lib/python3.10/site-packages/BRAZOROBOTICO_description-0.0.0-py3.10.egg-info/entry_points.txt
/home/chino/brazo_ws/install/BRAZOROBOTICO_description/lib/python3.10/site-packages/BRAZOROBOTICO_description-0.0.0-py3.10.egg-info/top_level.txt
/home/chino/brazo_ws/install/BRAZOROBOTICO_description/lib/python3.10/site-packages/BRAZOROBOTICO_description-0.0.0-py3.10.egg-info/requires.txt
/home/chino/brazo_ws/install/BRAZOROBOTICO_description/lib/python3.10/site-packages/BRAZOROBOTICO_description-0.0.0-py3.10.egg-info/PKG-INFO
/home/chino/brazo_ws/install/BRAZOROBOTICO_description/lib/python3.10/site-packages/BRAZOROBOTICO_description-0.0.0-py3.10.egg-info/zip-safe
