[2.868s] Invoking command in '/home/chino/brazo_ws/src/ik_bridge': PYTHONPATH=/home/chino/brazo_ws/build/ik_bridge/prefix_override:/usr/lib/python3/dist-packages/colcon_core/task/python/colcon_distutils_commands:/home/chino/brazo_ws/install/ik_bridge/lib/python3.10/site-packages:${PYTHONPATH} /usr/bin/python3 -W ignore:setup.py install is deprecated -W ignore:easy_install command is deprecated setup.py egg_info --egg-base ../../build/ik_bridge build --build-base /home/chino/brazo_ws/build/ik_bridge/build install --record /home/chino/brazo_ws/build/ik_bridge/install.log --single-version-externally-managed install_data
[4.032s] running egg_info
[4.036s] writing ../../build/ik_bridge/ik_bridge.egg-info/PKG-INFO
[4.039s] writing dependency_links to ../../build/ik_bridge/ik_bridge.egg-info/dependency_links.txt
[4.039s] writing entry points to ../../build/ik_bridge/ik_bridge.egg-info/entry_points.txt
[4.040s] writing requirements to ../../build/ik_bridge/ik_bridge.egg-info/requires.txt
[4.040s] writing top-level names to ../../build/ik_bridge/ik_bridge.egg-info/top_level.txt
[4.046s] reading manifest file '../../build/ik_bridge/ik_bridge.egg-info/SOURCES.txt'
[4.049s] writing manifest file '../../build/ik_bridge/ik_bridge.egg-info/SOURCES.txt'
[4.050s] running build
[4.050s] running build_py
[4.051s] copying ik_bridge/ik_bridge_node.py -> /home/chino/brazo_ws/build/ik_bridge/build/lib/ik_bridge
[4.052s] running install
[4.053s] running install_lib
[4.056s] copying /home/chino/brazo_ws/build/ik_bridge/build/lib/ik_bridge/ik_bridge_node.py -> /home/chino/brazo_ws/install/ik_bridge/lib/python3.10/site-packages/ik_bridge
[4.059s] byte-compiling /home/chino/brazo_ws/install/ik_bridge/lib/python3.10/site-packages/ik_bridge/ik_bridge_node.py to ik_bridge_node.cpython-310.pyc
[4.082s] running install_data
[4.083s] running install_egg_info
[4.091s] removing '/home/chino/brazo_ws/install/ik_bridge/lib/python3.10/site-packages/ik_bridge-0.0.1-py3.10.egg-info' (and everything under it)
[4.095s] Copying ../../build/ik_bridge/ik_bridge.egg-info to /home/chino/brazo_ws/install/ik_bridge/lib/python3.10/site-packages/ik_bridge-0.0.1-py3.10.egg-info
[4.103s] running install_scripts
[4.222s] Installing fk_node script to /home/chino/brazo_ws/install/ik_bridge/lib/ik_bridge
[4.224s] Installing ik_bridge_node script to /home/chino/brazo_ws/install/ik_bridge/lib/ik_bridge
[4.226s] writing list of installed files to '/home/chino/brazo_ws/build/ik_bridge/install.log'
[4.320s] Invoked command in '/home/chino/brazo_ws/src/ik_bridge' returned '0': PYTHONPATH=/home/chino/brazo_ws/build/ik_bridge/prefix_override:/usr/lib/python3/dist-packages/colcon_core/task/python/colcon_distutils_commands:/home/chino/brazo_ws/install/ik_bridge/lib/python3.10/site-packages:${PYTHONPATH} /usr/bin/python3 -W ignore:setup.py install is deprecated -W ignore:easy_install command is deprecated setup.py egg_info --egg-base ../../build/ik_bridge build --build-base /home/chino/brazo_ws/build/ik_bridge/build install --record /home/chino/brazo_ws/build/ik_bridge/install.log --single-version-externally-managed install_data
