[2.766s] Invoking command in '/home/chino/brazo_ws/src/Trayectorias': PYTHONPATH=/home/chino/brazo_ws/build/Trayectorias/prefix_override:/usr/lib/python3/dist-packages/colcon_core/task/python/colcon_distutils_commands:/home/chino/brazo_ws/install/Trayectorias/lib/python3.10/site-packages:${PYTHONPATH} /usr/bin/python3 -W ignore:setup.py install is deprecated -W ignore:easy_install command is deprecated setup.py egg_info --egg-base ../../build/Trayectorias build --build-base /home/chino/brazo_ws/build/Trayectorias/build install --record /home/chino/brazo_ws/build/Trayectorias/install.log --single-version-externally-managed install_data
[3.324s] running egg_info
[3.325s] writing ../../build/Trayectorias/Trayectorias.egg-info/PKG-INFO
[3.327s] writing dependency_links to ../../build/Trayectorias/Trayectorias.egg-info/dependency_links.txt
[3.327s] writing entry points to ../../build/Trayectorias/Trayectorias.egg-info/entry_points.txt
[3.327s] writing requirements to ../../build/Trayectorias/Trayectorias.egg-info/requires.txt
[3.327s] writing top-level names to ../../build/Trayectorias/Trayectorias.egg-info/top_level.txt
[3.330s] reading manifest file '../../build/Trayectorias/Trayectorias.egg-info/SOURCES.txt'
[3.332s] adding license file 'LICENSE'
[3.333s] writing manifest file '../../build/Trayectorias/Trayectorias.egg-info/SOURCES.txt'
[3.333s] running build
[3.333s] running build_py
[3.334s] running install
[3.334s] running install_lib
[3.338s] running install_data
[3.338s] running install_egg_info
[3.342s] removing '/home/chino/brazo_ws/install/Trayectorias/lib/python3.10/site-packages/Trayectorias-0.0.0-py3.10.egg-info' (and everything under it)
[3.343s] Copying ../../build/Trayectorias/Trayectorias.egg-info to /home/chino/brazo_ws/install/Trayectorias/lib/python3.10/site-packages/Trayectorias-0.0.0-py3.10.egg-info
[3.347s] running install_scripts
[3.388s] writing list of installed files to '/home/chino/brazo_ws/build/Trayectorias/install.log'
[3.430s] Invoked command in '/home/chino/brazo_ws/src/Trayectorias' returned '0': PYTHONPATH=/home/chino/brazo_ws/build/Trayectorias/prefix_override:/usr/lib/python3/dist-packages/colcon_core/task/python/colcon_distutils_commands:/home/chino/brazo_ws/install/Trayectorias/lib/python3.10/site-packages:${PYTHONPATH} /usr/bin/python3 -W ignore:setup.py install is deprecated -W ignore:easy_install command is deprecated setup.py egg_info --egg-base ../../build/Trayectorias build --build-base /home/chino/brazo_ws/build/Trayectorias/build install --record /home/chino/brazo_ws/build/Trayectorias/install.log --single-version-externally-managed install_data
