[0.075s] Invoking command in '/home/chino/brazo_ws/build/micro_ros_msgs': CMAKE_PREFIX_PATH=/opt/ros/humble /usr/bin/cmake --build /home/chino/brazo_ws/build/micro_ros_msgs -- -j16 -l16
[1.166s] [  2%] Built target micro_ros_msgs__cpp
[1.166s] [ 12%] Built target micro_ros_msgs__rosidl_generator_c
[1.167s] [ 12%] Built target ament_cmake_python_copy_micro_ros_msgs
[1.167s] [ 31%] Built target micro_ros_msgs__rosidl_typesupport_introspection_cpp
[1.167s] [ 40%] Built target micro_ros_msgs__rosidl_typesupport_cpp
[1.168s] [ 44%] Built target micro_ros_msgs__rosidl_typesupport_fastrtps_cpp
[1.168s] [ 55%] Built target micro_ros_msgs__rosidl_typesupport_introspection_c
[1.169s] [ 65%] Built target micro_ros_msgs__rosidl_typesupport_fastrtps_c
[1.169s] [ 76%] Built target micro_ros_msgs__rosidl_typesupport_c
[1.169s] [ 76%] Built target micro_ros_msgs
[1.170s] [ 78%] Built target micro_ros_msgs__py
[1.170s] [ 87%] Built target micro_ros_msgs__rosidl_generator_py
[1.170s] [ 95%] Built target micro_ros_msgs__rosidl_typesupport_introspection_c__pyext
[1.171s] [ 95%] Built target micro_ros_msgs__rosidl_typesupport_fastrtps_c__pyext
[1.171s] [100%] Built target micro_ros_msgs__rosidl_typesupport_c__pyext
[1.171s] running egg_info
[1.172s] writing micro_ros_msgs.egg-info/PKG-INFO
[1.173s] writing dependency_links to micro_ros_msgs.egg-info/dependency_links.txt
[1.173s] writing top-level names to micro_ros_msgs.egg-info/top_level.txt
[1.173s] reading manifest file 'micro_ros_msgs.egg-info/SOURCES.txt'
[1.174s] writing manifest file 'micro_ros_msgs.egg-info/SOURCES.txt'
[1.174s] [100%] Built target ament_cmake_python_build_micro_ros_msgs_egg
[1.174s] Invoked command in '/home/chino/brazo_ws/build/micro_ros_msgs' returned '0': CMAKE_PREFIX_PATH=/opt/ros/humble /usr/bin/cmake --build /home/chino/brazo_ws/build/micro_ros_msgs -- -j16 -l16
[1.195s] Invoking command in '/home/chino/brazo_ws/build/micro_ros_msgs': CMAKE_PREFIX_PATH=/opt/ros/humble /usr/bin/cmake --install /home/chino/brazo_ws/build/micro_ros_msgs
[1.709s] -- Install configuration: ""
[1.710s] -- Up-to-date: /home/chino/brazo_ws/install/micro_ros_msgs/share/ament_index/resource_index/rosidl_interfaces/micro_ros_msgs
[1.711s] -- Up-to-date: /home/chino/brazo_ws/install/micro_ros_msgs/include/micro_ros_msgs/micro_ros_msgs
[1.712s] -- Up-to-date: /home/chino/brazo_ws/install/micro_ros_msgs/include/micro_ros_msgs/micro_ros_msgs/msg
[1.712s] -- Up-to-date: /home/chino/brazo_ws/install/micro_ros_msgs/include/micro_ros_msgs/micro_ros_msgs/msg/rosidl_generator_c__visibility_control.h
[1.712s] -- Up-to-date: /home/chino/brazo_ws/install/micro_ros_msgs/include/micro_ros_msgs/micro_ros_msgs/msg/detail
[1.713s] -- Up-to-date: /home/chino/brazo_ws/install/micro_ros_msgs/include/micro_ros_msgs/micro_ros_msgs/msg/detail/graph__functions.c
[1.713s] -- Up-to-date: /home/chino/brazo_ws/install/micro_ros_msgs/include/micro_ros_msgs/micro_ros_msgs/msg/detail/entity__functions.c
[1.714s] -- Up-to-date: /home/chino/brazo_ws/install/micro_ros_msgs/include/micro_ros_msgs/micro_ros_msgs/msg/detail/graph__functions.h
[1.714s] -- Up-to-date: /home/chino/brazo_ws/install/micro_ros_msgs/include/micro_ros_msgs/micro_ros_msgs/msg/detail/node__struct.h
[1.714s] -- Up-to-date: /home/chino/brazo_ws/install/micro_ros_msgs/include/micro_ros_msgs/micro_ros_msgs/msg/detail/entity__struct.h
[1.715s] -- Up-to-date: /home/chino/brazo_ws/install/micro_ros_msgs/include/micro_ros_msgs/micro_ros_msgs/msg/detail/node__functions.c
[1.715s] -- Up-to-date: /home/chino/brazo_ws/install/micro_ros_msgs/include/micro_ros_msgs/micro_ros_msgs/msg/detail/graph__type_support.h
[1.715s] -- Up-to-date: /home/chino/brazo_ws/install/micro_ros_msgs/include/micro_ros_msgs/micro_ros_msgs/msg/detail/node__type_support.h
[1.716s] -- Up-to-date: /home/chino/brazo_ws/install/micro_ros_msgs/include/micro_ros_msgs/micro_ros_msgs/msg/detail/graph__struct.h
[1.716s] -- Up-to-date: /home/chino/brazo_ws/install/micro_ros_msgs/include/micro_ros_msgs/micro_ros_msgs/msg/detail/node__functions.h
[1.716s] -- Up-to-date: /home/chino/brazo_ws/install/micro_ros_msgs/include/micro_ros_msgs/micro_ros_msgs/msg/detail/entity__type_support.h
[1.717s] -- Up-to-date: /home/chino/brazo_ws/install/micro_ros_msgs/include/micro_ros_msgs/micro_ros_msgs/msg/detail/entity__functions.h
[1.717s] -- Up-to-date: /home/chino/brazo_ws/install/micro_ros_msgs/include/micro_ros_msgs/micro_ros_msgs/msg/entity.h
[1.718s] -- Up-to-date: /home/chino/brazo_ws/install/micro_ros_msgs/include/micro_ros_msgs/micro_ros_msgs/msg/node.h
[1.718s] -- Up-to-date: /home/chino/brazo_ws/install/micro_ros_msgs/include/micro_ros_msgs/micro_ros_msgs/msg/graph.h
[1.718s] -- Up-to-date: /home/chino/brazo_ws/install/micro_ros_msgs/share/micro_ros_msgs/environment/library_path.sh
[1.719s] -- Up-to-date: /home/chino/brazo_ws/install/micro_ros_msgs/share/micro_ros_msgs/environment/library_path.dsv
[1.719s] -- Up-to-date: /home/chino/brazo_ws/install/micro_ros_msgs/lib/libmicro_ros_msgs__rosidl_generator_c.so
[1.719s] -- Up-to-date: /home/chino/brazo_ws/install/micro_ros_msgs/include/micro_ros_msgs/micro_ros_msgs
[1.720s] -- Up-to-date: /home/chino/brazo_ws/install/micro_ros_msgs/include/micro_ros_msgs/micro_ros_msgs/msg
[1.721s] -- Up-to-date: /home/chino/brazo_ws/install/micro_ros_msgs/include/micro_ros_msgs/micro_ros_msgs/msg/rosidl_typesupport_fastrtps_c__visibility_control.h
[1.721s] -- Up-to-date: /home/chino/brazo_ws/install/micro_ros_msgs/include/micro_ros_msgs/micro_ros_msgs/msg/detail
[1.722s] -- Up-to-date: /home/chino/brazo_ws/install/micro_ros_msgs/include/micro_ros_msgs/micro_ros_msgs/msg/detail/entity__rosidl_typesupport_fastrtps_c.h
[1.722s] -- Up-to-date: /home/chino/brazo_ws/install/micro_ros_msgs/include/micro_ros_msgs/micro_ros_msgs/msg/detail/node__rosidl_typesupport_fastrtps_c.h
[1.722s] -- Up-to-date: /home/chino/brazo_ws/install/micro_ros_msgs/include/micro_ros_msgs/micro_ros_msgs/msg/detail/graph__rosidl_typesupport_fastrtps_c.h
[1.723s] -- Up-to-date: /home/chino/brazo_ws/install/micro_ros_msgs/lib/libmicro_ros_msgs__rosidl_typesupport_fastrtps_c.so
[1.723s] -- Up-to-date: /home/chino/brazo_ws/install/micro_ros_msgs/include/micro_ros_msgs/micro_ros_msgs
[1.723s] -- Up-to-date: /home/chino/brazo_ws/install/micro_ros_msgs/include/micro_ros_msgs/micro_ros_msgs/msg
[1.724s] -- Up-to-date: /home/chino/brazo_ws/install/micro_ros_msgs/include/micro_ros_msgs/micro_ros_msgs/msg/rosidl_typesupport_introspection_c__visibility_control.h
[1.724s] -- Up-to-date: /home/chino/brazo_ws/install/micro_ros_msgs/include/micro_ros_msgs/micro_ros_msgs/msg/detail
[1.725s] -- Up-to-date: /home/chino/brazo_ws/install/micro_ros_msgs/include/micro_ros_msgs/micro_ros_msgs/msg/detail/entity__type_support.c
[1.725s] -- Up-to-date: /home/chino/brazo_ws/install/micro_ros_msgs/include/micro_ros_msgs/micro_ros_msgs/msg/detail/node__rosidl_typesupport_introspection_c.h
[1.725s] -- Up-to-date: /home/chino/brazo_ws/install/micro_ros_msgs/include/micro_ros_msgs/micro_ros_msgs/msg/detail/entity__rosidl_typesupport_introspection_c.h
[1.726s] -- Up-to-date: /home/chino/brazo_ws/install/micro_ros_msgs/include/micro_ros_msgs/micro_ros_msgs/msg/detail/graph__rosidl_typesupport_introspection_c.h
[1.726s] -- Up-to-date: /home/chino/brazo_ws/install/micro_ros_msgs/include/micro_ros_msgs/micro_ros_msgs/msg/detail/graph__type_support.c
[1.726s] -- Up-to-date: /home/chino/brazo_ws/install/micro_ros_msgs/include/micro_ros_msgs/micro_ros_msgs/msg/detail/node__type_support.c
[1.727s] -- Up-to-date: /home/chino/brazo_ws/install/micro_ros_msgs/lib/libmicro_ros_msgs__rosidl_typesupport_introspection_c.so
[1.727s] -- Up-to-date: /home/chino/brazo_ws/install/micro_ros_msgs/lib/libmicro_ros_msgs__rosidl_typesupport_c.so
[1.728s] -- Up-to-date: /home/chino/brazo_ws/install/micro_ros_msgs/include/micro_ros_msgs/micro_ros_msgs
[1.728s] -- Up-to-date: /home/chino/brazo_ws/install/micro_ros_msgs/include/micro_ros_msgs/micro_ros_msgs/msg
[1.728s] -- Up-to-date: /home/chino/brazo_ws/install/micro_ros_msgs/include/micro_ros_msgs/micro_ros_msgs/msg/graph.hpp
[1.729s] -- Up-to-date: /home/chino/brazo_ws/install/micro_ros_msgs/include/micro_ros_msgs/micro_ros_msgs/msg/detail
[1.729s] -- Up-to-date: /home/chino/brazo_ws/install/micro_ros_msgs/include/micro_ros_msgs/micro_ros_msgs/msg/detail/graph__struct.hpp
[1.729s] -- Up-to-date: /home/chino/brazo_ws/install/micro_ros_msgs/include/micro_ros_msgs/micro_ros_msgs/msg/detail/entity__traits.hpp
[1.730s] -- Up-to-date: /home/chino/brazo_ws/install/micro_ros_msgs/include/micro_ros_msgs/micro_ros_msgs/msg/detail/entity__struct.hpp
[1.730s] -- Up-to-date: /home/chino/brazo_ws/install/micro_ros_msgs/include/micro_ros_msgs/micro_ros_msgs/msg/detail/entity__type_support.hpp
[1.730s] -- Up-to-date: /home/chino/brazo_ws/install/micro_ros_msgs/include/micro_ros_msgs/micro_ros_msgs/msg/detail/node__type_support.hpp
[1.731s] -- Up-to-date: /home/chino/brazo_ws/install/micro_ros_msgs/include/micro_ros_msgs/micro_ros_msgs/msg/detail/entity__builder.hpp
[1.731s] -- Up-to-date: /home/chino/brazo_ws/install/micro_ros_msgs/include/micro_ros_msgs/micro_ros_msgs/msg/detail/graph__type_support.hpp
[1.731s] -- Up-to-date: /home/chino/brazo_ws/install/micro_ros_msgs/include/micro_ros_msgs/micro_ros_msgs/msg/detail/graph__builder.hpp
[1.732s] -- Up-to-date: /home/chino/brazo_ws/install/micro_ros_msgs/include/micro_ros_msgs/micro_ros_msgs/msg/detail/node__traits.hpp
[1.732s] -- Up-to-date: /home/chino/brazo_ws/install/micro_ros_msgs/include/micro_ros_msgs/micro_ros_msgs/msg/detail/node__struct.hpp
[1.733s] -- Up-to-date: /home/chino/brazo_ws/install/micro_ros_msgs/include/micro_ros_msgs/micro_ros_msgs/msg/detail/node__builder.hpp
[1.733s] -- Up-to-date: /home/chino/brazo_ws/install/micro_ros_msgs/include/micro_ros_msgs/micro_ros_msgs/msg/detail/graph__traits.hpp
[1.733s] -- Up-to-date: /home/chino/brazo_ws/install/micro_ros_msgs/include/micro_ros_msgs/micro_ros_msgs/msg/node.hpp
[1.734s] -- Up-to-date: /home/chino/brazo_ws/install/micro_ros_msgs/include/micro_ros_msgs/micro_ros_msgs/msg/entity.hpp
[1.734s] -- Up-to-date: /home/chino/brazo_ws/install/micro_ros_msgs/include/micro_ros_msgs/micro_ros_msgs/msg/rosidl_generator_cpp__visibility_control.hpp
[1.735s] -- Up-to-date: /home/chino/brazo_ws/install/micro_ros_msgs/include/micro_ros_msgs/micro_ros_msgs
[1.735s] -- Up-to-date: /home/chino/brazo_ws/install/micro_ros_msgs/include/micro_ros_msgs/micro_ros_msgs/msg
[1.735s] -- Up-to-date: /home/chino/brazo_ws/install/micro_ros_msgs/include/micro_ros_msgs/micro_ros_msgs/msg/rosidl_typesupport_fastrtps_cpp__visibility_control.h
[1.736s] -- Up-to-date: /home/chino/brazo_ws/install/micro_ros_msgs/include/micro_ros_msgs/micro_ros_msgs/msg/detail
[1.737s] -- Up-to-date: /home/chino/brazo_ws/install/micro_ros_msgs/include/micro_ros_msgs/micro_ros_msgs/msg/detail/graph__rosidl_typesupport_fastrtps_cpp.hpp
[1.737s] -- Up-to-date: /home/chino/brazo_ws/install/micro_ros_msgs/include/micro_ros_msgs/micro_ros_msgs/msg/detail/dds_fastrtps
[1.737s] -- Up-to-date: /home/chino/brazo_ws/install/micro_ros_msgs/include/micro_ros_msgs/micro_ros_msgs/msg/detail/entity__rosidl_typesupport_fastrtps_cpp.hpp
[1.738s] -- Up-to-date: /home/chino/brazo_ws/install/micro_ros_msgs/include/micro_ros_msgs/micro_ros_msgs/msg/detail/node__rosidl_typesupport_fastrtps_cpp.hpp
[1.738s] -- Up-to-date: /home/chino/brazo_ws/install/micro_ros_msgs/lib/libmicro_ros_msgs__rosidl_typesupport_fastrtps_cpp.so
[1.738s] -- Up-to-date: /home/chino/brazo_ws/install/micro_ros_msgs/include/micro_ros_msgs/micro_ros_msgs
[1.739s] -- Up-to-date: /home/chino/brazo_ws/install/micro_ros_msgs/include/micro_ros_msgs/micro_ros_msgs/msg
[1.739s] -- Up-to-date: /home/chino/brazo_ws/install/micro_ros_msgs/include/micro_ros_msgs/micro_ros_msgs/msg/detail
[1.739s] -- Up-to-date: /home/chino/brazo_ws/install/micro_ros_msgs/include/micro_ros_msgs/micro_ros_msgs/msg/detail/graph__rosidl_typesupport_introspection_cpp.hpp
[1.740s] -- Up-to-date: /home/chino/brazo_ws/install/micro_ros_msgs/include/micro_ros_msgs/micro_ros_msgs/msg/detail/node__rosidl_typesupport_introspection_cpp.hpp
[1.740s] -- Up-to-date: /home/chino/brazo_ws/install/micro_ros_msgs/include/micro_ros_msgs/micro_ros_msgs/msg/detail/graph__type_support.cpp
[1.741s] -- Up-to-date: /home/chino/brazo_ws/install/micro_ros_msgs/include/micro_ros_msgs/micro_ros_msgs/msg/detail/entity__rosidl_typesupport_introspection_cpp.hpp
[1.741s] -- Up-to-date: /home/chino/brazo_ws/install/micro_ros_msgs/include/micro_ros_msgs/micro_ros_msgs/msg/detail/entity__type_support.cpp
[1.741s] -- Up-to-date: /home/chino/brazo_ws/install/micro_ros_msgs/include/micro_ros_msgs/micro_ros_msgs/msg/detail/node__type_support.cpp
[1.742s] -- Up-to-date: /home/chino/brazo_ws/install/micro_ros_msgs/lib/libmicro_ros_msgs__rosidl_typesupport_introspection_cpp.so
[1.742s] -- Up-to-date: /home/chino/brazo_ws/install/micro_ros_msgs/lib/libmicro_ros_msgs__rosidl_typesupport_cpp.so
[1.743s] -- Up-to-date: /home/chino/brazo_ws/install/micro_ros_msgs/share/micro_ros_msgs/environment/pythonpath.sh
[1.743s] -- Up-to-date: /home/chino/brazo_ws/install/micro_ros_msgs/share/micro_ros_msgs/environment/pythonpath.dsv
[1.743s] -- Up-to-date: /home/chino/brazo_ws/install/micro_ros_msgs/local/lib/python3.10/dist-packages/micro_ros_msgs-3.0.1-py3.10.egg-info
[1.744s] -- Installing: /home/chino/brazo_ws/install/micro_ros_msgs/local/lib/python3.10/dist-packages/micro_ros_msgs-3.0.1-py3.10.egg-info/dependency_links.txt
[1.744s] -- Installing: /home/chino/brazo_ws/install/micro_ros_msgs/local/lib/python3.10/dist-packages/micro_ros_msgs-3.0.1-py3.10.egg-info/SOURCES.txt
[1.744s] -- Installing: /home/chino/brazo_ws/install/micro_ros_msgs/local/lib/python3.10/dist-packages/micro_ros_msgs-3.0.1-py3.10.egg-info/top_level.txt
[1.745s] -- Installing: /home/chino/brazo_ws/install/micro_ros_msgs/local/lib/python3.10/dist-packages/micro_ros_msgs-3.0.1-py3.10.egg-info/PKG-INFO
[1.745s] -- Up-to-date: /home/chino/brazo_ws/install/micro_ros_msgs/local/lib/python3.10/dist-packages/micro_ros_msgs
[1.746s] -- Up-to-date: /home/chino/brazo_ws/install/micro_ros_msgs/local/lib/python3.10/dist-packages/micro_ros_msgs/_micro_ros_msgs_s.ep.rosidl_typesupport_c.c
[1.746s] -- Up-to-date: /home/chino/brazo_ws/install/micro_ros_msgs/local/lib/python3.10/dist-packages/micro_ros_msgs/micro_ros_msgs_s__rosidl_typesupport_introspection_c.cpython-310-x86_64-linux-gnu.so
[1.746s] -- Up-to-date: /home/chino/brazo_ws/install/micro_ros_msgs/local/lib/python3.10/dist-packages/micro_ros_msgs/_micro_ros_msgs_s.ep.rosidl_typesupport_introspection_c.c
[1.747s] -- Up-to-date: /home/chino/brazo_ws/install/micro_ros_msgs/local/lib/python3.10/dist-packages/micro_ros_msgs/__init__.py
[1.747s] -- Up-to-date: /home/chino/brazo_ws/install/micro_ros_msgs/local/lib/python3.10/dist-packages/micro_ros_msgs/libmicro_ros_msgs__rosidl_generator_py.so
[1.747s] -- Up-to-date: /home/chino/brazo_ws/install/micro_ros_msgs/local/lib/python3.10/dist-packages/micro_ros_msgs/msg
[1.748s] -- Up-to-date: /home/chino/brazo_ws/install/micro_ros_msgs/local/lib/python3.10/dist-packages/micro_ros_msgs/msg/_entity.py
[1.748s] -- Up-to-date: /home/chino/brazo_ws/install/micro_ros_msgs/local/lib/python3.10/dist-packages/micro_ros_msgs/msg/_graph.py
[1.749s] -- Up-to-date: /home/chino/brazo_ws/install/micro_ros_msgs/local/lib/python3.10/dist-packages/micro_ros_msgs/msg/_graph_s.c
[1.749s] -- Up-to-date: /home/chino/brazo_ws/install/micro_ros_msgs/local/lib/python3.10/dist-packages/micro_ros_msgs/msg/_entity_s.c
[1.750s] -- Up-to-date: /home/chino/brazo_ws/install/micro_ros_msgs/local/lib/python3.10/dist-packages/micro_ros_msgs/msg/_node.py
[1.750s] -- Up-to-date: /home/chino/brazo_ws/install/micro_ros_msgs/local/lib/python3.10/dist-packages/micro_ros_msgs/msg/__init__.py
[1.750s] -- Up-to-date: /home/chino/brazo_ws/install/micro_ros_msgs/local/lib/python3.10/dist-packages/micro_ros_msgs/msg/_node_s.c
[1.751s] -- Up-to-date: /home/chino/brazo_ws/install/micro_ros_msgs/local/lib/python3.10/dist-packages/micro_ros_msgs/micro_ros_msgs_s__rosidl_typesupport_c.cpython-310-x86_64-linux-gnu.so
[1.751s] -- Up-to-date: /home/chino/brazo_ws/install/micro_ros_msgs/local/lib/python3.10/dist-packages/micro_ros_msgs/_micro_ros_msgs_s.ep.rosidl_typesupport_fastrtps_c.c
[1.751s] -- Up-to-date: /home/chino/brazo_ws/install/micro_ros_msgs/local/lib/python3.10/dist-packages/micro_ros_msgs/micro_ros_msgs_s__rosidl_typesupport_fastrtps_c.cpython-310-x86_64-linux-gnu.so
[1.752s] Listing '/home/chino/brazo_ws/install/micro_ros_msgs/local/lib/python3.10/dist-packages/micro_ros_msgs'...
[1.752s] Listing '/home/chino/brazo_ws/install/micro_ros_msgs/local/lib/python3.10/dist-packages/micro_ros_msgs/msg'...
[1.753s] -- Up-to-date: /home/chino/brazo_ws/install/micro_ros_msgs/local/lib/python3.10/dist-packages/micro_ros_msgs/micro_ros_msgs_s__rosidl_typesupport_fastrtps_c.cpython-310-x86_64-linux-gnu.so
[1.753s] -- Up-to-date: /home/chino/brazo_ws/install/micro_ros_msgs/local/lib/python3.10/dist-packages/micro_ros_msgs/micro_ros_msgs_s__rosidl_typesupport_introspection_c.cpython-310-x86_64-linux-gnu.so
[1.753s] -- Up-to-date: /home/chino/brazo_ws/install/micro_ros_msgs/local/lib/python3.10/dist-packages/micro_ros_msgs/micro_ros_msgs_s__rosidl_typesupport_c.cpython-310-x86_64-linux-gnu.so
[1.754s] -- Up-to-date: /home/chino/brazo_ws/install/micro_ros_msgs/lib/libmicro_ros_msgs__rosidl_generator_py.so
[1.754s] -- Up-to-date: /home/chino/brazo_ws/install/micro_ros_msgs/share/micro_ros_msgs/msg/Graph.idl
[1.754s] -- Up-to-date: /home/chino/brazo_ws/install/micro_ros_msgs/share/micro_ros_msgs/msg/Node.idl
[1.755s] -- Up-to-date: /home/chino/brazo_ws/install/micro_ros_msgs/share/micro_ros_msgs/msg/Entity.idl
[1.755s] -- Up-to-date: /home/chino/brazo_ws/install/micro_ros_msgs/share/micro_ros_msgs/msg/Graph.msg
[1.755s] -- Up-to-date: /home/chino/brazo_ws/install/micro_ros_msgs/share/micro_ros_msgs/msg/Node.msg
[1.756s] -- Up-to-date: /home/chino/brazo_ws/install/micro_ros_msgs/share/micro_ros_msgs/msg/Entity.msg
[1.756s] -- Up-to-date: /home/chino/brazo_ws/install/micro_ros_msgs/share/ament_index/resource_index/package_run_dependencies/micro_ros_msgs
[1.757s] -- Up-to-date: /home/chino/brazo_ws/install/micro_ros_msgs/share/ament_index/resource_index/parent_prefix_path/micro_ros_msgs
[1.757s] -- Up-to-date: /home/chino/brazo_ws/install/micro_ros_msgs/share/micro_ros_msgs/environment/ament_prefix_path.sh
[1.758s] -- Up-to-date: /home/chino/brazo_ws/install/micro_ros_msgs/share/micro_ros_msgs/environment/ament_prefix_path.dsv
[1.758s] -- Up-to-date: /home/chino/brazo_ws/install/micro_ros_msgs/share/micro_ros_msgs/environment/path.sh
[1.758s] -- Up-to-date: /home/chino/brazo_ws/install/micro_ros_msgs/share/micro_ros_msgs/environment/path.dsv
[1.759s] -- Up-to-date: /home/chino/brazo_ws/install/micro_ros_msgs/share/micro_ros_msgs/local_setup.bash
[1.759s] -- Up-to-date: /home/chino/brazo_ws/install/micro_ros_msgs/share/micro_ros_msgs/local_setup.sh
[1.760s] -- Up-to-date: /home/chino/brazo_ws/install/micro_ros_msgs/share/micro_ros_msgs/local_setup.zsh
[1.761s] -- Up-to-date: /home/chino/brazo_ws/install/micro_ros_msgs/share/micro_ros_msgs/local_setup.dsv
[1.761s] -- Installing: /home/chino/brazo_ws/install/micro_ros_msgs/share/micro_ros_msgs/package.dsv
[1.761s] -- Up-to-date: /home/chino/brazo_ws/install/micro_ros_msgs/share/ament_index/resource_index/packages/micro_ros_msgs
[1.762s] -- Up-to-date: /home/chino/brazo_ws/install/micro_ros_msgs/share/micro_ros_msgs/cmake/export_micro_ros_msgs__rosidl_generator_cExport.cmake
[1.762s] -- Up-to-date: /home/chino/brazo_ws/install/micro_ros_msgs/share/micro_ros_msgs/cmake/export_micro_ros_msgs__rosidl_generator_cExport-noconfig.cmake
[1.763s] -- Up-to-date: /home/chino/brazo_ws/install/micro_ros_msgs/share/micro_ros_msgs/cmake/export_micro_ros_msgs__rosidl_typesupport_fastrtps_cExport.cmake
[1.763s] -- Up-to-date: /home/chino/brazo_ws/install/micro_ros_msgs/share/micro_ros_msgs/cmake/export_micro_ros_msgs__rosidl_typesupport_fastrtps_cExport-noconfig.cmake
[1.763s] -- Up-to-date: /home/chino/brazo_ws/install/micro_ros_msgs/share/micro_ros_msgs/cmake/micro_ros_msgs__rosidl_typesupport_introspection_cExport.cmake
[1.764s] -- Up-to-date: /home/chino/brazo_ws/install/micro_ros_msgs/share/micro_ros_msgs/cmake/micro_ros_msgs__rosidl_typesupport_introspection_cExport-noconfig.cmake
[1.765s] -- Up-to-date: /home/chino/brazo_ws/install/micro_ros_msgs/share/micro_ros_msgs/cmake/micro_ros_msgs__rosidl_typesupport_cExport.cmake
[1.765s] -- Up-to-date: /home/chino/brazo_ws/install/micro_ros_msgs/share/micro_ros_msgs/cmake/micro_ros_msgs__rosidl_typesupport_cExport-noconfig.cmake
[1.765s] -- Up-to-date: /home/chino/brazo_ws/install/micro_ros_msgs/share/micro_ros_msgs/cmake/export_micro_ros_msgs__rosidl_generator_cppExport.cmake
[1.766s] -- Up-to-date: /home/chino/brazo_ws/install/micro_ros_msgs/share/micro_ros_msgs/cmake/export_micro_ros_msgs__rosidl_typesupport_fastrtps_cppExport.cmake
[1.766s] -- Up-to-date: /home/chino/brazo_ws/install/micro_ros_msgs/share/micro_ros_msgs/cmake/export_micro_ros_msgs__rosidl_typesupport_fastrtps_cppExport-noconfig.cmake
[1.766s] -- Up-to-date: /home/chino/brazo_ws/install/micro_ros_msgs/share/micro_ros_msgs/cmake/micro_ros_msgs__rosidl_typesupport_introspection_cppExport.cmake
[1.767s] -- Up-to-date: /home/chino/brazo_ws/install/micro_ros_msgs/share/micro_ros_msgs/cmake/micro_ros_msgs__rosidl_typesupport_introspection_cppExport-noconfig.cmake
[1.767s] -- Up-to-date: /home/chino/brazo_ws/install/micro_ros_msgs/share/micro_ros_msgs/cmake/micro_ros_msgs__rosidl_typesupport_cppExport.cmake
[1.767s] -- Up-to-date: /home/chino/brazo_ws/install/micro_ros_msgs/share/micro_ros_msgs/cmake/micro_ros_msgs__rosidl_typesupport_cppExport-noconfig.cmake
[1.768s] -- Up-to-date: /home/chino/brazo_ws/install/micro_ros_msgs/share/micro_ros_msgs/cmake/export_micro_ros_msgs__rosidl_generator_pyExport.cmake
[1.769s] -- Up-to-date: /home/chino/brazo_ws/install/micro_ros_msgs/share/micro_ros_msgs/cmake/export_micro_ros_msgs__rosidl_generator_pyExport-noconfig.cmake
[1.769s] -- Up-to-date: /home/chino/brazo_ws/install/micro_ros_msgs/share/micro_ros_msgs/cmake/rosidl_cmake-extras.cmake
[1.770s] -- Up-to-date: /home/chino/brazo_ws/install/micro_ros_msgs/share/micro_ros_msgs/cmake/ament_cmake_export_include_directories-extras.cmake
[1.770s] -- Up-to-date: /home/chino/brazo_ws/install/micro_ros_msgs/share/micro_ros_msgs/cmake/ament_cmake_export_libraries-extras.cmake
[1.770s] -- Up-to-date: /home/chino/brazo_ws/install/micro_ros_msgs/share/micro_ros_msgs/cmake/ament_cmake_export_targets-extras.cmake
[1.771s] -- Up-to-date: /home/chino/brazo_ws/install/micro_ros_msgs/share/micro_ros_msgs/cmake/rosidl_cmake_export_typesupport_targets-extras.cmake
[1.771s] -- Up-to-date: /home/chino/brazo_ws/install/micro_ros_msgs/share/micro_ros_msgs/cmake/ament_cmake_export_dependencies-extras.cmake
[1.771s] -- Up-to-date: /home/chino/brazo_ws/install/micro_ros_msgs/share/micro_ros_msgs/cmake/rosidl_cmake_export_typesupport_libraries-extras.cmake
[1.772s] -- Up-to-date: /home/chino/brazo_ws/install/micro_ros_msgs/share/micro_ros_msgs/cmake/micro_ros_msgsConfig.cmake
[1.772s] -- Up-to-date: /home/chino/brazo_ws/install/micro_ros_msgs/share/micro_ros_msgs/cmake/micro_ros_msgsConfig-version.cmake
[1.773s] -- Up-to-date: /home/chino/brazo_ws/install/micro_ros_msgs/share/micro_ros_msgs/package.xml
[1.786s] Invoked command in '/home/chino/brazo_ws/build/micro_ros_msgs' returned '0': CMAKE_PREFIX_PATH=/opt/ros/humble /usr/bin/cmake --install /home/chino/brazo_ws/build/micro_ros_msgs
