[0.111s] Invoking command in '/home/chino/brazo_ws/build/micro_ros_msgs': CMAKE_PREFIX_PATH=${CMAKE_PREFIX_PATH}:/home/chino/brazo_ws/install/BRAZOROBOTICO_description:/home/chino/brazo_ws/install/trajectory_publisher:/home/chino/brazo_ws/install/Trayectorias:/opt/ros/humble /usr/bin/cmake --build /home/chino/brazo_ws/build/micro_ros_msgs -- -j16 -l16
[1.790s] [ 10%] Built target micro_ros_msgs__rosidl_generator_c
[1.790s] [ 12%] Built target micro_ros_msgs__cpp
[1.791s] [ 12%] Built target ament_cmake_python_copy_micro_ros_msgs
[1.792s] [ 23%] Built target micro_ros_msgs__rosidl_typesupport_c
[1.794s] [ 34%] Built target micro_ros_msgs__rosidl_typesupport_introspection_c
[1.794s] [ 44%] Built target micro_ros_msgs__rosidl_typesupport_fastrtps_c
[1.795s] [ 55%] Built target micro_ros_msgs__rosidl_typesupport_cpp
[1.795s] [ 65%] Built target micro_ros_msgs__rosidl_typesupport_introspection_cpp
[1.795s] [ 76%] Built target micro_ros_msgs__rosidl_typesupport_fastrtps_cpp
[1.796s] [ 76%] Built target micro_ros_msgs
[1.796s] [ 78%] Built target micro_ros_msgs__py
[1.796s] [ 87%] Built target micro_ros_msgs__rosidl_generator_py
[1.797s] [ 95%] Built target micro_ros_msgs__rosidl_typesupport_c__pyext
[1.797s] [ 95%] Built target micro_ros_msgs__rosidl_typesupport_fastrtps_c__pyext
[1.797s] [100%] Built target micro_ros_msgs__rosidl_typesupport_introspection_c__pyext
[1.798s] running egg_info
[1.798s] writing micro_ros_msgs.egg-info/PKG-INFO
[1.798s] writing dependency_links to micro_ros_msgs.egg-info/dependency_links.txt
[1.798s] writing top-level names to micro_ros_msgs.egg-info/top_level.txt
[1.798s] reading manifest file 'micro_ros_msgs.egg-info/SOURCES.txt'
[1.799s] writing manifest file 'micro_ros_msgs.egg-info/SOURCES.txt'
[1.799s] [100%] Built target ament_cmake_python_build_micro_ros_msgs_egg
[2.527s] Invoked command in '/home/chino/brazo_ws/build/micro_ros_msgs' returned '0': CMAKE_PREFIX_PATH=${CMAKE_PREFIX_PATH}:/home/chino/brazo_ws/install/BRAZOROBOTICO_description:/home/chino/brazo_ws/install/trajectory_publisher:/home/chino/brazo_ws/install/Trayectorias:/opt/ros/humble /usr/bin/cmake --build /home/chino/brazo_ws/build/micro_ros_msgs -- -j16 -l16
[2.560s] Invoking command in '/home/chino/brazo_ws/build/micro_ros_msgs': CMAKE_PREFIX_PATH=${CMAKE_PREFIX_PATH}:/home/chino/brazo_ws/install/BRAZOROBOTICO_description:/home/chino/brazo_ws/install/trajectory_publisher:/home/chino/brazo_ws/install/Trayectorias:/opt/ros/humble /usr/bin/cmake --install /home/chino/brazo_ws/build/micro_ros_msgs
[2.587s] -- Install configuration: ""
[2.589s] -- Up-to-date: /home/chino/brazo_ws/install/micro_ros_msgs/share/ament_index/resource_index/rosidl_interfaces/micro_ros_msgs
[2.591s] -- Up-to-date: /home/chino/brazo_ws/install/micro_ros_msgs/include/micro_ros_msgs/micro_ros_msgs
[2.592s] -- Up-to-date: /home/chino/brazo_ws/install/micro_ros_msgs/include/micro_ros_msgs/micro_ros_msgs/msg
[2.596s] -- Up-to-date: /home/chino/brazo_ws/install/micro_ros_msgs/include/micro_ros_msgs/micro_ros_msgs/msg/rosidl_generator_c__visibility_control.h
[2.597s] -- Up-to-date: /home/chino/brazo_ws/install/micro_ros_msgs/include/micro_ros_msgs/micro_ros_msgs/msg/detail
[2.597s] -- Up-to-date: /home/chino/brazo_ws/install/micro_ros_msgs/include/micro_ros_msgs/micro_ros_msgs/msg/detail/graph__functions.c
[2.597s] -- Up-to-date: /home/chino/brazo_ws/install/micro_ros_msgs/include/micro_ros_msgs/micro_ros_msgs/msg/detail/entity__functions.c
[2.598s] -- Up-to-date: /home/chino/brazo_ws/install/micro_ros_msgs/include/micro_ros_msgs/micro_ros_msgs/msg/detail/graph__functions.h
[2.598s] -- Up-to-date: /home/chino/brazo_ws/install/micro_ros_msgs/include/micro_ros_msgs/micro_ros_msgs/msg/detail/node__struct.h
[2.598s] -- Up-to-date: /home/chino/brazo_ws/install/micro_ros_msgs/include/micro_ros_msgs/micro_ros_msgs/msg/detail/entity__struct.h
[2.598s] -- Up-to-date: /home/chino/brazo_ws/install/micro_ros_msgs/include/micro_ros_msgs/micro_ros_msgs/msg/detail/node__functions.c
[2.598s] -- Up-to-date: /home/chino/brazo_ws/install/micro_ros_msgs/include/micro_ros_msgs/micro_ros_msgs/msg/detail/graph__type_support.h
[2.598s] -- Up-to-date: /home/chino/brazo_ws/install/micro_ros_msgs/include/micro_ros_msgs/micro_ros_msgs/msg/detail/node__type_support.h
[2.599s] -- Up-to-date: /home/chino/brazo_ws/install/micro_ros_msgs/include/micro_ros_msgs/micro_ros_msgs/msg/detail/graph__struct.h
[2.601s] -- Up-to-date: /home/chino/brazo_ws/install/micro_ros_msgs/include/micro_ros_msgs/micro_ros_msgs/msg/detail/node__functions.h
[2.602s] -- Up-to-date: /home/chino/brazo_ws/install/micro_ros_msgs/include/micro_ros_msgs/micro_ros_msgs/msg/detail/entity__type_support.h
[2.606s] -- Up-to-date: /home/chino/brazo_ws/install/micro_ros_msgs/include/micro_ros_msgs/micro_ros_msgs/msg/detail/entity__functions.h
[2.608s] -- Up-to-date: /home/chino/brazo_ws/install/micro_ros_msgs/include/micro_ros_msgs/micro_ros_msgs/msg/entity.h
[2.609s] -- Up-to-date: /home/chino/brazo_ws/install/micro_ros_msgs/include/micro_ros_msgs/micro_ros_msgs/msg/node.h
[2.612s] -- Up-to-date: /home/chino/brazo_ws/install/micro_ros_msgs/include/micro_ros_msgs/micro_ros_msgs/msg/graph.h
[2.613s] -- Up-to-date: /home/chino/brazo_ws/install/micro_ros_msgs/share/micro_ros_msgs/environment/library_path.sh
[2.613s] -- Up-to-date: /home/chino/brazo_ws/install/micro_ros_msgs/share/micro_ros_msgs/environment/library_path.dsv
[2.614s] -- Up-to-date: /home/chino/brazo_ws/install/micro_ros_msgs/lib/libmicro_ros_msgs__rosidl_generator_c.so
[2.615s] -- Up-to-date: /home/chino/brazo_ws/install/micro_ros_msgs/include/micro_ros_msgs/micro_ros_msgs
[2.617s] -- Up-to-date: /home/chino/brazo_ws/install/micro_ros_msgs/include/micro_ros_msgs/micro_ros_msgs/msg
[2.618s] -- Up-to-date: /home/chino/brazo_ws/install/micro_ros_msgs/include/micro_ros_msgs/micro_ros_msgs/msg/rosidl_typesupport_fastrtps_c__visibility_control.h
[2.619s] -- Up-to-date: /home/chino/brazo_ws/install/micro_ros_msgs/include/micro_ros_msgs/micro_ros_msgs/msg/detail
[2.619s] -- Up-to-date: /home/chino/brazo_ws/install/micro_ros_msgs/include/micro_ros_msgs/micro_ros_msgs/msg/detail/entity__rosidl_typesupport_fastrtps_c.h
[2.621s] -- Up-to-date: /home/chino/brazo_ws/install/micro_ros_msgs/include/micro_ros_msgs/micro_ros_msgs/msg/detail/node__rosidl_typesupport_fastrtps_c.h
[2.622s] -- Up-to-date: /home/chino/brazo_ws/install/micro_ros_msgs/include/micro_ros_msgs/micro_ros_msgs/msg/detail/graph__rosidl_typesupport_fastrtps_c.h
[2.623s] -- Up-to-date: /home/chino/brazo_ws/install/micro_ros_msgs/lib/libmicro_ros_msgs__rosidl_typesupport_fastrtps_c.so
[2.624s] -- Up-to-date: /home/chino/brazo_ws/install/micro_ros_msgs/include/micro_ros_msgs/micro_ros_msgs
[2.625s] -- Up-to-date: /home/chino/brazo_ws/install/micro_ros_msgs/include/micro_ros_msgs/micro_ros_msgs/msg
[2.625s] -- Up-to-date: /home/chino/brazo_ws/install/micro_ros_msgs/include/micro_ros_msgs/micro_ros_msgs/msg/rosidl_typesupport_introspection_c__visibility_control.h
[2.627s] -- Up-to-date: /home/chino/brazo_ws/install/micro_ros_msgs/include/micro_ros_msgs/micro_ros_msgs/msg/detail
[2.628s] -- Up-to-date: /home/chino/brazo_ws/install/micro_ros_msgs/include/micro_ros_msgs/micro_ros_msgs/msg/detail/entity__type_support.c
[2.629s] -- Up-to-date: /home/chino/brazo_ws/install/micro_ros_msgs/include/micro_ros_msgs/micro_ros_msgs/msg/detail/node__rosidl_typesupport_introspection_c.h
[2.630s] -- Up-to-date: /home/chino/brazo_ws/install/micro_ros_msgs/include/micro_ros_msgs/micro_ros_msgs/msg/detail/entity__rosidl_typesupport_introspection_c.h
[2.632s] -- Up-to-date: /home/chino/brazo_ws/install/micro_ros_msgs/include/micro_ros_msgs/micro_ros_msgs/msg/detail/graph__rosidl_typesupport_introspection_c.h
[2.633s] -- Up-to-date: /home/chino/brazo_ws/install/micro_ros_msgs/include/micro_ros_msgs/micro_ros_msgs/msg/detail/graph__type_support.c
[2.634s] -- Up-to-date: /home/chino/brazo_ws/install/micro_ros_msgs/include/micro_ros_msgs/micro_ros_msgs/msg/detail/node__type_support.c
[2.634s] -- Up-to-date: /home/chino/brazo_ws/install/micro_ros_msgs/lib/libmicro_ros_msgs__rosidl_typesupport_introspection_c.so
[2.635s] -- Up-to-date: /home/chino/brazo_ws/install/micro_ros_msgs/lib/libmicro_ros_msgs__rosidl_typesupport_c.so
[2.636s] -- Up-to-date: /home/chino/brazo_ws/install/micro_ros_msgs/include/micro_ros_msgs/micro_ros_msgs
[2.636s] -- Up-to-date: /home/chino/brazo_ws/install/micro_ros_msgs/include/micro_ros_msgs/micro_ros_msgs/msg
[2.637s] -- Up-to-date: /home/chino/brazo_ws/install/micro_ros_msgs/include/micro_ros_msgs/micro_ros_msgs/msg/graph.hpp
[2.638s] -- Up-to-date: /home/chino/brazo_ws/install/micro_ros_msgs/include/micro_ros_msgs/micro_ros_msgs/msg/detail
[2.638s] -- Up-to-date: /home/chino/brazo_ws/install/micro_ros_msgs/include/micro_ros_msgs/micro_ros_msgs/msg/detail/graph__struct.hpp
[2.639s] -- Up-to-date: /home/chino/brazo_ws/install/micro_ros_msgs/include/micro_ros_msgs/micro_ros_msgs/msg/detail/entity__traits.hpp
[2.639s] -- Up-to-date: /home/chino/brazo_ws/install/micro_ros_msgs/include/micro_ros_msgs/micro_ros_msgs/msg/detail/entity__struct.hpp
[2.640s] -- Up-to-date: /home/chino/brazo_ws/install/micro_ros_msgs/include/micro_ros_msgs/micro_ros_msgs/msg/detail/entity__type_support.hpp
[2.640s] -- Up-to-date: /home/chino/brazo_ws/install/micro_ros_msgs/include/micro_ros_msgs/micro_ros_msgs/msg/detail/node__type_support.hpp
[2.641s] -- Up-to-date: /home/chino/brazo_ws/install/micro_ros_msgs/include/micro_ros_msgs/micro_ros_msgs/msg/detail/entity__builder.hpp
[2.643s] -- Up-to-date: /home/chino/brazo_ws/install/micro_ros_msgs/include/micro_ros_msgs/micro_ros_msgs/msg/detail/graph__type_support.hpp
[2.644s] -- Up-to-date: /home/chino/brazo_ws/install/micro_ros_msgs/include/micro_ros_msgs/micro_ros_msgs/msg/detail/graph__builder.hpp
[2.645s] -- Up-to-date: /home/chino/brazo_ws/install/micro_ros_msgs/include/micro_ros_msgs/micro_ros_msgs/msg/detail/node__traits.hpp
[2.646s] -- Up-to-date: /home/chino/brazo_ws/install/micro_ros_msgs/include/micro_ros_msgs/micro_ros_msgs/msg/detail/node__struct.hpp
[2.647s] -- Up-to-date: /home/chino/brazo_ws/install/micro_ros_msgs/include/micro_ros_msgs/micro_ros_msgs/msg/detail/node__builder.hpp
[2.648s] -- Up-to-date: /home/chino/brazo_ws/install/micro_ros_msgs/include/micro_ros_msgs/micro_ros_msgs/msg/detail/graph__traits.hpp
[2.649s] -- Up-to-date: /home/chino/brazo_ws/install/micro_ros_msgs/include/micro_ros_msgs/micro_ros_msgs/msg/node.hpp
[2.650s] -- Up-to-date: /home/chino/brazo_ws/install/micro_ros_msgs/include/micro_ros_msgs/micro_ros_msgs/msg/entity.hpp
[2.651s] -- Up-to-date: /home/chino/brazo_ws/install/micro_ros_msgs/include/micro_ros_msgs/micro_ros_msgs/msg/rosidl_generator_cpp__visibility_control.hpp
[2.652s] -- Up-to-date: /home/chino/brazo_ws/install/micro_ros_msgs/include/micro_ros_msgs/micro_ros_msgs
[2.652s] -- Up-to-date: /home/chino/brazo_ws/install/micro_ros_msgs/include/micro_ros_msgs/micro_ros_msgs/msg
[2.653s] -- Up-to-date: /home/chino/brazo_ws/install/micro_ros_msgs/include/micro_ros_msgs/micro_ros_msgs/msg/rosidl_typesupport_fastrtps_cpp__visibility_control.h
[2.653s] -- Up-to-date: /home/chino/brazo_ws/install/micro_ros_msgs/include/micro_ros_msgs/micro_ros_msgs/msg/detail
[2.653s] -- Up-to-date: /home/chino/brazo_ws/install/micro_ros_msgs/include/micro_ros_msgs/micro_ros_msgs/msg/detail/graph__rosidl_typesupport_fastrtps_cpp.hpp
[2.654s] -- Up-to-date: /home/chino/brazo_ws/install/micro_ros_msgs/include/micro_ros_msgs/micro_ros_msgs/msg/detail/dds_fastrtps
[2.654s] -- Up-to-date: /home/chino/brazo_ws/install/micro_ros_msgs/include/micro_ros_msgs/micro_ros_msgs/msg/detail/entity__rosidl_typesupport_fastrtps_cpp.hpp
[2.654s] -- Up-to-date: /home/chino/brazo_ws/install/micro_ros_msgs/include/micro_ros_msgs/micro_ros_msgs/msg/detail/node__rosidl_typesupport_fastrtps_cpp.hpp
[2.655s] -- Up-to-date: /home/chino/brazo_ws/install/micro_ros_msgs/lib/libmicro_ros_msgs__rosidl_typesupport_fastrtps_cpp.so
[2.655s] -- Up-to-date: /home/chino/brazo_ws/install/micro_ros_msgs/include/micro_ros_msgs/micro_ros_msgs
[2.655s] -- Up-to-date: /home/chino/brazo_ws/install/micro_ros_msgs/include/micro_ros_msgs/micro_ros_msgs/msg
[2.656s] -- Up-to-date: /home/chino/brazo_ws/install/micro_ros_msgs/include/micro_ros_msgs/micro_ros_msgs/msg/detail
[2.657s] -- Up-to-date: /home/chino/brazo_ws/install/micro_ros_msgs/include/micro_ros_msgs/micro_ros_msgs/msg/detail/graph__rosidl_typesupport_introspection_cpp.hpp
[2.659s] -- Up-to-date: /home/chino/brazo_ws/install/micro_ros_msgs/include/micro_ros_msgs/micro_ros_msgs/msg/detail/node__rosidl_typesupport_introspection_cpp.hpp
[2.661s] -- Up-to-date: /home/chino/brazo_ws/install/micro_ros_msgs/include/micro_ros_msgs/micro_ros_msgs/msg/detail/graph__type_support.cpp
[2.664s] -- Up-to-date: /home/chino/brazo_ws/install/micro_ros_msgs/include/micro_ros_msgs/micro_ros_msgs/msg/detail/entity__rosidl_typesupport_introspection_cpp.hpp
[2.665s] -- Up-to-date: /home/chino/brazo_ws/install/micro_ros_msgs/include/micro_ros_msgs/micro_ros_msgs/msg/detail/entity__type_support.cpp
[2.666s] -- Up-to-date: /home/chino/brazo_ws/install/micro_ros_msgs/include/micro_ros_msgs/micro_ros_msgs/msg/detail/node__type_support.cpp
[2.676s] -- Up-to-date: /home/chino/brazo_ws/install/micro_ros_msgs/lib/libmicro_ros_msgs__rosidl_typesupport_introspection_cpp.so
[2.693s] -- Up-to-date: /home/chino/brazo_ws/install/micro_ros_msgs/lib/libmicro_ros_msgs__rosidl_typesupport_cpp.so
[2.695s] -- Up-to-date: /home/chino/brazo_ws/install/micro_ros_msgs/share/micro_ros_msgs/environment/pythonpath.sh
[2.696s] -- Up-to-date: /home/chino/brazo_ws/install/micro_ros_msgs/share/micro_ros_msgs/environment/pythonpath.dsv
[2.697s] -- Up-to-date: /home/chino/brazo_ws/install/micro_ros_msgs/local/lib/python3.10/dist-packages/micro_ros_msgs-3.0.1-py3.10.egg-info
[2.698s] -- Installing: /home/chino/brazo_ws/install/micro_ros_msgs/local/lib/python3.10/dist-packages/micro_ros_msgs-3.0.1-py3.10.egg-info/dependency_links.txt
[2.698s] -- Installing: /home/chino/brazo_ws/install/micro_ros_msgs/local/lib/python3.10/dist-packages/micro_ros_msgs-3.0.1-py3.10.egg-info/SOURCES.txt
[2.700s] -- Installing: /home/chino/brazo_ws/install/micro_ros_msgs/local/lib/python3.10/dist-packages/micro_ros_msgs-3.0.1-py3.10.egg-info/top_level.txt
[2.701s] -- Installing: /home/chino/brazo_ws/install/micro_ros_msgs/local/lib/python3.10/dist-packages/micro_ros_msgs-3.0.1-py3.10.egg-info/PKG-INFO
[2.702s] -- Up-to-date: /home/chino/brazo_ws/install/micro_ros_msgs/local/lib/python3.10/dist-packages/micro_ros_msgs
[2.703s] -- Up-to-date: /home/chino/brazo_ws/install/micro_ros_msgs/local/lib/python3.10/dist-packages/micro_ros_msgs/_micro_ros_msgs_s.ep.rosidl_typesupport_c.c
[2.704s] -- Up-to-date: /home/chino/brazo_ws/install/micro_ros_msgs/local/lib/python3.10/dist-packages/micro_ros_msgs/micro_ros_msgs_s__rosidl_typesupport_introspection_c.cpython-310-x86_64-linux-gnu.so
[2.706s] -- Up-to-date: /home/chino/brazo_ws/install/micro_ros_msgs/local/lib/python3.10/dist-packages/micro_ros_msgs/_micro_ros_msgs_s.ep.rosidl_typesupport_introspection_c.c
[2.707s] -- Up-to-date: /home/chino/brazo_ws/install/micro_ros_msgs/local/lib/python3.10/dist-packages/micro_ros_msgs/__init__.py
[2.710s] -- Up-to-date: /home/chino/brazo_ws/install/micro_ros_msgs/local/lib/python3.10/dist-packages/micro_ros_msgs/libmicro_ros_msgs__rosidl_generator_py.so
[2.712s] -- Up-to-date: /home/chino/brazo_ws/install/micro_ros_msgs/local/lib/python3.10/dist-packages/micro_ros_msgs/msg
[2.713s] -- Up-to-date: /home/chino/brazo_ws/install/micro_ros_msgs/local/lib/python3.10/dist-packages/micro_ros_msgs/msg/_entity.py
[2.715s] -- Up-to-date: /home/chino/brazo_ws/install/micro_ros_msgs/local/lib/python3.10/dist-packages/micro_ros_msgs/msg/_graph.py
[2.716s] -- Up-to-date: /home/chino/brazo_ws/install/micro_ros_msgs/local/lib/python3.10/dist-packages/micro_ros_msgs/msg/_graph_s.c
[2.719s] -- Up-to-date: /home/chino/brazo_ws/install/micro_ros_msgs/local/lib/python3.10/dist-packages/micro_ros_msgs/msg/_entity_s.c
[2.720s] -- Up-to-date: /home/chino/brazo_ws/install/micro_ros_msgs/local/lib/python3.10/dist-packages/micro_ros_msgs/msg/_node.py
[2.721s] -- Up-to-date: /home/chino/brazo_ws/install/micro_ros_msgs/local/lib/python3.10/dist-packages/micro_ros_msgs/msg/__init__.py
[2.724s] -- Up-to-date: /home/chino/brazo_ws/install/micro_ros_msgs/local/lib/python3.10/dist-packages/micro_ros_msgs/msg/_node_s.c
[2.727s] -- Up-to-date: /home/chino/brazo_ws/install/micro_ros_msgs/local/lib/python3.10/dist-packages/micro_ros_msgs/micro_ros_msgs_s__rosidl_typesupport_c.cpython-310-x86_64-linux-gnu.so
[2.727s] -- Up-to-date: /home/chino/brazo_ws/install/micro_ros_msgs/local/lib/python3.10/dist-packages/micro_ros_msgs/_micro_ros_msgs_s.ep.rosidl_typesupport_fastrtps_c.c
[2.729s] -- Up-to-date: /home/chino/brazo_ws/install/micro_ros_msgs/local/lib/python3.10/dist-packages/micro_ros_msgs/micro_ros_msgs_s__rosidl_typesupport_fastrtps_c.cpython-310-x86_64-linux-gnu.so
[2.941s] Listing '/home/chino/brazo_ws/install/micro_ros_msgs/local/lib/python3.10/dist-packages/micro_ros_msgs'...
[2.943s] Listing '/home/chino/brazo_ws/install/micro_ros_msgs/local/lib/python3.10/dist-packages/micro_ros_msgs/msg'...
[2.943s] -- Up-to-date: /home/chino/brazo_ws/install/micro_ros_msgs/local/lib/python3.10/dist-packages/micro_ros_msgs/micro_ros_msgs_s__rosidl_typesupport_fastrtps_c.cpython-310-x86_64-linux-gnu.so
[2.944s] -- Up-to-date: /home/chino/brazo_ws/install/micro_ros_msgs/local/lib/python3.10/dist-packages/micro_ros_msgs/micro_ros_msgs_s__rosidl_typesupport_introspection_c.cpython-310-x86_64-linux-gnu.so
[2.945s] -- Up-to-date: /home/chino/brazo_ws/install/micro_ros_msgs/local/lib/python3.10/dist-packages/micro_ros_msgs/micro_ros_msgs_s__rosidl_typesupport_c.cpython-310-x86_64-linux-gnu.so
[2.945s] -- Up-to-date: /home/chino/brazo_ws/install/micro_ros_msgs/lib/libmicro_ros_msgs__rosidl_generator_py.so
[2.946s] -- Up-to-date: /home/chino/brazo_ws/install/micro_ros_msgs/share/micro_ros_msgs/msg/Graph.idl
[2.947s] -- Up-to-date: /home/chino/brazo_ws/install/micro_ros_msgs/share/micro_ros_msgs/msg/Node.idl
[2.947s] -- Up-to-date: /home/chino/brazo_ws/install/micro_ros_msgs/share/micro_ros_msgs/msg/Entity.idl
[2.948s] -- Up-to-date: /home/chino/brazo_ws/install/micro_ros_msgs/share/micro_ros_msgs/msg/Graph.msg
[2.949s] -- Up-to-date: /home/chino/brazo_ws/install/micro_ros_msgs/share/micro_ros_msgs/msg/Node.msg
[2.949s] -- Up-to-date: /home/chino/brazo_ws/install/micro_ros_msgs/share/micro_ros_msgs/msg/Entity.msg
[2.950s] -- Up-to-date: /home/chino/brazo_ws/install/micro_ros_msgs/share/ament_index/resource_index/package_run_dependencies/micro_ros_msgs
[2.951s] -- Up-to-date: /home/chino/brazo_ws/install/micro_ros_msgs/share/ament_index/resource_index/parent_prefix_path/micro_ros_msgs
[2.952s] -- Up-to-date: /home/chino/brazo_ws/install/micro_ros_msgs/share/micro_ros_msgs/environment/ament_prefix_path.sh
[2.953s] -- Up-to-date: /home/chino/brazo_ws/install/micro_ros_msgs/share/micro_ros_msgs/environment/ament_prefix_path.dsv
[2.954s] -- Up-to-date: /home/chino/brazo_ws/install/micro_ros_msgs/share/micro_ros_msgs/environment/path.sh
[2.955s] -- Up-to-date: /home/chino/brazo_ws/install/micro_ros_msgs/share/micro_ros_msgs/environment/path.dsv
[2.956s] -- Up-to-date: /home/chino/brazo_ws/install/micro_ros_msgs/share/micro_ros_msgs/local_setup.bash
[2.957s] -- Up-to-date: /home/chino/brazo_ws/install/micro_ros_msgs/share/micro_ros_msgs/local_setup.sh
[2.958s] -- Up-to-date: /home/chino/brazo_ws/install/micro_ros_msgs/share/micro_ros_msgs/local_setup.zsh
[2.959s] -- Up-to-date: /home/chino/brazo_ws/install/micro_ros_msgs/share/micro_ros_msgs/local_setup.dsv
[2.959s] -- Installing: /home/chino/brazo_ws/install/micro_ros_msgs/share/micro_ros_msgs/package.dsv
[2.960s] -- Up-to-date: /home/chino/brazo_ws/install/micro_ros_msgs/share/ament_index/resource_index/packages/micro_ros_msgs
[2.961s] -- Up-to-date: /home/chino/brazo_ws/install/micro_ros_msgs/share/micro_ros_msgs/cmake/export_micro_ros_msgs__rosidl_generator_cExport.cmake
[2.962s] -- Up-to-date: /home/chino/brazo_ws/install/micro_ros_msgs/share/micro_ros_msgs/cmake/export_micro_ros_msgs__rosidl_generator_cExport-noconfig.cmake
[2.963s] -- Up-to-date: /home/chino/brazo_ws/install/micro_ros_msgs/share/micro_ros_msgs/cmake/export_micro_ros_msgs__rosidl_typesupport_fastrtps_cExport.cmake
[2.963s] -- Up-to-date: /home/chino/brazo_ws/install/micro_ros_msgs/share/micro_ros_msgs/cmake/export_micro_ros_msgs__rosidl_typesupport_fastrtps_cExport-noconfig.cmake
[2.964s] -- Up-to-date: /home/chino/brazo_ws/install/micro_ros_msgs/share/micro_ros_msgs/cmake/micro_ros_msgs__rosidl_typesupport_introspection_cExport.cmake
[2.965s] -- Up-to-date: /home/chino/brazo_ws/install/micro_ros_msgs/share/micro_ros_msgs/cmake/micro_ros_msgs__rosidl_typesupport_introspection_cExport-noconfig.cmake
[2.965s] -- Up-to-date: /home/chino/brazo_ws/install/micro_ros_msgs/share/micro_ros_msgs/cmake/micro_ros_msgs__rosidl_typesupport_cExport.cmake
[2.966s] -- Up-to-date: /home/chino/brazo_ws/install/micro_ros_msgs/share/micro_ros_msgs/cmake/micro_ros_msgs__rosidl_typesupport_cExport-noconfig.cmake
[2.967s] -- Up-to-date: /home/chino/brazo_ws/install/micro_ros_msgs/share/micro_ros_msgs/cmake/export_micro_ros_msgs__rosidl_generator_cppExport.cmake
[2.968s] -- Up-to-date: /home/chino/brazo_ws/install/micro_ros_msgs/share/micro_ros_msgs/cmake/export_micro_ros_msgs__rosidl_typesupport_fastrtps_cppExport.cmake
[2.969s] -- Up-to-date: /home/chino/brazo_ws/install/micro_ros_msgs/share/micro_ros_msgs/cmake/export_micro_ros_msgs__rosidl_typesupport_fastrtps_cppExport-noconfig.cmake
[2.969s] -- Up-to-date: /home/chino/brazo_ws/install/micro_ros_msgs/share/micro_ros_msgs/cmake/micro_ros_msgs__rosidl_typesupport_introspection_cppExport.cmake
[2.970s] -- Up-to-date: /home/chino/brazo_ws/install/micro_ros_msgs/share/micro_ros_msgs/cmake/micro_ros_msgs__rosidl_typesupport_introspection_cppExport-noconfig.cmake
[2.971s] -- Up-to-date: /home/chino/brazo_ws/install/micro_ros_msgs/share/micro_ros_msgs/cmake/micro_ros_msgs__rosidl_typesupport_cppExport.cmake
[2.972s] -- Up-to-date: /home/chino/brazo_ws/install/micro_ros_msgs/share/micro_ros_msgs/cmake/micro_ros_msgs__rosidl_typesupport_cppExport-noconfig.cmake
[2.972s] -- Up-to-date: /home/chino/brazo_ws/install/micro_ros_msgs/share/micro_ros_msgs/cmake/export_micro_ros_msgs__rosidl_generator_pyExport.cmake
[2.973s] -- Up-to-date: /home/chino/brazo_ws/install/micro_ros_msgs/share/micro_ros_msgs/cmake/export_micro_ros_msgs__rosidl_generator_pyExport-noconfig.cmake
[2.974s] -- Up-to-date: /home/chino/brazo_ws/install/micro_ros_msgs/share/micro_ros_msgs/cmake/rosidl_cmake-extras.cmake
[2.975s] -- Up-to-date: /home/chino/brazo_ws/install/micro_ros_msgs/share/micro_ros_msgs/cmake/ament_cmake_export_include_directories-extras.cmake
[2.976s] -- Up-to-date: /home/chino/brazo_ws/install/micro_ros_msgs/share/micro_ros_msgs/cmake/ament_cmake_export_libraries-extras.cmake
[2.977s] -- Up-to-date: /home/chino/brazo_ws/install/micro_ros_msgs/share/micro_ros_msgs/cmake/ament_cmake_export_targets-extras.cmake
[2.978s] -- Up-to-date: /home/chino/brazo_ws/install/micro_ros_msgs/share/micro_ros_msgs/cmake/rosidl_cmake_export_typesupport_targets-extras.cmake
[2.979s] -- Up-to-date: /home/chino/brazo_ws/install/micro_ros_msgs/share/micro_ros_msgs/cmake/ament_cmake_export_dependencies-extras.cmake
[2.980s] -- Up-to-date: /home/chino/brazo_ws/install/micro_ros_msgs/share/micro_ros_msgs/cmake/rosidl_cmake_export_typesupport_libraries-extras.cmake
[2.980s] -- Up-to-date: /home/chino/brazo_ws/install/micro_ros_msgs/share/micro_ros_msgs/cmake/micro_ros_msgsConfig.cmake
[2.981s] -- Up-to-date: /home/chino/brazo_ws/install/micro_ros_msgs/share/micro_ros_msgs/cmake/micro_ros_msgsConfig-version.cmake
[2.982s] -- Up-to-date: /home/chino/brazo_ws/install/micro_ros_msgs/share/micro_ros_msgs/package.xml
[2.990s] Invoked command in '/home/chino/brazo_ws/build/micro_ros_msgs' returned '0': CMAKE_PREFIX_PATH=${CMAKE_PREFIX_PATH}:/home/chino/brazo_ws/install/BRAZOROBOTICO_description:/home/chino/brazo_ws/install/trajectory_publisher:/home/chino/brazo_ws/install/Trayectorias:/opt/ros/humble /usr/bin/cmake --install /home/chino/brazo_ws/build/micro_ros_msgs
