[3.863s] Invoking command in '/home/chino/brazo_ws/src/Trayectorias': PYTHONPATH=/home/chino/brazo_ws/build/Trayectorias/prefix_override:/usr/lib/python3/dist-packages/colcon_core/task/python/colcon_distutils_commands:/home/chino/brazo_ws/install/Trayectorias/lib/python3.10/site-packages:${PYTHONPATH} /usr/bin/python3 -W ignore:setup.py install is deprecated -W ignore:easy_install command is deprecated setup.py egg_info --egg-base ../../build/Trayectorias build --build-base /home/chino/brazo_ws/build/Trayectorias/build install --record /home/chino/brazo_ws/build/Trayectorias/install.log --single-version-externally-managed install_data
[4.598s] running egg_info
[4.600s] writing ../../build/Trayectorias/Trayectorias.egg-info/PKG-INFO
[4.601s] writing dependency_links to ../../build/Trayectorias/Trayectorias.egg-info/dependency_links.txt
[4.603s] writing entry points to ../../build/Trayectorias/Trayectorias.egg-info/entry_points.txt
[4.603s] writing requirements to ../../build/Trayectorias/Trayectorias.egg-info/requires.txt
[4.604s] writing top-level names to ../../build/Trayectorias/Trayectorias.egg-info/top_level.txt
[4.610s] reading manifest file '../../build/Trayectorias/Trayectorias.egg-info/SOURCES.txt'
[4.610s] adding license file 'LICENSE'
[4.611s] writing manifest file '../../build/Trayectorias/Trayectorias.egg-info/SOURCES.txt'
[4.612s] running build
[4.612s] running build_py
[4.613s] running install
[4.614s] running install_lib
[4.618s] running install_data
[4.619s] running install_egg_info
[4.624s] removing '/home/chino/brazo_ws/install/Trayectorias/lib/python3.10/site-packages/Trayectorias-0.0.0-py3.10.egg-info' (and everything under it)
[4.625s] Copying ../../build/Trayectorias/Trayectorias.egg-info to /home/chino/brazo_ws/install/Trayectorias/lib/python3.10/site-packages/Trayectorias-0.0.0-py3.10.egg-info
[4.634s] running install_scripts
[4.693s] writing list of installed files to '/home/chino/brazo_ws/build/Trayectorias/install.log'
[4.814s] Invoked command in '/home/chino/brazo_ws/src/Trayectorias' returned '0': PYTHONPATH=/home/chino/brazo_ws/build/Trayectorias/prefix_override:/usr/lib/python3/dist-packages/colcon_core/task/python/colcon_distutils_commands:/home/chino/brazo_ws/install/Trayectorias/lib/python3.10/site-packages:${PYTHONPATH} /usr/bin/python3 -W ignore:setup.py install is deprecated -W ignore:easy_install command is deprecated setup.py egg_info --egg-base ../../build/Trayectorias build --build-base /home/chino/brazo_ws/build/Trayectorias/build install --record /home/chino/brazo_ws/build/Trayectorias/install.log --single-version-externally-managed install_data
