[1.518s] Invoking command in '/home/chino/brazo_ws/src/BRAZOROBOTICO_description': PYTHONPATH=/home/chino/brazo_ws/build/BRAZOROBOTICO_description/prefix_override:/usr/lib/python3/dist-packages/colcon_core/task/python/colcon_distutils_commands:/home/chino/brazo_ws/install/BRAZOROBOTICO_description/lib/python3.10/site-packages:${PYTHONPATH} /usr/bin/python3 -W ignore:setup.py install is deprecated -W ignore:easy_install command is deprecated setup.py egg_info --egg-base ../../build/BRAZOROBOTICO_description build --build-base /home/chino/brazo_ws/build/BRAZOROBOTICO_description/build install --record /home/chino/brazo_ws/build/BRAZOROBOTICO_description/install.log --single-version-externally-managed install_data
[2.135s] running egg_info
[2.136s] writing ../../build/BRAZOROBOTICO_description/BRAZOROBOTICO_description.egg-info/PKG-INFO
[2.138s] writing dependency_links to ../../build/BRAZOROBOTICO_description/BRAZOROBOTICO_description.egg-info/dependency_links.txt
[2.139s] writing entry points to ../../build/BRAZOROBOTICO_description/BRAZOROBOTICO_description.egg-info/entry_points.txt
[2.139s] writing requirements to ../../build/BRAZOROBOTICO_description/BRAZOROBOTICO_description.egg-info/requires.txt
[2.139s] writing top-level names to ../../build/BRAZOROBOTICO_description/BRAZOROBOTICO_description.egg-info/top_level.txt
[2.142s] reading manifest file '../../build/BRAZOROBOTICO_description/BRAZOROBOTICO_description.egg-info/SOURCES.txt'
[2.145s] writing manifest file '../../build/BRAZOROBOTICO_description/BRAZOROBOTICO_description.egg-info/SOURCES.txt'
[2.146s] running build
[2.147s] running build_py
[2.148s] running install
[2.148s] running install_lib
[2.150s] running install_data
[2.150s] copying package.xml -> /home/chino/brazo_ws/install/BRAZOROBOTICO_description/share/BRAZOROBOTICO_description
[2.151s] copying launch/gazebo.launch.py -> /home/chino/brazo_ws/install/BRAZOROBOTICO_description/share/BRAZOROBOTICO_description/launch
[2.153s] running install_egg_info
[2.157s] removing '/home/chino/brazo_ws/install/BRAZOROBOTICO_description/lib/python3.10/site-packages/BRAZOROBOTICO_description-0.0.0-py3.10.egg-info' (and everything under it)
[2.158s] Copying ../../build/BRAZOROBOTICO_description/BRAZOROBOTICO_description.egg-info to /home/chino/brazo_ws/install/BRAZOROBOTICO_description/lib/python3.10/site-packages/BRAZOROBOTICO_description-0.0.0-py3.10.egg-info
[2.162s] running install_scripts
[2.208s] writing list of installed files to '/home/chino/brazo_ws/build/BRAZOROBOTICO_description/install.log'
[2.247s] Invoked command in '/home/chino/brazo_ws/src/BRAZOROBOTICO_description' returned '0': PYTHONPATH=/home/chino/brazo_ws/build/BRAZOROBOTICO_description/prefix_override:/usr/lib/python3/dist-packages/colcon_core/task/python/colcon_distutils_commands:/home/chino/brazo_ws/install/BRAZOROBOTICO_description/lib/python3.10/site-packages:${PYTHONPATH} /usr/bin/python3 -W ignore:setup.py install is deprecated -W ignore:easy_install command is deprecated setup.py egg_info --egg-base ../../build/BRAZOROBOTICO_description build --build-base /home/chino/brazo_ws/build/BRAZOROBOTICO_description/build install --record /home/chino/brazo_ws/build/BRAZOROBOTICO_description/install.log --single-version-externally-managed install_data
