[1.122s] Invoking command in '/home/chino/brazo_ws/build/micro_ros_setup': CMAKE_PREFIX_PATH=/opt/ros/humble /usr/bin/cmake --build /home/chino/brazo_ws/build/micro_ros_setup -- -j16 -l16
[1.736s] Invoked command in '/home/chino/brazo_ws/build/micro_ros_setup' returned '0': CMAKE_PREFIX_PATH=/opt/ros/humble /usr/bin/cmake --build /home/chino/brazo_ws/build/micro_ros_setup -- -j16 -l16
[1.740s] Invoking command in '/home/chino/brazo_ws/build/micro_ros_setup': CMAKE_PREFIX_PATH=/opt/ros/humble /usr/bin/cmake --install /home/chino/brazo_ws/build/micro_ros_setup
[1.803s] -- Install configuration: ""
[1.804s] -- Up-to-date: /home/chino/brazo_ws/install/micro_ros_setup/share/ament_index/resource_index/package_run_dependencies/micro_ros_setup
[1.804s] -- Up-to-date: /home/chino/brazo_ws/install/micro_ros_setup/share/ament_index/resource_index/parent_prefix_path/micro_ros_setup
[1.805s] -- Up-to-date: /home/chino/brazo_ws/install/micro_ros_setup/share/micro_ros_setup/environment/ament_prefix_path.sh
[1.805s] -- Up-to-date: /home/chino/brazo_ws/install/micro_ros_setup/share/micro_ros_setup/environment/ament_prefix_path.dsv
[1.806s] -- Up-to-date: /home/chino/brazo_ws/install/micro_ros_setup/share/micro_ros_setup/environment/path.sh
[1.806s] -- Up-to-date: /home/chino/brazo_ws/install/micro_ros_setup/share/micro_ros_setup/environment/path.dsv
[1.806s] -- Up-to-date: /home/chino/brazo_ws/install/micro_ros_setup/share/micro_ros_setup/local_setup.bash
[1.807s] -- Up-to-date: /home/chino/brazo_ws/install/micro_ros_setup/share/micro_ros_setup/local_setup.sh
[1.808s] -- Up-to-date: /home/chino/brazo_ws/install/micro_ros_setup/share/micro_ros_setup/local_setup.zsh
[1.808s] -- Up-to-date: /home/chino/brazo_ws/install/micro_ros_setup/share/micro_ros_setup/local_setup.dsv
[1.808s] -- Installing: /home/chino/brazo_ws/install/micro_ros_setup/share/micro_ros_setup/package.dsv
[1.808s] -- Up-to-date: /home/chino/brazo_ws/install/micro_ros_setup/share/ament_index/resource_index/packages/micro_ros_setup
[1.809s] -- Up-to-date: /home/chino/brazo_ws/install/micro_ros_setup/share/micro_ros_setup/cmake/micro_ros_setupConfig.cmake
[1.809s] -- Up-to-date: /home/chino/brazo_ws/install/micro_ros_setup/share/micro_ros_setup/cmake/micro_ros_setupConfig-version.cmake
[1.809s] -- Up-to-date: /home/chino/brazo_ws/install/micro_ros_setup/share/micro_ros_setup/package.xml
[1.810s] -- Up-to-date: /home/chino/brazo_ws/install/micro_ros_setup/./config
[1.810s] -- Up-to-date: /home/chino/brazo_ws/install/micro_ros_setup/./config/utils.sh
[1.810s] -- Up-to-date: /home/chino/brazo_ws/install/micro_ros_setup/./config/client_ros2_packages.txt
[1.811s] -- Up-to-date: /home/chino/brazo_ws/install/micro_ros_setup/./config/client_uros_packages.repos
[1.811s] -- Up-to-date: /home/chino/brazo_ws/install/micro_ros_setup/./config/freertos
[1.811s] -- Up-to-date: /home/chino/brazo_ws/install/micro_ros_setup/./config/freertos/dev_uros_packages.repos
[1.812s] -- Up-to-date: /home/chino/brazo_ws/install/micro_ros_setup/./config/freertos/nucleo_f746zg
[1.812s] -- Up-to-date: /home/chino/brazo_ws/install/micro_ros_setup/./config/freertos/nucleo_f746zg/client_uros_packages.repos
[1.813s] -- Up-to-date: /home/chino/brazo_ws/install/micro_ros_setup/./config/freertos/nucleo_f746zg/board.repos
[1.813s] -- Up-to-date: /home/chino/brazo_ws/install/micro_ros_setup/./config/freertos/nucleo_f746zg/client-colcon.meta
[1.814s] -- Up-to-date: /home/chino/brazo_ws/install/micro_ros_setup/./config/freertos/nucleo_f746zg/create.sh
[1.814s] -- Up-to-date: /home/chino/brazo_ws/install/micro_ros_setup/./config/freertos/nucleo_f746zg/build.sh
[1.814s] -- Up-to-date: /home/chino/brazo_ws/install/micro_ros_setup/./config/freertos/nucleo_f746zg/flash.sh
[1.815s] -- Up-to-date: /home/chino/brazo_ws/install/micro_ros_setup/./config/freertos/nucleo_f746zg/package.xml
[1.815s] -- Up-to-date: /home/chino/brazo_ws/install/micro_ros_setup/./config/freertos/nucleo_f746zg/configure.sh
[1.815s] -- Up-to-date: /home/chino/brazo_ws/install/micro_ros_setup/./config/freertos/nucleo_f446re
[1.816s] -- Up-to-date: /home/chino/brazo_ws/install/micro_ros_setup/./config/freertos/nucleo_f446re/client_uros_packages.repos
[1.817s] -- Up-to-date: /home/chino/brazo_ws/install/micro_ros_setup/./config/freertos/nucleo_f446re/board.repos
[1.817s] -- Up-to-date: /home/chino/brazo_ws/install/micro_ros_setup/./config/freertos/nucleo_f446re/client-colcon.meta
[1.817s] -- Up-to-date: /home/chino/brazo_ws/install/micro_ros_setup/./config/freertos/nucleo_f446re/create.sh
[1.818s] -- Up-to-date: /home/chino/brazo_ws/install/micro_ros_setup/./config/freertos/nucleo_f446re/build.sh
[1.818s] -- Up-to-date: /home/chino/brazo_ws/install/micro_ros_setup/./config/freertos/nucleo_f446re/flash.sh
[1.819s] -- Up-to-date: /home/chino/brazo_ws/install/micro_ros_setup/./config/freertos/nucleo_f446re/package.xml
[1.819s] -- Up-to-date: /home/chino/brazo_ws/install/micro_ros_setup/./config/freertos/nucleo_f446re/configure.sh
[1.819s] -- Up-to-date: /home/chino/brazo_ws/install/micro_ros_setup/./config/freertos/olimex-stm32-e407
[1.820s] -- Up-to-date: /home/chino/brazo_ws/install/micro_ros_setup/./config/freertos/olimex-stm32-e407/client_uros_packages.repos
[1.820s] -- Up-to-date: /home/chino/brazo_ws/install/micro_ros_setup/./config/freertos/olimex-stm32-e407/board.repos
[1.820s] -- Up-to-date: /home/chino/brazo_ws/install/micro_ros_setup/./config/freertos/olimex-stm32-e407/client-colcon.meta
[1.821s] -- Up-to-date: /home/chino/brazo_ws/install/micro_ros_setup/./config/freertos/olimex-stm32-e407/create.sh
[1.821s] -- Up-to-date: /home/chino/brazo_ws/install/micro_ros_setup/./config/freertos/olimex-stm32-e407/build.sh
[1.821s] -- Up-to-date: /home/chino/brazo_ws/install/micro_ros_setup/./config/freertos/olimex-stm32-e407/flash.sh
[1.822s] -- Up-to-date: /home/chino/brazo_ws/install/micro_ros_setup/./config/freertos/olimex-stm32-e407/package.xml
[1.822s] -- Up-to-date: /home/chino/brazo_ws/install/micro_ros_setup/./config/freertos/olimex-stm32-e407/configure.sh
[1.823s] -- Up-to-date: /home/chino/brazo_ws/install/micro_ros_setup/./config/freertos/crazyflie21
[1.823s] -- Up-to-date: /home/chino/brazo_ws/install/micro_ros_setup/./config/freertos/crazyflie21/client_uros_packages.repos
[1.823s] -- Up-to-date: /home/chino/brazo_ws/install/micro_ros_setup/./config/freertos/crazyflie21/board.repos
[1.824s] -- Up-to-date: /home/chino/brazo_ws/install/micro_ros_setup/./config/freertos/crazyflie21/client-colcon.meta
[1.824s] -- Up-to-date: /home/chino/brazo_ws/install/micro_ros_setup/./config/freertos/crazyflie21/create.sh
[1.824s] -- Up-to-date: /home/chino/brazo_ws/install/micro_ros_setup/./config/freertos/crazyflie21/build.sh
[1.825s] -- Up-to-date: /home/chino/brazo_ws/install/micro_ros_setup/./config/freertos/crazyflie21/flash.sh
[1.825s] -- Up-to-date: /home/chino/brazo_ws/install/micro_ros_setup/./config/freertos/crazyflie21/package.xml
[1.826s] -- Up-to-date: /home/chino/brazo_ws/install/micro_ros_setup/./config/freertos/crazyflie21/configure.sh
[1.826s] -- Up-to-date: /home/chino/brazo_ws/install/micro_ros_setup/./config/freertos/nucleo_f446ze
[1.827s] -- Up-to-date: /home/chino/brazo_ws/install/micro_ros_setup/./config/freertos/nucleo_f446ze/client_uros_packages.repos
[1.828s] -- Up-to-date: /home/chino/brazo_ws/install/micro_ros_setup/./config/freertos/nucleo_f446ze/board.repos
[1.828s] -- Up-to-date: /home/chino/brazo_ws/install/micro_ros_setup/./config/freertos/nucleo_f446ze/client-colcon.meta
[1.829s] -- Up-to-date: /home/chino/brazo_ws/install/micro_ros_setup/./config/freertos/nucleo_f446ze/create.sh
[1.829s] -- Up-to-date: /home/chino/brazo_ws/install/micro_ros_setup/./config/freertos/nucleo_f446ze/build.sh
[1.830s] -- Up-to-date: /home/chino/brazo_ws/install/micro_ros_setup/./config/freertos/nucleo_f446ze/flash.sh
[1.830s] -- Up-to-date: /home/chino/brazo_ws/install/micro_ros_setup/./config/freertos/nucleo_f446ze/package.xml
[1.831s] -- Up-to-date: /home/chino/brazo_ws/install/micro_ros_setup/./config/freertos/nucleo_f446ze/configure.sh
[1.831s] -- Up-to-date: /home/chino/brazo_ws/install/micro_ros_setup/./config/freertos/nucleo_f767zi
[1.831s] -- Up-to-date: /home/chino/brazo_ws/install/micro_ros_setup/./config/freertos/nucleo_f767zi/client_uros_packages.repos
[1.832s] -- Up-to-date: /home/chino/brazo_ws/install/micro_ros_setup/./config/freertos/nucleo_f767zi/board.repos
[1.832s] -- Up-to-date: /home/chino/brazo_ws/install/micro_ros_setup/./config/freertos/nucleo_f767zi/client-colcon.meta
[1.832s] -- Up-to-date: /home/chino/brazo_ws/install/micro_ros_setup/./config/freertos/nucleo_f767zi/create.sh
[1.833s] -- Up-to-date: /home/chino/brazo_ws/install/micro_ros_setup/./config/freertos/nucleo_f767zi/build.sh
[1.833s] -- Up-to-date: /home/chino/brazo_ws/install/micro_ros_setup/./config/freertos/nucleo_f767zi/flash.sh
[1.834s] -- Up-to-date: /home/chino/brazo_ws/install/micro_ros_setup/./config/freertos/nucleo_f767zi/package.xml
[1.834s] -- Up-to-date: /home/chino/brazo_ws/install/micro_ros_setup/./config/freertos/nucleo_f767zi/configure.sh
[1.835s] -- Up-to-date: /home/chino/brazo_ws/install/micro_ros_setup/./config/freertos/esp32
[1.835s] -- Up-to-date: /home/chino/brazo_ws/install/micro_ros_setup/./config/freertos/esp32/client_uros_packages.repos
[1.836s] -- Up-to-date: /home/chino/brazo_ws/install/micro_ros_setup/./config/freertos/esp32/board.repos
[1.836s] -- Up-to-date: /home/chino/brazo_ws/install/micro_ros_setup/./config/freertos/esp32/client-colcon.meta
[1.836s] -- Up-to-date: /home/chino/brazo_ws/install/micro_ros_setup/./config/freertos/esp32/create.sh
[1.837s] -- Up-to-date: /home/chino/brazo_ws/install/micro_ros_setup/./config/freertos/esp32/build.sh
[1.837s] -- Up-to-date: /home/chino/brazo_ws/install/micro_ros_setup/./config/freertos/esp32/flash.sh
[1.838s] -- Up-to-date: /home/chino/brazo_ws/install/micro_ros_setup/./config/freertos/esp32/package.xml
[1.838s] -- Up-to-date: /home/chino/brazo_ws/install/micro_ros_setup/./config/freertos/esp32/configure.sh
[1.838s] -- Up-to-date: /home/chino/brazo_ws/install/micro_ros_setup/./config/freertos/esp32/README.md
[1.839s] -- Up-to-date: /home/chino/brazo_ws/install/micro_ros_setup/./config/freertos/list_apps.sh
[1.839s] -- Up-to-date: /home/chino/brazo_ws/install/micro_ros_setup/./config/freertos/dev_ros2_packages.txt
[1.839s] -- Up-to-date: /home/chino/brazo_ws/install/micro_ros_setup/./config/agent_uros_packages.repos
[1.840s] -- Up-to-date: /home/chino/brazo_ws/install/micro_ros_setup/./config/renesas_ra
[1.840s] -- Up-to-date: /home/chino/brazo_ws/install/micro_ros_setup/./config/renesas_ra/dev_uros_packages.repos
[1.840s] -- Up-to-date: /home/chino/brazo_ws/install/micro_ros_setup/./config/renesas_ra/ra6m5
[1.841s] -- Up-to-date: /home/chino/brazo_ws/install/micro_ros_setup/./config/renesas_ra/ra6m5/client_uros_packages.repos
[1.841s] -- Up-to-date: /home/chino/brazo_ws/install/micro_ros_setup/./config/renesas_ra/ra6m5/board.repos
[1.841s] -- Up-to-date: /home/chino/brazo_ws/install/micro_ros_setup/./config/renesas_ra/ra6m5/client-colcon.meta
[1.842s] -- Up-to-date: /home/chino/brazo_ws/install/micro_ros_setup/./config/renesas_ra/ra6m5/create.sh
[1.842s] -- Up-to-date: /home/chino/brazo_ws/install/micro_ros_setup/./config/renesas_ra/ra6m5/build.sh
[1.844s] -- Up-to-date: /home/chino/brazo_ws/install/micro_ros_setup/./config/renesas_ra/ra6m5/flash.sh
[1.845s] -- Up-to-date: /home/chino/brazo_ws/install/micro_ros_setup/./config/renesas_ra/ra6m5/configure.sh
[1.845s] -- Up-to-date: /home/chino/brazo_ws/install/micro_ros_setup/./config/renesas_ra/list_apps.sh
[1.845s] -- Up-to-date: /home/chino/brazo_ws/install/micro_ros_setup/./config/renesas_ra/dev_ros2_packages.txt
[1.846s] -- Up-to-date: /home/chino/brazo_ws/install/micro_ros_setup/./config/android
[1.846s] -- Up-to-date: /home/chino/brazo_ws/install/micro_ros_setup/./config/android/generic
[1.846s] -- Up-to-date: /home/chino/brazo_ws/install/micro_ros_setup/./config/android/generic/client_uros_packages.repos
[1.847s] -- Up-to-date: /home/chino/brazo_ws/install/micro_ros_setup/./config/android/generic/client-colcon.meta
[1.847s] -- Up-to-date: /home/chino/brazo_ws/install/micro_ros_setup/./config/android/generic/create.sh
[1.848s] -- Up-to-date: /home/chino/brazo_ws/install/micro_ros_setup/./config/android/generic/build.sh
[1.848s] -- Up-to-date: /home/chino/brazo_ws/install/micro_ros_setup/./config/android/generic/flash.sh
[1.848s] -- Up-to-date: /home/chino/brazo_ws/install/micro_ros_setup/./config/android/generic/package.xml
[1.849s] -- Up-to-date: /home/chino/brazo_ws/install/micro_ros_setup/./config/android/dev_uros_packages.repos
[1.849s] -- Up-to-date: /home/chino/brazo_ws/install/micro_ros_setup/./config/android/dev_ros2_packages.txt
[1.849s] -- Up-to-date: /home/chino/brazo_ws/install/micro_ros_setup/./config/agent_ros2_packages.txt
[1.850s] -- Up-to-date: /home/chino/brazo_ws/install/micro_ros_setup/./config/mbed
[1.850s] -- Up-to-date: /home/chino/brazo_ws/install/micro_ros_setup/./config/mbed/generic
[1.850s] -- Up-to-date: /home/chino/brazo_ws/install/micro_ros_setup/./config/mbed/generic/client_uros_packages.repos
[1.851s] -- Up-to-date: /home/chino/brazo_ws/install/micro_ros_setup/./config/mbed/generic/board.repos
[1.851s] -- Up-to-date: /home/chino/brazo_ws/install/micro_ros_setup/./config/mbed/generic/create.sh
[1.851s] -- Up-to-date: /home/chino/brazo_ws/install/micro_ros_setup/./config/mbed/generic/build.sh
[1.852s] -- Up-to-date: /home/chino/brazo_ws/install/micro_ros_setup/./config/mbed/generic/flash.sh
[1.852s] -- Up-to-date: /home/chino/brazo_ws/install/micro_ros_setup/./config/mbed/generic/package.xml
[1.852s] -- Up-to-date: /home/chino/brazo_ws/install/micro_ros_setup/./config/mbed/generic/supported_platforms
[1.853s] -- Up-to-date: /home/chino/brazo_ws/install/micro_ros_setup/./config/mbed/dev_uros_packages.repos
[1.853s] -- Up-to-date: /home/chino/brazo_ws/install/micro_ros_setup/./config/mbed/list_apps.sh
[1.853s] -- Up-to-date: /home/chino/brazo_ws/install/micro_ros_setup/./config/mbed/dev_ros2_packages.txt
[1.854s] -- Up-to-date: /home/chino/brazo_ws/install/micro_ros_setup/./config/zephyr
[1.854s] -- Up-to-date: /home/chino/brazo_ws/install/micro_ros_setup/./config/zephyr/generic
[1.855s] -- Up-to-date: /home/chino/brazo_ws/install/micro_ros_setup/./config/zephyr/generic/client_uros_packages.repos
[1.855s] -- Up-to-date: /home/chino/brazo_ws/install/micro_ros_setup/./config/zephyr/generic/board.repos
[1.855s] -- Up-to-date: /home/chino/brazo_ws/install/micro_ros_setup/./config/zephyr/generic/client-colcon.meta
[1.856s] -- Up-to-date: /home/chino/brazo_ws/install/micro_ros_setup/./config/zephyr/generic/create.sh
[1.856s] -- Up-to-date: /home/chino/brazo_ws/install/micro_ros_setup/./config/zephyr/generic/build.sh
[1.857s] -- Up-to-date: /home/chino/brazo_ws/install/micro_ros_setup/./config/zephyr/generic/flash.sh
[1.857s] -- Up-to-date: /home/chino/brazo_ws/install/micro_ros_setup/./config/zephyr/generic/package.xml
[1.858s] -- Up-to-date: /home/chino/brazo_ws/install/micro_ros_setup/./config/zephyr/generic/configure.sh
[1.858s] -- Up-to-date: /home/chino/brazo_ws/install/micro_ros_setup/./config/zephyr/generic/supported_platforms
[1.858s] -- Up-to-date: /home/chino/brazo_ws/install/micro_ros_setup/./config/zephyr/dev_uros_packages.repos
[1.859s] -- Up-to-date: /home/chino/brazo_ws/install/micro_ros_setup/./config/zephyr/list_apps.sh
[1.859s] -- Up-to-date: /home/chino/brazo_ws/install/micro_ros_setup/./config/zephyr/dev_ros2_packages.txt
[1.860s] -- Up-to-date: /home/chino/brazo_ws/install/micro_ros_setup/./config/host
[1.860s] -- Up-to-date: /home/chino/brazo_ws/install/micro_ros_setup/./config/host/client_ros2_packages.txt
[1.860s] -- Up-to-date: /home/chino/brazo_ws/install/micro_ros_setup/./config/host/generic
[1.861s] -- Up-to-date: /home/chino/brazo_ws/install/micro_ros_setup/./config/host/generic/client_host_packages.repos
[1.861s] -- Up-to-date: /home/chino/brazo_ws/install/micro_ros_setup/./config/host/generic/create.sh
[1.861s] -- Up-to-date: /home/chino/brazo_ws/install/micro_ros_setup/./config/host/generic/build.sh
[1.862s] -- Up-to-date: /home/chino/brazo_ws/install/micro_ros_setup/./config/host/generic/flash.sh
[1.862s] -- Up-to-date: /home/chino/brazo_ws/install/micro_ros_setup/./config/host/generic/client-host-colcon.meta
[1.862s] -- Up-to-date: /home/chino/brazo_ws/install/micro_ros_setup/./config/host/generic/package.xml
[1.862s] -- Up-to-date: /home/chino/brazo_ws/install/micro_ros_setup/./config/host/dev_uros_packages.repos
[1.863s] -- Up-to-date: /home/chino/brazo_ws/install/micro_ros_setup/./config/host/dev_ros2_packages.txt
[1.863s] -- Up-to-date: /home/chino/brazo_ws/install/micro_ros_setup/./config/generate_lib
[1.863s] -- Up-to-date: /home/chino/brazo_ws/install/micro_ros_setup/./config/generate_lib/generic
[1.864s] -- Up-to-date: /home/chino/brazo_ws/install/micro_ros_setup/./config/generate_lib/generic/client_uros_packages.repos
[1.864s] -- Up-to-date: /home/chino/brazo_ws/install/micro_ros_setup/./config/generate_lib/generic/client-colcon.meta
[1.865s] -- Up-to-date: /home/chino/brazo_ws/install/micro_ros_setup/./config/generate_lib/generic/create.sh
[1.865s] -- Up-to-date: /home/chino/brazo_ws/install/micro_ros_setup/./config/generate_lib/generic/demo_toolchain.cmake
[1.865s] -- Up-to-date: /home/chino/brazo_ws/install/micro_ros_setup/./config/generate_lib/generic/build.sh
[1.866s] -- Up-to-date: /home/chino/brazo_ws/install/micro_ros_setup/./config/generate_lib/generic/flash.sh
[1.866s] -- Up-to-date: /home/chino/brazo_ws/install/micro_ros_setup/./config/generate_lib/generic/package.xml
[1.867s] -- Up-to-date: /home/chino/brazo_ws/install/micro_ros_setup/./config/generate_lib/dev_uros_packages.repos
[1.867s] -- Up-to-date: /home/chino/brazo_ws/install/micro_ros_setup/./config/generate_lib/dev_ros2_packages.txt
[1.868s] -- Up-to-date: /home/chino/brazo_ws/install/micro_ros_setup/./config/raspbian
[1.868s] -- Up-to-date: /home/chino/brazo_ws/install/micro_ros_setup/./config/raspbian/generic
[1.868s] -- Up-to-date: /home/chino/brazo_ws/install/micro_ros_setup/./config/raspbian/generic/client_uros_packages.repos
[1.869s] -- Up-to-date: /home/chino/brazo_ws/install/micro_ros_setup/./config/raspbian/generic/client-colcon.meta
[1.869s] -- Up-to-date: /home/chino/brazo_ws/install/micro_ros_setup/./config/raspbian/generic/create.sh
[1.870s] -- Up-to-date: /home/chino/brazo_ws/install/micro_ros_setup/./config/raspbian/generic/build.sh
[1.870s] -- Up-to-date: /home/chino/brazo_ws/install/micro_ros_setup/./config/raspbian/generic/flash.sh
[1.871s] -- Up-to-date: /home/chino/brazo_ws/install/micro_ros_setup/./config/raspbian/generic/configure.sh
[1.871s] -- Up-to-date: /home/chino/brazo_ws/install/micro_ros_setup/./config/raspbian/generic/supported_platforms
[1.871s] -- Up-to-date: /home/chino/brazo_ws/install/micro_ros_setup/./config/raspbian/dev_uros_packages.repos
[1.872s] -- Up-to-date: /home/chino/brazo_ws/install/micro_ros_setup/./config/raspbian/dev_ros2_packages.txt
[1.872s] -- Up-to-date: /home/chino/brazo_ws/install/micro_ros_setup/lib/micro_ros_setup/create_ws.sh
[1.873s] -- Up-to-date: /home/chino/brazo_ws/install/micro_ros_setup/lib/micro_ros_setup/create_agent_ws.sh
[1.873s] -- Up-to-date: /home/chino/brazo_ws/install/micro_ros_setup/lib/micro_ros_setup/create_firmware_ws.sh
[1.874s] -- Up-to-date: /home/chino/brazo_ws/install/micro_ros_setup/lib/micro_ros_setup/configure_firmware.sh
[1.874s] -- Up-to-date: /home/chino/brazo_ws/install/micro_ros_setup/lib/micro_ros_setup/flash_firmware.sh
[1.875s] -- Up-to-date: /home/chino/brazo_ws/install/micro_ros_setup/lib/micro_ros_setup/build_firmware.sh
[1.875s] -- Up-to-date: /home/chino/brazo_ws/install/micro_ros_setup/lib/micro_ros_setup/build_agent.sh
[1.876s] -- Up-to-date: /home/chino/brazo_ws/install/micro_ros_setup/lib/micro_ros_setup/yaml_filter.py
[1.876s] -- Up-to-date: /home/chino/brazo_ws/install/micro_ros_setup/lib/micro_ros_setup/clean_env.sh
[1.877s] -- Up-to-date: /home/chino/brazo_ws/install/micro_ros_setup/lib/micro_ros_setup/component
[1.887s] Invoked command in '/home/chino/brazo_ws/build/micro_ros_setup' returned '0': CMAKE_PREFIX_PATH=/opt/ros/humble /usr/bin/cmake --install /home/chino/brazo_ws/build/micro_ros_setup
