running egg_info
writing ../../build/ik_bridge/ik_bridge.egg-info/PKG-INFO
writing dependency_links to ../../build/ik_bridge/ik_bridge.egg-info/dependency_links.txt
writing entry points to ../../build/ik_bridge/ik_bridge.egg-info/entry_points.txt
writing requirements to ../../build/ik_bridge/ik_bridge.egg-info/requires.txt
writing top-level names to ../../build/ik_bridge/ik_bridge.egg-info/top_level.txt
reading manifest file '../../build/ik_bridge/ik_bridge.egg-info/SOURCES.txt'
writing manifest file '../../build/ik_bridge/ik_bridge.egg-info/SOURCES.txt'
running build
running build_py
copying ik_bridge/ik_bridge_node.py -> /home/chino/brazo_ws/build/ik_bridge/build/lib/ik_bridge
copying ik_bridge/send_target.py -> /home/chino/brazo_ws/build/ik_bridge/build/lib/ik_bridge
running install
running install_lib
copying /home/chino/brazo_ws/build/ik_bridge/build/lib/ik_bridge/ik_bridge_node.py -> /home/chino/brazo_ws/install/ik_bridge/lib/python3.10/site-packages/ik_bridge
copying /home/chino/brazo_ws/build/ik_bridge/build/lib/ik_bridge/send_target.py -> /home/chino/brazo_ws/install/ik_bridge/lib/python3.10/site-packages/ik_bridge
byte-compiling /home/chino/brazo_ws/install/ik_bridge/lib/python3.10/site-packages/ik_bridge/ik_bridge_node.py to ik_bridge_node.cpython-310.pyc
byte-compiling /home/chino/brazo_ws/install/ik_bridge/lib/python3.10/site-packages/ik_bridge/send_target.py to send_target.cpython-310.pyc
running install_data
running install_egg_info
removing '/home/chino/brazo_ws/install/ik_bridge/lib/python3.10/site-packages/ik_bridge-0.0.1-py3.10.egg-info' (and everything under it)
Copying ../../build/ik_bridge/ik_bridge.egg-info to /home/chino/brazo_ws/install/ik_bridge/lib/python3.10/site-packages/ik_bridge-0.0.1-py3.10.egg-info
running install_scripts
Installing fk_node script to /home/chino/brazo_ws/install/ik_bridge/lib/ik_bridge
Installing ik_bridge_node script to /home/chino/brazo_ws/install/ik_bridge/lib/ik_bridge
Installing send_target script to /home/chino/brazo_ws/install/ik_bridge/lib/ik_bridge
writing list of installed files to '/home/chino/brazo_ws/build/ik_bridge/install.log'
