[0.111s] Invoking command in '/home/chino/brazo_ws/build/micro_ros_msgs': CMAKE_PREFIX_PATH=${CMAKE_PREFIX_PATH}:/home/chino/brazo_ws/install/trajectory_publisher:/home/chino/brazo_ws/install/Trayectorias:/opt/ros/humble /usr/bin/cmake --build /home/chino/brazo_ws/build/micro_ros_msgs -- -j16 -l16
[1.723s] [  2%] Built target micro_ros_msgs__cpp
[1.726s] [ 12%] Built target micro_ros_msgs__rosidl_generator_c
[1.728s] [ 12%] Built target ament_cmake_python_copy_micro_ros_msgs
[1.728s] [ 23%] Built target micro_ros_msgs__rosidl_typesupport_c
[1.729s] [ 34%] Built target micro_ros_msgs__rosidl_typesupport_introspection_c
[1.729s] [ 61%] Built target micro_ros_msgs__rosidl_typesupport_cpp
[1.729s] [ 70%] Built target micro_ros_msgs__rosidl_typesupport_introspection_cpp
[1.730s] [ 74%] Built target micro_ros_msgs__rosidl_typesupport_fastrtps_cpp
[1.730s] [ 76%] Built target micro_ros_msgs__rosidl_typesupport_fastrtps_c
[1.730s] [ 76%] Built target micro_ros_msgs
[1.731s] [ 78%] Built target micro_ros_msgs__py
[1.732s] [ 87%] Built target micro_ros_msgs__rosidl_generator_py
[1.732s] [ 93%] Built target micro_ros_msgs__rosidl_typesupport_introspection_c__pyext
[1.732s] [ 95%] Built target micro_ros_msgs__rosidl_typesupport_fastrtps_c__pyext
[1.733s] [100%] Built target micro_ros_msgs__rosidl_typesupport_c__pyext
[1.733s] running egg_info
[1.734s] writing micro_ros_msgs.egg-info/PKG-INFO
[1.734s] writing dependency_links to micro_ros_msgs.egg-info/dependency_links.txt
[1.734s] writing top-level names to micro_ros_msgs.egg-info/top_level.txt
[1.734s] reading manifest file 'micro_ros_msgs.egg-info/SOURCES.txt'
[1.734s] writing manifest file 'micro_ros_msgs.egg-info/SOURCES.txt'
[1.734s] [100%] Built target ament_cmake_python_build_micro_ros_msgs_egg
[1.735s] Invoked command in '/home/chino/brazo_ws/build/micro_ros_msgs' returned '0': CMAKE_PREFIX_PATH=${CMAKE_PREFIX_PATH}:/home/chino/brazo_ws/install/trajectory_publisher:/home/chino/brazo_ws/install/Trayectorias:/opt/ros/humble /usr/bin/cmake --build /home/chino/brazo_ws/build/micro_ros_msgs -- -j16 -l16
[1.754s] Invoking command in '/home/chino/brazo_ws/build/micro_ros_msgs': CMAKE_PREFIX_PATH=${CMAKE_PREFIX_PATH}:/home/chino/brazo_ws/install/trajectory_publisher:/home/chino/brazo_ws/install/Trayectorias:/opt/ros/humble /usr/bin/cmake --install /home/chino/brazo_ws/build/micro_ros_msgs
[2.583s] -- Install configuration: ""
[2.586s] -- Up-to-date: /home/chino/brazo_ws/install/micro_ros_msgs/share/ament_index/resource_index/rosidl_interfaces/micro_ros_msgs
[2.589s] -- Up-to-date: /home/chino/brazo_ws/install/micro_ros_msgs/include/micro_ros_msgs/micro_ros_msgs
[2.591s] -- Up-to-date: /home/chino/brazo_ws/install/micro_ros_msgs/include/micro_ros_msgs/micro_ros_msgs/msg
[2.592s] -- Up-to-date: /home/chino/brazo_ws/install/micro_ros_msgs/include/micro_ros_msgs/micro_ros_msgs/msg/rosidl_generator_c__visibility_control.h
[2.594s] -- Up-to-date: /home/chino/brazo_ws/install/micro_ros_msgs/include/micro_ros_msgs/micro_ros_msgs/msg/detail
[2.594s] -- Up-to-date: /home/chino/brazo_ws/install/micro_ros_msgs/include/micro_ros_msgs/micro_ros_msgs/msg/detail/graph__functions.c
[2.598s] -- Up-to-date: /home/chino/brazo_ws/install/micro_ros_msgs/include/micro_ros_msgs/micro_ros_msgs/msg/detail/entity__functions.c
[2.600s] -- Up-to-date: /home/chino/brazo_ws/install/micro_ros_msgs/include/micro_ros_msgs/micro_ros_msgs/msg/detail/graph__functions.h
[2.605s] -- Up-to-date: /home/chino/brazo_ws/install/micro_ros_msgs/include/micro_ros_msgs/micro_ros_msgs/msg/detail/node__struct.h
[2.607s] -- Up-to-date: /home/chino/brazo_ws/install/micro_ros_msgs/include/micro_ros_msgs/micro_ros_msgs/msg/detail/entity__struct.h
[2.609s] -- Up-to-date: /home/chino/brazo_ws/install/micro_ros_msgs/include/micro_ros_msgs/micro_ros_msgs/msg/detail/node__functions.c
[2.613s] -- Up-to-date: /home/chino/brazo_ws/install/micro_ros_msgs/include/micro_ros_msgs/micro_ros_msgs/msg/detail/graph__type_support.h
[2.614s] -- Up-to-date: /home/chino/brazo_ws/install/micro_ros_msgs/include/micro_ros_msgs/micro_ros_msgs/msg/detail/node__type_support.h
[2.616s] -- Up-to-date: /home/chino/brazo_ws/install/micro_ros_msgs/include/micro_ros_msgs/micro_ros_msgs/msg/detail/graph__struct.h
[2.617s] -- Up-to-date: /home/chino/brazo_ws/install/micro_ros_msgs/include/micro_ros_msgs/micro_ros_msgs/msg/detail/node__functions.h
[2.620s] -- Up-to-date: /home/chino/brazo_ws/install/micro_ros_msgs/include/micro_ros_msgs/micro_ros_msgs/msg/detail/entity__type_support.h
[2.622s] -- Up-to-date: /home/chino/brazo_ws/install/micro_ros_msgs/include/micro_ros_msgs/micro_ros_msgs/msg/detail/entity__functions.h
[2.624s] -- Up-to-date: /home/chino/brazo_ws/install/micro_ros_msgs/include/micro_ros_msgs/micro_ros_msgs/msg/entity.h
[2.625s] -- Up-to-date: /home/chino/brazo_ws/install/micro_ros_msgs/include/micro_ros_msgs/micro_ros_msgs/msg/node.h
[2.626s] -- Up-to-date: /home/chino/brazo_ws/install/micro_ros_msgs/include/micro_ros_msgs/micro_ros_msgs/msg/graph.h
[2.627s] -- Up-to-date: /home/chino/brazo_ws/install/micro_ros_msgs/share/micro_ros_msgs/environment/library_path.sh
[2.628s] -- Up-to-date: /home/chino/brazo_ws/install/micro_ros_msgs/share/micro_ros_msgs/environment/library_path.dsv
[2.629s] -- Up-to-date: /home/chino/brazo_ws/install/micro_ros_msgs/lib/libmicro_ros_msgs__rosidl_generator_c.so
[2.630s] -- Up-to-date: /home/chino/brazo_ws/install/micro_ros_msgs/include/micro_ros_msgs/micro_ros_msgs
[2.632s] -- Up-to-date: /home/chino/brazo_ws/install/micro_ros_msgs/include/micro_ros_msgs/micro_ros_msgs/msg
[2.633s] -- Up-to-date: /home/chino/brazo_ws/install/micro_ros_msgs/include/micro_ros_msgs/micro_ros_msgs/msg/rosidl_typesupport_fastrtps_c__visibility_control.h
[2.635s] -- Up-to-date: /home/chino/brazo_ws/install/micro_ros_msgs/include/micro_ros_msgs/micro_ros_msgs/msg/detail
[2.636s] -- Up-to-date: /home/chino/brazo_ws/install/micro_ros_msgs/include/micro_ros_msgs/micro_ros_msgs/msg/detail/entity__rosidl_typesupport_fastrtps_c.h
[2.637s] -- Up-to-date: /home/chino/brazo_ws/install/micro_ros_msgs/include/micro_ros_msgs/micro_ros_msgs/msg/detail/node__rosidl_typesupport_fastrtps_c.h
[2.638s] -- Up-to-date: /home/chino/brazo_ws/install/micro_ros_msgs/include/micro_ros_msgs/micro_ros_msgs/msg/detail/graph__rosidl_typesupport_fastrtps_c.h
[2.639s] -- Up-to-date: /home/chino/brazo_ws/install/micro_ros_msgs/lib/libmicro_ros_msgs__rosidl_typesupport_fastrtps_c.so
[2.640s] -- Up-to-date: /home/chino/brazo_ws/install/micro_ros_msgs/include/micro_ros_msgs/micro_ros_msgs
[2.641s] -- Up-to-date: /home/chino/brazo_ws/install/micro_ros_msgs/include/micro_ros_msgs/micro_ros_msgs/msg
[2.643s] -- Up-to-date: /home/chino/brazo_ws/install/micro_ros_msgs/include/micro_ros_msgs/micro_ros_msgs/msg/rosidl_typesupport_introspection_c__visibility_control.h
[2.644s] -- Up-to-date: /home/chino/brazo_ws/install/micro_ros_msgs/include/micro_ros_msgs/micro_ros_msgs/msg/detail
[2.644s] -- Up-to-date: /home/chino/brazo_ws/install/micro_ros_msgs/include/micro_ros_msgs/micro_ros_msgs/msg/detail/entity__type_support.c
[2.645s] -- Up-to-date: /home/chino/brazo_ws/install/micro_ros_msgs/include/micro_ros_msgs/micro_ros_msgs/msg/detail/node__rosidl_typesupport_introspection_c.h
[2.646s] -- Up-to-date: /home/chino/brazo_ws/install/micro_ros_msgs/include/micro_ros_msgs/micro_ros_msgs/msg/detail/entity__rosidl_typesupport_introspection_c.h
[2.646s] -- Up-to-date: /home/chino/brazo_ws/install/micro_ros_msgs/include/micro_ros_msgs/micro_ros_msgs/msg/detail/graph__rosidl_typesupport_introspection_c.h
[2.647s] -- Up-to-date: /home/chino/brazo_ws/install/micro_ros_msgs/include/micro_ros_msgs/micro_ros_msgs/msg/detail/graph__type_support.c
[2.649s] -- Up-to-date: /home/chino/brazo_ws/install/micro_ros_msgs/include/micro_ros_msgs/micro_ros_msgs/msg/detail/node__type_support.c
[2.651s] -- Up-to-date: /home/chino/brazo_ws/install/micro_ros_msgs/lib/libmicro_ros_msgs__rosidl_typesupport_introspection_c.so
[2.652s] -- Up-to-date: /home/chino/brazo_ws/install/micro_ros_msgs/lib/libmicro_ros_msgs__rosidl_typesupport_c.so
[2.653s] -- Up-to-date: /home/chino/brazo_ws/install/micro_ros_msgs/include/micro_ros_msgs/micro_ros_msgs
[2.653s] -- Up-to-date: /home/chino/brazo_ws/install/micro_ros_msgs/include/micro_ros_msgs/micro_ros_msgs/msg
[2.655s] -- Up-to-date: /home/chino/brazo_ws/install/micro_ros_msgs/include/micro_ros_msgs/micro_ros_msgs/msg/graph.hpp
[2.656s] -- Up-to-date: /home/chino/brazo_ws/install/micro_ros_msgs/include/micro_ros_msgs/micro_ros_msgs/msg/detail
[2.657s] -- Up-to-date: /home/chino/brazo_ws/install/micro_ros_msgs/include/micro_ros_msgs/micro_ros_msgs/msg/detail/graph__struct.hpp
[2.658s] -- Up-to-date: /home/chino/brazo_ws/install/micro_ros_msgs/include/micro_ros_msgs/micro_ros_msgs/msg/detail/entity__traits.hpp
[2.658s] -- Up-to-date: /home/chino/brazo_ws/install/micro_ros_msgs/include/micro_ros_msgs/micro_ros_msgs/msg/detail/entity__struct.hpp
[2.659s] -- Up-to-date: /home/chino/brazo_ws/install/micro_ros_msgs/include/micro_ros_msgs/micro_ros_msgs/msg/detail/entity__type_support.hpp
[2.661s] -- Up-to-date: /home/chino/brazo_ws/install/micro_ros_msgs/include/micro_ros_msgs/micro_ros_msgs/msg/detail/node__type_support.hpp
[2.662s] -- Up-to-date: /home/chino/brazo_ws/install/micro_ros_msgs/include/micro_ros_msgs/micro_ros_msgs/msg/detail/entity__builder.hpp
[2.663s] -- Up-to-date: /home/chino/brazo_ws/install/micro_ros_msgs/include/micro_ros_msgs/micro_ros_msgs/msg/detail/graph__type_support.hpp
[2.665s] -- Up-to-date: /home/chino/brazo_ws/install/micro_ros_msgs/include/micro_ros_msgs/micro_ros_msgs/msg/detail/graph__builder.hpp
[2.666s] -- Up-to-date: /home/chino/brazo_ws/install/micro_ros_msgs/include/micro_ros_msgs/micro_ros_msgs/msg/detail/node__traits.hpp
[2.666s] -- Up-to-date: /home/chino/brazo_ws/install/micro_ros_msgs/include/micro_ros_msgs/micro_ros_msgs/msg/detail/node__struct.hpp
[2.667s] -- Up-to-date: /home/chino/brazo_ws/install/micro_ros_msgs/include/micro_ros_msgs/micro_ros_msgs/msg/detail/node__builder.hpp
[2.667s] -- Up-to-date: /home/chino/brazo_ws/install/micro_ros_msgs/include/micro_ros_msgs/micro_ros_msgs/msg/detail/graph__traits.hpp
[2.668s] -- Up-to-date: /home/chino/brazo_ws/install/micro_ros_msgs/include/micro_ros_msgs/micro_ros_msgs/msg/node.hpp
[2.669s] -- Up-to-date: /home/chino/brazo_ws/install/micro_ros_msgs/include/micro_ros_msgs/micro_ros_msgs/msg/entity.hpp
[2.670s] -- Up-to-date: /home/chino/brazo_ws/install/micro_ros_msgs/include/micro_ros_msgs/micro_ros_msgs/msg/rosidl_generator_cpp__visibility_control.hpp
[2.670s] -- Up-to-date: /home/chino/brazo_ws/install/micro_ros_msgs/include/micro_ros_msgs/micro_ros_msgs
[2.671s] -- Up-to-date: /home/chino/brazo_ws/install/micro_ros_msgs/include/micro_ros_msgs/micro_ros_msgs/msg
[2.671s] -- Up-to-date: /home/chino/brazo_ws/install/micro_ros_msgs/include/micro_ros_msgs/micro_ros_msgs/msg/rosidl_typesupport_fastrtps_cpp__visibility_control.h
[2.672s] -- Up-to-date: /home/chino/brazo_ws/install/micro_ros_msgs/include/micro_ros_msgs/micro_ros_msgs/msg/detail
[2.673s] -- Up-to-date: /home/chino/brazo_ws/install/micro_ros_msgs/include/micro_ros_msgs/micro_ros_msgs/msg/detail/graph__rosidl_typesupport_fastrtps_cpp.hpp
[2.674s] -- Up-to-date: /home/chino/brazo_ws/install/micro_ros_msgs/include/micro_ros_msgs/micro_ros_msgs/msg/detail/dds_fastrtps
[2.674s] -- Up-to-date: /home/chino/brazo_ws/install/micro_ros_msgs/include/micro_ros_msgs/micro_ros_msgs/msg/detail/entity__rosidl_typesupport_fastrtps_cpp.hpp
[2.675s] -- Up-to-date: /home/chino/brazo_ws/install/micro_ros_msgs/include/micro_ros_msgs/micro_ros_msgs/msg/detail/node__rosidl_typesupport_fastrtps_cpp.hpp
[2.676s] -- Up-to-date: /home/chino/brazo_ws/install/micro_ros_msgs/lib/libmicro_ros_msgs__rosidl_typesupport_fastrtps_cpp.so
[2.676s] -- Up-to-date: /home/chino/brazo_ws/install/micro_ros_msgs/include/micro_ros_msgs/micro_ros_msgs
[2.677s] -- Up-to-date: /home/chino/brazo_ws/install/micro_ros_msgs/include/micro_ros_msgs/micro_ros_msgs/msg
[2.677s] -- Up-to-date: /home/chino/brazo_ws/install/micro_ros_msgs/include/micro_ros_msgs/micro_ros_msgs/msg/detail
[2.678s] -- Up-to-date: /home/chino/brazo_ws/install/micro_ros_msgs/include/micro_ros_msgs/micro_ros_msgs/msg/detail/graph__rosidl_typesupport_introspection_cpp.hpp
[2.679s] -- Up-to-date: /home/chino/brazo_ws/install/micro_ros_msgs/include/micro_ros_msgs/micro_ros_msgs/msg/detail/node__rosidl_typesupport_introspection_cpp.hpp
[2.679s] -- Up-to-date: /home/chino/brazo_ws/install/micro_ros_msgs/include/micro_ros_msgs/micro_ros_msgs/msg/detail/graph__type_support.cpp
[2.680s] -- Up-to-date: /home/chino/brazo_ws/install/micro_ros_msgs/include/micro_ros_msgs/micro_ros_msgs/msg/detail/entity__rosidl_typesupport_introspection_cpp.hpp
[2.681s] -- Up-to-date: /home/chino/brazo_ws/install/micro_ros_msgs/include/micro_ros_msgs/micro_ros_msgs/msg/detail/entity__type_support.cpp
[2.681s] -- Up-to-date: /home/chino/brazo_ws/install/micro_ros_msgs/include/micro_ros_msgs/micro_ros_msgs/msg/detail/node__type_support.cpp
[2.682s] -- Up-to-date: /home/chino/brazo_ws/install/micro_ros_msgs/lib/libmicro_ros_msgs__rosidl_typesupport_introspection_cpp.so
[2.683s] -- Up-to-date: /home/chino/brazo_ws/install/micro_ros_msgs/lib/libmicro_ros_msgs__rosidl_typesupport_cpp.so
[2.683s] -- Up-to-date: /home/chino/brazo_ws/install/micro_ros_msgs/share/micro_ros_msgs/environment/pythonpath.sh
[2.684s] -- Up-to-date: /home/chino/brazo_ws/install/micro_ros_msgs/share/micro_ros_msgs/environment/pythonpath.dsv
[2.685s] -- Up-to-date: /home/chino/brazo_ws/install/micro_ros_msgs/local/lib/python3.10/dist-packages/micro_ros_msgs-3.0.1-py3.10.egg-info
[2.685s] -- Installing: /home/chino/brazo_ws/install/micro_ros_msgs/local/lib/python3.10/dist-packages/micro_ros_msgs-3.0.1-py3.10.egg-info/dependency_links.txt
[2.686s] -- Installing: /home/chino/brazo_ws/install/micro_ros_msgs/local/lib/python3.10/dist-packages/micro_ros_msgs-3.0.1-py3.10.egg-info/SOURCES.txt
[2.687s] -- Installing: /home/chino/brazo_ws/install/micro_ros_msgs/local/lib/python3.10/dist-packages/micro_ros_msgs-3.0.1-py3.10.egg-info/top_level.txt
[2.689s] -- Installing: /home/chino/brazo_ws/install/micro_ros_msgs/local/lib/python3.10/dist-packages/micro_ros_msgs-3.0.1-py3.10.egg-info/PKG-INFO
[2.690s] -- Up-to-date: /home/chino/brazo_ws/install/micro_ros_msgs/local/lib/python3.10/dist-packages/micro_ros_msgs
[2.691s] -- Up-to-date: /home/chino/brazo_ws/install/micro_ros_msgs/local/lib/python3.10/dist-packages/micro_ros_msgs/_micro_ros_msgs_s.ep.rosidl_typesupport_c.c
[2.691s] -- Up-to-date: /home/chino/brazo_ws/install/micro_ros_msgs/local/lib/python3.10/dist-packages/micro_ros_msgs/micro_ros_msgs_s__rosidl_typesupport_introspection_c.cpython-310-x86_64-linux-gnu.so
[2.692s] -- Up-to-date: /home/chino/brazo_ws/install/micro_ros_msgs/local/lib/python3.10/dist-packages/micro_ros_msgs/_micro_ros_msgs_s.ep.rosidl_typesupport_introspection_c.c
[2.693s] -- Up-to-date: /home/chino/brazo_ws/install/micro_ros_msgs/local/lib/python3.10/dist-packages/micro_ros_msgs/__init__.py
[2.694s] -- Up-to-date: /home/chino/brazo_ws/install/micro_ros_msgs/local/lib/python3.10/dist-packages/micro_ros_msgs/libmicro_ros_msgs__rosidl_generator_py.so
[2.695s] -- Up-to-date: /home/chino/brazo_ws/install/micro_ros_msgs/local/lib/python3.10/dist-packages/micro_ros_msgs/msg
[2.695s] -- Up-to-date: /home/chino/brazo_ws/install/micro_ros_msgs/local/lib/python3.10/dist-packages/micro_ros_msgs/msg/_entity.py
[2.696s] -- Up-to-date: /home/chino/brazo_ws/install/micro_ros_msgs/local/lib/python3.10/dist-packages/micro_ros_msgs/msg/_graph.py
[2.698s] -- Up-to-date: /home/chino/brazo_ws/install/micro_ros_msgs/local/lib/python3.10/dist-packages/micro_ros_msgs/msg/_graph_s.c
[2.698s] -- Up-to-date: /home/chino/brazo_ws/install/micro_ros_msgs/local/lib/python3.10/dist-packages/micro_ros_msgs/msg/_entity_s.c
[2.699s] -- Up-to-date: /home/chino/brazo_ws/install/micro_ros_msgs/local/lib/python3.10/dist-packages/micro_ros_msgs/msg/_node.py
[2.701s] -- Up-to-date: /home/chino/brazo_ws/install/micro_ros_msgs/local/lib/python3.10/dist-packages/micro_ros_msgs/msg/__init__.py
[2.702s] -- Up-to-date: /home/chino/brazo_ws/install/micro_ros_msgs/local/lib/python3.10/dist-packages/micro_ros_msgs/msg/_node_s.c
[2.704s] -- Up-to-date: /home/chino/brazo_ws/install/micro_ros_msgs/local/lib/python3.10/dist-packages/micro_ros_msgs/micro_ros_msgs_s__rosidl_typesupport_c.cpython-310-x86_64-linux-gnu.so
[2.705s] -- Up-to-date: /home/chino/brazo_ws/install/micro_ros_msgs/local/lib/python3.10/dist-packages/micro_ros_msgs/_micro_ros_msgs_s.ep.rosidl_typesupport_fastrtps_c.c
[2.706s] -- Up-to-date: /home/chino/brazo_ws/install/micro_ros_msgs/local/lib/python3.10/dist-packages/micro_ros_msgs/micro_ros_msgs_s__rosidl_typesupport_fastrtps_c.cpython-310-x86_64-linux-gnu.so
[2.707s] Listing '/home/chino/brazo_ws/install/micro_ros_msgs/local/lib/python3.10/dist-packages/micro_ros_msgs'...
[2.708s] Listing '/home/chino/brazo_ws/install/micro_ros_msgs/local/lib/python3.10/dist-packages/micro_ros_msgs/msg'...
[2.709s] -- Up-to-date: /home/chino/brazo_ws/install/micro_ros_msgs/local/lib/python3.10/dist-packages/micro_ros_msgs/micro_ros_msgs_s__rosidl_typesupport_fastrtps_c.cpython-310-x86_64-linux-gnu.so
[2.710s] -- Up-to-date: /home/chino/brazo_ws/install/micro_ros_msgs/local/lib/python3.10/dist-packages/micro_ros_msgs/micro_ros_msgs_s__rosidl_typesupport_introspection_c.cpython-310-x86_64-linux-gnu.so
[2.712s] -- Up-to-date: /home/chino/brazo_ws/install/micro_ros_msgs/local/lib/python3.10/dist-packages/micro_ros_msgs/micro_ros_msgs_s__rosidl_typesupport_c.cpython-310-x86_64-linux-gnu.so
[2.713s] -- Up-to-date: /home/chino/brazo_ws/install/micro_ros_msgs/lib/libmicro_ros_msgs__rosidl_generator_py.so
[2.714s] -- Up-to-date: /home/chino/brazo_ws/install/micro_ros_msgs/share/micro_ros_msgs/msg/Graph.idl
[2.716s] -- Up-to-date: /home/chino/brazo_ws/install/micro_ros_msgs/share/micro_ros_msgs/msg/Node.idl
[2.717s] -- Up-to-date: /home/chino/brazo_ws/install/micro_ros_msgs/share/micro_ros_msgs/msg/Entity.idl
[2.718s] -- Up-to-date: /home/chino/brazo_ws/install/micro_ros_msgs/share/micro_ros_msgs/msg/Graph.msg
[2.719s] -- Up-to-date: /home/chino/brazo_ws/install/micro_ros_msgs/share/micro_ros_msgs/msg/Node.msg
[2.722s] -- Up-to-date: /home/chino/brazo_ws/install/micro_ros_msgs/share/micro_ros_msgs/msg/Entity.msg
[2.723s] -- Up-to-date: /home/chino/brazo_ws/install/micro_ros_msgs/share/ament_index/resource_index/package_run_dependencies/micro_ros_msgs
[2.724s] -- Up-to-date: /home/chino/brazo_ws/install/micro_ros_msgs/share/ament_index/resource_index/parent_prefix_path/micro_ros_msgs
[2.725s] -- Up-to-date: /home/chino/brazo_ws/install/micro_ros_msgs/share/micro_ros_msgs/environment/ament_prefix_path.sh
[2.726s] -- Up-to-date: /home/chino/brazo_ws/install/micro_ros_msgs/share/micro_ros_msgs/environment/ament_prefix_path.dsv
[2.727s] -- Up-to-date: /home/chino/brazo_ws/install/micro_ros_msgs/share/micro_ros_msgs/environment/path.sh
[2.731s] -- Up-to-date: /home/chino/brazo_ws/install/micro_ros_msgs/share/micro_ros_msgs/environment/path.dsv
[2.732s] -- Up-to-date: /home/chino/brazo_ws/install/micro_ros_msgs/share/micro_ros_msgs/local_setup.bash
[2.732s] -- Up-to-date: /home/chino/brazo_ws/install/micro_ros_msgs/share/micro_ros_msgs/local_setup.sh
[2.735s] -- Up-to-date: /home/chino/brazo_ws/install/micro_ros_msgs/share/micro_ros_msgs/local_setup.zsh
[2.736s] -- Up-to-date: /home/chino/brazo_ws/install/micro_ros_msgs/share/micro_ros_msgs/local_setup.dsv
[2.736s] -- Installing: /home/chino/brazo_ws/install/micro_ros_msgs/share/micro_ros_msgs/package.dsv
[2.738s] -- Up-to-date: /home/chino/brazo_ws/install/micro_ros_msgs/share/ament_index/resource_index/packages/micro_ros_msgs
[2.740s] -- Up-to-date: /home/chino/brazo_ws/install/micro_ros_msgs/share/micro_ros_msgs/cmake/export_micro_ros_msgs__rosidl_generator_cExport.cmake
[2.742s] -- Up-to-date: /home/chino/brazo_ws/install/micro_ros_msgs/share/micro_ros_msgs/cmake/export_micro_ros_msgs__rosidl_generator_cExport-noconfig.cmake
[2.743s] -- Up-to-date: /home/chino/brazo_ws/install/micro_ros_msgs/share/micro_ros_msgs/cmake/export_micro_ros_msgs__rosidl_typesupport_fastrtps_cExport.cmake
[2.745s] -- Up-to-date: /home/chino/brazo_ws/install/micro_ros_msgs/share/micro_ros_msgs/cmake/export_micro_ros_msgs__rosidl_typesupport_fastrtps_cExport-noconfig.cmake
[2.745s] -- Up-to-date: /home/chino/brazo_ws/install/micro_ros_msgs/share/micro_ros_msgs/cmake/micro_ros_msgs__rosidl_typesupport_introspection_cExport.cmake
[2.746s] -- Up-to-date: /home/chino/brazo_ws/install/micro_ros_msgs/share/micro_ros_msgs/cmake/micro_ros_msgs__rosidl_typesupport_introspection_cExport-noconfig.cmake
[2.750s] -- Up-to-date: /home/chino/brazo_ws/install/micro_ros_msgs/share/micro_ros_msgs/cmake/micro_ros_msgs__rosidl_typesupport_cExport.cmake
[2.753s] -- Up-to-date: /home/chino/brazo_ws/install/micro_ros_msgs/share/micro_ros_msgs/cmake/micro_ros_msgs__rosidl_typesupport_cExport-noconfig.cmake
[2.755s] -- Up-to-date: /home/chino/brazo_ws/install/micro_ros_msgs/share/micro_ros_msgs/cmake/export_micro_ros_msgs__rosidl_generator_cppExport.cmake
[2.757s] -- Up-to-date: /home/chino/brazo_ws/install/micro_ros_msgs/share/micro_ros_msgs/cmake/export_micro_ros_msgs__rosidl_typesupport_fastrtps_cppExport.cmake
[2.758s] -- Up-to-date: /home/chino/brazo_ws/install/micro_ros_msgs/share/micro_ros_msgs/cmake/export_micro_ros_msgs__rosidl_typesupport_fastrtps_cppExport-noconfig.cmake
[2.759s] -- Up-to-date: /home/chino/brazo_ws/install/micro_ros_msgs/share/micro_ros_msgs/cmake/micro_ros_msgs__rosidl_typesupport_introspection_cppExport.cmake
[2.760s] -- Up-to-date: /home/chino/brazo_ws/install/micro_ros_msgs/share/micro_ros_msgs/cmake/micro_ros_msgs__rosidl_typesupport_introspection_cppExport-noconfig.cmake
[2.761s] -- Up-to-date: /home/chino/brazo_ws/install/micro_ros_msgs/share/micro_ros_msgs/cmake/micro_ros_msgs__rosidl_typesupport_cppExport.cmake
[2.762s] -- Up-to-date: /home/chino/brazo_ws/install/micro_ros_msgs/share/micro_ros_msgs/cmake/micro_ros_msgs__rosidl_typesupport_cppExport-noconfig.cmake
[2.763s] -- Up-to-date: /home/chino/brazo_ws/install/micro_ros_msgs/share/micro_ros_msgs/cmake/export_micro_ros_msgs__rosidl_generator_pyExport.cmake
[2.764s] -- Up-to-date: /home/chino/brazo_ws/install/micro_ros_msgs/share/micro_ros_msgs/cmake/export_micro_ros_msgs__rosidl_generator_pyExport-noconfig.cmake
[2.764s] -- Up-to-date: /home/chino/brazo_ws/install/micro_ros_msgs/share/micro_ros_msgs/cmake/rosidl_cmake-extras.cmake
[2.765s] -- Up-to-date: /home/chino/brazo_ws/install/micro_ros_msgs/share/micro_ros_msgs/cmake/ament_cmake_export_include_directories-extras.cmake
[2.766s] -- Up-to-date: /home/chino/brazo_ws/install/micro_ros_msgs/share/micro_ros_msgs/cmake/ament_cmake_export_libraries-extras.cmake
[2.767s] -- Up-to-date: /home/chino/brazo_ws/install/micro_ros_msgs/share/micro_ros_msgs/cmake/ament_cmake_export_targets-extras.cmake
[2.769s] -- Up-to-date: /home/chino/brazo_ws/install/micro_ros_msgs/share/micro_ros_msgs/cmake/rosidl_cmake_export_typesupport_targets-extras.cmake
[2.771s] -- Up-to-date: /home/chino/brazo_ws/install/micro_ros_msgs/share/micro_ros_msgs/cmake/ament_cmake_export_dependencies-extras.cmake
[2.771s] -- Up-to-date: /home/chino/brazo_ws/install/micro_ros_msgs/share/micro_ros_msgs/cmake/rosidl_cmake_export_typesupport_libraries-extras.cmake
[2.772s] -- Up-to-date: /home/chino/brazo_ws/install/micro_ros_msgs/share/micro_ros_msgs/cmake/micro_ros_msgsConfig.cmake
[2.774s] -- Up-to-date: /home/chino/brazo_ws/install/micro_ros_msgs/share/micro_ros_msgs/cmake/micro_ros_msgsConfig-version.cmake
[2.775s] -- Up-to-date: /home/chino/brazo_ws/install/micro_ros_msgs/share/micro_ros_msgs/package.xml
[2.781s] Invoked command in '/home/chino/brazo_ws/build/micro_ros_msgs' returned '0': CMAKE_PREFIX_PATH=${CMAKE_PREFIX_PATH}:/home/chino/brazo_ws/install/trajectory_publisher:/home/chino/brazo_ws/install/Trayectorias:/opt/ros/humble /usr/bin/cmake --install /home/chino/brazo_ws/build/micro_ros_msgs
