running egg_info
writing ../../build/BRAZOROBOTICO_description/BRAZOROBOTICO_description.egg-info/PKG-INFO
writing dependency_links to ../../build/BRAZOROBOTICO_description/BRAZOROBOTICO_description.egg-info/dependency_links.txt
writing entry points to ../../build/BRAZOROBOTICO_description/BRAZOROBOTICO_description.egg-info/entry_points.txt
writing requirements to ../../build/BRAZOROBOTICO_description/BRAZOROBOTICO_description.egg-info/requires.txt
writing top-level names to ../../build/BRAZOROBOTICO_description/BRAZOROBOTICO_description.egg-info/top_level.txt
reading manifest file '../../build/BRAZOROBOTICO_description/BRAZOROBOTICO_description.egg-info/SOURCES.txt'
writing manifest file '../../build/BRAZOROBOTICO_description/BRAZOROBOTICO_description.egg-info/SOURCES.txt'
running build
running build_py
creating /home/chino/brazo_ws/build/BRAZOROBOTICO_description/build
creating /home/chino/brazo_ws/build/BRAZOROBOTICO_description/build/lib
creating /home/chino/brazo_ws/build/BRAZOROBOTICO_description/build/lib/BRAZOROBOTICO_description
copying BRAZOROBOTICO_description/__init__.py -> /home/chino/brazo_ws/build/BRAZOROBOTICO_description/build/lib/BRAZOROBOTICO_description
running install
running install_lib
creating /home/chino/brazo_ws/install/BRAZOROBOTICO_description/lib/python3.10/site-packages/BRAZOROBOTICO_description
copying /home/chino/brazo_ws/build/BRAZOROBOTICO_description/build/lib/BRAZOROBOTICO_description/__init__.py -> /home/chino/brazo_ws/install/BRAZOROBOTICO_description/lib/python3.10/site-packages/BRAZOROBOTICO_description
byte-compiling /home/chino/brazo_ws/install/BRAZOROBOTICO_description/lib/python3.10/site-packages/BRAZOROBOTICO_description/__init__.py to __init__.cpython-310.pyc
running install_data
copying resource/BRAZOROBOTICO_description -> /home/chino/brazo_ws/install/BRAZOROBOTICO_description/share/ament_index/resource_index/packages
copying package.xml -> /home/chino/brazo_ws/install/BRAZOROBOTICO_description/share/BRAZOROBOTICO_description
creating /home/chino/brazo_ws/install/BRAZOROBOTICO_description/share/BRAZOROBOTICO_description/launch
copying launch/display.launch.py -> /home/chino/brazo_ws/install/BRAZOROBOTICO_description/share/BRAZOROBOTICO_description/launch
copying launch/gazebo.launch.py -> /home/chino/brazo_ws/install/BRAZOROBOTICO_description/share/BRAZOROBOTICO_description/launch
creating /home/chino/brazo_ws/install/BRAZOROBOTICO_description/share/BRAZOROBOTICO_description/urdf
copying urdf/BRAZOROBOTICO.gazebo -> /home/chino/brazo_ws/install/BRAZOROBOTICO_description/share/BRAZOROBOTICO_description/urdf
copying urdf/BRAZOROBOTICO.ros2control -> /home/chino/brazo_ws/install/BRAZOROBOTICO_description/share/BRAZOROBOTICO_description/urdf
copying urdf/BRAZOROBOTICO.xacro -> /home/chino/brazo_ws/install/BRAZOROBOTICO_description/share/BRAZOROBOTICO_description/urdf
copying urdf/materials.xacro -> /home/chino/brazo_ws/install/BRAZOROBOTICO_description/share/BRAZOROBOTICO_description/urdf
creating /home/chino/brazo_ws/install/BRAZOROBOTICO_description/share/BRAZOROBOTICO_description/meshes
copying meshes/efector_final_1.stl -> /home/chino/brazo_ws/install/BRAZOROBOTICO_description/share/BRAZOROBOTICO_description/meshes
copying meshes/arm4_1.stl -> /home/chino/brazo_ws/install/BRAZOROBOTICO_description/share/BRAZOROBOTICO_description/meshes
copying meshes/base_link.stl -> /home/chino/brazo_ws/install/BRAZOROBOTICO_description/share/BRAZOROBOTICO_description/meshes
copying meshes/arm5_1.stl -> /home/chino/brazo_ws/install/BRAZOROBOTICO_description/share/BRAZOROBOTICO_description/meshes
copying meshes/arm3_1.stl -> /home/chino/brazo_ws/install/BRAZOROBOTICO_description/share/BRAZOROBOTICO_description/meshes
copying meshes/arm2_1.stl -> /home/chino/brazo_ws/install/BRAZOROBOTICO_description/share/BRAZOROBOTICO_description/meshes
copying meshes/arm1_1.stl -> /home/chino/brazo_ws/install/BRAZOROBOTICO_description/share/BRAZOROBOTICO_description/meshes
creating /home/chino/brazo_ws/install/BRAZOROBOTICO_description/share/BRAZOROBOTICO_description/config
copying config/gazebo.rviz -> /home/chino/brazo_ws/install/BRAZOROBOTICO_description/share/BRAZOROBOTICO_description/config
copying config/display.rviz:Zone.Identifier -> /home/chino/brazo_ws/install/BRAZOROBOTICO_description/share/BRAZOROBOTICO_description/config
copying config/ros_gz_bridge_gazebo.yaml:Zone.Identifier -> /home/chino/brazo_ws/install/BRAZOROBOTICO_description/share/BRAZOROBOTICO_description/config
copying config/ros_gz_bridge_gazebo.yaml -> /home/chino/brazo_ws/install/BRAZOROBOTICO_description/share/BRAZOROBOTICO_description/config
copying config/gazebo.rviz:Zone.Identifier -> /home/chino/brazo_ws/install/BRAZOROBOTICO_description/share/BRAZOROBOTICO_description/config
copying config/display.rviz -> /home/chino/brazo_ws/install/BRAZOROBOTICO_description/share/BRAZOROBOTICO_description/config
running install_egg_info
Copying ../../build/BRAZOROBOTICO_description/BRAZOROBOTICO_description.egg-info to /home/chino/brazo_ws/install/BRAZOROBOTICO_description/lib/python3.10/site-packages/BRAZOROBOTICO_description-0.0.0-py3.10.egg-info
running install_scripts
writing list of installed files to '/home/chino/brazo_ws/build/BRAZOROBOTICO_description/install.log'
