[1.549s] Invoking command in '/home/chino/brazo_ws/build/micro_ros_setup': CMAKE_PREFIX_PATH=${CMAKE_PREFIX_PATH}:/home/chino/brazo_ws/install/trajectory_publisher:/home/chino/brazo_ws/install/Trayectorias:/opt/ros/humble /usr/bin/cmake --build /home/chino/brazo_ws/build/micro_ros_setup -- -j16 -l16
[2.480s] Invoked command in '/home/chino/brazo_ws/build/micro_ros_setup' returned '0': CMAKE_PREFIX_PATH=${CMAKE_PREFIX_PATH}:/home/chino/brazo_ws/install/trajectory_publisher:/home/chino/brazo_ws/install/Trayectorias:/opt/ros/humble /usr/bin/cmake --build /home/chino/brazo_ws/build/micro_ros_setup -- -j16 -l16
[2.482s] Invoking command in '/home/chino/brazo_ws/build/micro_ros_setup': CMAKE_PREFIX_PATH=${CMAKE_PREFIX_PATH}:/home/chino/brazo_ws/install/trajectory_publisher:/home/chino/brazo_ws/install/Trayectorias:/opt/ros/humble /usr/bin/cmake --install /home/chino/brazo_ws/build/micro_ros_setup
[2.485s] -- Install configuration: ""
[2.486s] -- Up-to-date: /home/chino/brazo_ws/install/micro_ros_setup/share/ament_index/resource_index/package_run_dependencies/micro_ros_setup
[2.487s] -- Up-to-date: /home/chino/brazo_ws/install/micro_ros_setup/share/ament_index/resource_index/parent_prefix_path/micro_ros_setup
[2.489s] -- Up-to-date: /home/chino/brazo_ws/install/micro_ros_setup/share/micro_ros_setup/environment/ament_prefix_path.sh
[2.490s] -- Up-to-date: /home/chino/brazo_ws/install/micro_ros_setup/share/micro_ros_setup/environment/ament_prefix_path.dsv
[2.491s] -- Up-to-date: /home/chino/brazo_ws/install/micro_ros_setup/share/micro_ros_setup/environment/path.sh
[2.492s] -- Up-to-date: /home/chino/brazo_ws/install/micro_ros_setup/share/micro_ros_setup/environment/path.dsv
[2.494s] -- Up-to-date: /home/chino/brazo_ws/install/micro_ros_setup/share/micro_ros_setup/local_setup.bash
[2.495s] -- Up-to-date: /home/chino/brazo_ws/install/micro_ros_setup/share/micro_ros_setup/local_setup.sh
[2.495s] -- Up-to-date: /home/chino/brazo_ws/install/micro_ros_setup/share/micro_ros_setup/local_setup.zsh
[2.496s] -- Up-to-date: /home/chino/brazo_ws/install/micro_ros_setup/share/micro_ros_setup/local_setup.dsv
[2.496s] -- Installing: /home/chino/brazo_ws/install/micro_ros_setup/share/micro_ros_setup/package.dsv
[2.497s] -- Up-to-date: /home/chino/brazo_ws/install/micro_ros_setup/share/ament_index/resource_index/packages/micro_ros_setup
[2.499s] -- Up-to-date: /home/chino/brazo_ws/install/micro_ros_setup/share/micro_ros_setup/cmake/micro_ros_setupConfig.cmake
[2.500s] -- Up-to-date: /home/chino/brazo_ws/install/micro_ros_setup/share/micro_ros_setup/cmake/micro_ros_setupConfig-version.cmake
[2.500s] -- Up-to-date: /home/chino/brazo_ws/install/micro_ros_setup/share/micro_ros_setup/package.xml
[2.501s] -- Up-to-date: /home/chino/brazo_ws/install/micro_ros_setup/./config
[2.502s] -- Up-to-date: /home/chino/brazo_ws/install/micro_ros_setup/./config/utils.sh
[2.503s] -- Up-to-date: /home/chino/brazo_ws/install/micro_ros_setup/./config/client_ros2_packages.txt
[2.504s] -- Up-to-date: /home/chino/brazo_ws/install/micro_ros_setup/./config/client_uros_packages.repos
[2.504s] -- Up-to-date: /home/chino/brazo_ws/install/micro_ros_setup/./config/freertos
[2.505s] -- Up-to-date: /home/chino/brazo_ws/install/micro_ros_setup/./config/freertos/dev_uros_packages.repos
[2.506s] -- Up-to-date: /home/chino/brazo_ws/install/micro_ros_setup/./config/freertos/nucleo_f746zg
[2.506s] -- Up-to-date: /home/chino/brazo_ws/install/micro_ros_setup/./config/freertos/nucleo_f746zg/client_uros_packages.repos
[2.507s] -- Up-to-date: /home/chino/brazo_ws/install/micro_ros_setup/./config/freertos/nucleo_f746zg/board.repos
[2.508s] -- Up-to-date: /home/chino/brazo_ws/install/micro_ros_setup/./config/freertos/nucleo_f746zg/client-colcon.meta
[2.509s] -- Up-to-date: /home/chino/brazo_ws/install/micro_ros_setup/./config/freertos/nucleo_f746zg/create.sh
[2.509s] -- Up-to-date: /home/chino/brazo_ws/install/micro_ros_setup/./config/freertos/nucleo_f746zg/build.sh
[2.510s] -- Up-to-date: /home/chino/brazo_ws/install/micro_ros_setup/./config/freertos/nucleo_f746zg/flash.sh
[2.511s] -- Up-to-date: /home/chino/brazo_ws/install/micro_ros_setup/./config/freertos/nucleo_f746zg/package.xml
[2.511s] -- Up-to-date: /home/chino/brazo_ws/install/micro_ros_setup/./config/freertos/nucleo_f746zg/configure.sh
[2.512s] -- Up-to-date: /home/chino/brazo_ws/install/micro_ros_setup/./config/freertos/nucleo_f446re
[2.513s] -- Up-to-date: /home/chino/brazo_ws/install/micro_ros_setup/./config/freertos/nucleo_f446re/client_uros_packages.repos
[2.514s] -- Up-to-date: /home/chino/brazo_ws/install/micro_ros_setup/./config/freertos/nucleo_f446re/board.repos
[2.514s] -- Up-to-date: /home/chino/brazo_ws/install/micro_ros_setup/./config/freertos/nucleo_f446re/client-colcon.meta
[2.515s] -- Up-to-date: /home/chino/brazo_ws/install/micro_ros_setup/./config/freertos/nucleo_f446re/create.sh
[2.516s] -- Up-to-date: /home/chino/brazo_ws/install/micro_ros_setup/./config/freertos/nucleo_f446re/build.sh
[2.516s] -- Up-to-date: /home/chino/brazo_ws/install/micro_ros_setup/./config/freertos/nucleo_f446re/flash.sh
[2.517s] -- Up-to-date: /home/chino/brazo_ws/install/micro_ros_setup/./config/freertos/nucleo_f446re/package.xml
[2.518s] -- Up-to-date: /home/chino/brazo_ws/install/micro_ros_setup/./config/freertos/nucleo_f446re/configure.sh
[2.519s] -- Up-to-date: /home/chino/brazo_ws/install/micro_ros_setup/./config/freertos/olimex-stm32-e407
[2.519s] -- Up-to-date: /home/chino/brazo_ws/install/micro_ros_setup/./config/freertos/olimex-stm32-e407/client_uros_packages.repos
[2.520s] -- Up-to-date: /home/chino/brazo_ws/install/micro_ros_setup/./config/freertos/olimex-stm32-e407/board.repos
[2.520s] -- Up-to-date: /home/chino/brazo_ws/install/micro_ros_setup/./config/freertos/olimex-stm32-e407/client-colcon.meta
[2.521s] -- Up-to-date: /home/chino/brazo_ws/install/micro_ros_setup/./config/freertos/olimex-stm32-e407/create.sh
[2.522s] -- Up-to-date: /home/chino/brazo_ws/install/micro_ros_setup/./config/freertos/olimex-stm32-e407/build.sh
[2.523s] -- Up-to-date: /home/chino/brazo_ws/install/micro_ros_setup/./config/freertos/olimex-stm32-e407/flash.sh
[2.524s] -- Up-to-date: /home/chino/brazo_ws/install/micro_ros_setup/./config/freertos/olimex-stm32-e407/package.xml
[2.524s] -- Up-to-date: /home/chino/brazo_ws/install/micro_ros_setup/./config/freertos/olimex-stm32-e407/configure.sh
[2.525s] -- Up-to-date: /home/chino/brazo_ws/install/micro_ros_setup/./config/freertos/crazyflie21
[2.526s] -- Up-to-date: /home/chino/brazo_ws/install/micro_ros_setup/./config/freertos/crazyflie21/client_uros_packages.repos
[2.526s] -- Up-to-date: /home/chino/brazo_ws/install/micro_ros_setup/./config/freertos/crazyflie21/board.repos
[2.527s] -- Up-to-date: /home/chino/brazo_ws/install/micro_ros_setup/./config/freertos/crazyflie21/client-colcon.meta
[2.528s] -- Up-to-date: /home/chino/brazo_ws/install/micro_ros_setup/./config/freertos/crazyflie21/create.sh
[2.528s] -- Up-to-date: /home/chino/brazo_ws/install/micro_ros_setup/./config/freertos/crazyflie21/build.sh
[2.529s] -- Up-to-date: /home/chino/brazo_ws/install/micro_ros_setup/./config/freertos/crazyflie21/flash.sh
[2.530s] -- Up-to-date: /home/chino/brazo_ws/install/micro_ros_setup/./config/freertos/crazyflie21/package.xml
[2.530s] -- Up-to-date: /home/chino/brazo_ws/install/micro_ros_setup/./config/freertos/crazyflie21/configure.sh
[2.531s] -- Up-to-date: /home/chino/brazo_ws/install/micro_ros_setup/./config/freertos/nucleo_f446ze
[2.532s] -- Up-to-date: /home/chino/brazo_ws/install/micro_ros_setup/./config/freertos/nucleo_f446ze/client_uros_packages.repos
[2.532s] -- Up-to-date: /home/chino/brazo_ws/install/micro_ros_setup/./config/freertos/nucleo_f446ze/board.repos
[2.533s] -- Up-to-date: /home/chino/brazo_ws/install/micro_ros_setup/./config/freertos/nucleo_f446ze/client-colcon.meta
[2.533s] -- Up-to-date: /home/chino/brazo_ws/install/micro_ros_setup/./config/freertos/nucleo_f446ze/create.sh
[2.534s] -- Up-to-date: /home/chino/brazo_ws/install/micro_ros_setup/./config/freertos/nucleo_f446ze/build.sh
[2.534s] -- Up-to-date: /home/chino/brazo_ws/install/micro_ros_setup/./config/freertos/nucleo_f446ze/flash.sh
[2.535s] -- Up-to-date: /home/chino/brazo_ws/install/micro_ros_setup/./config/freertos/nucleo_f446ze/package.xml
[2.536s] -- Up-to-date: /home/chino/brazo_ws/install/micro_ros_setup/./config/freertos/nucleo_f446ze/configure.sh
[2.536s] -- Up-to-date: /home/chino/brazo_ws/install/micro_ros_setup/./config/freertos/nucleo_f767zi
[2.537s] -- Up-to-date: /home/chino/brazo_ws/install/micro_ros_setup/./config/freertos/nucleo_f767zi/client_uros_packages.repos
[2.537s] -- Up-to-date: /home/chino/brazo_ws/install/micro_ros_setup/./config/freertos/nucleo_f767zi/board.repos
[2.537s] -- Up-to-date: /home/chino/brazo_ws/install/micro_ros_setup/./config/freertos/nucleo_f767zi/client-colcon.meta
[2.538s] -- Up-to-date: /home/chino/brazo_ws/install/micro_ros_setup/./config/freertos/nucleo_f767zi/create.sh
[2.539s] -- Up-to-date: /home/chino/brazo_ws/install/micro_ros_setup/./config/freertos/nucleo_f767zi/build.sh
[2.540s] -- Up-to-date: /home/chino/brazo_ws/install/micro_ros_setup/./config/freertos/nucleo_f767zi/flash.sh
[2.542s] -- Up-to-date: /home/chino/brazo_ws/install/micro_ros_setup/./config/freertos/nucleo_f767zi/package.xml
[2.543s] -- Up-to-date: /home/chino/brazo_ws/install/micro_ros_setup/./config/freertos/nucleo_f767zi/configure.sh
[2.544s] -- Up-to-date: /home/chino/brazo_ws/install/micro_ros_setup/./config/freertos/esp32
[2.546s] -- Up-to-date: /home/chino/brazo_ws/install/micro_ros_setup/./config/freertos/esp32/client_uros_packages.repos
[2.548s] -- Up-to-date: /home/chino/brazo_ws/install/micro_ros_setup/./config/freertos/esp32/board.repos
[2.552s] -- Up-to-date: /home/chino/brazo_ws/install/micro_ros_setup/./config/freertos/esp32/client-colcon.meta
[2.553s] -- Up-to-date: /home/chino/brazo_ws/install/micro_ros_setup/./config/freertos/esp32/create.sh
[2.553s] -- Up-to-date: /home/chino/brazo_ws/install/micro_ros_setup/./config/freertos/esp32/build.sh
[2.554s] -- Up-to-date: /home/chino/brazo_ws/install/micro_ros_setup/./config/freertos/esp32/flash.sh
[2.555s] -- Up-to-date: /home/chino/brazo_ws/install/micro_ros_setup/./config/freertos/esp32/package.xml
[2.556s] -- Up-to-date: /home/chino/brazo_ws/install/micro_ros_setup/./config/freertos/esp32/configure.sh
[2.557s] -- Up-to-date: /home/chino/brazo_ws/install/micro_ros_setup/./config/freertos/esp32/README.md
[2.558s] -- Up-to-date: /home/chino/brazo_ws/install/micro_ros_setup/./config/freertos/list_apps.sh
[2.559s] -- Up-to-date: /home/chino/brazo_ws/install/micro_ros_setup/./config/freertos/dev_ros2_packages.txt
[2.560s] -- Up-to-date: /home/chino/brazo_ws/install/micro_ros_setup/./config/agent_uros_packages.repos
[2.561s] -- Up-to-date: /home/chino/brazo_ws/install/micro_ros_setup/./config/renesas_ra
[2.561s] -- Up-to-date: /home/chino/brazo_ws/install/micro_ros_setup/./config/renesas_ra/dev_uros_packages.repos
[2.562s] -- Up-to-date: /home/chino/brazo_ws/install/micro_ros_setup/./config/renesas_ra/ra6m5
[2.563s] -- Up-to-date: /home/chino/brazo_ws/install/micro_ros_setup/./config/renesas_ra/ra6m5/client_uros_packages.repos
[2.564s] -- Up-to-date: /home/chino/brazo_ws/install/micro_ros_setup/./config/renesas_ra/ra6m5/board.repos
[2.564s] -- Up-to-date: /home/chino/brazo_ws/install/micro_ros_setup/./config/renesas_ra/ra6m5/client-colcon.meta
[2.565s] -- Up-to-date: /home/chino/brazo_ws/install/micro_ros_setup/./config/renesas_ra/ra6m5/create.sh
[2.566s] -- Up-to-date: /home/chino/brazo_ws/install/micro_ros_setup/./config/renesas_ra/ra6m5/build.sh
[2.567s] -- Up-to-date: /home/chino/brazo_ws/install/micro_ros_setup/./config/renesas_ra/ra6m5/flash.sh
[2.568s] -- Up-to-date: /home/chino/brazo_ws/install/micro_ros_setup/./config/renesas_ra/ra6m5/configure.sh
[2.568s] -- Up-to-date: /home/chino/brazo_ws/install/micro_ros_setup/./config/renesas_ra/list_apps.sh
[2.569s] -- Up-to-date: /home/chino/brazo_ws/install/micro_ros_setup/./config/renesas_ra/dev_ros2_packages.txt
[2.569s] -- Up-to-date: /home/chino/brazo_ws/install/micro_ros_setup/./config/android
[2.569s] -- Up-to-date: /home/chino/brazo_ws/install/micro_ros_setup/./config/android/generic
[2.571s] -- Up-to-date: /home/chino/brazo_ws/install/micro_ros_setup/./config/android/generic/client_uros_packages.repos
[2.573s] -- Up-to-date: /home/chino/brazo_ws/install/micro_ros_setup/./config/android/generic/client-colcon.meta
[2.573s] -- Up-to-date: /home/chino/brazo_ws/install/micro_ros_setup/./config/android/generic/create.sh
[2.575s] -- Up-to-date: /home/chino/brazo_ws/install/micro_ros_setup/./config/android/generic/build.sh
[2.576s] -- Up-to-date: /home/chino/brazo_ws/install/micro_ros_setup/./config/android/generic/flash.sh
[2.576s] -- Up-to-date: /home/chino/brazo_ws/install/micro_ros_setup/./config/android/generic/package.xml
[2.578s] -- Up-to-date: /home/chino/brazo_ws/install/micro_ros_setup/./config/android/dev_uros_packages.repos
[2.581s] -- Up-to-date: /home/chino/brazo_ws/install/micro_ros_setup/./config/android/dev_ros2_packages.txt
[2.581s] -- Up-to-date: /home/chino/brazo_ws/install/micro_ros_setup/./config/agent_ros2_packages.txt
[2.582s] -- Up-to-date: /home/chino/brazo_ws/install/micro_ros_setup/./config/mbed
[2.585s] -- Up-to-date: /home/chino/brazo_ws/install/micro_ros_setup/./config/mbed/generic
[2.588s] -- Up-to-date: /home/chino/brazo_ws/install/micro_ros_setup/./config/mbed/generic/client_uros_packages.repos
[2.590s] -- Up-to-date: /home/chino/brazo_ws/install/micro_ros_setup/./config/mbed/generic/board.repos
[2.590s] -- Up-to-date: /home/chino/brazo_ws/install/micro_ros_setup/./config/mbed/generic/create.sh
[2.592s] -- Up-to-date: /home/chino/brazo_ws/install/micro_ros_setup/./config/mbed/generic/build.sh
[2.593s] -- Up-to-date: /home/chino/brazo_ws/install/micro_ros_setup/./config/mbed/generic/flash.sh
[2.595s] -- Up-to-date: /home/chino/brazo_ws/install/micro_ros_setup/./config/mbed/generic/package.xml
[2.596s] -- Up-to-date: /home/chino/brazo_ws/install/micro_ros_setup/./config/mbed/generic/supported_platforms
[2.597s] -- Up-to-date: /home/chino/brazo_ws/install/micro_ros_setup/./config/mbed/dev_uros_packages.repos
[2.598s] -- Up-to-date: /home/chino/brazo_ws/install/micro_ros_setup/./config/mbed/list_apps.sh
[2.600s] -- Up-to-date: /home/chino/brazo_ws/install/micro_ros_setup/./config/mbed/dev_ros2_packages.txt
[2.601s] -- Up-to-date: /home/chino/brazo_ws/install/micro_ros_setup/./config/zephyr
[2.602s] -- Up-to-date: /home/chino/brazo_ws/install/micro_ros_setup/./config/zephyr/generic
[2.604s] -- Up-to-date: /home/chino/brazo_ws/install/micro_ros_setup/./config/zephyr/generic/client_uros_packages.repos
[2.607s] -- Up-to-date: /home/chino/brazo_ws/install/micro_ros_setup/./config/zephyr/generic/board.repos
[2.609s] -- Up-to-date: /home/chino/brazo_ws/install/micro_ros_setup/./config/zephyr/generic/client-colcon.meta
[2.611s] -- Up-to-date: /home/chino/brazo_ws/install/micro_ros_setup/./config/zephyr/generic/create.sh
[2.612s] -- Up-to-date: /home/chino/brazo_ws/install/micro_ros_setup/./config/zephyr/generic/build.sh
[2.613s] -- Up-to-date: /home/chino/brazo_ws/install/micro_ros_setup/./config/zephyr/generic/flash.sh
[2.614s] -- Up-to-date: /home/chino/brazo_ws/install/micro_ros_setup/./config/zephyr/generic/package.xml
[2.615s] -- Up-to-date: /home/chino/brazo_ws/install/micro_ros_setup/./config/zephyr/generic/configure.sh
[2.615s] -- Up-to-date: /home/chino/brazo_ws/install/micro_ros_setup/./config/zephyr/generic/supported_platforms
[2.617s] -- Up-to-date: /home/chino/brazo_ws/install/micro_ros_setup/./config/zephyr/dev_uros_packages.repos
[2.617s] -- Up-to-date: /home/chino/brazo_ws/install/micro_ros_setup/./config/zephyr/list_apps.sh
[2.619s] -- Up-to-date: /home/chino/brazo_ws/install/micro_ros_setup/./config/zephyr/dev_ros2_packages.txt
[2.621s] -- Up-to-date: /home/chino/brazo_ws/install/micro_ros_setup/./config/host
[2.622s] -- Up-to-date: /home/chino/brazo_ws/install/micro_ros_setup/./config/host/client_ros2_packages.txt
[2.623s] -- Up-to-date: /home/chino/brazo_ws/install/micro_ros_setup/./config/host/generic
[2.624s] -- Up-to-date: /home/chino/brazo_ws/install/micro_ros_setup/./config/host/generic/client_host_packages.repos
[2.625s] -- Up-to-date: /home/chino/brazo_ws/install/micro_ros_setup/./config/host/generic/create.sh
[2.627s] -- Up-to-date: /home/chino/brazo_ws/install/micro_ros_setup/./config/host/generic/build.sh
[2.628s] -- Up-to-date: /home/chino/brazo_ws/install/micro_ros_setup/./config/host/generic/flash.sh
[2.629s] -- Up-to-date: /home/chino/brazo_ws/install/micro_ros_setup/./config/host/generic/client-host-colcon.meta
[2.630s] -- Up-to-date: /home/chino/brazo_ws/install/micro_ros_setup/./config/host/generic/package.xml
[2.631s] -- Up-to-date: /home/chino/brazo_ws/install/micro_ros_setup/./config/host/dev_uros_packages.repos
[2.632s] -- Up-to-date: /home/chino/brazo_ws/install/micro_ros_setup/./config/host/dev_ros2_packages.txt
[2.634s] -- Up-to-date: /home/chino/brazo_ws/install/micro_ros_setup/./config/generate_lib
[2.636s] -- Up-to-date: /home/chino/brazo_ws/install/micro_ros_setup/./config/generate_lib/generic
[2.638s] -- Up-to-date: /home/chino/brazo_ws/install/micro_ros_setup/./config/generate_lib/generic/client_uros_packages.repos
[2.639s] -- Up-to-date: /home/chino/brazo_ws/install/micro_ros_setup/./config/generate_lib/generic/client-colcon.meta
[2.640s] -- Up-to-date: /home/chino/brazo_ws/install/micro_ros_setup/./config/generate_lib/generic/create.sh
[2.642s] -- Up-to-date: /home/chino/brazo_ws/install/micro_ros_setup/./config/generate_lib/generic/demo_toolchain.cmake
[2.643s] -- Up-to-date: /home/chino/brazo_ws/install/micro_ros_setup/./config/generate_lib/generic/build.sh
[2.643s] -- Up-to-date: /home/chino/brazo_ws/install/micro_ros_setup/./config/generate_lib/generic/flash.sh
[2.644s] -- Up-to-date: /home/chino/brazo_ws/install/micro_ros_setup/./config/generate_lib/generic/package.xml
[2.644s] -- Up-to-date: /home/chino/brazo_ws/install/micro_ros_setup/./config/generate_lib/dev_uros_packages.repos
[2.644s] -- Up-to-date: /home/chino/brazo_ws/install/micro_ros_setup/./config/generate_lib/dev_ros2_packages.txt
[2.644s] -- Up-to-date: /home/chino/brazo_ws/install/micro_ros_setup/./config/raspbian
[2.644s] -- Up-to-date: /home/chino/brazo_ws/install/micro_ros_setup/./config/raspbian/generic
[2.645s] -- Up-to-date: /home/chino/brazo_ws/install/micro_ros_setup/./config/raspbian/generic/client_uros_packages.repos
[2.647s] -- Up-to-date: /home/chino/brazo_ws/install/micro_ros_setup/./config/raspbian/generic/client-colcon.meta
[2.648s] -- Up-to-date: /home/chino/brazo_ws/install/micro_ros_setup/./config/raspbian/generic/create.sh
[2.650s] -- Up-to-date: /home/chino/brazo_ws/install/micro_ros_setup/./config/raspbian/generic/build.sh
[2.651s] -- Up-to-date: /home/chino/brazo_ws/install/micro_ros_setup/./config/raspbian/generic/flash.sh
[2.654s] -- Up-to-date: /home/chino/brazo_ws/install/micro_ros_setup/./config/raspbian/generic/configure.sh
[2.655s] -- Up-to-date: /home/chino/brazo_ws/install/micro_ros_setup/./config/raspbian/generic/supported_platforms
[2.655s] -- Up-to-date: /home/chino/brazo_ws/install/micro_ros_setup/./config/raspbian/dev_uros_packages.repos
[2.657s] -- Up-to-date: /home/chino/brazo_ws/install/micro_ros_setup/./config/raspbian/dev_ros2_packages.txt
[2.658s] -- Up-to-date: /home/chino/brazo_ws/install/micro_ros_setup/lib/micro_ros_setup/create_ws.sh
[2.659s] -- Up-to-date: /home/chino/brazo_ws/install/micro_ros_setup/lib/micro_ros_setup/create_agent_ws.sh
[2.659s] -- Up-to-date: /home/chino/brazo_ws/install/micro_ros_setup/lib/micro_ros_setup/create_firmware_ws.sh
[2.659s] -- Up-to-date: /home/chino/brazo_ws/install/micro_ros_setup/lib/micro_ros_setup/configure_firmware.sh
[2.660s] -- Up-to-date: /home/chino/brazo_ws/install/micro_ros_setup/lib/micro_ros_setup/flash_firmware.sh
[2.660s] -- Up-to-date: /home/chino/brazo_ws/install/micro_ros_setup/lib/micro_ros_setup/build_firmware.sh
[2.661s] -- Up-to-date: /home/chino/brazo_ws/install/micro_ros_setup/lib/micro_ros_setup/build_agent.sh
[2.661s] -- Up-to-date: /home/chino/brazo_ws/install/micro_ros_setup/lib/micro_ros_setup/yaml_filter.py
[2.661s] -- Up-to-date: /home/chino/brazo_ws/install/micro_ros_setup/lib/micro_ros_setup/clean_env.sh
[2.662s] -- Up-to-date: /home/chino/brazo_ws/install/micro_ros_setup/lib/micro_ros_setup/component
[2.664s] Invoked command in '/home/chino/brazo_ws/build/micro_ros_setup' returned '0': CMAKE_PREFIX_PATH=${CMAKE_PREFIX_PATH}:/home/chino/brazo_ws/install/trajectory_publisher:/home/chino/brazo_ws/install/Trayectorias:/opt/ros/humble /usr/bin/cmake --install /home/chino/brazo_ws/build/micro_ros_setup
