[1.306s] DEBUG:colcon:Command line arguments: ['/usr/bin/colcon', 'build']
[1.306s] DEBUG:colcon:Parsed command line arguments: Namespace(log_base=None, log_level=None, verb_name='build', build_base='build', install_base='install', merge_install=False, symlink_install=False, test_result_base=None, continue_on_error=False, executor='parallel', parallel_workers=16, event_handlers=None, ignore_user_meta=False, metas=['./colcon.meta'], base_paths=['.'], packages_ignore=None, packages_ignore_regex=None, paths=None, packages_up_to=None, packages_up_to_regex=None, packages_above=None, packages_above_and_dependencies=None, packages_above_depth=None, packages_select_by_dep=None, packages_skip_by_dep=None, packages_skip_up_to=None, packages_select_build_failed=False, packages_skip_build_finished=False, packages_select_test_failures=False, packages_skip_test_passed=False, packages_select=None, packages_skip=None, packages_select_regex=None, packages_skip_regex=None, packages_start=None, packages_end=None, allow_overriding=[], cmake_args=None, cmake_target=None, cmake_target_skip_unavailable=False, cmake_clean_cache=False, cmake_clean_first=False, cmake_force_configure=False, ament_cmake_args=None, catkin_cmake_args=None, catkin_skip_building_tests=False, verb_parser=<colcon_defaults.argument_parser.defaults.DefaultArgumentsDecorator object at 0x7bee55a5d780>, verb_extension=<colcon_core.verb.build.BuildVerb object at 0x7bee55bd6e00>, main=<bound method BuildVerb.main of <colcon_core.verb.build.BuildVerb object at 0x7bee55bd6e00>>)
[1.917s] Level 1:colcon.colcon_core.package_discovery:discover_packages(colcon_meta) check parameters
[1.918s] Level 1:colcon.colcon_core.package_discovery:discover_packages(recursive) check parameters
[1.918s] Level 1:colcon.colcon_core.package_discovery:discover_packages(ignore) check parameters
[1.919s] Level 1:colcon.colcon_core.package_discovery:discover_packages(path) check parameters
[1.919s] Level 1:colcon.colcon_core.package_discovery:discover_packages(colcon_meta) discover
[1.919s] Level 1:colcon.colcon_core.package_discovery:discover_packages(recursive) discover
[1.920s] INFO:colcon.colcon_core.package_discovery:Crawling recursively for packages in '/home/chino/brazo_ws'
[1.921s] Level 1:colcon.colcon_core.package_identification:_identify(.) by extensions ['ignore', 'ignore_ament_install']
[1.921s] Level 1:colcon.colcon_core.package_identification:_identify(.) by extension 'ignore'
[1.922s] Level 1:colcon.colcon_core.package_identification:_identify(.) by extension 'ignore_ament_install'
[1.922s] Level 1:colcon.colcon_core.package_identification:_identify(.) by extensions ['colcon_pkg']
[1.923s] Level 1:colcon.colcon_core.package_identification:_identify(.) by extension 'colcon_pkg'
[1.923s] Level 1:colcon.colcon_core.package_identification:_identify(.) by extensions ['colcon_meta']
[1.924s] Level 1:colcon.colcon_core.package_identification:_identify(.) by extension 'colcon_meta'
[1.924s] Level 1:colcon.colcon_core.package_identification:_identify(.) by extensions ['ros']
[1.925s] Level 1:colcon.colcon_core.package_identification:_identify(.) by extension 'ros'
[1.970s] Level 1:colcon.colcon_core.package_identification:_identify(.) by extensions ['cmake', 'python']
[1.971s] Level 1:colcon.colcon_core.package_identification:_identify(.) by extension 'cmake'
[1.971s] Level 1:colcon.colcon_core.package_identification:_identify(.) by extension 'python'
[1.971s] Level 1:colcon.colcon_core.package_identification:_identify(.) by extensions ['python_setup_py']
[1.972s] Level 1:colcon.colcon_core.package_identification:_identify(.) by extension 'python_setup_py'
[1.972s] Level 1:colcon.colcon_core.package_identification:_identify(build) by extensions ['ignore', 'ignore_ament_install']
[1.973s] Level 1:colcon.colcon_core.package_identification:_identify(build) by extension 'ignore'
[1.973s] Level 1:colcon.colcon_core.package_identification:_identify(build) ignored
[1.974s] Level 1:colcon.colcon_core.package_identification:_identify(install) by extensions ['ignore', 'ignore_ament_install']
[1.974s] Level 1:colcon.colcon_core.package_identification:_identify(install) by extension 'ignore'
[1.975s] Level 1:colcon.colcon_core.package_identification:_identify(install) ignored
[1.975s] Level 1:colcon.colcon_core.package_identification:_identify(log) by extensions ['ignore', 'ignore_ament_install']
[1.975s] Level 1:colcon.colcon_core.package_identification:_identify(log) by extension 'ignore'
[1.976s] Level 1:colcon.colcon_core.package_identification:_identify(log) ignored
[1.976s] Level 1:colcon.colcon_core.package_identification:_identify(src) by extensions ['ignore', 'ignore_ament_install']
[1.977s] Level 1:colcon.colcon_core.package_identification:_identify(src) by extension 'ignore'
[1.977s] Level 1:colcon.colcon_core.package_identification:_identify(src) by extension 'ignore_ament_install'
[1.977s] Level 1:colcon.colcon_core.package_identification:_identify(src) by extensions ['colcon_pkg']
[1.978s] Level 1:colcon.colcon_core.package_identification:_identify(src) by extension 'colcon_pkg'
[1.978s] Level 1:colcon.colcon_core.package_identification:_identify(src) by extensions ['colcon_meta']
[1.978s] Level 1:colcon.colcon_core.package_identification:_identify(src) by extension 'colcon_meta'
[1.978s] Level 1:colcon.colcon_core.package_identification:_identify(src) by extensions ['ros']
[1.978s] Level 1:colcon.colcon_core.package_identification:_identify(src) by extension 'ros'
[1.979s] Level 1:colcon.colcon_core.package_identification:_identify(src) by extensions ['cmake', 'python']
[1.979s] Level 1:colcon.colcon_core.package_identification:_identify(src) by extension 'cmake'
[1.979s] Level 1:colcon.colcon_core.package_identification:_identify(src) by extension 'python'
[1.980s] Level 1:colcon.colcon_core.package_identification:_identify(src) by extensions ['python_setup_py']
[1.980s] Level 1:colcon.colcon_core.package_identification:_identify(src) by extension 'python_setup_py'
[1.980s] Level 1:colcon.colcon_core.package_identification:_identify(src/BRAZOROBOTICO_description) by extensions ['ignore', 'ignore_ament_install']
[1.981s] Level 1:colcon.colcon_core.package_identification:_identify(src/BRAZOROBOTICO_description) by extension 'ignore'
[1.981s] Level 1:colcon.colcon_core.package_identification:_identify(src/BRAZOROBOTICO_description) by extension 'ignore_ament_install'
[1.982s] Level 1:colcon.colcon_core.package_identification:_identify(src/BRAZOROBOTICO_description) by extensions ['colcon_pkg']
[1.982s] Level 1:colcon.colcon_core.package_identification:_identify(src/BRAZOROBOTICO_description) by extension 'colcon_pkg'
[1.982s] Level 1:colcon.colcon_core.package_identification:_identify(src/BRAZOROBOTICO_description) by extensions ['colcon_meta']
[1.983s] Level 1:colcon.colcon_core.package_identification:_identify(src/BRAZOROBOTICO_description) by extension 'colcon_meta'
[1.983s] Level 1:colcon.colcon_core.package_identification:_identify(src/BRAZOROBOTICO_description) by extensions ['ros']
[1.983s] Level 1:colcon.colcon_core.package_identification:_identify(src/BRAZOROBOTICO_description) by extension 'ros'
[1.993s] DEBUG:colcon.colcon_core.package_identification:Package 'src/BRAZOROBOTICO_description' with type 'ros.ament_python' and name 'BRAZOROBOTICO_description'
[1.994s] Level 1:colcon.colcon_core.package_identification:_identify(src/Trayectorias) by extensions ['ignore', 'ignore_ament_install']
[1.994s] Level 1:colcon.colcon_core.package_identification:_identify(src/Trayectorias) by extension 'ignore'
[1.994s] Level 1:colcon.colcon_core.package_identification:_identify(src/Trayectorias) by extension 'ignore_ament_install'
[1.995s] Level 1:colcon.colcon_core.package_identification:_identify(src/Trayectorias) by extensions ['colcon_pkg']
[1.995s] Level 1:colcon.colcon_core.package_identification:_identify(src/Trayectorias) by extension 'colcon_pkg'
[1.995s] Level 1:colcon.colcon_core.package_identification:_identify(src/Trayectorias) by extensions ['colcon_meta']
[1.995s] Level 1:colcon.colcon_core.package_identification:_identify(src/Trayectorias) by extension 'colcon_meta'
[1.996s] Level 1:colcon.colcon_core.package_identification:_identify(src/Trayectorias) by extensions ['ros']
[1.996s] Level 1:colcon.colcon_core.package_identification:_identify(src/Trayectorias) by extension 'ros'
[1.998s] DEBUG:colcon.colcon_core.package_identification:Package 'src/Trayectorias' with type 'ros.ament_python' and name 'Trayectorias'
[1.999s] Level 1:colcon.colcon_core.package_identification:_identify(src/micro_ros_setup) by extensions ['ignore', 'ignore_ament_install']
[1.999s] Level 1:colcon.colcon_core.package_identification:_identify(src/micro_ros_setup) by extension 'ignore'
[1.999s] Level 1:colcon.colcon_core.package_identification:_identify(src/micro_ros_setup) by extension 'ignore_ament_install'
[2.000s] Level 1:colcon.colcon_core.package_identification:_identify(src/micro_ros_setup) by extensions ['colcon_pkg']
[2.000s] Level 1:colcon.colcon_core.package_identification:_identify(src/micro_ros_setup) by extension 'colcon_pkg'
[2.000s] Level 1:colcon.colcon_core.package_identification:_identify(src/micro_ros_setup) by extensions ['colcon_meta']
[2.001s] Level 1:colcon.colcon_core.package_identification:_identify(src/micro_ros_setup) by extension 'colcon_meta'
[2.001s] Level 1:colcon.colcon_core.package_identification:_identify(src/micro_ros_setup) by extensions ['ros']
[2.001s] Level 1:colcon.colcon_core.package_identification:_identify(src/micro_ros_setup) by extension 'ros'
[2.004s] DEBUG:colcon.colcon_core.package_identification:Package 'src/micro_ros_setup' with type 'ros.ament_cmake' and name 'micro_ros_setup'
[2.004s] Level 1:colcon.colcon_core.package_identification:_identify(src/trajectory_publisher) by extensions ['ignore', 'ignore_ament_install']
[2.008s] Level 1:colcon.colcon_core.package_identification:_identify(src/trajectory_publisher) by extension 'ignore'
[2.008s] Level 1:colcon.colcon_core.package_identification:_identify(src/trajectory_publisher) by extension 'ignore_ament_install'
[2.009s] Level 1:colcon.colcon_core.package_identification:_identify(src/trajectory_publisher) by extensions ['colcon_pkg']
[2.009s] Level 1:colcon.colcon_core.package_identification:_identify(src/trajectory_publisher) by extension 'colcon_pkg'
[2.009s] Level 1:colcon.colcon_core.package_identification:_identify(src/trajectory_publisher) by extensions ['colcon_meta']
[2.010s] Level 1:colcon.colcon_core.package_identification:_identify(src/trajectory_publisher) by extension 'colcon_meta'
[2.010s] Level 1:colcon.colcon_core.package_identification:_identify(src/trajectory_publisher) by extensions ['ros']
[2.010s] Level 1:colcon.colcon_core.package_identification:_identify(src/trajectory_publisher) by extension 'ros'
[2.013s] DEBUG:colcon.colcon_core.package_identification:Package 'src/trajectory_publisher' with type 'ros.ament_python' and name 'trajectory_publisher'
[2.014s] Level 1:colcon.colcon_core.package_identification:_identify(src/uros) by extensions ['ignore', 'ignore_ament_install']
[2.014s] Level 1:colcon.colcon_core.package_identification:_identify(src/uros) by extension 'ignore'
[2.015s] Level 1:colcon.colcon_core.package_identification:_identify(src/uros) by extension 'ignore_ament_install'
[2.015s] Level 1:colcon.colcon_core.package_identification:_identify(src/uros) by extensions ['colcon_pkg']
[2.016s] Level 1:colcon.colcon_core.package_identification:_identify(src/uros) by extension 'colcon_pkg'
[2.016s] Level 1:colcon.colcon_core.package_identification:_identify(src/uros) by extensions ['colcon_meta']
[2.016s] Level 1:colcon.colcon_core.package_identification:_identify(src/uros) by extension 'colcon_meta'
[2.017s] Level 1:colcon.colcon_core.package_identification:_identify(src/uros) by extensions ['ros']
[2.017s] Level 1:colcon.colcon_core.package_identification:_identify(src/uros) by extension 'ros'
[2.017s] Level 1:colcon.colcon_core.package_identification:_identify(src/uros) by extensions ['cmake', 'python']
[2.017s] Level 1:colcon.colcon_core.package_identification:_identify(src/uros) by extension 'cmake'
[2.018s] Level 1:colcon.colcon_core.package_identification:_identify(src/uros) by extension 'python'
[2.018s] Level 1:colcon.colcon_core.package_identification:_identify(src/uros) by extensions ['python_setup_py']
[2.018s] Level 1:colcon.colcon_core.package_identification:_identify(src/uros) by extension 'python_setup_py'
[2.019s] Level 1:colcon.colcon_core.package_identification:_identify(src/uros/micro-ROS-Agent) by extensions ['ignore', 'ignore_ament_install']
[2.019s] Level 1:colcon.colcon_core.package_identification:_identify(src/uros/micro-ROS-Agent) by extension 'ignore'
[2.020s] Level 1:colcon.colcon_core.package_identification:_identify(src/uros/micro-ROS-Agent) by extension 'ignore_ament_install'
[2.020s] Level 1:colcon.colcon_core.package_identification:_identify(src/uros/micro-ROS-Agent) by extensions ['colcon_pkg']
[2.020s] Level 1:colcon.colcon_core.package_identification:_identify(src/uros/micro-ROS-Agent) by extension 'colcon_pkg'
[2.021s] Level 1:colcon.colcon_core.package_identification:_identify(src/uros/micro-ROS-Agent) by extensions ['colcon_meta']
[2.021s] Level 1:colcon.colcon_core.package_identification:_identify(src/uros/micro-ROS-Agent) by extension 'colcon_meta'
[2.021s] Level 1:colcon.colcon_core.package_identification:_identify(src/uros/micro-ROS-Agent) by extensions ['ros']
[2.021s] Level 1:colcon.colcon_core.package_identification:_identify(src/uros/micro-ROS-Agent) by extension 'ros'
[2.022s] Level 1:colcon.colcon_core.package_identification:_identify(src/uros/micro-ROS-Agent) by extensions ['cmake', 'python']
[2.022s] Level 1:colcon.colcon_core.package_identification:_identify(src/uros/micro-ROS-Agent) by extension 'cmake'
[2.022s] Level 1:colcon.colcon_core.package_identification:_identify(src/uros/micro-ROS-Agent) by extension 'python'
[2.023s] Level 1:colcon.colcon_core.package_identification:_identify(src/uros/micro-ROS-Agent) by extensions ['python_setup_py']
[2.023s] Level 1:colcon.colcon_core.package_identification:_identify(src/uros/micro-ROS-Agent) by extension 'python_setup_py'
[2.023s] Level 1:colcon.colcon_core.package_identification:_identify(src/uros/micro-ROS-Agent/micro_ros_agent) by extensions ['ignore', 'ignore_ament_install']
[2.024s] Level 1:colcon.colcon_core.package_identification:_identify(src/uros/micro-ROS-Agent/micro_ros_agent) by extension 'ignore'
[2.024s] Level 1:colcon.colcon_core.package_identification:_identify(src/uros/micro-ROS-Agent/micro_ros_agent) by extension 'ignore_ament_install'
[2.024s] Level 1:colcon.colcon_core.package_identification:_identify(src/uros/micro-ROS-Agent/micro_ros_agent) by extensions ['colcon_pkg']
[2.025s] Level 1:colcon.colcon_core.package_identification:_identify(src/uros/micro-ROS-Agent/micro_ros_agent) by extension 'colcon_pkg'
[2.025s] Level 1:colcon.colcon_core.package_identification:_identify(src/uros/micro-ROS-Agent/micro_ros_agent) by extensions ['colcon_meta']
[2.025s] Level 1:colcon.colcon_core.package_identification:_identify(src/uros/micro-ROS-Agent/micro_ros_agent) by extension 'colcon_meta'
[2.025s] Level 1:colcon.colcon_core.package_identification:_identify(src/uros/micro-ROS-Agent/micro_ros_agent) by extensions ['ros']
[2.026s] Level 1:colcon.colcon_core.package_identification:_identify(src/uros/micro-ROS-Agent/micro_ros_agent) by extension 'ros'
[2.028s] DEBUG:colcon.colcon_core.package_identification:Package 'src/uros/micro-ROS-Agent/micro_ros_agent' with type 'ros.ament_cmake' and name 'micro_ros_agent'
[2.029s] Level 1:colcon.colcon_core.package_identification:_identify(src/uros/micro-ROS-Agent/snap) by extensions ['ignore', 'ignore_ament_install']
[2.029s] Level 1:colcon.colcon_core.package_identification:_identify(src/uros/micro-ROS-Agent/snap) by extension 'ignore'
[2.030s] Level 1:colcon.colcon_core.package_identification:_identify(src/uros/micro-ROS-Agent/snap) by extension 'ignore_ament_install'
[2.030s] Level 1:colcon.colcon_core.package_identification:_identify(src/uros/micro-ROS-Agent/snap) by extensions ['colcon_pkg']
[2.030s] Level 1:colcon.colcon_core.package_identification:_identify(src/uros/micro-ROS-Agent/snap) by extension 'colcon_pkg'
[2.031s] Level 1:colcon.colcon_core.package_identification:_identify(src/uros/micro-ROS-Agent/snap) by extensions ['colcon_meta']
[2.031s] Level 1:colcon.colcon_core.package_identification:_identify(src/uros/micro-ROS-Agent/snap) by extension 'colcon_meta'
[2.031s] Level 1:colcon.colcon_core.package_identification:_identify(src/uros/micro-ROS-Agent/snap) by extensions ['ros']
[2.032s] Level 1:colcon.colcon_core.package_identification:_identify(src/uros/micro-ROS-Agent/snap) by extension 'ros'
[2.032s] Level 1:colcon.colcon_core.package_identification:_identify(src/uros/micro-ROS-Agent/snap) by extensions ['cmake', 'python']
[2.032s] Level 1:colcon.colcon_core.package_identification:_identify(src/uros/micro-ROS-Agent/snap) by extension 'cmake'
[2.032s] Level 1:colcon.colcon_core.package_identification:_identify(src/uros/micro-ROS-Agent/snap) by extension 'python'
[2.033s] Level 1:colcon.colcon_core.package_identification:_identify(src/uros/micro-ROS-Agent/snap) by extensions ['python_setup_py']
[2.033s] Level 1:colcon.colcon_core.package_identification:_identify(src/uros/micro-ROS-Agent/snap) by extension 'python_setup_py'
[2.034s] Level 1:colcon.colcon_core.package_identification:_identify(src/uros/micro-ROS-Agent/snap/hooks) by extensions ['ignore', 'ignore_ament_install']
[2.034s] Level 1:colcon.colcon_core.package_identification:_identify(src/uros/micro-ROS-Agent/snap/hooks) by extension 'ignore'
[2.035s] Level 1:colcon.colcon_core.package_identification:_identify(src/uros/micro-ROS-Agent/snap/hooks) by extension 'ignore_ament_install'
[2.035s] Level 1:colcon.colcon_core.package_identification:_identify(src/uros/micro-ROS-Agent/snap/hooks) by extensions ['colcon_pkg']
[2.035s] Level 1:colcon.colcon_core.package_identification:_identify(src/uros/micro-ROS-Agent/snap/hooks) by extension 'colcon_pkg'
[2.035s] Level 1:colcon.colcon_core.package_identification:_identify(src/uros/micro-ROS-Agent/snap/hooks) by extensions ['colcon_meta']
[2.036s] Level 1:colcon.colcon_core.package_identification:_identify(src/uros/micro-ROS-Agent/snap/hooks) by extension 'colcon_meta'
[2.036s] Level 1:colcon.colcon_core.package_identification:_identify(src/uros/micro-ROS-Agent/snap/hooks) by extensions ['ros']
[2.036s] Level 1:colcon.colcon_core.package_identification:_identify(src/uros/micro-ROS-Agent/snap/hooks) by extension 'ros'
[2.037s] Level 1:colcon.colcon_core.package_identification:_identify(src/uros/micro-ROS-Agent/snap/hooks) by extensions ['cmake', 'python']
[2.037s] Level 1:colcon.colcon_core.package_identification:_identify(src/uros/micro-ROS-Agent/snap/hooks) by extension 'cmake'
[2.037s] Level 1:colcon.colcon_core.package_identification:_identify(src/uros/micro-ROS-Agent/snap/hooks) by extension 'python'
[2.037s] Level 1:colcon.colcon_core.package_identification:_identify(src/uros/micro-ROS-Agent/snap/hooks) by extensions ['python_setup_py']
[2.038s] Level 1:colcon.colcon_core.package_identification:_identify(src/uros/micro-ROS-Agent/snap/hooks) by extension 'python_setup_py'
[2.038s] Level 1:colcon.colcon_core.package_identification:_identify(src/uros/micro-ROS-Agent/snap/local) by extensions ['ignore', 'ignore_ament_install']
[2.039s] Level 1:colcon.colcon_core.package_identification:_identify(src/uros/micro-ROS-Agent/snap/local) by extension 'ignore'
[2.039s] Level 1:colcon.colcon_core.package_identification:_identify(src/uros/micro-ROS-Agent/snap/local) by extension 'ignore_ament_install'
[2.040s] Level 1:colcon.colcon_core.package_identification:_identify(src/uros/micro-ROS-Agent/snap/local) by extensions ['colcon_pkg']
[2.040s] Level 1:colcon.colcon_core.package_identification:_identify(src/uros/micro-ROS-Agent/snap/local) by extension 'colcon_pkg'
[2.040s] Level 1:colcon.colcon_core.package_identification:_identify(src/uros/micro-ROS-Agent/snap/local) by extensions ['colcon_meta']
[2.040s] Level 1:colcon.colcon_core.package_identification:_identify(src/uros/micro-ROS-Agent/snap/local) by extension 'colcon_meta'
[2.041s] Level 1:colcon.colcon_core.package_identification:_identify(src/uros/micro-ROS-Agent/snap/local) by extensions ['ros']
[2.041s] Level 1:colcon.colcon_core.package_identification:_identify(src/uros/micro-ROS-Agent/snap/local) by extension 'ros'
[2.041s] Level 1:colcon.colcon_core.package_identification:_identify(src/uros/micro-ROS-Agent/snap/local) by extensions ['cmake', 'python']
[2.041s] Level 1:colcon.colcon_core.package_identification:_identify(src/uros/micro-ROS-Agent/snap/local) by extension 'cmake'
[2.041s] Level 1:colcon.colcon_core.package_identification:_identify(src/uros/micro-ROS-Agent/snap/local) by extension 'python'
[2.042s] Level 1:colcon.colcon_core.package_identification:_identify(src/uros/micro-ROS-Agent/snap/local) by extensions ['python_setup_py']
[2.042s] Level 1:colcon.colcon_core.package_identification:_identify(src/uros/micro-ROS-Agent/snap/local) by extension 'python_setup_py'
[2.042s] Level 1:colcon.colcon_core.package_identification:_identify(src/uros/micro_ros_msgs) by extensions ['ignore', 'ignore_ament_install']
[2.043s] Level 1:colcon.colcon_core.package_identification:_identify(src/uros/micro_ros_msgs) by extension 'ignore'
[2.043s] Level 1:colcon.colcon_core.package_identification:_identify(src/uros/micro_ros_msgs) by extension 'ignore_ament_install'
[2.043s] Level 1:colcon.colcon_core.package_identification:_identify(src/uros/micro_ros_msgs) by extensions ['colcon_pkg']
[2.044s] Level 1:colcon.colcon_core.package_identification:_identify(src/uros/micro_ros_msgs) by extension 'colcon_pkg'
[2.044s] Level 1:colcon.colcon_core.package_identification:_identify(src/uros/micro_ros_msgs) by extensions ['colcon_meta']
[2.044s] Level 1:colcon.colcon_core.package_identification:_identify(src/uros/micro_ros_msgs) by extension 'colcon_meta'
[2.044s] Level 1:colcon.colcon_core.package_identification:_identify(src/uros/micro_ros_msgs) by extensions ['ros']
[2.045s] Level 1:colcon.colcon_core.package_identification:_identify(src/uros/micro_ros_msgs) by extension 'ros'
[2.047s] DEBUG:colcon.colcon_core.package_identification:Package 'src/uros/micro_ros_msgs' with type 'ros.ament_cmake' and name 'micro_ros_msgs'
[2.047s] Level 1:colcon.colcon_core.package_discovery:discover_packages(recursive) using defaults
[2.047s] Level 1:colcon.colcon_core.package_discovery:discover_packages(ignore) discover
[2.047s] Level 1:colcon.colcon_core.package_discovery:discover_packages(ignore) using defaults
[2.048s] Level 1:colcon.colcon_core.package_discovery:discover_packages(path) discover
[2.048s] Level 1:colcon.colcon_core.package_discovery:discover_packages(path) using defaults
[2.126s] Level 1:colcon.colcon_core.package_discovery:discover_packages(prefix_path) check parameters
[2.126s] Level 1:colcon.colcon_core.package_discovery:discover_packages(prefix_path) discover
[2.133s] DEBUG:colcon.colcon_installed_package_information.package_discovery:Found 506 installed packages in /opt/ros/humble
[2.138s] Level 1:colcon.colcon_core.package_discovery:discover_packages(prefix_path) using defaults
[2.306s] Level 5:colcon.colcon_core.verb:set package 'BRAZOROBOTICO_description' build argument 'cmake_args' from command line to 'None'
[2.306s] Level 5:colcon.colcon_core.verb:set package 'BRAZOROBOTICO_description' build argument 'cmake_target' from command line to 'None'
[2.306s] Level 5:colcon.colcon_core.verb:set package 'BRAZOROBOTICO_description' build argument 'cmake_target_skip_unavailable' from command line to 'False'
[2.306s] Level 5:colcon.colcon_core.verb:set package 'BRAZOROBOTICO_description' build argument 'cmake_clean_cache' from command line to 'False'
[2.307s] Level 5:colcon.colcon_core.verb:set package 'BRAZOROBOTICO_description' build argument 'cmake_clean_first' from command line to 'False'
[2.307s] Level 5:colcon.colcon_core.verb:set package 'BRAZOROBOTICO_description' build argument 'cmake_force_configure' from command line to 'False'
[2.307s] Level 5:colcon.colcon_core.verb:set package 'BRAZOROBOTICO_description' build argument 'ament_cmake_args' from command line to 'None'
[2.307s] Level 5:colcon.colcon_core.verb:set package 'BRAZOROBOTICO_description' build argument 'catkin_cmake_args' from command line to 'None'
[2.307s] Level 5:colcon.colcon_core.verb:set package 'BRAZOROBOTICO_description' build argument 'catkin_skip_building_tests' from command line to 'False'
[2.307s] DEBUG:colcon.colcon_core.verb:Building package 'BRAZOROBOTICO_description' with the following arguments: {'ament_cmake_args': None, 'build_base': '/home/chino/brazo_ws/build/BRAZOROBOTICO_description', 'catkin_cmake_args': None, 'catkin_skip_building_tests': False, 'cmake_args': None, 'cmake_clean_cache': False, 'cmake_clean_first': False, 'cmake_force_configure': False, 'cmake_target': None, 'cmake_target_skip_unavailable': False, 'install_base': '/home/chino/brazo_ws/install/BRAZOROBOTICO_description', 'merge_install': False, 'path': '/home/chino/brazo_ws/src/BRAZOROBOTICO_description', 'symlink_install': False, 'test_result_base': None}
[2.308s] Level 5:colcon.colcon_core.verb:set package 'Trayectorias' build argument 'cmake_args' from command line to 'None'
[2.309s] Level 5:colcon.colcon_core.verb:set package 'Trayectorias' build argument 'cmake_target' from command line to 'None'
[2.309s] Level 5:colcon.colcon_core.verb:set package 'Trayectorias' build argument 'cmake_target_skip_unavailable' from command line to 'False'
[2.309s] Level 5:colcon.colcon_core.verb:set package 'Trayectorias' build argument 'cmake_clean_cache' from command line to 'False'
[2.309s] Level 5:colcon.colcon_core.verb:set package 'Trayectorias' build argument 'cmake_clean_first' from command line to 'False'
[2.309s] Level 5:colcon.colcon_core.verb:set package 'Trayectorias' build argument 'cmake_force_configure' from command line to 'False'
[2.309s] Level 5:colcon.colcon_core.verb:set package 'Trayectorias' build argument 'ament_cmake_args' from command line to 'None'
[2.310s] Level 5:colcon.colcon_core.verb:set package 'Trayectorias' build argument 'catkin_cmake_args' from command line to 'None'
[2.310s] Level 5:colcon.colcon_core.verb:set package 'Trayectorias' build argument 'catkin_skip_building_tests' from command line to 'False'
[2.310s] DEBUG:colcon.colcon_core.verb:Building package 'Trayectorias' with the following arguments: {'ament_cmake_args': None, 'build_base': '/home/chino/brazo_ws/build/Trayectorias', 'catkin_cmake_args': None, 'catkin_skip_building_tests': False, 'cmake_args': None, 'cmake_clean_cache': False, 'cmake_clean_first': False, 'cmake_force_configure': False, 'cmake_target': None, 'cmake_target_skip_unavailable': False, 'install_base': '/home/chino/brazo_ws/install/Trayectorias', 'merge_install': False, 'path': '/home/chino/brazo_ws/src/Trayectorias', 'symlink_install': False, 'test_result_base': None}
[2.311s] Level 5:colcon.colcon_core.verb:set package 'micro_ros_msgs' build argument 'cmake_args' from command line to 'None'
[2.311s] Level 5:colcon.colcon_core.verb:set package 'micro_ros_msgs' build argument 'cmake_target' from command line to 'None'
[2.311s] Level 5:colcon.colcon_core.verb:set package 'micro_ros_msgs' build argument 'cmake_target_skip_unavailable' from command line to 'False'
[2.311s] Level 5:colcon.colcon_core.verb:set package 'micro_ros_msgs' build argument 'cmake_clean_cache' from command line to 'False'
[2.311s] Level 5:colcon.colcon_core.verb:set package 'micro_ros_msgs' build argument 'cmake_clean_first' from command line to 'False'
[2.312s] Level 5:colcon.colcon_core.verb:set package 'micro_ros_msgs' build argument 'cmake_force_configure' from command line to 'False'
[2.312s] Level 5:colcon.colcon_core.verb:set package 'micro_ros_msgs' build argument 'ament_cmake_args' from command line to 'None'
[2.312s] Level 5:colcon.colcon_core.verb:set package 'micro_ros_msgs' build argument 'catkin_cmake_args' from command line to 'None'
[2.312s] Level 5:colcon.colcon_core.verb:set package 'micro_ros_msgs' build argument 'catkin_skip_building_tests' from command line to 'False'
[2.312s] DEBUG:colcon.colcon_core.verb:Building package 'micro_ros_msgs' with the following arguments: {'ament_cmake_args': None, 'build_base': '/home/chino/brazo_ws/build/micro_ros_msgs', 'catkin_cmake_args': None, 'catkin_skip_building_tests': False, 'cmake_args': None, 'cmake_clean_cache': False, 'cmake_clean_first': False, 'cmake_force_configure': False, 'cmake_target': None, 'cmake_target_skip_unavailable': False, 'install_base': '/home/chino/brazo_ws/install/micro_ros_msgs', 'merge_install': False, 'path': '/home/chino/brazo_ws/src/uros/micro_ros_msgs', 'symlink_install': False, 'test_result_base': None}
[2.313s] Level 5:colcon.colcon_core.verb:set package 'micro_ros_setup' build argument 'cmake_args' from command line to 'None'
[2.314s] Level 5:colcon.colcon_core.verb:set package 'micro_ros_setup' build argument 'cmake_target' from command line to 'None'
[2.314s] Level 5:colcon.colcon_core.verb:set package 'micro_ros_setup' build argument 'cmake_target_skip_unavailable' from command line to 'False'
[2.314s] Level 5:colcon.colcon_core.verb:set package 'micro_ros_setup' build argument 'cmake_clean_cache' from command line to 'False'
[2.314s] Level 5:colcon.colcon_core.verb:set package 'micro_ros_setup' build argument 'cmake_clean_first' from command line to 'False'
[2.314s] Level 5:colcon.colcon_core.verb:set package 'micro_ros_setup' build argument 'cmake_force_configure' from command line to 'False'
[2.314s] Level 5:colcon.colcon_core.verb:set package 'micro_ros_setup' build argument 'ament_cmake_args' from command line to 'None'
[2.314s] Level 5:colcon.colcon_core.verb:set package 'micro_ros_setup' build argument 'catkin_cmake_args' from command line to 'None'
[2.314s] Level 5:colcon.colcon_core.verb:set package 'micro_ros_setup' build argument 'catkin_skip_building_tests' from command line to 'False'
[2.315s] DEBUG:colcon.colcon_core.verb:Building package 'micro_ros_setup' with the following arguments: {'ament_cmake_args': None, 'build_base': '/home/chino/brazo_ws/build/micro_ros_setup', 'catkin_cmake_args': None, 'catkin_skip_building_tests': False, 'cmake_args': None, 'cmake_clean_cache': False, 'cmake_clean_first': False, 'cmake_force_configure': False, 'cmake_target': None, 'cmake_target_skip_unavailable': False, 'install_base': '/home/chino/brazo_ws/install/micro_ros_setup', 'merge_install': False, 'path': '/home/chino/brazo_ws/src/micro_ros_setup', 'symlink_install': False, 'test_result_base': None}
[2.316s] Level 5:colcon.colcon_core.verb:set package 'trajectory_publisher' build argument 'cmake_args' from command line to 'None'
[2.316s] Level 5:colcon.colcon_core.verb:set package 'trajectory_publisher' build argument 'cmake_target' from command line to 'None'
[2.316s] Level 5:colcon.colcon_core.verb:set package 'trajectory_publisher' build argument 'cmake_target_skip_unavailable' from command line to 'False'
[2.316s] Level 5:colcon.colcon_core.verb:set package 'trajectory_publisher' build argument 'cmake_clean_cache' from command line to 'False'
[2.316s] Level 5:colcon.colcon_core.verb:set package 'trajectory_publisher' build argument 'cmake_clean_first' from command line to 'False'
[2.317s] Level 5:colcon.colcon_core.verb:set package 'trajectory_publisher' build argument 'cmake_force_configure' from command line to 'False'
[2.317s] Level 5:colcon.colcon_core.verb:set package 'trajectory_publisher' build argument 'ament_cmake_args' from command line to 'None'
[2.317s] Level 5:colcon.colcon_core.verb:set package 'trajectory_publisher' build argument 'catkin_cmake_args' from command line to 'None'
[2.317s] Level 5:colcon.colcon_core.verb:set package 'trajectory_publisher' build argument 'catkin_skip_building_tests' from command line to 'False'
[2.317s] DEBUG:colcon.colcon_core.verb:Building package 'trajectory_publisher' with the following arguments: {'ament_cmake_args': None, 'build_base': '/home/chino/brazo_ws/build/trajectory_publisher', 'catkin_cmake_args': None, 'catkin_skip_building_tests': False, 'cmake_args': None, 'cmake_clean_cache': False, 'cmake_clean_first': False, 'cmake_force_configure': False, 'cmake_target': None, 'cmake_target_skip_unavailable': False, 'install_base': '/home/chino/brazo_ws/install/trajectory_publisher', 'merge_install': False, 'path': '/home/chino/brazo_ws/src/trajectory_publisher', 'symlink_install': False, 'test_result_base': None}
[2.318s] Level 5:colcon.colcon_core.verb:set package 'micro_ros_agent' build argument 'cmake_args' from command line to 'None'
[2.318s] Level 5:colcon.colcon_core.verb:set package 'micro_ros_agent' build argument 'cmake_target' from command line to 'None'
[2.319s] Level 5:colcon.colcon_core.verb:set package 'micro_ros_agent' build argument 'cmake_target_skip_unavailable' from command line to 'False'
[2.319s] Level 5:colcon.colcon_core.verb:set package 'micro_ros_agent' build argument 'cmake_clean_cache' from command line to 'False'
[2.319s] Level 5:colcon.colcon_core.verb:set package 'micro_ros_agent' build argument 'cmake_clean_first' from command line to 'False'
[2.319s] Level 5:colcon.colcon_core.verb:set package 'micro_ros_agent' build argument 'cmake_force_configure' from command line to 'False'
[2.319s] Level 5:colcon.colcon_core.verb:set package 'micro_ros_agent' build argument 'ament_cmake_args' from command line to 'None'
[2.319s] Level 5:colcon.colcon_core.verb:set package 'micro_ros_agent' build argument 'catkin_cmake_args' from command line to 'None'
[2.319s] Level 5:colcon.colcon_core.verb:set package 'micro_ros_agent' build argument 'catkin_skip_building_tests' from command line to 'False'
[2.319s] DEBUG:colcon.colcon_core.verb:Building package 'micro_ros_agent' with the following arguments: {'ament_cmake_args': None, 'build_base': '/home/chino/brazo_ws/build/micro_ros_agent', 'catkin_cmake_args': None, 'catkin_skip_building_tests': False, 'cmake_args': None, 'cmake_clean_cache': False, 'cmake_clean_first': False, 'cmake_force_configure': False, 'cmake_target': None, 'cmake_target_skip_unavailable': False, 'install_base': '/home/chino/brazo_ws/install/micro_ros_agent', 'merge_install': False, 'path': '/home/chino/brazo_ws/src/uros/micro-ROS-Agent/micro_ros_agent', 'symlink_install': False, 'test_result_base': None}
[2.320s] INFO:colcon.colcon_core.executor:Executing jobs using 'parallel' executor
[2.323s] DEBUG:colcon.colcon_parallel_executor.executor.parallel:run_until_complete
[2.325s] INFO:colcon.colcon_ros.task.ament_cmake.build:Building ROS package in '/home/chino/brazo_ws/src/uros/micro_ros_msgs' with build type 'ament_cmake'
[2.326s] INFO:colcon.colcon_cmake.task.cmake.build:Building CMake package in '/home/chino/brazo_ws/src/uros/micro_ros_msgs'
[2.337s] INFO:colcon.colcon_core.plugin_system:Skipping extension 'colcon_core.shell.bat': Not used on non-Windows systems
[2.338s] INFO:colcon.colcon_core.shell:Skip shell extension 'powershell' for command environment: Not usable outside of PowerShell
[2.339s] DEBUG:colcon.colcon_core.shell:Skip shell extension 'dsv' for command environment
[2.360s] INFO:colcon.colcon_ros.task.ament_python.build:Building ROS package in '/home/chino/brazo_ws/src/BRAZOROBOTICO_description' with build type 'ament_python'
[2.361s] Level 1:colcon.colcon_core.shell:create_environment_hook('BRAZOROBOTICO_description', 'ament_prefix_path')
[2.362s] INFO:colcon.colcon_core.shell:Creating environment hook '/home/chino/brazo_ws/install/BRAZOROBOTICO_description/share/BRAZOROBOTICO_description/hook/ament_prefix_path.ps1'
[2.366s] INFO:colcon.colcon_core.shell:Creating environment descriptor '/home/chino/brazo_ws/install/BRAZOROBOTICO_description/share/BRAZOROBOTICO_description/hook/ament_prefix_path.dsv'
[2.369s] INFO:colcon.colcon_core.shell:Creating environment hook '/home/chino/brazo_ws/install/BRAZOROBOTICO_description/share/BRAZOROBOTICO_description/hook/ament_prefix_path.sh'
[2.374s] INFO:colcon.colcon_core.shell:Skip shell extension 'powershell' for command environment: Not usable outside of PowerShell
[2.375s] DEBUG:colcon.colcon_core.shell:Skip shell extension 'dsv' for command environment
[2.387s] INFO:colcon.colcon_ros.task.ament_python.build:Building ROS package in '/home/chino/brazo_ws/src/Trayectorias' with build type 'ament_python'
[2.388s] Level 1:colcon.colcon_core.shell:create_environment_hook('Trayectorias', 'ament_prefix_path')
[2.389s] INFO:colcon.colcon_core.shell:Creating environment hook '/home/chino/brazo_ws/install/Trayectorias/share/Trayectorias/hook/ament_prefix_path.ps1'
[2.391s] INFO:colcon.colcon_core.shell:Creating environment descriptor '/home/chino/brazo_ws/install/Trayectorias/share/Trayectorias/hook/ament_prefix_path.dsv'
[2.393s] INFO:colcon.colcon_core.shell:Creating environment hook '/home/chino/brazo_ws/install/Trayectorias/share/Trayectorias/hook/ament_prefix_path.sh'
[2.395s] INFO:colcon.colcon_core.shell:Skip shell extension 'powershell' for command environment: Not usable outside of PowerShell
[2.395s] DEBUG:colcon.colcon_core.shell:Skip shell extension 'dsv' for command environment
[2.409s] INFO:colcon.colcon_ros.task.ament_cmake.build:Building ROS package in '/home/chino/brazo_ws/src/micro_ros_setup' with build type 'ament_cmake'
[2.409s] INFO:colcon.colcon_cmake.task.cmake.build:Building CMake package in '/home/chino/brazo_ws/src/micro_ros_setup'
[2.410s] INFO:colcon.colcon_core.shell:Skip shell extension 'powershell' for command environment: Not usable outside of PowerShell
[2.411s] DEBUG:colcon.colcon_core.shell:Skip shell extension 'dsv' for command environment
[2.426s] INFO:colcon.colcon_ros.task.ament_python.build:Building ROS package in '/home/chino/brazo_ws/src/trajectory_publisher' with build type 'ament_python'
[2.427s] Level 1:colcon.colcon_core.shell:create_environment_hook('trajectory_publisher', 'ament_prefix_path')
[2.428s] INFO:colcon.colcon_core.shell:Creating environment hook '/home/chino/brazo_ws/install/trajectory_publisher/share/trajectory_publisher/hook/ament_prefix_path.ps1'
[2.430s] INFO:colcon.colcon_core.shell:Creating environment descriptor '/home/chino/brazo_ws/install/trajectory_publisher/share/trajectory_publisher/hook/ament_prefix_path.dsv'
[2.432s] INFO:colcon.colcon_core.shell:Creating environment hook '/home/chino/brazo_ws/install/trajectory_publisher/share/trajectory_publisher/hook/ament_prefix_path.sh'
[2.434s] INFO:colcon.colcon_core.shell:Skip shell extension 'powershell' for command environment: Not usable outside of PowerShell
[2.434s] DEBUG:colcon.colcon_core.shell:Skip shell extension 'dsv' for command environment
[2.471s] DEBUG:colcon.colcon_core.event_handler.log_command:Invoking command in '/home/chino/brazo_ws/build/micro_ros_msgs': CMAKE_PREFIX_PATH=/opt/ros/humble /usr/bin/cmake --build /home/chino/brazo_ws/build/micro_ros_msgs -- -j16 -l16
[3.373s] INFO:colcon.colcon_core.task.python.build:Building Python package in '/home/chino/brazo_ws/src/BRAZOROBOTICO_description'
[3.382s] INFO:colcon.colcon_core.shell:Skip shell extension 'powershell' for command environment: Not usable outside of PowerShell
[3.382s] DEBUG:colcon.colcon_core.shell:Skip shell extension 'dsv' for command environment
[4.222s] INFO:colcon.colcon_core.task.python.build:Building Python package in '/home/chino/brazo_ws/src/Trayectorias'
[4.223s] INFO:colcon.colcon_core.shell:Skip shell extension 'powershell' for command environment: Not usable outside of PowerShell
[4.223s] DEBUG:colcon.colcon_core.shell:Skip shell extension 'dsv' for command environment
[4.249s] DEBUG:colcon.colcon_core.event_handler.log_command:Invoking command in '/home/chino/brazo_ws/build/micro_ros_setup': CMAKE_PREFIX_PATH=/opt/ros/humble /usr/bin/cmake --build /home/chino/brazo_ws/build/micro_ros_setup -- -j16 -l16
[4.263s] DEBUG:colcon.colcon_core.event_handler.log_command:Invoked command in '/home/chino/brazo_ws/build/micro_ros_msgs' returned '0': CMAKE_PREFIX_PATH=/opt/ros/humble /usr/bin/cmake --build /home/chino/brazo_ws/build/micro_ros_msgs -- -j16 -l16
[4.284s] DEBUG:colcon.colcon_core.event_handler.log_command:Invoking command in '/home/chino/brazo_ws/build/micro_ros_msgs': CMAKE_PREFIX_PATH=/opt/ros/humble /usr/bin/cmake --install /home/chino/brazo_ws/build/micro_ros_msgs
[5.056s] INFO:colcon.colcon_core.task.python.build:Building Python package in '/home/chino/brazo_ws/src/trajectory_publisher'
[5.056s] INFO:colcon.colcon_core.shell:Skip shell extension 'powershell' for command environment: Not usable outside of PowerShell
[5.056s] DEBUG:colcon.colcon_core.shell:Skip shell extension 'dsv' for command environment
[5.114s] Level 1:colcon.colcon_core.environment:create_environment_scripts_only(micro_ros_msgs)
[5.147s] Level 1:colcon.colcon_core.environment:checking '/home/chino/brazo_ws/install/micro_ros_msgs' for CMake module files
[5.167s] Level 1:colcon.colcon_core.environment:checking '/home/chino/brazo_ws/install/micro_ros_msgs' for CMake config files
[5.182s] Level 1:colcon.colcon_core.shell:create_environment_hook('micro_ros_msgs', 'cmake_prefix_path')
[5.183s] INFO:colcon.colcon_core.shell:Creating environment hook '/home/chino/brazo_ws/install/micro_ros_msgs/share/micro_ros_msgs/hook/cmake_prefix_path.ps1'
[5.186s] INFO:colcon.colcon_core.shell:Creating environment descriptor '/home/chino/brazo_ws/install/micro_ros_msgs/share/micro_ros_msgs/hook/cmake_prefix_path.dsv'
[5.189s] INFO:colcon.colcon_core.shell:Creating environment hook '/home/chino/brazo_ws/install/micro_ros_msgs/share/micro_ros_msgs/hook/cmake_prefix_path.sh'
[5.193s] Level 1:colcon.colcon_core.environment:checking '/home/chino/brazo_ws/install/micro_ros_msgs/lib'
[5.194s] Level 1:colcon.colcon_core.shell:create_environment_hook('micro_ros_msgs', 'ld_library_path_lib')
[5.194s] INFO:colcon.colcon_core.shell:Creating environment hook '/home/chino/brazo_ws/install/micro_ros_msgs/share/micro_ros_msgs/hook/ld_library_path_lib.ps1'
[5.197s] INFO:colcon.colcon_core.shell:Creating environment descriptor '/home/chino/brazo_ws/install/micro_ros_msgs/share/micro_ros_msgs/hook/ld_library_path_lib.dsv'
[5.199s] INFO:colcon.colcon_core.shell:Creating environment hook '/home/chino/brazo_ws/install/micro_ros_msgs/share/micro_ros_msgs/hook/ld_library_path_lib.sh'
[5.202s] Level 1:colcon.colcon_core.environment:checking '/home/chino/brazo_ws/install/micro_ros_msgs/bin'
[5.203s] Level 1:colcon.colcon_core.environment:checking '/home/chino/brazo_ws/install/micro_ros_msgs/lib/pkgconfig/micro_ros_msgs.pc'
[5.204s] Level 1:colcon.colcon_core.environment:checking '/home/chino/brazo_ws/install/micro_ros_msgs/lib/python3.10/site-packages'
[5.205s] Level 1:colcon.colcon_core.environment:checking '/home/chino/brazo_ws/install/micro_ros_msgs/bin'
[5.206s] INFO:colcon.colcon_core.shell:Creating package script '/home/chino/brazo_ws/install/micro_ros_msgs/share/micro_ros_msgs/package.ps1'
[5.209s] INFO:colcon.colcon_core.shell:Creating package descriptor '/home/chino/brazo_ws/install/micro_ros_msgs/share/micro_ros_msgs/package.dsv'
[5.213s] INFO:colcon.colcon_core.shell:Creating package script '/home/chino/brazo_ws/install/micro_ros_msgs/share/micro_ros_msgs/package.sh'
[5.217s] INFO:colcon.colcon_core.shell:Creating package script '/home/chino/brazo_ws/install/micro_ros_msgs/share/micro_ros_msgs/package.bash'
[5.220s] INFO:colcon.colcon_core.shell:Creating package script '/home/chino/brazo_ws/install/micro_ros_msgs/share/micro_ros_msgs/package.zsh'
[5.224s] Level 1:colcon.colcon_core.environment:create_file_with_runtime_dependencies(/home/chino/brazo_ws/install/micro_ros_msgs/share/colcon-core/packages/micro_ros_msgs)
[5.228s] Level 1:colcon.colcon_core.environment:create_environment_scripts_only(micro_ros_msgs)
[5.229s] Level 1:colcon.colcon_core.environment:checking '/home/chino/brazo_ws/install/micro_ros_msgs' for CMake module files
[5.238s] Level 1:colcon.colcon_core.environment:checking '/home/chino/brazo_ws/install/micro_ros_msgs' for CMake config files
[5.249s] Level 1:colcon.colcon_core.shell:create_environment_hook('micro_ros_msgs', 'cmake_prefix_path')
[5.250s] INFO:colcon.colcon_core.shell:Creating environment hook '/home/chino/brazo_ws/install/micro_ros_msgs/share/micro_ros_msgs/hook/cmake_prefix_path.ps1'
[5.253s] INFO:colcon.colcon_core.shell:Creating environment descriptor '/home/chino/brazo_ws/install/micro_ros_msgs/share/micro_ros_msgs/hook/cmake_prefix_path.dsv'
[5.255s] INFO:colcon.colcon_core.shell:Creating environment hook '/home/chino/brazo_ws/install/micro_ros_msgs/share/micro_ros_msgs/hook/cmake_prefix_path.sh'
[5.259s] Level 1:colcon.colcon_core.environment:checking '/home/chino/brazo_ws/install/micro_ros_msgs/lib'
[5.260s] Level 1:colcon.colcon_core.shell:create_environment_hook('micro_ros_msgs', 'ld_library_path_lib')
[5.260s] INFO:colcon.colcon_core.shell:Creating environment hook '/home/chino/brazo_ws/install/micro_ros_msgs/share/micro_ros_msgs/hook/ld_library_path_lib.ps1'
[5.263s] INFO:colcon.colcon_core.shell:Creating environment descriptor '/home/chino/brazo_ws/install/micro_ros_msgs/share/micro_ros_msgs/hook/ld_library_path_lib.dsv'
[5.266s] INFO:colcon.colcon_core.shell:Creating environment hook '/home/chino/brazo_ws/install/micro_ros_msgs/share/micro_ros_msgs/hook/ld_library_path_lib.sh'
[5.270s] Level 1:colcon.colcon_core.environment:checking '/home/chino/brazo_ws/install/micro_ros_msgs/bin'
[5.270s] Level 1:colcon.colcon_core.environment:checking '/home/chino/brazo_ws/install/micro_ros_msgs/lib/pkgconfig/micro_ros_msgs.pc'
[5.271s] Level 1:colcon.colcon_core.environment:checking '/home/chino/brazo_ws/install/micro_ros_msgs/lib/python3.10/site-packages'
[5.272s] Level 1:colcon.colcon_core.environment:checking '/home/chino/brazo_ws/install/micro_ros_msgs/bin'
[5.273s] INFO:colcon.colcon_core.shell:Creating package script '/home/chino/brazo_ws/install/micro_ros_msgs/share/micro_ros_msgs/package.ps1'
[5.277s] INFO:colcon.colcon_core.shell:Creating package descriptor '/home/chino/brazo_ws/install/micro_ros_msgs/share/micro_ros_msgs/package.dsv'
[5.281s] INFO:colcon.colcon_core.shell:Creating package script '/home/chino/brazo_ws/install/micro_ros_msgs/share/micro_ros_msgs/package.sh'
[5.284s] INFO:colcon.colcon_core.shell:Creating package script '/home/chino/brazo_ws/install/micro_ros_msgs/share/micro_ros_msgs/package.bash'
[5.288s] INFO:colcon.colcon_core.shell:Creating package script '/home/chino/brazo_ws/install/micro_ros_msgs/share/micro_ros_msgs/package.zsh'
[5.292s] Level 1:colcon.colcon_core.environment:create_file_with_runtime_dependencies(/home/chino/brazo_ws/install/micro_ros_msgs/share/colcon-core/packages/micro_ros_msgs)
[5.295s] INFO:colcon.colcon_ros.task.ament_cmake.build:Building ROS package in '/home/chino/brazo_ws/src/uros/micro-ROS-Agent/micro_ros_agent' with build type 'ament_cmake'
[5.296s] INFO:colcon.colcon_cmake.task.cmake.build:Building CMake package in '/home/chino/brazo_ws/src/uros/micro-ROS-Agent/micro_ros_agent'
[5.297s] INFO:colcon.colcon_core.shell:Skip shell extension 'powershell' for command environment: Not usable outside of PowerShell
[5.298s] DEBUG:colcon.colcon_core.shell:Skip shell extension 'dsv' for command environment
[5.304s] DEBUG:colcon.colcon_core.event_handler.log_command:Invoked command in '/home/chino/brazo_ws/build/micro_ros_setup' returned '0': CMAKE_PREFIX_PATH=/opt/ros/humble /usr/bin/cmake --build /home/chino/brazo_ws/build/micro_ros_setup -- -j16 -l16
[5.306s] DEBUG:colcon.colcon_core.event_handler.log_command:Invoking command in '/home/chino/brazo_ws/build/micro_ros_setup': CMAKE_PREFIX_PATH=/opt/ros/humble /usr/bin/cmake --install /home/chino/brazo_ws/build/micro_ros_setup
[5.307s] DEBUG:colcon.colcon_core.event_handler.log_command:Invoked command in '/home/chino/brazo_ws/build/micro_ros_msgs' returned '0': CMAKE_PREFIX_PATH=/opt/ros/humble /usr/bin/cmake --install /home/chino/brazo_ws/build/micro_ros_msgs
[5.351s] Level 1:colcon.colcon_core.environment:create_environment_scripts_only(micro_ros_setup)
[5.352s] Level 1:colcon.colcon_core.environment:checking '/home/chino/brazo_ws/install/micro_ros_setup' for CMake module files
[5.360s] Level 1:colcon.colcon_core.environment:checking '/home/chino/brazo_ws/install/micro_ros_setup' for CMake config files
[5.367s] Level 1:colcon.colcon_core.shell:create_environment_hook('micro_ros_setup', 'cmake_prefix_path')
[5.368s] INFO:colcon.colcon_core.shell:Creating environment hook '/home/chino/brazo_ws/install/micro_ros_setup/share/micro_ros_setup/hook/cmake_prefix_path.ps1'
[5.372s] INFO:colcon.colcon_core.shell:Creating environment descriptor '/home/chino/brazo_ws/install/micro_ros_setup/share/micro_ros_setup/hook/cmake_prefix_path.dsv'
[5.374s] INFO:colcon.colcon_core.shell:Creating environment hook '/home/chino/brazo_ws/install/micro_ros_setup/share/micro_ros_setup/hook/cmake_prefix_path.sh'
[5.379s] Level 1:colcon.colcon_core.environment:checking '/home/chino/brazo_ws/install/micro_ros_setup/lib'
[5.380s] Level 1:colcon.colcon_core.environment:checking '/home/chino/brazo_ws/install/micro_ros_setup/bin'
[5.381s] Level 1:colcon.colcon_core.environment:checking '/home/chino/brazo_ws/install/micro_ros_setup/lib/pkgconfig/micro_ros_setup.pc'
[5.382s] Level 1:colcon.colcon_core.environment:checking '/home/chino/brazo_ws/install/micro_ros_setup/lib/python3.10/site-packages'
[5.383s] Level 1:colcon.colcon_core.environment:checking '/home/chino/brazo_ws/install/micro_ros_setup/bin'
[5.385s] INFO:colcon.colcon_core.shell:Creating package script '/home/chino/brazo_ws/install/micro_ros_setup/share/micro_ros_setup/package.ps1'
[5.388s] INFO:colcon.colcon_core.shell:Creating package descriptor '/home/chino/brazo_ws/install/micro_ros_setup/share/micro_ros_setup/package.dsv'
[5.391s] INFO:colcon.colcon_core.shell:Creating package script '/home/chino/brazo_ws/install/micro_ros_setup/share/micro_ros_setup/package.sh'
[5.395s] INFO:colcon.colcon_core.shell:Creating package script '/home/chino/brazo_ws/install/micro_ros_setup/share/micro_ros_setup/package.bash'
[5.399s] INFO:colcon.colcon_core.shell:Creating package script '/home/chino/brazo_ws/install/micro_ros_setup/share/micro_ros_setup/package.zsh'
[5.402s] Level 1:colcon.colcon_core.environment:create_file_with_runtime_dependencies(/home/chino/brazo_ws/install/micro_ros_setup/share/colcon-core/packages/micro_ros_setup)
[5.406s] Level 1:colcon.colcon_core.environment:create_environment_scripts_only(micro_ros_setup)
[5.407s] Level 1:colcon.colcon_core.environment:checking '/home/chino/brazo_ws/install/micro_ros_setup' for CMake module files
[5.414s] Level 1:colcon.colcon_core.environment:checking '/home/chino/brazo_ws/install/micro_ros_setup' for CMake config files
[5.420s] Level 1:colcon.colcon_core.shell:create_environment_hook('micro_ros_setup', 'cmake_prefix_path')
[5.420s] INFO:colcon.colcon_core.shell:Creating environment hook '/home/chino/brazo_ws/install/micro_ros_setup/share/micro_ros_setup/hook/cmake_prefix_path.ps1'
[5.424s] INFO:colcon.colcon_core.shell:Creating environment descriptor '/home/chino/brazo_ws/install/micro_ros_setup/share/micro_ros_setup/hook/cmake_prefix_path.dsv'
[5.427s] INFO:colcon.colcon_core.shell:Creating environment hook '/home/chino/brazo_ws/install/micro_ros_setup/share/micro_ros_setup/hook/cmake_prefix_path.sh'
[5.430s] Level 1:colcon.colcon_core.environment:checking '/home/chino/brazo_ws/install/micro_ros_setup/lib'
[5.431s] Level 1:colcon.colcon_core.environment:checking '/home/chino/brazo_ws/install/micro_ros_setup/bin'
[5.432s] Level 1:colcon.colcon_core.environment:checking '/home/chino/brazo_ws/install/micro_ros_setup/lib/pkgconfig/micro_ros_setup.pc'
[5.432s] Level 1:colcon.colcon_core.environment:checking '/home/chino/brazo_ws/install/micro_ros_setup/lib/python3.10/site-packages'
[5.434s] Level 1:colcon.colcon_core.environment:checking '/home/chino/brazo_ws/install/micro_ros_setup/bin'
[5.435s] INFO:colcon.colcon_core.shell:Creating package script '/home/chino/brazo_ws/install/micro_ros_setup/share/micro_ros_setup/package.ps1'
[5.438s] INFO:colcon.colcon_core.shell:Creating package descriptor '/home/chino/brazo_ws/install/micro_ros_setup/share/micro_ros_setup/package.dsv'
[5.442s] INFO:colcon.colcon_core.shell:Creating package script '/home/chino/brazo_ws/install/micro_ros_setup/share/micro_ros_setup/package.sh'
[5.445s] INFO:colcon.colcon_core.shell:Creating package script '/home/chino/brazo_ws/install/micro_ros_setup/share/micro_ros_setup/package.bash'
[5.448s] INFO:colcon.colcon_core.shell:Creating package script '/home/chino/brazo_ws/install/micro_ros_setup/share/micro_ros_setup/package.zsh'
[5.451s] Level 1:colcon.colcon_core.environment:create_file_with_runtime_dependencies(/home/chino/brazo_ws/install/micro_ros_setup/share/colcon-core/packages/micro_ros_setup)
[5.476s] DEBUG:colcon.colcon_core.event_handler.log_command:Invoked command in '/home/chino/brazo_ws/build/micro_ros_setup' returned '0': CMAKE_PREFIX_PATH=/opt/ros/humble /usr/bin/cmake --install /home/chino/brazo_ws/build/micro_ros_setup
[5.990s] DEBUG:colcon.colcon_core.event_handler.log_command:Invoking command in '/home/chino/brazo_ws/build/micro_ros_agent': AMENT_PREFIX_PATH=/home/chino/brazo_ws/install/micro_ros_msgs:${AMENT_PREFIX_PATH} CMAKE_PREFIX_PATH=/home/chino/brazo_ws/install/micro_ros_msgs:/opt/ros/humble LD_LIBRARY_PATH=/home/chino/brazo_ws/install/micro_ros_msgs/lib:/usr/lib/x86_64-linux-gnu/gazebo-11/plugins:/opt/ros/humble/opt/rviz_ogre_vendor/lib:/opt/ros/humble/lib/x86_64-linux-gnu:/opt/ros/humble/lib:/usr/share/gazebo/../../lib/x86_64-linux-gnu/gazebo-11/plugins PYTHONPATH=/home/chino/brazo_ws/install/micro_ros_msgs/local/lib/python3.10/dist-packages:${PYTHONPATH} /usr/bin/cmake --build /home/chino/brazo_ws/build/micro_ros_agent -- -j16 -l16
[6.173s] DEBUG:colcon.colcon_core.event_handler.log_command:Invoked command in '/home/chino/brazo_ws/build/micro_ros_agent' returned '0': AMENT_PREFIX_PATH=/home/chino/brazo_ws/install/micro_ros_msgs:${AMENT_PREFIX_PATH} CMAKE_PREFIX_PATH=/home/chino/brazo_ws/install/micro_ros_msgs:/opt/ros/humble LD_LIBRARY_PATH=/home/chino/brazo_ws/install/micro_ros_msgs/lib:/usr/lib/x86_64-linux-gnu/gazebo-11/plugins:/opt/ros/humble/opt/rviz_ogre_vendor/lib:/opt/ros/humble/lib/x86_64-linux-gnu:/opt/ros/humble/lib:/usr/share/gazebo/../../lib/x86_64-linux-gnu/gazebo-11/plugins PYTHONPATH=/home/chino/brazo_ws/install/micro_ros_msgs/local/lib/python3.10/dist-packages:${PYTHONPATH} /usr/bin/cmake --build /home/chino/brazo_ws/build/micro_ros_agent -- -j16 -l16
[6.179s] DEBUG:colcon.colcon_core.event_handler.log_command:Invoking command in '/home/chino/brazo_ws/build/micro_ros_agent': AMENT_PREFIX_PATH=/home/chino/brazo_ws/install/micro_ros_msgs:${AMENT_PREFIX_PATH} CMAKE_PREFIX_PATH=/home/chino/brazo_ws/install/micro_ros_msgs:/opt/ros/humble LD_LIBRARY_PATH=/home/chino/brazo_ws/install/micro_ros_msgs/lib:/usr/lib/x86_64-linux-gnu/gazebo-11/plugins:/opt/ros/humble/opt/rviz_ogre_vendor/lib:/opt/ros/humble/lib/x86_64-linux-gnu:/opt/ros/humble/lib:/usr/share/gazebo/../../lib/x86_64-linux-gnu/gazebo-11/plugins PYTHONPATH=/home/chino/brazo_ws/install/micro_ros_msgs/local/lib/python3.10/dist-packages:${PYTHONPATH} /usr/bin/cmake --install /home/chino/brazo_ws/build/micro_ros_agent
[6.206s] Level 1:colcon.colcon_core.environment:create_environment_scripts_only(micro_ros_agent)
[6.207s] Level 1:colcon.colcon_core.environment:checking '/home/chino/brazo_ws/install/micro_ros_agent' for CMake module files
[6.210s] DEBUG:colcon.colcon_core.event_handler.log_command:Invoked command in '/home/chino/brazo_ws/build/micro_ros_agent' returned '0': AMENT_PREFIX_PATH=/home/chino/brazo_ws/install/micro_ros_msgs:${AMENT_PREFIX_PATH} CMAKE_PREFIX_PATH=/home/chino/brazo_ws/install/micro_ros_msgs:/opt/ros/humble LD_LIBRARY_PATH=/home/chino/brazo_ws/install/micro_ros_msgs/lib:/usr/lib/x86_64-linux-gnu/gazebo-11/plugins:/opt/ros/humble/opt/rviz_ogre_vendor/lib:/opt/ros/humble/lib/x86_64-linux-gnu:/opt/ros/humble/lib:/usr/share/gazebo/../../lib/x86_64-linux-gnu/gazebo-11/plugins PYTHONPATH=/home/chino/brazo_ws/install/micro_ros_msgs/local/lib/python3.10/dist-packages:${PYTHONPATH} /usr/bin/cmake --install /home/chino/brazo_ws/build/micro_ros_agent
[6.211s] Level 1:colcon.colcon_core.environment:checking '/home/chino/brazo_ws/install/micro_ros_agent' for CMake config files
[6.214s] Level 1:colcon.colcon_core.shell:create_environment_hook('micro_ros_agent', 'cmake_prefix_path')
[6.214s] INFO:colcon.colcon_core.shell:Creating environment hook '/home/chino/brazo_ws/install/micro_ros_agent/share/micro_ros_agent/hook/cmake_prefix_path.ps1'
[6.216s] INFO:colcon.colcon_core.shell:Creating environment descriptor '/home/chino/brazo_ws/install/micro_ros_agent/share/micro_ros_agent/hook/cmake_prefix_path.dsv'
[6.217s] INFO:colcon.colcon_core.shell:Creating environment hook '/home/chino/brazo_ws/install/micro_ros_agent/share/micro_ros_agent/hook/cmake_prefix_path.sh'
[6.219s] Level 1:colcon.colcon_core.environment:checking '/home/chino/brazo_ws/install/micro_ros_agent/lib'
[6.219s] Level 1:colcon.colcon_core.shell:create_environment_hook('micro_ros_agent', 'ld_library_path_lib')
[6.220s] INFO:colcon.colcon_core.shell:Creating environment hook '/home/chino/brazo_ws/install/micro_ros_agent/share/micro_ros_agent/hook/ld_library_path_lib.ps1'
[6.222s] INFO:colcon.colcon_core.shell:Creating environment descriptor '/home/chino/brazo_ws/install/micro_ros_agent/share/micro_ros_agent/hook/ld_library_path_lib.dsv'
[6.224s] INFO:colcon.colcon_core.shell:Creating environment hook '/home/chino/brazo_ws/install/micro_ros_agent/share/micro_ros_agent/hook/ld_library_path_lib.sh'
[6.225s] Level 1:colcon.colcon_core.environment:checking '/home/chino/brazo_ws/install/micro_ros_agent/bin'
[6.226s] Level 1:colcon.colcon_core.environment:checking '/home/chino/brazo_ws/install/micro_ros_agent/lib/pkgconfig/micro_ros_agent.pc'
[6.227s] Level 1:colcon.colcon_core.environment:checking '/home/chino/brazo_ws/install/micro_ros_agent/lib/python3.10/site-packages'
[6.228s] Level 1:colcon.colcon_core.environment:checking '/home/chino/brazo_ws/install/micro_ros_agent/bin'
[6.229s] INFO:colcon.colcon_core.shell:Creating package script '/home/chino/brazo_ws/install/micro_ros_agent/share/micro_ros_agent/package.ps1'
[6.230s] INFO:colcon.colcon_core.shell:Creating package descriptor '/home/chino/brazo_ws/install/micro_ros_agent/share/micro_ros_agent/package.dsv'
[6.232s] INFO:colcon.colcon_core.shell:Creating package script '/home/chino/brazo_ws/install/micro_ros_agent/share/micro_ros_agent/package.sh'
[6.234s] INFO:colcon.colcon_core.shell:Creating package script '/home/chino/brazo_ws/install/micro_ros_agent/share/micro_ros_agent/package.bash'
[6.235s] INFO:colcon.colcon_core.shell:Creating package script '/home/chino/brazo_ws/install/micro_ros_agent/share/micro_ros_agent/package.zsh'
[6.237s] Level 1:colcon.colcon_core.environment:create_file_with_runtime_dependencies(/home/chino/brazo_ws/install/micro_ros_agent/share/colcon-core/packages/micro_ros_agent)
[6.239s] Level 1:colcon.colcon_core.environment:create_environment_scripts_only(micro_ros_agent)
[6.239s] Level 1:colcon.colcon_core.environment:checking '/home/chino/brazo_ws/install/micro_ros_agent' for CMake module files
[6.240s] Level 1:colcon.colcon_core.environment:checking '/home/chino/brazo_ws/install/micro_ros_agent' for CMake config files
[6.243s] Level 1:colcon.colcon_core.shell:create_environment_hook('micro_ros_agent', 'cmake_prefix_path')
[6.244s] INFO:colcon.colcon_core.shell:Creating environment hook '/home/chino/brazo_ws/install/micro_ros_agent/share/micro_ros_agent/hook/cmake_prefix_path.ps1'
[6.245s] INFO:colcon.colcon_core.shell:Creating environment descriptor '/home/chino/brazo_ws/install/micro_ros_agent/share/micro_ros_agent/hook/cmake_prefix_path.dsv'
[6.246s] INFO:colcon.colcon_core.shell:Creating environment hook '/home/chino/brazo_ws/install/micro_ros_agent/share/micro_ros_agent/hook/cmake_prefix_path.sh'
[6.248s] Level 1:colcon.colcon_core.environment:checking '/home/chino/brazo_ws/install/micro_ros_agent/lib'
[6.248s] Level 1:colcon.colcon_core.shell:create_environment_hook('micro_ros_agent', 'ld_library_path_lib')
[6.249s] INFO:colcon.colcon_core.shell:Creating environment hook '/home/chino/brazo_ws/install/micro_ros_agent/share/micro_ros_agent/hook/ld_library_path_lib.ps1'
[6.250s] INFO:colcon.colcon_core.shell:Creating environment descriptor '/home/chino/brazo_ws/install/micro_ros_agent/share/micro_ros_agent/hook/ld_library_path_lib.dsv'
[6.251s] INFO:colcon.colcon_core.shell:Creating environment hook '/home/chino/brazo_ws/install/micro_ros_agent/share/micro_ros_agent/hook/ld_library_path_lib.sh'
[6.252s] Level 1:colcon.colcon_core.environment:checking '/home/chino/brazo_ws/install/micro_ros_agent/bin'
[6.253s] Level 1:colcon.colcon_core.environment:checking '/home/chino/brazo_ws/install/micro_ros_agent/lib/pkgconfig/micro_ros_agent.pc'
[6.253s] Level 1:colcon.colcon_core.environment:checking '/home/chino/brazo_ws/install/micro_ros_agent/lib/python3.10/site-packages'
[6.254s] Level 1:colcon.colcon_core.environment:checking '/home/chino/brazo_ws/install/micro_ros_agent/bin'
[6.255s] INFO:colcon.colcon_core.shell:Creating package script '/home/chino/brazo_ws/install/micro_ros_agent/share/micro_ros_agent/package.ps1'
[6.257s] INFO:colcon.colcon_core.shell:Creating package descriptor '/home/chino/brazo_ws/install/micro_ros_agent/share/micro_ros_agent/package.dsv'
[6.259s] INFO:colcon.colcon_core.shell:Creating package script '/home/chino/brazo_ws/install/micro_ros_agent/share/micro_ros_agent/package.sh'
[6.261s] INFO:colcon.colcon_core.shell:Creating package script '/home/chino/brazo_ws/install/micro_ros_agent/share/micro_ros_agent/package.bash'
[6.262s] INFO:colcon.colcon_core.shell:Creating package script '/home/chino/brazo_ws/install/micro_ros_agent/share/micro_ros_agent/package.zsh'
[6.263s] Level 1:colcon.colcon_core.environment:create_file_with_runtime_dependencies(/home/chino/brazo_ws/install/micro_ros_agent/share/colcon-core/packages/micro_ros_agent)
[6.285s] DEBUG:colcon.colcon_core.event_handler.log_command:Invoking command in '/home/chino/brazo_ws/src/trajectory_publisher': PYTHONPATH=/home/chino/brazo_ws/build/trajectory_publisher/prefix_override:/usr/lib/python3/dist-packages/colcon_core/task/python/colcon_distutils_commands:/home/chino/brazo_ws/install/trajectory_publisher/lib/python3.10/site-packages:${PYTHONPATH} /usr/bin/python3 -W ignore:setup.py install is deprecated -W ignore:easy_install command is deprecated setup.py egg_info --egg-base ../../build/trajectory_publisher build --build-base /home/chino/brazo_ws/build/trajectory_publisher/build install --record /home/chino/brazo_ws/build/trajectory_publisher/install.log --single-version-externally-managed install_data
[6.293s] DEBUG:colcon.colcon_core.event_handler.log_command:Invoking command in '/home/chino/brazo_ws/src/BRAZOROBOTICO_description': PYTHONPATH=/home/chino/brazo_ws/build/BRAZOROBOTICO_description/prefix_override:/usr/lib/python3/dist-packages/colcon_core/task/python/colcon_distutils_commands:/home/chino/brazo_ws/install/BRAZOROBOTICO_description/lib/python3.10/site-packages:${PYTHONPATH} /usr/bin/python3 -W ignore:setup.py install is deprecated -W ignore:easy_install command is deprecated setup.py egg_info --egg-base ../../build/BRAZOROBOTICO_description build --build-base /home/chino/brazo_ws/build/BRAZOROBOTICO_description/build install --record /home/chino/brazo_ws/build/BRAZOROBOTICO_description/install.log --single-version-externally-managed install_data
[6.296s] DEBUG:colcon.colcon_core.event_handler.log_command:Invoking command in '/home/chino/brazo_ws/src/Trayectorias': PYTHONPATH=/home/chino/brazo_ws/build/Trayectorias/prefix_override:/usr/lib/python3/dist-packages/colcon_core/task/python/colcon_distutils_commands:/home/chino/brazo_ws/install/Trayectorias/lib/python3.10/site-packages:${PYTHONPATH} /usr/bin/python3 -W ignore:setup.py install is deprecated -W ignore:easy_install command is deprecated setup.py egg_info --egg-base ../../build/Trayectorias build --build-base /home/chino/brazo_ws/build/Trayectorias/build install --record /home/chino/brazo_ws/build/Trayectorias/install.log --single-version-externally-managed install_data
[7.112s] Level 1:colcon.colcon_core.environment:checking '/home/chino/brazo_ws/install/Trayectorias' for CMake module files
[7.115s] DEBUG:colcon.colcon_core.event_handler.log_command:Invoked command in '/home/chino/brazo_ws/src/Trayectorias' returned '0': PYTHONPATH=/home/chino/brazo_ws/build/Trayectorias/prefix_override:/usr/lib/python3/dist-packages/colcon_core/task/python/colcon_distutils_commands:/home/chino/brazo_ws/install/Trayectorias/lib/python3.10/site-packages:${PYTHONPATH} /usr/bin/python3 -W ignore:setup.py install is deprecated -W ignore:easy_install command is deprecated setup.py egg_info --egg-base ../../build/Trayectorias build --build-base /home/chino/brazo_ws/build/Trayectorias/build install --record /home/chino/brazo_ws/build/Trayectorias/install.log --single-version-externally-managed install_data
[7.116s] Level 1:colcon.colcon_core.environment:checking '/home/chino/brazo_ws/install/Trayectorias' for CMake config files
[7.117s] Level 1:colcon.colcon_core.environment:checking '/home/chino/brazo_ws/install/Trayectorias/lib'
[7.117s] Level 1:colcon.colcon_core.environment:checking '/home/chino/brazo_ws/install/Trayectorias/bin'
[7.117s] Level 1:colcon.colcon_core.environment:checking '/home/chino/brazo_ws/install/Trayectorias/lib/pkgconfig/Trayectorias.pc'
[7.118s] Level 1:colcon.colcon_core.environment:checking '/home/chino/brazo_ws/install/Trayectorias/lib/python3.10/site-packages'
[7.118s] Level 1:colcon.colcon_core.shell:create_environment_hook('Trayectorias', 'pythonpath')
[7.119s] INFO:colcon.colcon_core.shell:Creating environment hook '/home/chino/brazo_ws/install/Trayectorias/share/Trayectorias/hook/pythonpath.ps1'
[7.120s] INFO:colcon.colcon_core.shell:Creating environment descriptor '/home/chino/brazo_ws/install/Trayectorias/share/Trayectorias/hook/pythonpath.dsv'
[7.121s] INFO:colcon.colcon_core.shell:Creating environment hook '/home/chino/brazo_ws/install/Trayectorias/share/Trayectorias/hook/pythonpath.sh'
[7.123s] Level 1:colcon.colcon_core.environment:checking '/home/chino/brazo_ws/install/Trayectorias/bin'
[7.123s] Level 1:colcon.colcon_core.environment:create_environment_scripts_only(Trayectorias)
[7.124s] INFO:colcon.colcon_core.shell:Creating package script '/home/chino/brazo_ws/install/Trayectorias/share/Trayectorias/package.ps1'
[7.125s] INFO:colcon.colcon_core.shell:Creating package descriptor '/home/chino/brazo_ws/install/Trayectorias/share/Trayectorias/package.dsv'
[7.127s] INFO:colcon.colcon_core.shell:Creating package script '/home/chino/brazo_ws/install/Trayectorias/share/Trayectorias/package.sh'
[7.129s] INFO:colcon.colcon_core.shell:Creating package script '/home/chino/brazo_ws/install/Trayectorias/share/Trayectorias/package.bash'
[7.130s] INFO:colcon.colcon_core.shell:Creating package script '/home/chino/brazo_ws/install/Trayectorias/share/Trayectorias/package.zsh'
[7.131s] Level 1:colcon.colcon_core.environment:create_file_with_runtime_dependencies(/home/chino/brazo_ws/install/Trayectorias/share/colcon-core/packages/Trayectorias)
[7.137s] Level 1:colcon.colcon_core.environment:checking '/home/chino/brazo_ws/install/BRAZOROBOTICO_description' for CMake module files
[7.140s] DEBUG:colcon.colcon_core.event_handler.log_command:Invoked command in '/home/chino/brazo_ws/src/BRAZOROBOTICO_description' returned '0': PYTHONPATH=/home/chino/brazo_ws/build/BRAZOROBOTICO_description/prefix_override:/usr/lib/python3/dist-packages/colcon_core/task/python/colcon_distutils_commands:/home/chino/brazo_ws/install/BRAZOROBOTICO_description/lib/python3.10/site-packages:${PYTHONPATH} /usr/bin/python3 -W ignore:setup.py install is deprecated -W ignore:easy_install command is deprecated setup.py egg_info --egg-base ../../build/BRAZOROBOTICO_description build --build-base /home/chino/brazo_ws/build/BRAZOROBOTICO_description/build install --record /home/chino/brazo_ws/build/BRAZOROBOTICO_description/install.log --single-version-externally-managed install_data
[7.141s] Level 1:colcon.colcon_core.environment:checking '/home/chino/brazo_ws/install/BRAZOROBOTICO_description' for CMake config files
[7.142s] Level 1:colcon.colcon_core.environment:checking '/home/chino/brazo_ws/install/BRAZOROBOTICO_description/lib'
[7.143s] Level 1:colcon.colcon_core.environment:checking '/home/chino/brazo_ws/install/BRAZOROBOTICO_description/bin'
[7.143s] Level 1:colcon.colcon_core.environment:checking '/home/chino/brazo_ws/install/BRAZOROBOTICO_description/lib/pkgconfig/BRAZOROBOTICO_description.pc'
[7.144s] Level 1:colcon.colcon_core.environment:checking '/home/chino/brazo_ws/install/BRAZOROBOTICO_description/lib/python3.10/site-packages'
[7.144s] Level 1:colcon.colcon_core.shell:create_environment_hook('BRAZOROBOTICO_description', 'pythonpath')
[7.144s] INFO:colcon.colcon_core.shell:Creating environment hook '/home/chino/brazo_ws/install/BRAZOROBOTICO_description/share/BRAZOROBOTICO_description/hook/pythonpath.ps1'
[7.146s] INFO:colcon.colcon_core.shell:Creating environment descriptor '/home/chino/brazo_ws/install/BRAZOROBOTICO_description/share/BRAZOROBOTICO_description/hook/pythonpath.dsv'
[7.147s] INFO:colcon.colcon_core.shell:Creating environment hook '/home/chino/brazo_ws/install/BRAZOROBOTICO_description/share/BRAZOROBOTICO_description/hook/pythonpath.sh'
[7.149s] Level 1:colcon.colcon_core.environment:checking '/home/chino/brazo_ws/install/BRAZOROBOTICO_description/bin'
[7.149s] Level 1:colcon.colcon_core.environment:create_environment_scripts_only(BRAZOROBOTICO_description)
[7.150s] INFO:colcon.colcon_core.shell:Creating package script '/home/chino/brazo_ws/install/BRAZOROBOTICO_description/share/BRAZOROBOTICO_description/package.ps1'
[7.151s] INFO:colcon.colcon_core.shell:Creating package descriptor '/home/chino/brazo_ws/install/BRAZOROBOTICO_description/share/BRAZOROBOTICO_description/package.dsv'
[7.152s] INFO:colcon.colcon_core.shell:Creating package script '/home/chino/brazo_ws/install/BRAZOROBOTICO_description/share/BRAZOROBOTICO_description/package.sh'
[7.153s] INFO:colcon.colcon_core.shell:Creating package script '/home/chino/brazo_ws/install/BRAZOROBOTICO_description/share/BRAZOROBOTICO_description/package.bash'
[7.154s] INFO:colcon.colcon_core.shell:Creating package script '/home/chino/brazo_ws/install/BRAZOROBOTICO_description/share/BRAZOROBOTICO_description/package.zsh'
[7.155s] Level 1:colcon.colcon_core.environment:create_file_with_runtime_dependencies(/home/chino/brazo_ws/install/BRAZOROBOTICO_description/share/colcon-core/packages/BRAZOROBOTICO_description)
[7.157s] Level 1:colcon.colcon_core.environment:checking '/home/chino/brazo_ws/install/trajectory_publisher' for CMake module files
[7.162s] DEBUG:colcon.colcon_core.event_handler.log_command:Invoked command in '/home/chino/brazo_ws/src/trajectory_publisher' returned '0': PYTHONPATH=/home/chino/brazo_ws/build/trajectory_publisher/prefix_override:/usr/lib/python3/dist-packages/colcon_core/task/python/colcon_distutils_commands:/home/chino/brazo_ws/install/trajectory_publisher/lib/python3.10/site-packages:${PYTHONPATH} /usr/bin/python3 -W ignore:setup.py install is deprecated -W ignore:easy_install command is deprecated setup.py egg_info --egg-base ../../build/trajectory_publisher build --build-base /home/chino/brazo_ws/build/trajectory_publisher/build install --record /home/chino/brazo_ws/build/trajectory_publisher/install.log --single-version-externally-managed install_data
[7.163s] Level 1:colcon.colcon_core.environment:checking '/home/chino/brazo_ws/install/trajectory_publisher' for CMake config files
[7.164s] Level 1:colcon.colcon_core.environment:checking '/home/chino/brazo_ws/install/trajectory_publisher/lib'
[7.164s] Level 1:colcon.colcon_core.environment:checking '/home/chino/brazo_ws/install/trajectory_publisher/bin'
[7.165s] Level 1:colcon.colcon_core.environment:checking '/home/chino/brazo_ws/install/trajectory_publisher/lib/pkgconfig/trajectory_publisher.pc'
[7.165s] Level 1:colcon.colcon_core.environment:checking '/home/chino/brazo_ws/install/trajectory_publisher/lib/python3.10/site-packages'
[7.165s] Level 1:colcon.colcon_core.shell:create_environment_hook('trajectory_publisher', 'pythonpath')
[7.166s] INFO:colcon.colcon_core.shell:Creating environment hook '/home/chino/brazo_ws/install/trajectory_publisher/share/trajectory_publisher/hook/pythonpath.ps1'
[7.167s] INFO:colcon.colcon_core.shell:Creating environment descriptor '/home/chino/brazo_ws/install/trajectory_publisher/share/trajectory_publisher/hook/pythonpath.dsv'
[7.168s] INFO:colcon.colcon_core.shell:Creating environment hook '/home/chino/brazo_ws/install/trajectory_publisher/share/trajectory_publisher/hook/pythonpath.sh'
[7.170s] Level 1:colcon.colcon_core.environment:checking '/home/chino/brazo_ws/install/trajectory_publisher/bin'
[7.170s] Level 1:colcon.colcon_core.environment:create_environment_scripts_only(trajectory_publisher)
[7.171s] INFO:colcon.colcon_core.shell:Creating package script '/home/chino/brazo_ws/install/trajectory_publisher/share/trajectory_publisher/package.ps1'
[7.172s] INFO:colcon.colcon_core.shell:Creating package descriptor '/home/chino/brazo_ws/install/trajectory_publisher/share/trajectory_publisher/package.dsv'
[7.173s] INFO:colcon.colcon_core.shell:Creating package script '/home/chino/brazo_ws/install/trajectory_publisher/share/trajectory_publisher/package.sh'
[7.174s] INFO:colcon.colcon_core.shell:Creating package script '/home/chino/brazo_ws/install/trajectory_publisher/share/trajectory_publisher/package.bash'
[7.175s] INFO:colcon.colcon_core.shell:Creating package script '/home/chino/brazo_ws/install/trajectory_publisher/share/trajectory_publisher/package.zsh'
[7.176s] Level 1:colcon.colcon_core.environment:create_file_with_runtime_dependencies(/home/chino/brazo_ws/install/trajectory_publisher/share/colcon-core/packages/trajectory_publisher)
[7.177s] DEBUG:colcon.colcon_parallel_executor.executor.parallel:closing loop
[7.179s] DEBUG:colcon.colcon_parallel_executor.executor.parallel:loop closed
[7.180s] DEBUG:colcon.colcon_parallel_executor.executor.parallel:run_until_complete finished with '0'
[7.180s] DEBUG:colcon.colcon_core.event_reactor:joining thread
[7.541s] INFO:colcon.colcon_core.plugin_system:Skipping extension 'colcon_notification.desktop_notification.notify_send': Could not find 'notify-send'
[7.542s] INFO:colcon.colcon_core.plugin_system:Skipping extension 'colcon_notification.desktop_notification.terminal_notifier': Not used on non-Darwin systems
[7.542s] INFO:colcon.colcon_core.plugin_system:Skipping extension 'colcon_notification.desktop_notification.win32': Not used on non-Windows systems
[7.543s] INFO:colcon.colcon_notification.desktop_notification:Sending desktop notification using 'notify2'
[7.543s] DEBUG:colcon.colcon_notification.desktop_notification.notify2:Failed to initialize notify2: org.freedesktop.DBus.Error.FileNotFound: Failed to connect to socket /run/user/1000/bus: No such file or directory
[7.543s] DEBUG:colcon.colcon_core.event_reactor:joined thread
[7.544s] INFO:colcon.colcon_core.shell:Creating prefix script '/home/chino/brazo_ws/install/local_setup.ps1'
[7.546s] INFO:colcon.colcon_core.shell:Creating prefix util module '/home/chino/brazo_ws/install/_local_setup_util_ps1.py'
[7.558s] INFO:colcon.colcon_core.shell:Creating prefix chain script '/home/chino/brazo_ws/install/setup.ps1'
[7.561s] INFO:colcon.colcon_core.shell:Creating prefix script '/home/chino/brazo_ws/install/local_setup.sh'
[7.563s] INFO:colcon.colcon_core.shell:Creating prefix util module '/home/chino/brazo_ws/install/_local_setup_util_sh.py'
[7.565s] INFO:colcon.colcon_core.shell:Creating prefix chain script '/home/chino/brazo_ws/install/setup.sh'
[7.568s] INFO:colcon.colcon_core.shell:Creating prefix script '/home/chino/brazo_ws/install/local_setup.bash'
[7.569s] INFO:colcon.colcon_core.shell:Creating prefix chain script '/home/chino/brazo_ws/install/setup.bash'
[7.572s] INFO:colcon.colcon_core.shell:Creating prefix script '/home/chino/brazo_ws/install/local_setup.zsh'
[7.573s] INFO:colcon.colcon_core.shell:Creating prefix chain script '/home/chino/brazo_ws/install/setup.zsh'
