[3.908s] Invoking command in '/home/chino/brazo_ws/src/Trayectorias': PYTHONPATH=/home/chino/brazo_ws/build/Trayectorias/prefix_override:/usr/lib/python3/dist-packages/colcon_core/task/python/colcon_distutils_commands:/home/chino/brazo_ws/install/Trayectorias/lib/python3.10/site-packages:${PYTHONPATH} /usr/bin/python3 -W ignore:setup.py install is deprecated -W ignore:easy_install command is deprecated setup.py egg_info --egg-base ../../build/Trayectorias build --build-base /home/chino/brazo_ws/build/Trayectorias/build install --record /home/chino/brazo_ws/build/Trayectorias/install.log --single-version-externally-managed install_data
[4.588s] running egg_info
[4.589s] writing ../../build/Trayectorias/Trayectorias.egg-info/PKG-INFO
[4.590s] writing dependency_links to ../../build/Trayectorias/Trayectorias.egg-info/dependency_links.txt
[4.591s] writing entry points to ../../build/Trayectorias/Trayectorias.egg-info/entry_points.txt
[4.591s] writing requirements to ../../build/Trayectorias/Trayectorias.egg-info/requires.txt
[4.591s] writing top-level names to ../../build/Trayectorias/Trayectorias.egg-info/top_level.txt
[4.594s] reading manifest file '../../build/Trayectorias/Trayectorias.egg-info/SOURCES.txt'
[4.595s] adding license file 'LICENSE'
[4.597s] writing manifest file '../../build/Trayectorias/Trayectorias.egg-info/SOURCES.txt'
[4.598s] running build
[4.598s] running build_py
[4.599s] running install
[4.599s] running install_lib
[4.602s] running install_data
[4.602s] running install_egg_info
[4.607s] removing '/home/chino/brazo_ws/install/Trayectorias/lib/python3.10/site-packages/Trayectorias-0.0.0-py3.10.egg-info' (and everything under it)
[4.607s] Copying ../../build/Trayectorias/Trayectorias.egg-info to /home/chino/brazo_ws/install/Trayectorias/lib/python3.10/site-packages/Trayectorias-0.0.0-py3.10.egg-info
[4.611s] running install_scripts
[4.662s] writing list of installed files to '/home/chino/brazo_ws/build/Trayectorias/install.log'
[4.726s] Invoked command in '/home/chino/brazo_ws/src/Trayectorias' returned '0': PYTHONPATH=/home/chino/brazo_ws/build/Trayectorias/prefix_override:/usr/lib/python3/dist-packages/colcon_core/task/python/colcon_distutils_commands:/home/chino/brazo_ws/install/Trayectorias/lib/python3.10/site-packages:${PYTHONPATH} /usr/bin/python3 -W ignore:setup.py install is deprecated -W ignore:easy_install command is deprecated setup.py egg_info --egg-base ../../build/Trayectorias build --build-base /home/chino/brazo_ws/build/Trayectorias/build install --record /home/chino/brazo_ws/build/Trayectorias/install.log --single-version-externally-managed install_data
