[0.953s] DEBUG:colcon:Command line arguments: ['/usr/bin/colcon', 'build']
[0.953s] DEBUG:colcon:Parsed command line arguments: Namespace(log_base=None, log_level=None, verb_name='build', build_base='build', install_base='install', merge_install=False, symlink_install=False, test_result_base=None, continue_on_error=False, executor='parallel', parallel_workers=16, event_handlers=None, ignore_user_meta=False, metas=['./colcon.meta'], base_paths=['.'], packages_ignore=None, packages_ignore_regex=None, paths=None, packages_up_to=None, packages_up_to_regex=None, packages_above=None, packages_above_and_dependencies=None, packages_above_depth=None, packages_select_by_dep=None, packages_skip_by_dep=None, packages_skip_up_to=None, packages_select_build_failed=False, packages_skip_build_finished=False, packages_select_test_failures=False, packages_skip_test_passed=False, packages_select=None, packages_skip=None, packages_select_regex=None, packages_skip_regex=None, packages_start=None, packages_end=None, allow_overriding=[], cmake_args=None, cmake_target=None, cmake_target_skip_unavailable=False, cmake_clean_cache=False, cmake_clean_first=False, cmake_force_configure=False, ament_cmake_args=None, catkin_cmake_args=None, catkin_skip_building_tests=False, verb_parser=<colcon_defaults.argument_parser.defaults.DefaultArgumentsDecorator object at 0x7781c705d7b0>, verb_extension=<colcon_core.verb.build.BuildVerb object at 0x7781c71d6e30>, main=<bound method BuildVerb.main of <colcon_core.verb.build.BuildVerb object at 0x7781c71d6e30>>)
[1.475s] Level 1:colcon.colcon_core.package_discovery:discover_packages(colcon_meta) check parameters
[1.476s] Level 1:colcon.colcon_core.package_discovery:discover_packages(recursive) check parameters
[1.476s] Level 1:colcon.colcon_core.package_discovery:discover_packages(ignore) check parameters
[1.476s] Level 1:colcon.colcon_core.package_discovery:discover_packages(path) check parameters
[1.476s] Level 1:colcon.colcon_core.package_discovery:discover_packages(colcon_meta) discover
[1.476s] Level 1:colcon.colcon_core.package_discovery:discover_packages(recursive) discover
[1.476s] INFO:colcon.colcon_core.package_discovery:Crawling recursively for packages in '/home/chino/brazo_ws'
[1.476s] Level 1:colcon.colcon_core.package_identification:_identify(.) by extensions ['ignore', 'ignore_ament_install']
[1.476s] Level 1:colcon.colcon_core.package_identification:_identify(.) by extension 'ignore'
[1.476s] Level 1:colcon.colcon_core.package_identification:_identify(.) by extension 'ignore_ament_install'
[1.477s] Level 1:colcon.colcon_core.package_identification:_identify(.) by extensions ['colcon_pkg']
[1.477s] Level 1:colcon.colcon_core.package_identification:_identify(.) by extension 'colcon_pkg'
[1.477s] Level 1:colcon.colcon_core.package_identification:_identify(.) by extensions ['colcon_meta']
[1.477s] Level 1:colcon.colcon_core.package_identification:_identify(.) by extension 'colcon_meta'
[1.477s] Level 1:colcon.colcon_core.package_identification:_identify(.) by extensions ['ros']
[1.477s] Level 1:colcon.colcon_core.package_identification:_identify(.) by extension 'ros'
[1.500s] Level 1:colcon.colcon_core.package_identification:_identify(.) by extensions ['cmake', 'python']
[1.500s] Level 1:colcon.colcon_core.package_identification:_identify(.) by extension 'cmake'
[1.501s] Level 1:colcon.colcon_core.package_identification:_identify(.) by extension 'python'
[1.501s] Level 1:colcon.colcon_core.package_identification:_identify(.) by extensions ['python_setup_py']
[1.501s] Level 1:colcon.colcon_core.package_identification:_identify(.) by extension 'python_setup_py'
[1.501s] Level 1:colcon.colcon_core.package_identification:_identify(build) by extensions ['ignore', 'ignore_ament_install']
[1.501s] Level 1:colcon.colcon_core.package_identification:_identify(build) by extension 'ignore'
[1.501s] Level 1:colcon.colcon_core.package_identification:_identify(build) ignored
[1.501s] Level 1:colcon.colcon_core.package_identification:_identify(install) by extensions ['ignore', 'ignore_ament_install']
[1.502s] Level 1:colcon.colcon_core.package_identification:_identify(install) by extension 'ignore'
[1.502s] Level 1:colcon.colcon_core.package_identification:_identify(install) ignored
[1.502s] Level 1:colcon.colcon_core.package_identification:_identify(log) by extensions ['ignore', 'ignore_ament_install']
[1.502s] Level 1:colcon.colcon_core.package_identification:_identify(log) by extension 'ignore'
[1.502s] Level 1:colcon.colcon_core.package_identification:_identify(log) ignored
[1.502s] Level 1:colcon.colcon_core.package_identification:_identify(src) by extensions ['ignore', 'ignore_ament_install']
[1.502s] Level 1:colcon.colcon_core.package_identification:_identify(src) by extension 'ignore'
[1.502s] Level 1:colcon.colcon_core.package_identification:_identify(src) by extension 'ignore_ament_install'
[1.502s] Level 1:colcon.colcon_core.package_identification:_identify(src) by extensions ['colcon_pkg']
[1.503s] Level 1:colcon.colcon_core.package_identification:_identify(src) by extension 'colcon_pkg'
[1.503s] Level 1:colcon.colcon_core.package_identification:_identify(src) by extensions ['colcon_meta']
[1.503s] Level 1:colcon.colcon_core.package_identification:_identify(src) by extension 'colcon_meta'
[1.503s] Level 1:colcon.colcon_core.package_identification:_identify(src) by extensions ['ros']
[1.503s] Level 1:colcon.colcon_core.package_identification:_identify(src) by extension 'ros'
[1.503s] Level 1:colcon.colcon_core.package_identification:_identify(src) by extensions ['cmake', 'python']
[1.503s] Level 1:colcon.colcon_core.package_identification:_identify(src) by extension 'cmake'
[1.503s] Level 1:colcon.colcon_core.package_identification:_identify(src) by extension 'python'
[1.503s] Level 1:colcon.colcon_core.package_identification:_identify(src) by extensions ['python_setup_py']
[1.503s] Level 1:colcon.colcon_core.package_identification:_identify(src) by extension 'python_setup_py'
[1.503s] Level 1:colcon.colcon_core.package_identification:_identify(src/BRAZOROBOTICO_description) by extensions ['ignore', 'ignore_ament_install']
[1.504s] Level 1:colcon.colcon_core.package_identification:_identify(src/BRAZOROBOTICO_description) by extension 'ignore'
[1.504s] Level 1:colcon.colcon_core.package_identification:_identify(src/BRAZOROBOTICO_description) by extension 'ignore_ament_install'
[1.504s] Level 1:colcon.colcon_core.package_identification:_identify(src/BRAZOROBOTICO_description) by extensions ['colcon_pkg']
[1.504s] Level 1:colcon.colcon_core.package_identification:_identify(src/BRAZOROBOTICO_description) by extension 'colcon_pkg'
[1.504s] Level 1:colcon.colcon_core.package_identification:_identify(src/BRAZOROBOTICO_description) by extensions ['colcon_meta']
[1.504s] Level 1:colcon.colcon_core.package_identification:_identify(src/BRAZOROBOTICO_description) by extension 'colcon_meta'
[1.504s] Level 1:colcon.colcon_core.package_identification:_identify(src/BRAZOROBOTICO_description) by extensions ['ros']
[1.504s] Level 1:colcon.colcon_core.package_identification:_identify(src/BRAZOROBOTICO_description) by extension 'ros'
[1.510s] DEBUG:colcon.colcon_core.package_identification:Package 'src/BRAZOROBOTICO_description' with type 'ros.ament_python' and name 'BRAZOROBOTICO_description'
[1.511s] Level 1:colcon.colcon_core.package_identification:_identify(src/Trayectorias) by extensions ['ignore', 'ignore_ament_install']
[1.511s] Level 1:colcon.colcon_core.package_identification:_identify(src/Trayectorias) by extension 'ignore'
[1.512s] Level 1:colcon.colcon_core.package_identification:_identify(src/Trayectorias) by extension 'ignore_ament_install'
[1.512s] Level 1:colcon.colcon_core.package_identification:_identify(src/Trayectorias) by extensions ['colcon_pkg']
[1.512s] Level 1:colcon.colcon_core.package_identification:_identify(src/Trayectorias) by extension 'colcon_pkg'
[1.512s] Level 1:colcon.colcon_core.package_identification:_identify(src/Trayectorias) by extensions ['colcon_meta']
[1.512s] Level 1:colcon.colcon_core.package_identification:_identify(src/Trayectorias) by extension 'colcon_meta'
[1.512s] Level 1:colcon.colcon_core.package_identification:_identify(src/Trayectorias) by extensions ['ros']
[1.512s] Level 1:colcon.colcon_core.package_identification:_identify(src/Trayectorias) by extension 'ros'
[1.513s] DEBUG:colcon.colcon_core.package_identification:Package 'src/Trayectorias' with type 'ros.ament_python' and name 'Trayectorias'
[1.514s] Level 1:colcon.colcon_core.package_identification:_identify(src/micro_ros_setup) by extensions ['ignore', 'ignore_ament_install']
[1.514s] Level 1:colcon.colcon_core.package_identification:_identify(src/micro_ros_setup) by extension 'ignore'
[1.514s] Level 1:colcon.colcon_core.package_identification:_identify(src/micro_ros_setup) by extension 'ignore_ament_install'
[1.514s] Level 1:colcon.colcon_core.package_identification:_identify(src/micro_ros_setup) by extensions ['colcon_pkg']
[1.514s] Level 1:colcon.colcon_core.package_identification:_identify(src/micro_ros_setup) by extension 'colcon_pkg'
[1.514s] Level 1:colcon.colcon_core.package_identification:_identify(src/micro_ros_setup) by extensions ['colcon_meta']
[1.514s] Level 1:colcon.colcon_core.package_identification:_identify(src/micro_ros_setup) by extension 'colcon_meta'
[1.515s] Level 1:colcon.colcon_core.package_identification:_identify(src/micro_ros_setup) by extensions ['ros']
[1.515s] Level 1:colcon.colcon_core.package_identification:_identify(src/micro_ros_setup) by extension 'ros'
[1.518s] DEBUG:colcon.colcon_core.package_identification:Package 'src/micro_ros_setup' with type 'ros.ament_cmake' and name 'micro_ros_setup'
[1.519s] Level 1:colcon.colcon_core.package_identification:_identify(src/trajectory_publisher) by extensions ['ignore', 'ignore_ament_install']
[1.519s] Level 1:colcon.colcon_core.package_identification:_identify(src/trajectory_publisher) by extension 'ignore'
[1.519s] Level 1:colcon.colcon_core.package_identification:_identify(src/trajectory_publisher) by extension 'ignore_ament_install'
[1.520s] Level 1:colcon.colcon_core.package_identification:_identify(src/trajectory_publisher) by extensions ['colcon_pkg']
[1.520s] Level 1:colcon.colcon_core.package_identification:_identify(src/trajectory_publisher) by extension 'colcon_pkg'
[1.520s] Level 1:colcon.colcon_core.package_identification:_identify(src/trajectory_publisher) by extensions ['colcon_meta']
[1.520s] Level 1:colcon.colcon_core.package_identification:_identify(src/trajectory_publisher) by extension 'colcon_meta'
[1.520s] Level 1:colcon.colcon_core.package_identification:_identify(src/trajectory_publisher) by extensions ['ros']
[1.520s] Level 1:colcon.colcon_core.package_identification:_identify(src/trajectory_publisher) by extension 'ros'
[1.521s] DEBUG:colcon.colcon_core.package_identification:Package 'src/trajectory_publisher' with type 'ros.ament_python' and name 'trajectory_publisher'
[1.522s] Level 1:colcon.colcon_core.package_identification:_identify(src/uros) by extensions ['ignore', 'ignore_ament_install']
[1.522s] Level 1:colcon.colcon_core.package_identification:_identify(src/uros) by extension 'ignore'
[1.522s] Level 1:colcon.colcon_core.package_identification:_identify(src/uros) by extension 'ignore_ament_install'
[1.522s] Level 1:colcon.colcon_core.package_identification:_identify(src/uros) by extensions ['colcon_pkg']
[1.522s] Level 1:colcon.colcon_core.package_identification:_identify(src/uros) by extension 'colcon_pkg'
[1.522s] Level 1:colcon.colcon_core.package_identification:_identify(src/uros) by extensions ['colcon_meta']
[1.522s] Level 1:colcon.colcon_core.package_identification:_identify(src/uros) by extension 'colcon_meta'
[1.522s] Level 1:colcon.colcon_core.package_identification:_identify(src/uros) by extensions ['ros']
[1.522s] Level 1:colcon.colcon_core.package_identification:_identify(src/uros) by extension 'ros'
[1.522s] Level 1:colcon.colcon_core.package_identification:_identify(src/uros) by extensions ['cmake', 'python']
[1.523s] Level 1:colcon.colcon_core.package_identification:_identify(src/uros) by extension 'cmake'
[1.523s] Level 1:colcon.colcon_core.package_identification:_identify(src/uros) by extension 'python'
[1.523s] Level 1:colcon.colcon_core.package_identification:_identify(src/uros) by extensions ['python_setup_py']
[1.523s] Level 1:colcon.colcon_core.package_identification:_identify(src/uros) by extension 'python_setup_py'
[1.523s] Level 1:colcon.colcon_core.package_identification:_identify(src/uros/micro-ROS-Agent) by extensions ['ignore', 'ignore_ament_install']
[1.523s] Level 1:colcon.colcon_core.package_identification:_identify(src/uros/micro-ROS-Agent) by extension 'ignore'
[1.523s] Level 1:colcon.colcon_core.package_identification:_identify(src/uros/micro-ROS-Agent) by extension 'ignore_ament_install'
[1.523s] Level 1:colcon.colcon_core.package_identification:_identify(src/uros/micro-ROS-Agent) by extensions ['colcon_pkg']
[1.524s] Level 1:colcon.colcon_core.package_identification:_identify(src/uros/micro-ROS-Agent) by extension 'colcon_pkg'
[1.524s] Level 1:colcon.colcon_core.package_identification:_identify(src/uros/micro-ROS-Agent) by extensions ['colcon_meta']
[1.524s] Level 1:colcon.colcon_core.package_identification:_identify(src/uros/micro-ROS-Agent) by extension 'colcon_meta'
[1.524s] Level 1:colcon.colcon_core.package_identification:_identify(src/uros/micro-ROS-Agent) by extensions ['ros']
[1.524s] Level 1:colcon.colcon_core.package_identification:_identify(src/uros/micro-ROS-Agent) by extension 'ros'
[1.524s] Level 1:colcon.colcon_core.package_identification:_identify(src/uros/micro-ROS-Agent) by extensions ['cmake', 'python']
[1.524s] Level 1:colcon.colcon_core.package_identification:_identify(src/uros/micro-ROS-Agent) by extension 'cmake'
[1.524s] Level 1:colcon.colcon_core.package_identification:_identify(src/uros/micro-ROS-Agent) by extension 'python'
[1.524s] Level 1:colcon.colcon_core.package_identification:_identify(src/uros/micro-ROS-Agent) by extensions ['python_setup_py']
[1.524s] Level 1:colcon.colcon_core.package_identification:_identify(src/uros/micro-ROS-Agent) by extension 'python_setup_py'
[1.525s] Level 1:colcon.colcon_core.package_identification:_identify(src/uros/micro-ROS-Agent/micro_ros_agent) by extensions ['ignore', 'ignore_ament_install']
[1.525s] Level 1:colcon.colcon_core.package_identification:_identify(src/uros/micro-ROS-Agent/micro_ros_agent) by extension 'ignore'
[1.525s] Level 1:colcon.colcon_core.package_identification:_identify(src/uros/micro-ROS-Agent/micro_ros_agent) by extension 'ignore_ament_install'
[1.525s] Level 1:colcon.colcon_core.package_identification:_identify(src/uros/micro-ROS-Agent/micro_ros_agent) by extensions ['colcon_pkg']
[1.525s] Level 1:colcon.colcon_core.package_identification:_identify(src/uros/micro-ROS-Agent/micro_ros_agent) by extension 'colcon_pkg'
[1.525s] Level 1:colcon.colcon_core.package_identification:_identify(src/uros/micro-ROS-Agent/micro_ros_agent) by extensions ['colcon_meta']
[1.525s] Level 1:colcon.colcon_core.package_identification:_identify(src/uros/micro-ROS-Agent/micro_ros_agent) by extension 'colcon_meta'
[1.525s] Level 1:colcon.colcon_core.package_identification:_identify(src/uros/micro-ROS-Agent/micro_ros_agent) by extensions ['ros']
[1.525s] Level 1:colcon.colcon_core.package_identification:_identify(src/uros/micro-ROS-Agent/micro_ros_agent) by extension 'ros'
[1.527s] DEBUG:colcon.colcon_core.package_identification:Package 'src/uros/micro-ROS-Agent/micro_ros_agent' with type 'ros.ament_cmake' and name 'micro_ros_agent'
[1.528s] Level 1:colcon.colcon_core.package_identification:_identify(src/uros/micro-ROS-Agent/snap) by extensions ['ignore', 'ignore_ament_install']
[1.528s] Level 1:colcon.colcon_core.package_identification:_identify(src/uros/micro-ROS-Agent/snap) by extension 'ignore'
[1.528s] Level 1:colcon.colcon_core.package_identification:_identify(src/uros/micro-ROS-Agent/snap) by extension 'ignore_ament_install'
[1.528s] Level 1:colcon.colcon_core.package_identification:_identify(src/uros/micro-ROS-Agent/snap) by extensions ['colcon_pkg']
[1.528s] Level 1:colcon.colcon_core.package_identification:_identify(src/uros/micro-ROS-Agent/snap) by extension 'colcon_pkg'
[1.528s] Level 1:colcon.colcon_core.package_identification:_identify(src/uros/micro-ROS-Agent/snap) by extensions ['colcon_meta']
[1.528s] Level 1:colcon.colcon_core.package_identification:_identify(src/uros/micro-ROS-Agent/snap) by extension 'colcon_meta'
[1.529s] Level 1:colcon.colcon_core.package_identification:_identify(src/uros/micro-ROS-Agent/snap) by extensions ['ros']
[1.529s] Level 1:colcon.colcon_core.package_identification:_identify(src/uros/micro-ROS-Agent/snap) by extension 'ros'
[1.529s] Level 1:colcon.colcon_core.package_identification:_identify(src/uros/micro-ROS-Agent/snap) by extensions ['cmake', 'python']
[1.529s] Level 1:colcon.colcon_core.package_identification:_identify(src/uros/micro-ROS-Agent/snap) by extension 'cmake'
[1.529s] Level 1:colcon.colcon_core.package_identification:_identify(src/uros/micro-ROS-Agent/snap) by extension 'python'
[1.529s] Level 1:colcon.colcon_core.package_identification:_identify(src/uros/micro-ROS-Agent/snap) by extensions ['python_setup_py']
[1.529s] Level 1:colcon.colcon_core.package_identification:_identify(src/uros/micro-ROS-Agent/snap) by extension 'python_setup_py'
[1.529s] Level 1:colcon.colcon_core.package_identification:_identify(src/uros/micro-ROS-Agent/snap/hooks) by extensions ['ignore', 'ignore_ament_install']
[1.530s] Level 1:colcon.colcon_core.package_identification:_identify(src/uros/micro-ROS-Agent/snap/hooks) by extension 'ignore'
[1.530s] Level 1:colcon.colcon_core.package_identification:_identify(src/uros/micro-ROS-Agent/snap/hooks) by extension 'ignore_ament_install'
[1.530s] Level 1:colcon.colcon_core.package_identification:_identify(src/uros/micro-ROS-Agent/snap/hooks) by extensions ['colcon_pkg']
[1.530s] Level 1:colcon.colcon_core.package_identification:_identify(src/uros/micro-ROS-Agent/snap/hooks) by extension 'colcon_pkg'
[1.530s] Level 1:colcon.colcon_core.package_identification:_identify(src/uros/micro-ROS-Agent/snap/hooks) by extensions ['colcon_meta']
[1.530s] Level 1:colcon.colcon_core.package_identification:_identify(src/uros/micro-ROS-Agent/snap/hooks) by extension 'colcon_meta'
[1.530s] Level 1:colcon.colcon_core.package_identification:_identify(src/uros/micro-ROS-Agent/snap/hooks) by extensions ['ros']
[1.530s] Level 1:colcon.colcon_core.package_identification:_identify(src/uros/micro-ROS-Agent/snap/hooks) by extension 'ros'
[1.530s] Level 1:colcon.colcon_core.package_identification:_identify(src/uros/micro-ROS-Agent/snap/hooks) by extensions ['cmake', 'python']
[1.530s] Level 1:colcon.colcon_core.package_identification:_identify(src/uros/micro-ROS-Agent/snap/hooks) by extension 'cmake'
[1.530s] Level 1:colcon.colcon_core.package_identification:_identify(src/uros/micro-ROS-Agent/snap/hooks) by extension 'python'
[1.530s] Level 1:colcon.colcon_core.package_identification:_identify(src/uros/micro-ROS-Agent/snap/hooks) by extensions ['python_setup_py']
[1.530s] Level 1:colcon.colcon_core.package_identification:_identify(src/uros/micro-ROS-Agent/snap/hooks) by extension 'python_setup_py'
[1.531s] Level 1:colcon.colcon_core.package_identification:_identify(src/uros/micro-ROS-Agent/snap/local) by extensions ['ignore', 'ignore_ament_install']
[1.531s] Level 1:colcon.colcon_core.package_identification:_identify(src/uros/micro-ROS-Agent/snap/local) by extension 'ignore'
[1.531s] Level 1:colcon.colcon_core.package_identification:_identify(src/uros/micro-ROS-Agent/snap/local) by extension 'ignore_ament_install'
[1.531s] Level 1:colcon.colcon_core.package_identification:_identify(src/uros/micro-ROS-Agent/snap/local) by extensions ['colcon_pkg']
[1.531s] Level 1:colcon.colcon_core.package_identification:_identify(src/uros/micro-ROS-Agent/snap/local) by extension 'colcon_pkg'
[1.531s] Level 1:colcon.colcon_core.package_identification:_identify(src/uros/micro-ROS-Agent/snap/local) by extensions ['colcon_meta']
[1.531s] Level 1:colcon.colcon_core.package_identification:_identify(src/uros/micro-ROS-Agent/snap/local) by extension 'colcon_meta'
[1.532s] Level 1:colcon.colcon_core.package_identification:_identify(src/uros/micro-ROS-Agent/snap/local) by extensions ['ros']
[1.532s] Level 1:colcon.colcon_core.package_identification:_identify(src/uros/micro-ROS-Agent/snap/local) by extension 'ros'
[1.532s] Level 1:colcon.colcon_core.package_identification:_identify(src/uros/micro-ROS-Agent/snap/local) by extensions ['cmake', 'python']
[1.532s] Level 1:colcon.colcon_core.package_identification:_identify(src/uros/micro-ROS-Agent/snap/local) by extension 'cmake'
[1.532s] Level 1:colcon.colcon_core.package_identification:_identify(src/uros/micro-ROS-Agent/snap/local) by extension 'python'
[1.532s] Level 1:colcon.colcon_core.package_identification:_identify(src/uros/micro-ROS-Agent/snap/local) by extensions ['python_setup_py']
[1.532s] Level 1:colcon.colcon_core.package_identification:_identify(src/uros/micro-ROS-Agent/snap/local) by extension 'python_setup_py'
[1.533s] Level 1:colcon.colcon_core.package_identification:_identify(src/uros/micro_ros_msgs) by extensions ['ignore', 'ignore_ament_install']
[1.533s] Level 1:colcon.colcon_core.package_identification:_identify(src/uros/micro_ros_msgs) by extension 'ignore'
[1.533s] Level 1:colcon.colcon_core.package_identification:_identify(src/uros/micro_ros_msgs) by extension 'ignore_ament_install'
[1.533s] Level 1:colcon.colcon_core.package_identification:_identify(src/uros/micro_ros_msgs) by extensions ['colcon_pkg']
[1.533s] Level 1:colcon.colcon_core.package_identification:_identify(src/uros/micro_ros_msgs) by extension 'colcon_pkg'
[1.533s] Level 1:colcon.colcon_core.package_identification:_identify(src/uros/micro_ros_msgs) by extensions ['colcon_meta']
[1.533s] Level 1:colcon.colcon_core.package_identification:_identify(src/uros/micro_ros_msgs) by extension 'colcon_meta'
[1.533s] Level 1:colcon.colcon_core.package_identification:_identify(src/uros/micro_ros_msgs) by extensions ['ros']
[1.533s] Level 1:colcon.colcon_core.package_identification:_identify(src/uros/micro_ros_msgs) by extension 'ros'
[1.535s] DEBUG:colcon.colcon_core.package_identification:Package 'src/uros/micro_ros_msgs' with type 'ros.ament_cmake' and name 'micro_ros_msgs'
[1.535s] Level 1:colcon.colcon_core.package_discovery:discover_packages(recursive) using defaults
[1.535s] Level 1:colcon.colcon_core.package_discovery:discover_packages(ignore) discover
[1.535s] Level 1:colcon.colcon_core.package_discovery:discover_packages(ignore) using defaults
[1.535s] Level 1:colcon.colcon_core.package_discovery:discover_packages(path) discover
[1.535s] Level 1:colcon.colcon_core.package_discovery:discover_packages(path) using defaults
[1.594s] Level 1:colcon.colcon_core.package_discovery:discover_packages(prefix_path) check parameters
[1.595s] Level 1:colcon.colcon_core.package_discovery:discover_packages(prefix_path) discover
[1.603s] DEBUG:colcon.colcon_installed_package_information.package_discovery:Found 506 installed packages in /opt/ros/humble
[1.608s] Level 1:colcon.colcon_core.package_discovery:discover_packages(prefix_path) using defaults
[1.728s] Level 5:colcon.colcon_core.verb:set package 'BRAZOROBOTICO_description' build argument 'cmake_args' from command line to 'None'
[1.728s] Level 5:colcon.colcon_core.verb:set package 'BRAZOROBOTICO_description' build argument 'cmake_target' from command line to 'None'
[1.728s] Level 5:colcon.colcon_core.verb:set package 'BRAZOROBOTICO_description' build argument 'cmake_target_skip_unavailable' from command line to 'False'
[1.728s] Level 5:colcon.colcon_core.verb:set package 'BRAZOROBOTICO_description' build argument 'cmake_clean_cache' from command line to 'False'
[1.728s] Level 5:colcon.colcon_core.verb:set package 'BRAZOROBOTICO_description' build argument 'cmake_clean_first' from command line to 'False'
[1.728s] Level 5:colcon.colcon_core.verb:set package 'BRAZOROBOTICO_description' build argument 'cmake_force_configure' from command line to 'False'
[1.728s] Level 5:colcon.colcon_core.verb:set package 'BRAZOROBOTICO_description' build argument 'ament_cmake_args' from command line to 'None'
[1.728s] Level 5:colcon.colcon_core.verb:set package 'BRAZOROBOTICO_description' build argument 'catkin_cmake_args' from command line to 'None'
[1.728s] Level 5:colcon.colcon_core.verb:set package 'BRAZOROBOTICO_description' build argument 'catkin_skip_building_tests' from command line to 'False'
[1.728s] DEBUG:colcon.colcon_core.verb:Building package 'BRAZOROBOTICO_description' with the following arguments: {'ament_cmake_args': None, 'build_base': '/home/chino/brazo_ws/build/BRAZOROBOTICO_description', 'catkin_cmake_args': None, 'catkin_skip_building_tests': False, 'cmake_args': None, 'cmake_clean_cache': False, 'cmake_clean_first': False, 'cmake_force_configure': False, 'cmake_target': None, 'cmake_target_skip_unavailable': False, 'install_base': '/home/chino/brazo_ws/install/BRAZOROBOTICO_description', 'merge_install': False, 'path': '/home/chino/brazo_ws/src/BRAZOROBOTICO_description', 'symlink_install': False, 'test_result_base': None}
[1.729s] Level 5:colcon.colcon_core.verb:set package 'Trayectorias' build argument 'cmake_args' from command line to 'None'
[1.729s] Level 5:colcon.colcon_core.verb:set package 'Trayectorias' build argument 'cmake_target' from command line to 'None'
[1.729s] Level 5:colcon.colcon_core.verb:set package 'Trayectorias' build argument 'cmake_target_skip_unavailable' from command line to 'False'
[1.729s] Level 5:colcon.colcon_core.verb:set package 'Trayectorias' build argument 'cmake_clean_cache' from command line to 'False'
[1.729s] Level 5:colcon.colcon_core.verb:set package 'Trayectorias' build argument 'cmake_clean_first' from command line to 'False'
[1.729s] Level 5:colcon.colcon_core.verb:set package 'Trayectorias' build argument 'cmake_force_configure' from command line to 'False'
[1.729s] Level 5:colcon.colcon_core.verb:set package 'Trayectorias' build argument 'ament_cmake_args' from command line to 'None'
[1.729s] Level 5:colcon.colcon_core.verb:set package 'Trayectorias' build argument 'catkin_cmake_args' from command line to 'None'
[1.729s] Level 5:colcon.colcon_core.verb:set package 'Trayectorias' build argument 'catkin_skip_building_tests' from command line to 'False'
[1.729s] DEBUG:colcon.colcon_core.verb:Building package 'Trayectorias' with the following arguments: {'ament_cmake_args': None, 'build_base': '/home/chino/brazo_ws/build/Trayectorias', 'catkin_cmake_args': None, 'catkin_skip_building_tests': False, 'cmake_args': None, 'cmake_clean_cache': False, 'cmake_clean_first': False, 'cmake_force_configure': False, 'cmake_target': None, 'cmake_target_skip_unavailable': False, 'install_base': '/home/chino/brazo_ws/install/Trayectorias', 'merge_install': False, 'path': '/home/chino/brazo_ws/src/Trayectorias', 'symlink_install': False, 'test_result_base': None}
[1.730s] Level 5:colcon.colcon_core.verb:set package 'micro_ros_msgs' build argument 'cmake_args' from command line to 'None'
[1.730s] Level 5:colcon.colcon_core.verb:set package 'micro_ros_msgs' build argument 'cmake_target' from command line to 'None'
[1.730s] Level 5:colcon.colcon_core.verb:set package 'micro_ros_msgs' build argument 'cmake_target_skip_unavailable' from command line to 'False'
[1.730s] Level 5:colcon.colcon_core.verb:set package 'micro_ros_msgs' build argument 'cmake_clean_cache' from command line to 'False'
[1.730s] Level 5:colcon.colcon_core.verb:set package 'micro_ros_msgs' build argument 'cmake_clean_first' from command line to 'False'
[1.730s] Level 5:colcon.colcon_core.verb:set package 'micro_ros_msgs' build argument 'cmake_force_configure' from command line to 'False'
[1.730s] Level 5:colcon.colcon_core.verb:set package 'micro_ros_msgs' build argument 'ament_cmake_args' from command line to 'None'
[1.730s] Level 5:colcon.colcon_core.verb:set package 'micro_ros_msgs' build argument 'catkin_cmake_args' from command line to 'None'
[1.730s] Level 5:colcon.colcon_core.verb:set package 'micro_ros_msgs' build argument 'catkin_skip_building_tests' from command line to 'False'
[1.730s] DEBUG:colcon.colcon_core.verb:Building package 'micro_ros_msgs' with the following arguments: {'ament_cmake_args': None, 'build_base': '/home/chino/brazo_ws/build/micro_ros_msgs', 'catkin_cmake_args': None, 'catkin_skip_building_tests': False, 'cmake_args': None, 'cmake_clean_cache': False, 'cmake_clean_first': False, 'cmake_force_configure': False, 'cmake_target': None, 'cmake_target_skip_unavailable': False, 'install_base': '/home/chino/brazo_ws/install/micro_ros_msgs', 'merge_install': False, 'path': '/home/chino/brazo_ws/src/uros/micro_ros_msgs', 'symlink_install': False, 'test_result_base': None}
[1.731s] Level 5:colcon.colcon_core.verb:set package 'micro_ros_setup' build argument 'cmake_args' from command line to 'None'
[1.731s] Level 5:colcon.colcon_core.verb:set package 'micro_ros_setup' build argument 'cmake_target' from command line to 'None'
[1.731s] Level 5:colcon.colcon_core.verb:set package 'micro_ros_setup' build argument 'cmake_target_skip_unavailable' from command line to 'False'
[1.731s] Level 5:colcon.colcon_core.verb:set package 'micro_ros_setup' build argument 'cmake_clean_cache' from command line to 'False'
[1.731s] Level 5:colcon.colcon_core.verb:set package 'micro_ros_setup' build argument 'cmake_clean_first' from command line to 'False'
[1.731s] Level 5:colcon.colcon_core.verb:set package 'micro_ros_setup' build argument 'cmake_force_configure' from command line to 'False'
[1.731s] Level 5:colcon.colcon_core.verb:set package 'micro_ros_setup' build argument 'ament_cmake_args' from command line to 'None'
[1.731s] Level 5:colcon.colcon_core.verb:set package 'micro_ros_setup' build argument 'catkin_cmake_args' from command line to 'None'
[1.731s] Level 5:colcon.colcon_core.verb:set package 'micro_ros_setup' build argument 'catkin_skip_building_tests' from command line to 'False'
[1.731s] DEBUG:colcon.colcon_core.verb:Building package 'micro_ros_setup' with the following arguments: {'ament_cmake_args': None, 'build_base': '/home/chino/brazo_ws/build/micro_ros_setup', 'catkin_cmake_args': None, 'catkin_skip_building_tests': False, 'cmake_args': None, 'cmake_clean_cache': False, 'cmake_clean_first': False, 'cmake_force_configure': False, 'cmake_target': None, 'cmake_target_skip_unavailable': False, 'install_base': '/home/chino/brazo_ws/install/micro_ros_setup', 'merge_install': False, 'path': '/home/chino/brazo_ws/src/micro_ros_setup', 'symlink_install': False, 'test_result_base': None}
[1.731s] Level 5:colcon.colcon_core.verb:set package 'trajectory_publisher' build argument 'cmake_args' from command line to 'None'
[1.732s] Level 5:colcon.colcon_core.verb:set package 'trajectory_publisher' build argument 'cmake_target' from command line to 'None'
[1.732s] Level 5:colcon.colcon_core.verb:set package 'trajectory_publisher' build argument 'cmake_target_skip_unavailable' from command line to 'False'
[1.732s] Level 5:colcon.colcon_core.verb:set package 'trajectory_publisher' build argument 'cmake_clean_cache' from command line to 'False'
[1.732s] Level 5:colcon.colcon_core.verb:set package 'trajectory_publisher' build argument 'cmake_clean_first' from command line to 'False'
[1.732s] Level 5:colcon.colcon_core.verb:set package 'trajectory_publisher' build argument 'cmake_force_configure' from command line to 'False'
[1.732s] Level 5:colcon.colcon_core.verb:set package 'trajectory_publisher' build argument 'ament_cmake_args' from command line to 'None'
[1.732s] Level 5:colcon.colcon_core.verb:set package 'trajectory_publisher' build argument 'catkin_cmake_args' from command line to 'None'
[1.732s] Level 5:colcon.colcon_core.verb:set package 'trajectory_publisher' build argument 'catkin_skip_building_tests' from command line to 'False'
[1.732s] DEBUG:colcon.colcon_core.verb:Building package 'trajectory_publisher' with the following arguments: {'ament_cmake_args': None, 'build_base': '/home/chino/brazo_ws/build/trajectory_publisher', 'catkin_cmake_args': None, 'catkin_skip_building_tests': False, 'cmake_args': None, 'cmake_clean_cache': False, 'cmake_clean_first': False, 'cmake_force_configure': False, 'cmake_target': None, 'cmake_target_skip_unavailable': False, 'install_base': '/home/chino/brazo_ws/install/trajectory_publisher', 'merge_install': False, 'path': '/home/chino/brazo_ws/src/trajectory_publisher', 'symlink_install': False, 'test_result_base': None}
[1.732s] Level 5:colcon.colcon_core.verb:set package 'micro_ros_agent' build argument 'cmake_args' from command line to 'None'
[1.732s] Level 5:colcon.colcon_core.verb:set package 'micro_ros_agent' build argument 'cmake_target' from command line to 'None'
[1.732s] Level 5:colcon.colcon_core.verb:set package 'micro_ros_agent' build argument 'cmake_target_skip_unavailable' from command line to 'False'
[1.733s] Level 5:colcon.colcon_core.verb:set package 'micro_ros_agent' build argument 'cmake_clean_cache' from command line to 'False'
[1.733s] Level 5:colcon.colcon_core.verb:set package 'micro_ros_agent' build argument 'cmake_clean_first' from command line to 'False'
[1.733s] Level 5:colcon.colcon_core.verb:set package 'micro_ros_agent' build argument 'cmake_force_configure' from command line to 'False'
[1.733s] Level 5:colcon.colcon_core.verb:set package 'micro_ros_agent' build argument 'ament_cmake_args' from command line to 'None'
[1.733s] Level 5:colcon.colcon_core.verb:set package 'micro_ros_agent' build argument 'catkin_cmake_args' from command line to 'None'
[1.733s] Level 5:colcon.colcon_core.verb:set package 'micro_ros_agent' build argument 'catkin_skip_building_tests' from command line to 'False'
[1.733s] DEBUG:colcon.colcon_core.verb:Building package 'micro_ros_agent' with the following arguments: {'ament_cmake_args': None, 'build_base': '/home/chino/brazo_ws/build/micro_ros_agent', 'catkin_cmake_args': None, 'catkin_skip_building_tests': False, 'cmake_args': None, 'cmake_clean_cache': False, 'cmake_clean_first': False, 'cmake_force_configure': False, 'cmake_target': None, 'cmake_target_skip_unavailable': False, 'install_base': '/home/chino/brazo_ws/install/micro_ros_agent', 'merge_install': False, 'path': '/home/chino/brazo_ws/src/uros/micro-ROS-Agent/micro_ros_agent', 'symlink_install': False, 'test_result_base': None}
[1.733s] INFO:colcon.colcon_core.executor:Executing jobs using 'parallel' executor
[1.735s] DEBUG:colcon.colcon_parallel_executor.executor.parallel:run_until_complete
[1.736s] INFO:colcon.colcon_ros.task.ament_cmake.build:Building ROS package in '/home/chino/brazo_ws/src/uros/micro_ros_msgs' with build type 'ament_cmake'
[1.736s] INFO:colcon.colcon_cmake.task.cmake.build:Building CMake package in '/home/chino/brazo_ws/src/uros/micro_ros_msgs'
[1.745s] INFO:colcon.colcon_core.plugin_system:Skipping extension 'colcon_core.shell.bat': Not used on non-Windows systems
[1.746s] INFO:colcon.colcon_core.shell:Skip shell extension 'powershell' for command environment: Not usable outside of PowerShell
[1.746s] DEBUG:colcon.colcon_core.shell:Skip shell extension 'dsv' for command environment
[1.754s] INFO:colcon.colcon_ros.task.ament_python.build:Building ROS package in '/home/chino/brazo_ws/src/BRAZOROBOTICO_description' with build type 'ament_python'
[1.755s] Level 1:colcon.colcon_core.shell:create_environment_hook('BRAZOROBOTICO_description', 'ament_prefix_path')
[1.755s] INFO:colcon.colcon_core.shell:Creating environment hook '/home/chino/brazo_ws/install/BRAZOROBOTICO_description/share/BRAZOROBOTICO_description/hook/ament_prefix_path.ps1'
[1.757s] INFO:colcon.colcon_core.shell:Creating environment descriptor '/home/chino/brazo_ws/install/BRAZOROBOTICO_description/share/BRAZOROBOTICO_description/hook/ament_prefix_path.dsv'
[1.759s] INFO:colcon.colcon_core.shell:Creating environment hook '/home/chino/brazo_ws/install/BRAZOROBOTICO_description/share/BRAZOROBOTICO_description/hook/ament_prefix_path.sh'
[1.761s] INFO:colcon.colcon_core.shell:Skip shell extension 'powershell' for command environment: Not usable outside of PowerShell
[1.761s] DEBUG:colcon.colcon_core.shell:Skip shell extension 'dsv' for command environment
[1.768s] INFO:colcon.colcon_ros.task.ament_python.build:Building ROS package in '/home/chino/brazo_ws/src/Trayectorias' with build type 'ament_python'
[1.768s] Level 1:colcon.colcon_core.shell:create_environment_hook('Trayectorias', 'ament_prefix_path')
[1.769s] INFO:colcon.colcon_core.shell:Creating environment hook '/home/chino/brazo_ws/install/Trayectorias/share/Trayectorias/hook/ament_prefix_path.ps1'
[1.771s] INFO:colcon.colcon_core.shell:Creating environment descriptor '/home/chino/brazo_ws/install/Trayectorias/share/Trayectorias/hook/ament_prefix_path.dsv'
[1.772s] INFO:colcon.colcon_core.shell:Creating environment hook '/home/chino/brazo_ws/install/Trayectorias/share/Trayectorias/hook/ament_prefix_path.sh'
[1.773s] INFO:colcon.colcon_core.shell:Skip shell extension 'powershell' for command environment: Not usable outside of PowerShell
[1.773s] DEBUG:colcon.colcon_core.shell:Skip shell extension 'dsv' for command environment
[1.780s] INFO:colcon.colcon_ros.task.ament_cmake.build:Building ROS package in '/home/chino/brazo_ws/src/micro_ros_setup' with build type 'ament_cmake'
[1.780s] INFO:colcon.colcon_cmake.task.cmake.build:Building CMake package in '/home/chino/brazo_ws/src/micro_ros_setup'
[1.781s] INFO:colcon.colcon_core.shell:Skip shell extension 'powershell' for command environment: Not usable outside of PowerShell
[1.781s] DEBUG:colcon.colcon_core.shell:Skip shell extension 'dsv' for command environment
[1.789s] INFO:colcon.colcon_ros.task.ament_python.build:Building ROS package in '/home/chino/brazo_ws/src/trajectory_publisher' with build type 'ament_python'
[1.789s] Level 1:colcon.colcon_core.shell:create_environment_hook('trajectory_publisher', 'ament_prefix_path')
[1.790s] INFO:colcon.colcon_core.shell:Creating environment hook '/home/chino/brazo_ws/install/trajectory_publisher/share/trajectory_publisher/hook/ament_prefix_path.ps1'
[1.792s] INFO:colcon.colcon_core.shell:Creating environment descriptor '/home/chino/brazo_ws/install/trajectory_publisher/share/trajectory_publisher/hook/ament_prefix_path.dsv'
[1.793s] INFO:colcon.colcon_core.shell:Creating environment hook '/home/chino/brazo_ws/install/trajectory_publisher/share/trajectory_publisher/hook/ament_prefix_path.sh'
[1.794s] INFO:colcon.colcon_core.shell:Skip shell extension 'powershell' for command environment: Not usable outside of PowerShell
[1.794s] DEBUG:colcon.colcon_core.shell:Skip shell extension 'dsv' for command environment
[1.814s] DEBUG:colcon.colcon_core.event_handler.log_command:Invoking command in '/home/chino/brazo_ws/build/micro_ros_msgs': CMAKE_PREFIX_PATH=/opt/ros/humble /usr/bin/cmake --build /home/chino/brazo_ws/build/micro_ros_msgs -- -j16 -l16
[2.366s] INFO:colcon.colcon_core.task.python.build:Building Python package in '/home/chino/brazo_ws/src/BRAZOROBOTICO_description'
[2.367s] INFO:colcon.colcon_core.shell:Skip shell extension 'powershell' for command environment: Not usable outside of PowerShell
[2.367s] DEBUG:colcon.colcon_core.shell:Skip shell extension 'dsv' for command environment
[2.881s] INFO:colcon.colcon_core.task.python.build:Building Python package in '/home/chino/brazo_ws/src/Trayectorias'
[2.882s] INFO:colcon.colcon_core.shell:Skip shell extension 'powershell' for command environment: Not usable outside of PowerShell
[2.882s] DEBUG:colcon.colcon_core.shell:Skip shell extension 'dsv' for command environment
[2.903s] DEBUG:colcon.colcon_core.event_handler.log_command:Invoking command in '/home/chino/brazo_ws/build/micro_ros_setup': CMAKE_PREFIX_PATH=/opt/ros/humble /usr/bin/cmake --build /home/chino/brazo_ws/build/micro_ros_setup -- -j16 -l16
[2.912s] DEBUG:colcon.colcon_core.event_handler.log_command:Invoked command in '/home/chino/brazo_ws/build/micro_ros_msgs' returned '0': CMAKE_PREFIX_PATH=/opt/ros/humble /usr/bin/cmake --build /home/chino/brazo_ws/build/micro_ros_msgs -- -j16 -l16
[2.933s] DEBUG:colcon.colcon_core.event_handler.log_command:Invoking command in '/home/chino/brazo_ws/build/micro_ros_msgs': CMAKE_PREFIX_PATH=/opt/ros/humble /usr/bin/cmake --install /home/chino/brazo_ws/build/micro_ros_msgs
[3.437s] INFO:colcon.colcon_core.task.python.build:Building Python package in '/home/chino/brazo_ws/src/trajectory_publisher'
[3.437s] INFO:colcon.colcon_core.shell:Skip shell extension 'powershell' for command environment: Not usable outside of PowerShell
[3.437s] DEBUG:colcon.colcon_core.shell:Skip shell extension 'dsv' for command environment
[3.517s] DEBUG:colcon.colcon_core.event_handler.log_command:Invoked command in '/home/chino/brazo_ws/build/micro_ros_setup' returned '0': CMAKE_PREFIX_PATH=/opt/ros/humble /usr/bin/cmake --build /home/chino/brazo_ws/build/micro_ros_setup -- -j16 -l16
[3.522s] DEBUG:colcon.colcon_core.event_handler.log_command:Invoking command in '/home/chino/brazo_ws/build/micro_ros_setup': CMAKE_PREFIX_PATH=/opt/ros/humble /usr/bin/cmake --install /home/chino/brazo_ws/build/micro_ros_setup
[3.523s] Level 1:colcon.colcon_core.environment:create_environment_scripts_only(micro_ros_msgs)
[3.524s] DEBUG:colcon.colcon_core.event_handler.log_command:Invoked command in '/home/chino/brazo_ws/build/micro_ros_msgs' returned '0': CMAKE_PREFIX_PATH=/opt/ros/humble /usr/bin/cmake --install /home/chino/brazo_ws/build/micro_ros_msgs
[3.535s] Level 1:colcon.colcon_core.environment:checking '/home/chino/brazo_ws/install/micro_ros_msgs' for CMake module files
[3.537s] Level 1:colcon.colcon_core.environment:checking '/home/chino/brazo_ws/install/micro_ros_msgs' for CMake config files
[3.539s] Level 1:colcon.colcon_core.shell:create_environment_hook('micro_ros_msgs', 'cmake_prefix_path')
[3.540s] INFO:colcon.colcon_core.shell:Creating environment hook '/home/chino/brazo_ws/install/micro_ros_msgs/share/micro_ros_msgs/hook/cmake_prefix_path.ps1'
[3.541s] INFO:colcon.colcon_core.shell:Creating environment descriptor '/home/chino/brazo_ws/install/micro_ros_msgs/share/micro_ros_msgs/hook/cmake_prefix_path.dsv'
[3.542s] INFO:colcon.colcon_core.shell:Creating environment hook '/home/chino/brazo_ws/install/micro_ros_msgs/share/micro_ros_msgs/hook/cmake_prefix_path.sh'
[3.543s] Level 1:colcon.colcon_core.environment:checking '/home/chino/brazo_ws/install/micro_ros_msgs/lib'
[3.544s] Level 1:colcon.colcon_core.shell:create_environment_hook('micro_ros_msgs', 'ld_library_path_lib')
[3.544s] INFO:colcon.colcon_core.shell:Creating environment hook '/home/chino/brazo_ws/install/micro_ros_msgs/share/micro_ros_msgs/hook/ld_library_path_lib.ps1'
[3.546s] INFO:colcon.colcon_core.shell:Creating environment descriptor '/home/chino/brazo_ws/install/micro_ros_msgs/share/micro_ros_msgs/hook/ld_library_path_lib.dsv'
[3.547s] INFO:colcon.colcon_core.shell:Creating environment hook '/home/chino/brazo_ws/install/micro_ros_msgs/share/micro_ros_msgs/hook/ld_library_path_lib.sh'
[3.548s] Level 1:colcon.colcon_core.environment:checking '/home/chino/brazo_ws/install/micro_ros_msgs/bin'
[3.548s] Level 1:colcon.colcon_core.environment:checking '/home/chino/brazo_ws/install/micro_ros_msgs/lib/pkgconfig/micro_ros_msgs.pc'
[3.549s] Level 1:colcon.colcon_core.environment:checking '/home/chino/brazo_ws/install/micro_ros_msgs/lib/python3.10/site-packages'
[3.550s] Level 1:colcon.colcon_core.environment:checking '/home/chino/brazo_ws/install/micro_ros_msgs/bin'
[3.551s] INFO:colcon.colcon_core.shell:Creating package script '/home/chino/brazo_ws/install/micro_ros_msgs/share/micro_ros_msgs/package.ps1'
[3.553s] INFO:colcon.colcon_core.shell:Creating package descriptor '/home/chino/brazo_ws/install/micro_ros_msgs/share/micro_ros_msgs/package.dsv'
[3.555s] INFO:colcon.colcon_core.shell:Creating package script '/home/chino/brazo_ws/install/micro_ros_msgs/share/micro_ros_msgs/package.sh'
[3.556s] INFO:colcon.colcon_core.shell:Creating package script '/home/chino/brazo_ws/install/micro_ros_msgs/share/micro_ros_msgs/package.bash'
[3.558s] INFO:colcon.colcon_core.shell:Creating package script '/home/chino/brazo_ws/install/micro_ros_msgs/share/micro_ros_msgs/package.zsh'
[3.560s] Level 1:colcon.colcon_core.environment:create_file_with_runtime_dependencies(/home/chino/brazo_ws/install/micro_ros_msgs/share/colcon-core/packages/micro_ros_msgs)
[3.562s] Level 1:colcon.colcon_core.environment:create_environment_scripts_only(micro_ros_msgs)
[3.562s] Level 1:colcon.colcon_core.environment:checking '/home/chino/brazo_ws/install/micro_ros_msgs' for CMake module files
[3.563s] Level 1:colcon.colcon_core.environment:checking '/home/chino/brazo_ws/install/micro_ros_msgs' for CMake config files
[3.564s] Level 1:colcon.colcon_core.shell:create_environment_hook('micro_ros_msgs', 'cmake_prefix_path')
[3.565s] INFO:colcon.colcon_core.shell:Creating environment hook '/home/chino/brazo_ws/install/micro_ros_msgs/share/micro_ros_msgs/hook/cmake_prefix_path.ps1'
[3.565s] INFO:colcon.colcon_core.shell:Creating environment descriptor '/home/chino/brazo_ws/install/micro_ros_msgs/share/micro_ros_msgs/hook/cmake_prefix_path.dsv'
[3.566s] INFO:colcon.colcon_core.shell:Creating environment hook '/home/chino/brazo_ws/install/micro_ros_msgs/share/micro_ros_msgs/hook/cmake_prefix_path.sh'
[3.567s] Level 1:colcon.colcon_core.environment:checking '/home/chino/brazo_ws/install/micro_ros_msgs/lib'
[3.568s] Level 1:colcon.colcon_core.shell:create_environment_hook('micro_ros_msgs', 'ld_library_path_lib')
[3.568s] INFO:colcon.colcon_core.shell:Creating environment hook '/home/chino/brazo_ws/install/micro_ros_msgs/share/micro_ros_msgs/hook/ld_library_path_lib.ps1'
[3.569s] INFO:colcon.colcon_core.shell:Creating environment descriptor '/home/chino/brazo_ws/install/micro_ros_msgs/share/micro_ros_msgs/hook/ld_library_path_lib.dsv'
[3.570s] INFO:colcon.colcon_core.shell:Creating environment hook '/home/chino/brazo_ws/install/micro_ros_msgs/share/micro_ros_msgs/hook/ld_library_path_lib.sh'
[3.570s] Level 1:colcon.colcon_core.environment:checking '/home/chino/brazo_ws/install/micro_ros_msgs/bin'
[3.571s] Level 1:colcon.colcon_core.environment:checking '/home/chino/brazo_ws/install/micro_ros_msgs/lib/pkgconfig/micro_ros_msgs.pc'
[3.571s] Level 1:colcon.colcon_core.environment:checking '/home/chino/brazo_ws/install/micro_ros_msgs/lib/python3.10/site-packages'
[3.572s] Level 1:colcon.colcon_core.environment:checking '/home/chino/brazo_ws/install/micro_ros_msgs/bin'
[3.572s] INFO:colcon.colcon_core.shell:Creating package script '/home/chino/brazo_ws/install/micro_ros_msgs/share/micro_ros_msgs/package.ps1'
[3.573s] INFO:colcon.colcon_core.shell:Creating package descriptor '/home/chino/brazo_ws/install/micro_ros_msgs/share/micro_ros_msgs/package.dsv'
[3.574s] INFO:colcon.colcon_core.shell:Creating package script '/home/chino/brazo_ws/install/micro_ros_msgs/share/micro_ros_msgs/package.sh'
[3.575s] INFO:colcon.colcon_core.shell:Creating package script '/home/chino/brazo_ws/install/micro_ros_msgs/share/micro_ros_msgs/package.bash'
[3.576s] INFO:colcon.colcon_core.shell:Creating package script '/home/chino/brazo_ws/install/micro_ros_msgs/share/micro_ros_msgs/package.zsh'
[3.577s] Level 1:colcon.colcon_core.environment:create_file_with_runtime_dependencies(/home/chino/brazo_ws/install/micro_ros_msgs/share/colcon-core/packages/micro_ros_msgs)
[3.624s] INFO:colcon.colcon_ros.task.ament_cmake.build:Building ROS package in '/home/chino/brazo_ws/src/uros/micro-ROS-Agent/micro_ros_agent' with build type 'ament_cmake'
[3.624s] INFO:colcon.colcon_cmake.task.cmake.build:Building CMake package in '/home/chino/brazo_ws/src/uros/micro-ROS-Agent/micro_ros_agent'
[3.624s] INFO:colcon.colcon_core.shell:Skip shell extension 'powershell' for command environment: Not usable outside of PowerShell
[3.625s] DEBUG:colcon.colcon_core.shell:Skip shell extension 'dsv' for command environment
[3.667s] Level 1:colcon.colcon_core.environment:create_environment_scripts_only(micro_ros_setup)
[3.668s] DEBUG:colcon.colcon_core.event_handler.log_command:Invoked command in '/home/chino/brazo_ws/build/micro_ros_setup' returned '0': CMAKE_PREFIX_PATH=/opt/ros/humble /usr/bin/cmake --install /home/chino/brazo_ws/build/micro_ros_setup
[3.669s] Level 1:colcon.colcon_core.environment:checking '/home/chino/brazo_ws/install/micro_ros_setup' for CMake module files
[3.670s] Level 1:colcon.colcon_core.environment:checking '/home/chino/brazo_ws/install/micro_ros_setup' for CMake config files
[3.672s] Level 1:colcon.colcon_core.shell:create_environment_hook('micro_ros_setup', 'cmake_prefix_path')
[3.673s] INFO:colcon.colcon_core.shell:Creating environment hook '/home/chino/brazo_ws/install/micro_ros_setup/share/micro_ros_setup/hook/cmake_prefix_path.ps1'
[3.673s] INFO:colcon.colcon_core.shell:Creating environment descriptor '/home/chino/brazo_ws/install/micro_ros_setup/share/micro_ros_setup/hook/cmake_prefix_path.dsv'
[3.675s] INFO:colcon.colcon_core.shell:Creating environment hook '/home/chino/brazo_ws/install/micro_ros_setup/share/micro_ros_setup/hook/cmake_prefix_path.sh'
[3.676s] Level 1:colcon.colcon_core.environment:checking '/home/chino/brazo_ws/install/micro_ros_setup/lib'
[3.676s] Level 1:colcon.colcon_core.environment:checking '/home/chino/brazo_ws/install/micro_ros_setup/bin'
[3.676s] Level 1:colcon.colcon_core.environment:checking '/home/chino/brazo_ws/install/micro_ros_setup/lib/pkgconfig/micro_ros_setup.pc'
[3.676s] Level 1:colcon.colcon_core.environment:checking '/home/chino/brazo_ws/install/micro_ros_setup/lib/python3.10/site-packages'
[3.677s] Level 1:colcon.colcon_core.environment:checking '/home/chino/brazo_ws/install/micro_ros_setup/bin'
[3.678s] INFO:colcon.colcon_core.shell:Creating package script '/home/chino/brazo_ws/install/micro_ros_setup/share/micro_ros_setup/package.ps1'
[3.679s] INFO:colcon.colcon_core.shell:Creating package descriptor '/home/chino/brazo_ws/install/micro_ros_setup/share/micro_ros_setup/package.dsv'
[3.680s] INFO:colcon.colcon_core.shell:Creating package script '/home/chino/brazo_ws/install/micro_ros_setup/share/micro_ros_setup/package.sh'
[3.681s] INFO:colcon.colcon_core.shell:Creating package script '/home/chino/brazo_ws/install/micro_ros_setup/share/micro_ros_setup/package.bash'
[3.682s] INFO:colcon.colcon_core.shell:Creating package script '/home/chino/brazo_ws/install/micro_ros_setup/share/micro_ros_setup/package.zsh'
[3.683s] Level 1:colcon.colcon_core.environment:create_file_with_runtime_dependencies(/home/chino/brazo_ws/install/micro_ros_setup/share/colcon-core/packages/micro_ros_setup)
[3.684s] Level 1:colcon.colcon_core.environment:create_environment_scripts_only(micro_ros_setup)
[3.684s] Level 1:colcon.colcon_core.environment:checking '/home/chino/brazo_ws/install/micro_ros_setup' for CMake module files
[3.685s] Level 1:colcon.colcon_core.environment:checking '/home/chino/brazo_ws/install/micro_ros_setup' for CMake config files
[3.686s] Level 1:colcon.colcon_core.shell:create_environment_hook('micro_ros_setup', 'cmake_prefix_path')
[3.686s] INFO:colcon.colcon_core.shell:Creating environment hook '/home/chino/brazo_ws/install/micro_ros_setup/share/micro_ros_setup/hook/cmake_prefix_path.ps1'
[3.687s] INFO:colcon.colcon_core.shell:Creating environment descriptor '/home/chino/brazo_ws/install/micro_ros_setup/share/micro_ros_setup/hook/cmake_prefix_path.dsv'
[3.688s] INFO:colcon.colcon_core.shell:Creating environment hook '/home/chino/brazo_ws/install/micro_ros_setup/share/micro_ros_setup/hook/cmake_prefix_path.sh'
[3.689s] Level 1:colcon.colcon_core.environment:checking '/home/chino/brazo_ws/install/micro_ros_setup/lib'
[3.689s] Level 1:colcon.colcon_core.environment:checking '/home/chino/brazo_ws/install/micro_ros_setup/bin'
[3.689s] Level 1:colcon.colcon_core.environment:checking '/home/chino/brazo_ws/install/micro_ros_setup/lib/pkgconfig/micro_ros_setup.pc'
[3.689s] Level 1:colcon.colcon_core.environment:checking '/home/chino/brazo_ws/install/micro_ros_setup/lib/python3.10/site-packages'
[3.690s] Level 1:colcon.colcon_core.environment:checking '/home/chino/brazo_ws/install/micro_ros_setup/bin'
[3.691s] INFO:colcon.colcon_core.shell:Creating package script '/home/chino/brazo_ws/install/micro_ros_setup/share/micro_ros_setup/package.ps1'
[3.692s] INFO:colcon.colcon_core.shell:Creating package descriptor '/home/chino/brazo_ws/install/micro_ros_setup/share/micro_ros_setup/package.dsv'
[3.693s] INFO:colcon.colcon_core.shell:Creating package script '/home/chino/brazo_ws/install/micro_ros_setup/share/micro_ros_setup/package.sh'
[3.693s] INFO:colcon.colcon_core.shell:Creating package script '/home/chino/brazo_ws/install/micro_ros_setup/share/micro_ros_setup/package.bash'
[3.694s] INFO:colcon.colcon_core.shell:Creating package script '/home/chino/brazo_ws/install/micro_ros_setup/share/micro_ros_setup/package.zsh'
[3.695s] Level 1:colcon.colcon_core.environment:create_file_with_runtime_dependencies(/home/chino/brazo_ws/install/micro_ros_setup/share/colcon-core/packages/micro_ros_setup)
[4.202s] DEBUG:colcon.colcon_core.event_handler.log_command:Invoking command in '/home/chino/brazo_ws/build/micro_ros_agent': AMENT_PREFIX_PATH=/home/chino/brazo_ws/install/micro_ros_msgs:${AMENT_PREFIX_PATH} CMAKE_PREFIX_PATH=/home/chino/brazo_ws/install/micro_ros_msgs:/opt/ros/humble LD_LIBRARY_PATH=/home/chino/brazo_ws/install/micro_ros_msgs/lib:/usr/lib/x86_64-linux-gnu/gazebo-11/plugins:/opt/ros/humble/opt/rviz_ogre_vendor/lib:/opt/ros/humble/lib/x86_64-linux-gnu:/opt/ros/humble/lib:/usr/share/gazebo/../../lib/x86_64-linux-gnu/gazebo-11/plugins PYTHONPATH=/home/chino/brazo_ws/install/micro_ros_msgs/local/lib/python3.10/dist-packages:${PYTHONPATH} /usr/bin/cmake --build /home/chino/brazo_ws/build/micro_ros_agent -- -j16 -l16
[4.401s] DEBUG:colcon.colcon_core.event_handler.log_command:Invoked command in '/home/chino/brazo_ws/build/micro_ros_agent' returned '0': AMENT_PREFIX_PATH=/home/chino/brazo_ws/install/micro_ros_msgs:${AMENT_PREFIX_PATH} CMAKE_PREFIX_PATH=/home/chino/brazo_ws/install/micro_ros_msgs:/opt/ros/humble LD_LIBRARY_PATH=/home/chino/brazo_ws/install/micro_ros_msgs/lib:/usr/lib/x86_64-linux-gnu/gazebo-11/plugins:/opt/ros/humble/opt/rviz_ogre_vendor/lib:/opt/ros/humble/lib/x86_64-linux-gnu:/opt/ros/humble/lib:/usr/share/gazebo/../../lib/x86_64-linux-gnu/gazebo-11/plugins PYTHONPATH=/home/chino/brazo_ws/install/micro_ros_msgs/local/lib/python3.10/dist-packages:${PYTHONPATH} /usr/bin/cmake --build /home/chino/brazo_ws/build/micro_ros_agent -- -j16 -l16
[4.406s] DEBUG:colcon.colcon_core.event_handler.log_command:Invoking command in '/home/chino/brazo_ws/build/micro_ros_agent': AMENT_PREFIX_PATH=/home/chino/brazo_ws/install/micro_ros_msgs:${AMENT_PREFIX_PATH} CMAKE_PREFIX_PATH=/home/chino/brazo_ws/install/micro_ros_msgs:/opt/ros/humble LD_LIBRARY_PATH=/home/chino/brazo_ws/install/micro_ros_msgs/lib:/usr/lib/x86_64-linux-gnu/gazebo-11/plugins:/opt/ros/humble/opt/rviz_ogre_vendor/lib:/opt/ros/humble/lib/x86_64-linux-gnu:/opt/ros/humble/lib:/usr/share/gazebo/../../lib/x86_64-linux-gnu/gazebo-11/plugins PYTHONPATH=/home/chino/brazo_ws/install/micro_ros_msgs/local/lib/python3.10/dist-packages:${PYTHONPATH} /usr/bin/cmake --install /home/chino/brazo_ws/build/micro_ros_agent
[4.431s] Level 1:colcon.colcon_core.environment:create_environment_scripts_only(micro_ros_agent)
[4.432s] Level 1:colcon.colcon_core.environment:checking '/home/chino/brazo_ws/install/micro_ros_agent' for CMake module files
[4.434s] DEBUG:colcon.colcon_core.event_handler.log_command:Invoked command in '/home/chino/brazo_ws/build/micro_ros_agent' returned '0': AMENT_PREFIX_PATH=/home/chino/brazo_ws/install/micro_ros_msgs:${AMENT_PREFIX_PATH} CMAKE_PREFIX_PATH=/home/chino/brazo_ws/install/micro_ros_msgs:/opt/ros/humble LD_LIBRARY_PATH=/home/chino/brazo_ws/install/micro_ros_msgs/lib:/usr/lib/x86_64-linux-gnu/gazebo-11/plugins:/opt/ros/humble/opt/rviz_ogre_vendor/lib:/opt/ros/humble/lib/x86_64-linux-gnu:/opt/ros/humble/lib:/usr/share/gazebo/../../lib/x86_64-linux-gnu/gazebo-11/plugins PYTHONPATH=/home/chino/brazo_ws/install/micro_ros_msgs/local/lib/python3.10/dist-packages:${PYTHONPATH} /usr/bin/cmake --install /home/chino/brazo_ws/build/micro_ros_agent
[4.434s] Level 1:colcon.colcon_core.environment:checking '/home/chino/brazo_ws/install/micro_ros_agent' for CMake config files
[4.443s] Level 1:colcon.colcon_core.shell:create_environment_hook('micro_ros_agent', 'cmake_prefix_path')
[4.444s] INFO:colcon.colcon_core.shell:Creating environment hook '/home/chino/brazo_ws/install/micro_ros_agent/share/micro_ros_agent/hook/cmake_prefix_path.ps1'
[4.445s] INFO:colcon.colcon_core.shell:Creating environment descriptor '/home/chino/brazo_ws/install/micro_ros_agent/share/micro_ros_agent/hook/cmake_prefix_path.dsv'
[4.446s] INFO:colcon.colcon_core.shell:Creating environment hook '/home/chino/brazo_ws/install/micro_ros_agent/share/micro_ros_agent/hook/cmake_prefix_path.sh'
[4.447s] Level 1:colcon.colcon_core.environment:checking '/home/chino/brazo_ws/install/micro_ros_agent/lib'
[4.447s] Level 1:colcon.colcon_core.shell:create_environment_hook('micro_ros_agent', 'ld_library_path_lib')
[4.447s] INFO:colcon.colcon_core.shell:Creating environment hook '/home/chino/brazo_ws/install/micro_ros_agent/share/micro_ros_agent/hook/ld_library_path_lib.ps1'
[4.449s] INFO:colcon.colcon_core.shell:Creating environment descriptor '/home/chino/brazo_ws/install/micro_ros_agent/share/micro_ros_agent/hook/ld_library_path_lib.dsv'
[4.449s] INFO:colcon.colcon_core.shell:Creating environment hook '/home/chino/brazo_ws/install/micro_ros_agent/share/micro_ros_agent/hook/ld_library_path_lib.sh'
[4.450s] Level 1:colcon.colcon_core.environment:checking '/home/chino/brazo_ws/install/micro_ros_agent/bin'
[4.450s] Level 1:colcon.colcon_core.environment:checking '/home/chino/brazo_ws/install/micro_ros_agent/lib/pkgconfig/micro_ros_agent.pc'
[4.451s] Level 1:colcon.colcon_core.environment:checking '/home/chino/brazo_ws/install/micro_ros_agent/lib/python3.10/site-packages'
[4.451s] Level 1:colcon.colcon_core.environment:checking '/home/chino/brazo_ws/install/micro_ros_agent/bin'
[4.452s] INFO:colcon.colcon_core.shell:Creating package script '/home/chino/brazo_ws/install/micro_ros_agent/share/micro_ros_agent/package.ps1'
[4.453s] INFO:colcon.colcon_core.shell:Creating package descriptor '/home/chino/brazo_ws/install/micro_ros_agent/share/micro_ros_agent/package.dsv'
[4.454s] INFO:colcon.colcon_core.shell:Creating package script '/home/chino/brazo_ws/install/micro_ros_agent/share/micro_ros_agent/package.sh'
[4.454s] INFO:colcon.colcon_core.shell:Creating package script '/home/chino/brazo_ws/install/micro_ros_agent/share/micro_ros_agent/package.bash'
[4.455s] INFO:colcon.colcon_core.shell:Creating package script '/home/chino/brazo_ws/install/micro_ros_agent/share/micro_ros_agent/package.zsh'
[4.455s] Level 1:colcon.colcon_core.environment:create_file_with_runtime_dependencies(/home/chino/brazo_ws/install/micro_ros_agent/share/colcon-core/packages/micro_ros_agent)
[4.456s] Level 1:colcon.colcon_core.environment:create_environment_scripts_only(micro_ros_agent)
[4.457s] Level 1:colcon.colcon_core.environment:checking '/home/chino/brazo_ws/install/micro_ros_agent' for CMake module files
[4.457s] Level 1:colcon.colcon_core.environment:checking '/home/chino/brazo_ws/install/micro_ros_agent' for CMake config files
[4.459s] Level 1:colcon.colcon_core.shell:create_environment_hook('micro_ros_agent', 'cmake_prefix_path')
[4.460s] INFO:colcon.colcon_core.shell:Creating environment hook '/home/chino/brazo_ws/install/micro_ros_agent/share/micro_ros_agent/hook/cmake_prefix_path.ps1'
[4.460s] INFO:colcon.colcon_core.shell:Creating environment descriptor '/home/chino/brazo_ws/install/micro_ros_agent/share/micro_ros_agent/hook/cmake_prefix_path.dsv'
[4.461s] INFO:colcon.colcon_core.shell:Creating environment hook '/home/chino/brazo_ws/install/micro_ros_agent/share/micro_ros_agent/hook/cmake_prefix_path.sh'
[4.462s] Level 1:colcon.colcon_core.environment:checking '/home/chino/brazo_ws/install/micro_ros_agent/lib'
[4.462s] Level 1:colcon.colcon_core.shell:create_environment_hook('micro_ros_agent', 'ld_library_path_lib')
[4.463s] INFO:colcon.colcon_core.shell:Creating environment hook '/home/chino/brazo_ws/install/micro_ros_agent/share/micro_ros_agent/hook/ld_library_path_lib.ps1'
[4.463s] INFO:colcon.colcon_core.shell:Creating environment descriptor '/home/chino/brazo_ws/install/micro_ros_agent/share/micro_ros_agent/hook/ld_library_path_lib.dsv'
[4.464s] INFO:colcon.colcon_core.shell:Creating environment hook '/home/chino/brazo_ws/install/micro_ros_agent/share/micro_ros_agent/hook/ld_library_path_lib.sh'
[4.464s] Level 1:colcon.colcon_core.environment:checking '/home/chino/brazo_ws/install/micro_ros_agent/bin'
[4.465s] Level 1:colcon.colcon_core.environment:checking '/home/chino/brazo_ws/install/micro_ros_agent/lib/pkgconfig/micro_ros_agent.pc'
[4.465s] Level 1:colcon.colcon_core.environment:checking '/home/chino/brazo_ws/install/micro_ros_agent/lib/python3.10/site-packages'
[4.466s] Level 1:colcon.colcon_core.environment:checking '/home/chino/brazo_ws/install/micro_ros_agent/bin'
[4.466s] INFO:colcon.colcon_core.shell:Creating package script '/home/chino/brazo_ws/install/micro_ros_agent/share/micro_ros_agent/package.ps1'
[4.468s] INFO:colcon.colcon_core.shell:Creating package descriptor '/home/chino/brazo_ws/install/micro_ros_agent/share/micro_ros_agent/package.dsv'
[4.469s] INFO:colcon.colcon_core.shell:Creating package script '/home/chino/brazo_ws/install/micro_ros_agent/share/micro_ros_agent/package.sh'
[4.470s] INFO:colcon.colcon_core.shell:Creating package script '/home/chino/brazo_ws/install/micro_ros_agent/share/micro_ros_agent/package.bash'
[4.471s] INFO:colcon.colcon_core.shell:Creating package script '/home/chino/brazo_ws/install/micro_ros_agent/share/micro_ros_agent/package.zsh'
[4.472s] Level 1:colcon.colcon_core.environment:create_file_with_runtime_dependencies(/home/chino/brazo_ws/install/micro_ros_agent/share/colcon-core/packages/micro_ros_agent)
[4.529s] DEBUG:colcon.colcon_core.event_handler.log_command:Invoking command in '/home/chino/brazo_ws/src/Trayectorias': PYTHONPATH=/home/chino/brazo_ws/build/Trayectorias/prefix_override:/usr/lib/python3/dist-packages/colcon_core/task/python/colcon_distutils_commands:/home/chino/brazo_ws/install/Trayectorias/lib/python3.10/site-packages:${PYTHONPATH} /usr/bin/python3 -W ignore:setup.py install is deprecated -W ignore:easy_install command is deprecated setup.py egg_info --egg-base ../../build/Trayectorias build --build-base /home/chino/brazo_ws/build/Trayectorias/build install --record /home/chino/brazo_ws/build/Trayectorias/install.log --single-version-externally-managed install_data
[4.537s] DEBUG:colcon.colcon_core.event_handler.log_command:Invoking command in '/home/chino/brazo_ws/src/trajectory_publisher': PYTHONPATH=/home/chino/brazo_ws/build/trajectory_publisher/prefix_override:/usr/lib/python3/dist-packages/colcon_core/task/python/colcon_distutils_commands:/home/chino/brazo_ws/install/trajectory_publisher/lib/python3.10/site-packages:${PYTHONPATH} /usr/bin/python3 -W ignore:setup.py install is deprecated -W ignore:easy_install command is deprecated setup.py egg_info --egg-base ../../build/trajectory_publisher build --build-base /home/chino/brazo_ws/build/trajectory_publisher/build install --record /home/chino/brazo_ws/build/trajectory_publisher/install.log --single-version-externally-managed install_data
[4.540s] DEBUG:colcon.colcon_core.event_handler.log_command:Invoking command in '/home/chino/brazo_ws/src/BRAZOROBOTICO_description': PYTHONPATH=/home/chino/brazo_ws/build/BRAZOROBOTICO_description/prefix_override:/usr/lib/python3/dist-packages/colcon_core/task/python/colcon_distutils_commands:/home/chino/brazo_ws/install/BRAZOROBOTICO_description/lib/python3.10/site-packages:${PYTHONPATH} /usr/bin/python3 -W ignore:setup.py install is deprecated -W ignore:easy_install command is deprecated setup.py egg_info --egg-base ../../build/BRAZOROBOTICO_description build --build-base /home/chino/brazo_ws/build/BRAZOROBOTICO_description/build install --record /home/chino/brazo_ws/build/BRAZOROBOTICO_description/install.log --single-version-externally-managed install_data
[5.137s] Level 1:colcon.colcon_core.environment:checking '/home/chino/brazo_ws/install/Trayectorias' for CMake module files
[5.138s] DEBUG:colcon.colcon_core.event_handler.log_command:Invoked command in '/home/chino/brazo_ws/src/Trayectorias' returned '0': PYTHONPATH=/home/chino/brazo_ws/build/Trayectorias/prefix_override:/usr/lib/python3/dist-packages/colcon_core/task/python/colcon_distutils_commands:/home/chino/brazo_ws/install/Trayectorias/lib/python3.10/site-packages:${PYTHONPATH} /usr/bin/python3 -W ignore:setup.py install is deprecated -W ignore:easy_install command is deprecated setup.py egg_info --egg-base ../../build/Trayectorias build --build-base /home/chino/brazo_ws/build/Trayectorias/build install --record /home/chino/brazo_ws/build/Trayectorias/install.log --single-version-externally-managed install_data
[5.139s] Level 1:colcon.colcon_core.environment:checking '/home/chino/brazo_ws/install/Trayectorias' for CMake config files
[5.140s] Level 1:colcon.colcon_core.environment:checking '/home/chino/brazo_ws/install/Trayectorias/lib'
[5.140s] Level 1:colcon.colcon_core.environment:checking '/home/chino/brazo_ws/install/Trayectorias/bin'
[5.141s] Level 1:colcon.colcon_core.environment:checking '/home/chino/brazo_ws/install/Trayectorias/lib/pkgconfig/Trayectorias.pc'
[5.141s] Level 1:colcon.colcon_core.environment:checking '/home/chino/brazo_ws/install/Trayectorias/lib/python3.10/site-packages'
[5.142s] Level 1:colcon.colcon_core.shell:create_environment_hook('Trayectorias', 'pythonpath')
[5.142s] INFO:colcon.colcon_core.shell:Creating environment hook '/home/chino/brazo_ws/install/Trayectorias/share/Trayectorias/hook/pythonpath.ps1'
[5.143s] INFO:colcon.colcon_core.shell:Creating environment descriptor '/home/chino/brazo_ws/install/Trayectorias/share/Trayectorias/hook/pythonpath.dsv'
[5.144s] INFO:colcon.colcon_core.shell:Creating environment hook '/home/chino/brazo_ws/install/Trayectorias/share/Trayectorias/hook/pythonpath.sh'
[5.145s] Level 1:colcon.colcon_core.environment:checking '/home/chino/brazo_ws/install/Trayectorias/bin'
[5.145s] Level 1:colcon.colcon_core.environment:create_environment_scripts_only(Trayectorias)
[5.146s] INFO:colcon.colcon_core.shell:Creating package script '/home/chino/brazo_ws/install/Trayectorias/share/Trayectorias/package.ps1'
[5.146s] INFO:colcon.colcon_core.shell:Creating package descriptor '/home/chino/brazo_ws/install/Trayectorias/share/Trayectorias/package.dsv'
[5.147s] INFO:colcon.colcon_core.shell:Creating package script '/home/chino/brazo_ws/install/Trayectorias/share/Trayectorias/package.sh'
[5.148s] INFO:colcon.colcon_core.shell:Creating package script '/home/chino/brazo_ws/install/Trayectorias/share/Trayectorias/package.bash'
[5.149s] INFO:colcon.colcon_core.shell:Creating package script '/home/chino/brazo_ws/install/Trayectorias/share/Trayectorias/package.zsh'
[5.150s] Level 1:colcon.colcon_core.environment:create_file_with_runtime_dependencies(/home/chino/brazo_ws/install/Trayectorias/share/colcon-core/packages/Trayectorias)
[5.155s] Level 1:colcon.colcon_core.environment:checking '/home/chino/brazo_ws/install/BRAZOROBOTICO_description' for CMake module files
[5.156s] DEBUG:colcon.colcon_core.event_handler.log_command:Invoked command in '/home/chino/brazo_ws/src/BRAZOROBOTICO_description' returned '0': PYTHONPATH=/home/chino/brazo_ws/build/BRAZOROBOTICO_description/prefix_override:/usr/lib/python3/dist-packages/colcon_core/task/python/colcon_distutils_commands:/home/chino/brazo_ws/install/BRAZOROBOTICO_description/lib/python3.10/site-packages:${PYTHONPATH} /usr/bin/python3 -W ignore:setup.py install is deprecated -W ignore:easy_install command is deprecated setup.py egg_info --egg-base ../../build/BRAZOROBOTICO_description build --build-base /home/chino/brazo_ws/build/BRAZOROBOTICO_description/build install --record /home/chino/brazo_ws/build/BRAZOROBOTICO_description/install.log --single-version-externally-managed install_data
[5.157s] Level 1:colcon.colcon_core.environment:checking '/home/chino/brazo_ws/install/BRAZOROBOTICO_description' for CMake config files
[5.158s] Level 1:colcon.colcon_core.environment:checking '/home/chino/brazo_ws/install/BRAZOROBOTICO_description/lib'
[5.159s] Level 1:colcon.colcon_core.environment:checking '/home/chino/brazo_ws/install/BRAZOROBOTICO_description/bin'
[5.159s] Level 1:colcon.colcon_core.environment:checking '/home/chino/brazo_ws/install/BRAZOROBOTICO_description/lib/pkgconfig/BRAZOROBOTICO_description.pc'
[5.159s] Level 1:colcon.colcon_core.environment:checking '/home/chino/brazo_ws/install/BRAZOROBOTICO_description/lib/python3.10/site-packages'
[5.159s] Level 1:colcon.colcon_core.shell:create_environment_hook('BRAZOROBOTICO_description', 'pythonpath')
[5.160s] INFO:colcon.colcon_core.shell:Creating environment hook '/home/chino/brazo_ws/install/BRAZOROBOTICO_description/share/BRAZOROBOTICO_description/hook/pythonpath.ps1'
[5.160s] INFO:colcon.colcon_core.shell:Creating environment descriptor '/home/chino/brazo_ws/install/BRAZOROBOTICO_description/share/BRAZOROBOTICO_description/hook/pythonpath.dsv'
[5.161s] INFO:colcon.colcon_core.shell:Creating environment hook '/home/chino/brazo_ws/install/BRAZOROBOTICO_description/share/BRAZOROBOTICO_description/hook/pythonpath.sh'
[5.162s] Level 1:colcon.colcon_core.environment:checking '/home/chino/brazo_ws/install/BRAZOROBOTICO_description/bin'
[5.162s] Level 1:colcon.colcon_core.environment:create_environment_scripts_only(BRAZOROBOTICO_description)
[5.163s] INFO:colcon.colcon_core.shell:Creating package script '/home/chino/brazo_ws/install/BRAZOROBOTICO_description/share/BRAZOROBOTICO_description/package.ps1'
[5.164s] INFO:colcon.colcon_core.shell:Creating package descriptor '/home/chino/brazo_ws/install/BRAZOROBOTICO_description/share/BRAZOROBOTICO_description/package.dsv'
[5.165s] INFO:colcon.colcon_core.shell:Creating package script '/home/chino/brazo_ws/install/BRAZOROBOTICO_description/share/BRAZOROBOTICO_description/package.sh'
[5.165s] INFO:colcon.colcon_core.shell:Creating package script '/home/chino/brazo_ws/install/BRAZOROBOTICO_description/share/BRAZOROBOTICO_description/package.bash'
[5.168s] INFO:colcon.colcon_core.shell:Creating package script '/home/chino/brazo_ws/install/BRAZOROBOTICO_description/share/BRAZOROBOTICO_description/package.zsh'
[5.169s] Level 1:colcon.colcon_core.environment:create_file_with_runtime_dependencies(/home/chino/brazo_ws/install/BRAZOROBOTICO_description/share/colcon-core/packages/BRAZOROBOTICO_description)
[5.171s] Level 1:colcon.colcon_core.environment:checking '/home/chino/brazo_ws/install/trajectory_publisher' for CMake module files
[5.173s] DEBUG:colcon.colcon_core.event_handler.log_command:Invoked command in '/home/chino/brazo_ws/src/trajectory_publisher' returned '0': PYTHONPATH=/home/chino/brazo_ws/build/trajectory_publisher/prefix_override:/usr/lib/python3/dist-packages/colcon_core/task/python/colcon_distutils_commands:/home/chino/brazo_ws/install/trajectory_publisher/lib/python3.10/site-packages:${PYTHONPATH} /usr/bin/python3 -W ignore:setup.py install is deprecated -W ignore:easy_install command is deprecated setup.py egg_info --egg-base ../../build/trajectory_publisher build --build-base /home/chino/brazo_ws/build/trajectory_publisher/build install --record /home/chino/brazo_ws/build/trajectory_publisher/install.log --single-version-externally-managed install_data
[5.173s] Level 1:colcon.colcon_core.environment:checking '/home/chino/brazo_ws/install/trajectory_publisher' for CMake config files
[5.175s] Level 1:colcon.colcon_core.environment:checking '/home/chino/brazo_ws/install/trajectory_publisher/lib'
[5.175s] Level 1:colcon.colcon_core.environment:checking '/home/chino/brazo_ws/install/trajectory_publisher/bin'
[5.175s] Level 1:colcon.colcon_core.environment:checking '/home/chino/brazo_ws/install/trajectory_publisher/lib/pkgconfig/trajectory_publisher.pc'
[5.176s] Level 1:colcon.colcon_core.environment:checking '/home/chino/brazo_ws/install/trajectory_publisher/lib/python3.10/site-packages'
[5.176s] Level 1:colcon.colcon_core.shell:create_environment_hook('trajectory_publisher', 'pythonpath')
[5.176s] INFO:colcon.colcon_core.shell:Creating environment hook '/home/chino/brazo_ws/install/trajectory_publisher/share/trajectory_publisher/hook/pythonpath.ps1'
[5.177s] INFO:colcon.colcon_core.shell:Creating environment descriptor '/home/chino/brazo_ws/install/trajectory_publisher/share/trajectory_publisher/hook/pythonpath.dsv'
[5.178s] INFO:colcon.colcon_core.shell:Creating environment hook '/home/chino/brazo_ws/install/trajectory_publisher/share/trajectory_publisher/hook/pythonpath.sh'
[5.179s] Level 1:colcon.colcon_core.environment:checking '/home/chino/brazo_ws/install/trajectory_publisher/bin'
[5.179s] Level 1:colcon.colcon_core.environment:create_environment_scripts_only(trajectory_publisher)
[5.179s] INFO:colcon.colcon_core.shell:Creating package script '/home/chino/brazo_ws/install/trajectory_publisher/share/trajectory_publisher/package.ps1'
[5.180s] INFO:colcon.colcon_core.shell:Creating package descriptor '/home/chino/brazo_ws/install/trajectory_publisher/share/trajectory_publisher/package.dsv'
[5.181s] INFO:colcon.colcon_core.shell:Creating package script '/home/chino/brazo_ws/install/trajectory_publisher/share/trajectory_publisher/package.sh'
[5.182s] INFO:colcon.colcon_core.shell:Creating package script '/home/chino/brazo_ws/install/trajectory_publisher/share/trajectory_publisher/package.bash'
[5.182s] INFO:colcon.colcon_core.shell:Creating package script '/home/chino/brazo_ws/install/trajectory_publisher/share/trajectory_publisher/package.zsh'
[5.183s] Level 1:colcon.colcon_core.environment:create_file_with_runtime_dependencies(/home/chino/brazo_ws/install/trajectory_publisher/share/colcon-core/packages/trajectory_publisher)
[5.184s] DEBUG:colcon.colcon_parallel_executor.executor.parallel:closing loop
[5.185s] DEBUG:colcon.colcon_parallel_executor.executor.parallel:loop closed
[5.185s] DEBUG:colcon.colcon_parallel_executor.executor.parallel:run_until_complete finished with '0'
[5.185s] DEBUG:colcon.colcon_core.event_reactor:joining thread
[5.434s] INFO:colcon.colcon_core.plugin_system:Skipping extension 'colcon_notification.desktop_notification.notify_send': Could not find 'notify-send'
[5.434s] INFO:colcon.colcon_core.plugin_system:Skipping extension 'colcon_notification.desktop_notification.terminal_notifier': Not used on non-Darwin systems
[5.434s] INFO:colcon.colcon_core.plugin_system:Skipping extension 'colcon_notification.desktop_notification.win32': Not used on non-Windows systems
[5.434s] INFO:colcon.colcon_notification.desktop_notification:Sending desktop notification using 'notify2'
[5.435s] DEBUG:colcon.colcon_notification.desktop_notification.notify2:Failed to initialize notify2: org.freedesktop.DBus.Error.FileNotFound: Failed to connect to socket /run/user/1000/bus: No such file or directory
[5.435s] DEBUG:colcon.colcon_core.event_reactor:joined thread
[5.435s] INFO:colcon.colcon_core.shell:Creating prefix script '/home/chino/brazo_ws/install/local_setup.ps1'
[5.438s] INFO:colcon.colcon_core.shell:Creating prefix util module '/home/chino/brazo_ws/install/_local_setup_util_ps1.py'
[5.441s] INFO:colcon.colcon_core.shell:Creating prefix chain script '/home/chino/brazo_ws/install/setup.ps1'
[5.442s] INFO:colcon.colcon_core.shell:Creating prefix script '/home/chino/brazo_ws/install/local_setup.sh'
[5.444s] INFO:colcon.colcon_core.shell:Creating prefix util module '/home/chino/brazo_ws/install/_local_setup_util_sh.py'
[5.445s] INFO:colcon.colcon_core.shell:Creating prefix chain script '/home/chino/brazo_ws/install/setup.sh'
[5.447s] INFO:colcon.colcon_core.shell:Creating prefix script '/home/chino/brazo_ws/install/local_setup.bash'
[5.448s] INFO:colcon.colcon_core.shell:Creating prefix chain script '/home/chino/brazo_ws/install/setup.bash'
[5.450s] INFO:colcon.colcon_core.shell:Creating prefix script '/home/chino/brazo_ws/install/local_setup.zsh'
[5.451s] INFO:colcon.colcon_core.shell:Creating prefix chain script '/home/chino/brazo_ws/install/setup.zsh'
