[0.176s] Invoking command in '/home/chino/brazo_ws/build/micro_ros_msgs': CMAKE_PREFIX_PATH=${CMAKE_PREFIX_PATH}:/home/chino/brazo_ws/install/trajectory_publisher:/home/chino/brazo_ws/install/Trayectorias:/opt/ros/humble /usr/bin/cmake /home/chino/brazo_ws/src/uros/micro_ros_msgs -DCMAKE_INSTALL_PREFIX=/home/chino/brazo_ws/install/micro_ros_msgs
[2.281s] -- Found ament_cmake: 1.3.12 (/opt/ros/humble/share/ament_cmake/cmake)
[2.285s] -- Found rosidl_default_generators: 1.2.0 (/opt/ros/humble/share/rosidl_default_generators/cmake)
[2.285s] -- Using all available rosidl_typesupport_c: rosidl_typesupport_fastrtps_c;rosidl_typesupport_introspection_c
[2.286s] -- Found rosidl_adapter: 3.1.7 (/opt/ros/humble/share/rosidl_adapter/cmake)
[2.325s] -- Using all available rosidl_typesupport_cpp: rosidl_typesupport_fastrtps_cpp;rosidl_typesupport_introspection_cpp
[2.438s] -- Found ament_lint_auto: 0.12.14 (/opt/ros/humble/share/ament_lint_auto/cmake)
[3.438s] -- Found ament_cmake_ros: 0.10.0 (/opt/ros/humble/share/ament_cmake_ros/cmake)
[3.913s] -- Using all available rosidl_typesupport_c: rosidl_typesupport_fastrtps_c;rosidl_typesupport_introspection_c
[4.654s] -- Using all available rosidl_typesupport_cpp: rosidl_typesupport_fastrtps_cpp;rosidl_typesupport_introspection_cpp
[4.718s] -- Found python_cmake_module: 0.10.0 (/opt/ros/humble/share/python_cmake_module/cmake)
[4.773s] -- Using PYTHON_EXECUTABLE: /usr/bin/python3
[4.773s] -- Using PYTHON_INCLUDE_DIRS: /usr/include/python3.10
[4.773s] -- Using PYTHON_LIBRARIES: /usr/lib/x86_64-linux-gnu/libpython3.10.so
[4.844s] -- Added test 'copyright' to check source files copyright and LICENSE
[4.864s] -- Added test 'lint_cmake' to check CMake code style
[4.881s] -- Added test 'xmllint' to check XML markup files
[4.911s] -- Configuring done
[5.097s] -- Generating done
[5.149s] -- Build files have been written to: /home/chino/brazo_ws/build/micro_ros_msgs
[5.176s] Invoked command in '/home/chino/brazo_ws/build/micro_ros_msgs' returned '0': CMAKE_PREFIX_PATH=${CMAKE_PREFIX_PATH}:/home/chino/brazo_ws/install/trajectory_publisher:/home/chino/brazo_ws/install/Trayectorias:/opt/ros/humble /usr/bin/cmake /home/chino/brazo_ws/src/uros/micro_ros_msgs -DCMAKE_INSTALL_PREFIX=/home/chino/brazo_ws/install/micro_ros_msgs
[5.182s] Invoking command in '/home/chino/brazo_ws/build/micro_ros_msgs': CMAKE_PREFIX_PATH=${CMAKE_PREFIX_PATH}:/home/chino/brazo_ws/install/trajectory_publisher:/home/chino/brazo_ws/install/Trayectorias:/opt/ros/humble /usr/bin/cmake --build /home/chino/brazo_ws/build/micro_ros_msgs -- -j16 -l16
[5.291s] [35m[1mConsolidate compiler generated dependencies of target micro_ros_msgs__rosidl_generator_c[0m
[5.332s] [ 10%] Built target micro_ros_msgs__rosidl_generator_c
[5.337s] [ 12%] Built target micro_ros_msgs__cpp
[5.367s] [35m[1mConsolidate compiler generated dependencies of target micro_ros_msgs__rosidl_typesupport_c[0m
[5.367s] [35m[1mConsolidate compiler generated dependencies of target micro_ros_msgs__rosidl_typesupport_introspection_c[0m
[5.368s] [35m[1mConsolidate compiler generated dependencies of target micro_ros_msgs__rosidl_typesupport_fastrtps_c[0m
[5.373s] [35m[1mConsolidate compiler generated dependencies of target micro_ros_msgs__rosidl_typesupport_fastrtps_cpp[0m
[5.374s] [35m[1mConsolidate compiler generated dependencies of target micro_ros_msgs__rosidl_typesupport_introspection_cpp[0m
[5.375s] [35m[1mConsolidate compiler generated dependencies of target micro_ros_msgs__rosidl_typesupport_cpp[0m
[5.378s] [ 12%] Built target ament_cmake_python_copy_micro_ros_msgs
[5.408s] [ 34%] Built target micro_ros_msgs__rosidl_typesupport_introspection_c
[5.409s] [ 34%] Built target micro_ros_msgs__rosidl_typesupport_c
[5.419s] [ 36%] [32m[1mLinking CXX shared library libmicro_ros_msgs__rosidl_typesupport_introspection_cpp.so[0m
[5.419s] [ 38%] [32mBuilding CXX object CMakeFiles/micro_ros_msgs__rosidl_typesupport_fastrtps_c.dir/rosidl_typesupport_fastrtps_c/micro_ros_msgs/msg/detail/node__type_support_c.cpp.o[0m
[5.421s] [ 51%] Built target micro_ros_msgs__rosidl_typesupport_cpp
[5.422s] [ 51%] [32mBuilding CXX object CMakeFiles/micro_ros_msgs__rosidl_typesupport_fastrtps_c.dir/rosidl_typesupport_fastrtps_c/micro_ros_msgs/msg/detail/entity__type_support_c.cpp.o[0m
[5.423s] [ 53%] [32mBuilding CXX object CMakeFiles/micro_ros_msgs__rosidl_typesupport_fastrtps_c.dir/rosidl_typesupport_fastrtps_c/micro_ros_msgs/msg/detail/graph__type_support_c.cpp.o[0m
[5.423s] [ 55%] [32m[1mLinking CXX shared library libmicro_ros_msgs__rosidl_typesupport_fastrtps_cpp.so[0m
[6.055s] [ 63%] Built target micro_ros_msgs__rosidl_typesupport_fastrtps_cpp
[6.057s] [ 72%] Built target micro_ros_msgs__rosidl_typesupport_introspection_cpp
[6.249s] running egg_info
[6.253s] writing micro_ros_msgs.egg-info/PKG-INFO
[6.253s] writing dependency_links to micro_ros_msgs.egg-info/dependency_links.txt
[6.254s] writing top-level names to micro_ros_msgs.egg-info/top_level.txt
[6.263s] reading manifest file 'micro_ros_msgs.egg-info/SOURCES.txt'
[6.271s] writing manifest file 'micro_ros_msgs.egg-info/SOURCES.txt'
[6.353s] [ 72%] Built target ament_cmake_python_build_micro_ros_msgs_egg
[6.605s] [ 74%] [32m[1mLinking CXX shared library libmicro_ros_msgs__rosidl_typesupport_fastrtps_c.so[0m
[7.426s] [ 76%] Built target micro_ros_msgs__rosidl_typesupport_fastrtps_c
[7.485s] [ 76%] Built target micro_ros_msgs
[7.555s] [ 78%] Built target micro_ros_msgs__py
[7.589s] [35m[1mConsolidate compiler generated dependencies of target micro_ros_msgs__rosidl_generator_py[0m
[7.633s] [ 87%] Built target micro_ros_msgs__rosidl_generator_py
[7.666s] [35m[1mConsolidate compiler generated dependencies of target micro_ros_msgs__rosidl_typesupport_fastrtps_c__pyext[0m
[7.666s] [35m[1mConsolidate compiler generated dependencies of target micro_ros_msgs__rosidl_typesupport_introspection_c__pyext[0m
[7.668s] [35m[1mConsolidate compiler generated dependencies of target micro_ros_msgs__rosidl_typesupport_c__pyext[0m
[7.707s] [ 89%] [32m[1mLinking C shared library rosidl_generator_py/micro_ros_msgs/micro_ros_msgs_s__rosidl_typesupport_fastrtps_c.cpython-310-x86_64-linux-gnu.so[0m
[7.708s] [ 93%] Built target micro_ros_msgs__rosidl_typesupport_introspection_c__pyext
[7.708s] [ 97%] Built target micro_ros_msgs__rosidl_typesupport_c__pyext
[8.557s] [100%] Built target micro_ros_msgs__rosidl_typesupport_fastrtps_c__pyext
