running develop
running egg_info
creating ik_bridge.egg-info
writing ik_bridge.egg-info/PKG-INFO
writing dependency_links to ik_bridge.egg-info/dependency_links.txt
writing entry points to ik_bridge.egg-info/entry_points.txt
writing requirements to ik_bridge.egg-info/requires.txt
writing top-level names to ik_bridge.egg-info/top_level.txt
writing manifest file 'ik_bridge.egg-info/SOURCES.txt'
reading manifest file 'ik_bridge.egg-info/SOURCES.txt'
writing manifest file 'ik_bridge.egg-info/SOURCES.txt'
running build_ext
Creating /home/chino/brazo_ws/install/ik_bridge/lib/python3.10/site-packages/ik-bridge.egg-link (link to .)
Installing ik_bridge_node script to /home/chino/brazo_ws/install/ik_bridge/lib/ik_bridge

Installed /home/chino/brazo_ws/build/ik_bridge
running symlink_data
creating /home/chino/brazo_ws/install/ik_bridge/share/ament_index
creating /home/chino/brazo_ws/install/ik_bridge/share/ament_index/resource_index
creating /home/chino/brazo_ws/install/ik_bridge/share/ament_index/resource_index/packages
symbolically linking /home/chino/brazo_ws/build/ik_bridge/resource/ik_bridge -> /home/chino/brazo_ws/install/ik_bridge/share/ament_index/resource_index/packages
symbolically linking /home/chino/brazo_ws/build/ik_bridge/package.xml -> /home/chino/brazo_ws/install/ik_bridge/share/ik_bridge
