[2.954s] Invoking command in '/home/chino/brazo_ws/src/ik_bridge': PYTHONPATH=/home/chino/brazo_ws/build/ik_bridge/prefix_override:/usr/lib/python3/dist-packages/colcon_core/task/python/colcon_distutils_commands:/home/chino/brazo_ws/install/ik_bridge/lib/python3.10/site-packages:${PYTHONPATH} /usr/bin/python3 -W ignore:setup.py install is deprecated -W ignore:easy_install command is deprecated setup.py egg_info --egg-base ../../build/ik_bridge build --build-base /home/chino/brazo_ws/build/ik_bridge/build install --record /home/chino/brazo_ws/build/ik_bridge/install.log --single-version-externally-managed install_data
[3.696s] running egg_info
[3.699s] writing ../../build/ik_bridge/ik_bridge.egg-info/PKG-INFO
[3.699s] writing dependency_links to ../../build/ik_bridge/ik_bridge.egg-info/dependency_links.txt
[3.702s] writing entry points to ../../build/ik_bridge/ik_bridge.egg-info/entry_points.txt
[3.703s] writing requirements to ../../build/ik_bridge/ik_bridge.egg-info/requires.txt
[3.703s] writing top-level names to ../../build/ik_bridge/ik_bridge.egg-info/top_level.txt
[3.709s] reading manifest file '../../build/ik_bridge/ik_bridge.egg-info/SOURCES.txt'
[3.712s] writing manifest file '../../build/ik_bridge/ik_bridge.egg-info/SOURCES.txt'
[3.712s] running build
[3.712s] running build_py
[3.713s] copying ik_bridge/ik_bridge_node.py -> /home/chino/brazo_ws/build/ik_bridge/build/lib/ik_bridge
[3.716s] running install
[3.717s] running install_lib
[3.719s] copying /home/chino/brazo_ws/build/ik_bridge/build/lib/ik_bridge/ik_bridge_node.py -> /home/chino/brazo_ws/install/ik_bridge/lib/python3.10/site-packages/ik_bridge
[3.722s] byte-compiling /home/chino/brazo_ws/install/ik_bridge/lib/python3.10/site-packages/ik_bridge/ik_bridge_node.py to ik_bridge_node.cpython-310.pyc
[3.728s] running install_data
[3.729s] running install_egg_info
[3.733s] removing '/home/chino/brazo_ws/install/ik_bridge/lib/python3.10/site-packages/ik_bridge-0.0.1-py3.10.egg-info' (and everything under it)
[3.735s] Copying ../../build/ik_bridge/ik_bridge.egg-info to /home/chino/brazo_ws/install/ik_bridge/lib/python3.10/site-packages/ik_bridge-0.0.1-py3.10.egg-info
[3.741s] running install_scripts
[3.796s] Installing fk_node script to /home/chino/brazo_ws/install/ik_bridge/lib/ik_bridge
[3.797s] Installing ik_bridge_node script to /home/chino/brazo_ws/install/ik_bridge/lib/ik_bridge
[3.798s] writing list of installed files to '/home/chino/brazo_ws/build/ik_bridge/install.log'
[3.864s] Invoked command in '/home/chino/brazo_ws/src/ik_bridge' returned '0': PYTHONPATH=/home/chino/brazo_ws/build/ik_bridge/prefix_override:/usr/lib/python3/dist-packages/colcon_core/task/python/colcon_distutils_commands:/home/chino/brazo_ws/install/ik_bridge/lib/python3.10/site-packages:${PYTHONPATH} /usr/bin/python3 -W ignore:setup.py install is deprecated -W ignore:easy_install command is deprecated setup.py egg_info --egg-base ../../build/ik_bridge build --build-base /home/chino/brazo_ws/build/ik_bridge/build install --record /home/chino/brazo_ws/build/ik_bridge/install.log --single-version-externally-managed install_data
