[0.169s] Invoking command in '/home/chino/brazo_ws/build/micro_ros_msgs': CMAKE_PREFIX_PATH=${CMAKE_PREFIX_PATH}:/home/chino/brazo_ws/install/trajectory_publisher:/home/chino/brazo_ws/install/ik_bridge:/home/chino/brazo_ws/install/Trayectorias:/home/chino/brazo_ws/install/BRAZOROBOTICO_description:/opt/ros/humble /usr/bin/cmake --build /home/chino/brazo_ws/build/micro_ros_msgs -- -j16 -l16
[3.927s] [  2%] Built target micro_ros_msgs__cpp
[3.930s] [ 12%] Built target micro_ros_msgs__rosidl_generator_c
[3.930s] [ 12%] Built target ament_cmake_python_copy_micro_ros_msgs
[3.930s] [ 23%] Built target micro_ros_msgs__rosidl_typesupport_c
[3.931s] [ 34%] Built target micro_ros_msgs__rosidl_typesupport_introspection_c
[3.931s] [ 44%] Built target micro_ros_msgs__rosidl_typesupport_fastrtps_c
[3.931s] [ 55%] Built target micro_ros_msgs__rosidl_typesupport_fastrtps_cpp
[3.932s] [ 65%] Built target micro_ros_msgs__rosidl_typesupport_cpp
[3.932s] [ 76%] Built target micro_ros_msgs__rosidl_typesupport_introspection_cpp
[3.933s] [ 76%] Built target micro_ros_msgs
[3.933s] [ 78%] Built target micro_ros_msgs__py
[3.934s] [ 87%] Built target micro_ros_msgs__rosidl_generator_py
[3.934s] [ 91%] Built target micro_ros_msgs__rosidl_typesupport_c__pyext
[3.935s] [ 95%] Built target micro_ros_msgs__rosidl_typesupport_introspection_c__pyext
[3.938s] [100%] Built target micro_ros_msgs__rosidl_typesupport_fastrtps_c__pyext
[3.939s] running egg_info
[3.939s] writing micro_ros_msgs.egg-info/PKG-INFO
[3.939s] writing dependency_links to micro_ros_msgs.egg-info/dependency_links.txt
[3.940s] writing top-level names to micro_ros_msgs.egg-info/top_level.txt
[3.940s] reading manifest file 'micro_ros_msgs.egg-info/SOURCES.txt'
[3.940s] writing manifest file 'micro_ros_msgs.egg-info/SOURCES.txt'
[3.940s] [100%] Built target ament_cmake_python_build_micro_ros_msgs_egg
[3.941s] Invoked command in '/home/chino/brazo_ws/build/micro_ros_msgs' returned '0': CMAKE_PREFIX_PATH=${CMAKE_PREFIX_PATH}:/home/chino/brazo_ws/install/trajectory_publisher:/home/chino/brazo_ws/install/ik_bridge:/home/chino/brazo_ws/install/Trayectorias:/home/chino/brazo_ws/install/BRAZOROBOTICO_description:/opt/ros/humble /usr/bin/cmake --build /home/chino/brazo_ws/build/micro_ros_msgs -- -j16 -l16
[3.971s] Invoking command in '/home/chino/brazo_ws/build/micro_ros_msgs': CMAKE_PREFIX_PATH=${CMAKE_PREFIX_PATH}:/home/chino/brazo_ws/install/trajectory_publisher:/home/chino/brazo_ws/install/ik_bridge:/home/chino/brazo_ws/install/Trayectorias:/home/chino/brazo_ws/install/BRAZOROBOTICO_description:/opt/ros/humble /usr/bin/cmake --install /home/chino/brazo_ws/build/micro_ros_msgs
[4.977s] -- Install configuration: ""
[4.979s] -- Up-to-date: /home/chino/brazo_ws/install/micro_ros_msgs/share/ament_index/resource_index/rosidl_interfaces/micro_ros_msgs
[4.981s] -- Up-to-date: /home/chino/brazo_ws/install/micro_ros_msgs/include/micro_ros_msgs/micro_ros_msgs
[4.986s] -- Up-to-date: /home/chino/brazo_ws/install/micro_ros_msgs/include/micro_ros_msgs/micro_ros_msgs/msg
[4.988s] -- Up-to-date: /home/chino/brazo_ws/install/micro_ros_msgs/include/micro_ros_msgs/micro_ros_msgs/msg/rosidl_generator_c__visibility_control.h
[4.989s] -- Up-to-date: /home/chino/brazo_ws/install/micro_ros_msgs/include/micro_ros_msgs/micro_ros_msgs/msg/detail
[4.989s] -- Up-to-date: /home/chino/brazo_ws/install/micro_ros_msgs/include/micro_ros_msgs/micro_ros_msgs/msg/detail/graph__functions.c
[4.991s] -- Up-to-date: /home/chino/brazo_ws/install/micro_ros_msgs/include/micro_ros_msgs/micro_ros_msgs/msg/detail/entity__functions.c
[4.991s] -- Up-to-date: /home/chino/brazo_ws/install/micro_ros_msgs/include/micro_ros_msgs/micro_ros_msgs/msg/detail/graph__functions.h
[4.991s] -- Up-to-date: /home/chino/brazo_ws/install/micro_ros_msgs/include/micro_ros_msgs/micro_ros_msgs/msg/detail/node__struct.h
[4.992s] -- Up-to-date: /home/chino/brazo_ws/install/micro_ros_msgs/include/micro_ros_msgs/micro_ros_msgs/msg/detail/entity__struct.h
[4.993s] -- Up-to-date: /home/chino/brazo_ws/install/micro_ros_msgs/include/micro_ros_msgs/micro_ros_msgs/msg/detail/node__functions.c
[4.995s] -- Up-to-date: /home/chino/brazo_ws/install/micro_ros_msgs/include/micro_ros_msgs/micro_ros_msgs/msg/detail/graph__type_support.h
[4.996s] -- Up-to-date: /home/chino/brazo_ws/install/micro_ros_msgs/include/micro_ros_msgs/micro_ros_msgs/msg/detail/node__type_support.h
[4.997s] -- Up-to-date: /home/chino/brazo_ws/install/micro_ros_msgs/include/micro_ros_msgs/micro_ros_msgs/msg/detail/graph__struct.h
[4.999s] -- Up-to-date: /home/chino/brazo_ws/install/micro_ros_msgs/include/micro_ros_msgs/micro_ros_msgs/msg/detail/node__functions.h
[5.000s] -- Up-to-date: /home/chino/brazo_ws/install/micro_ros_msgs/include/micro_ros_msgs/micro_ros_msgs/msg/detail/entity__type_support.h
[5.001s] -- Up-to-date: /home/chino/brazo_ws/install/micro_ros_msgs/include/micro_ros_msgs/micro_ros_msgs/msg/detail/entity__functions.h
[5.002s] -- Up-to-date: /home/chino/brazo_ws/install/micro_ros_msgs/include/micro_ros_msgs/micro_ros_msgs/msg/entity.h
[5.004s] -- Up-to-date: /home/chino/brazo_ws/install/micro_ros_msgs/include/micro_ros_msgs/micro_ros_msgs/msg/node.h
[5.005s] -- Up-to-date: /home/chino/brazo_ws/install/micro_ros_msgs/include/micro_ros_msgs/micro_ros_msgs/msg/graph.h
[5.006s] -- Up-to-date: /home/chino/brazo_ws/install/micro_ros_msgs/share/micro_ros_msgs/environment/library_path.sh
[5.006s] -- Up-to-date: /home/chino/brazo_ws/install/micro_ros_msgs/share/micro_ros_msgs/environment/library_path.dsv
[5.006s] -- Up-to-date: /home/chino/brazo_ws/install/micro_ros_msgs/lib/libmicro_ros_msgs__rosidl_generator_c.so
[5.006s] -- Up-to-date: /home/chino/brazo_ws/install/micro_ros_msgs/include/micro_ros_msgs/micro_ros_msgs
[5.007s] -- Up-to-date: /home/chino/brazo_ws/install/micro_ros_msgs/include/micro_ros_msgs/micro_ros_msgs/msg
[5.009s] -- Up-to-date: /home/chino/brazo_ws/install/micro_ros_msgs/include/micro_ros_msgs/micro_ros_msgs/msg/rosidl_typesupport_fastrtps_c__visibility_control.h
[5.010s] -- Up-to-date: /home/chino/brazo_ws/install/micro_ros_msgs/include/micro_ros_msgs/micro_ros_msgs/msg/detail
[5.017s] -- Up-to-date: /home/chino/brazo_ws/install/micro_ros_msgs/include/micro_ros_msgs/micro_ros_msgs/msg/detail/entity__rosidl_typesupport_fastrtps_c.h
[5.018s] -- Up-to-date: /home/chino/brazo_ws/install/micro_ros_msgs/include/micro_ros_msgs/micro_ros_msgs/msg/detail/node__rosidl_typesupport_fastrtps_c.h
[5.019s] -- Up-to-date: /home/chino/brazo_ws/install/micro_ros_msgs/include/micro_ros_msgs/micro_ros_msgs/msg/detail/graph__rosidl_typesupport_fastrtps_c.h
[5.019s] -- Up-to-date: /home/chino/brazo_ws/install/micro_ros_msgs/lib/libmicro_ros_msgs__rosidl_typesupport_fastrtps_c.so
[5.020s] -- Up-to-date: /home/chino/brazo_ws/install/micro_ros_msgs/include/micro_ros_msgs/micro_ros_msgs
[5.021s] -- Up-to-date: /home/chino/brazo_ws/install/micro_ros_msgs/include/micro_ros_msgs/micro_ros_msgs/msg
[5.022s] -- Up-to-date: /home/chino/brazo_ws/install/micro_ros_msgs/include/micro_ros_msgs/micro_ros_msgs/msg/rosidl_typesupport_introspection_c__visibility_control.h
[5.025s] -- Up-to-date: /home/chino/brazo_ws/install/micro_ros_msgs/include/micro_ros_msgs/micro_ros_msgs/msg/detail
[5.028s] -- Up-to-date: /home/chino/brazo_ws/install/micro_ros_msgs/include/micro_ros_msgs/micro_ros_msgs/msg/detail/entity__type_support.c
[5.029s] -- Up-to-date: /home/chino/brazo_ws/install/micro_ros_msgs/include/micro_ros_msgs/micro_ros_msgs/msg/detail/node__rosidl_typesupport_introspection_c.h
[5.031s] -- Up-to-date: /home/chino/brazo_ws/install/micro_ros_msgs/include/micro_ros_msgs/micro_ros_msgs/msg/detail/entity__rosidl_typesupport_introspection_c.h
[5.033s] -- Up-to-date: /home/chino/brazo_ws/install/micro_ros_msgs/include/micro_ros_msgs/micro_ros_msgs/msg/detail/graph__rosidl_typesupport_introspection_c.h
[5.034s] -- Up-to-date: /home/chino/brazo_ws/install/micro_ros_msgs/include/micro_ros_msgs/micro_ros_msgs/msg/detail/graph__type_support.c
[5.038s] -- Up-to-date: /home/chino/brazo_ws/install/micro_ros_msgs/include/micro_ros_msgs/micro_ros_msgs/msg/detail/node__type_support.c
[5.042s] -- Up-to-date: /home/chino/brazo_ws/install/micro_ros_msgs/lib/libmicro_ros_msgs__rosidl_typesupport_introspection_c.so
[5.045s] -- Up-to-date: /home/chino/brazo_ws/install/micro_ros_msgs/lib/libmicro_ros_msgs__rosidl_typesupport_c.so
[5.046s] -- Up-to-date: /home/chino/brazo_ws/install/micro_ros_msgs/include/micro_ros_msgs/micro_ros_msgs
[5.046s] -- Up-to-date: /home/chino/brazo_ws/install/micro_ros_msgs/include/micro_ros_msgs/micro_ros_msgs/msg
[5.047s] -- Up-to-date: /home/chino/brazo_ws/install/micro_ros_msgs/include/micro_ros_msgs/micro_ros_msgs/msg/graph.hpp
[5.048s] -- Up-to-date: /home/chino/brazo_ws/install/micro_ros_msgs/include/micro_ros_msgs/micro_ros_msgs/msg/detail
[5.049s] -- Up-to-date: /home/chino/brazo_ws/install/micro_ros_msgs/include/micro_ros_msgs/micro_ros_msgs/msg/detail/graph__struct.hpp
[5.049s] -- Up-to-date: /home/chino/brazo_ws/install/micro_ros_msgs/include/micro_ros_msgs/micro_ros_msgs/msg/detail/entity__traits.hpp
[5.050s] -- Up-to-date: /home/chino/brazo_ws/install/micro_ros_msgs/include/micro_ros_msgs/micro_ros_msgs/msg/detail/entity__struct.hpp
[5.052s] -- Up-to-date: /home/chino/brazo_ws/install/micro_ros_msgs/include/micro_ros_msgs/micro_ros_msgs/msg/detail/entity__type_support.hpp
[5.053s] -- Up-to-date: /home/chino/brazo_ws/install/micro_ros_msgs/include/micro_ros_msgs/micro_ros_msgs/msg/detail/node__type_support.hpp
[5.056s] -- Up-to-date: /home/chino/brazo_ws/install/micro_ros_msgs/include/micro_ros_msgs/micro_ros_msgs/msg/detail/entity__builder.hpp
[5.060s] -- Up-to-date: /home/chino/brazo_ws/install/micro_ros_msgs/include/micro_ros_msgs/micro_ros_msgs/msg/detail/graph__type_support.hpp
[5.061s] -- Up-to-date: /home/chino/brazo_ws/install/micro_ros_msgs/include/micro_ros_msgs/micro_ros_msgs/msg/detail/graph__builder.hpp
[5.068s] -- Up-to-date: /home/chino/brazo_ws/install/micro_ros_msgs/include/micro_ros_msgs/micro_ros_msgs/msg/detail/node__traits.hpp
[5.072s] -- Up-to-date: /home/chino/brazo_ws/install/micro_ros_msgs/include/micro_ros_msgs/micro_ros_msgs/msg/detail/node__struct.hpp
[5.073s] -- Up-to-date: /home/chino/brazo_ws/install/micro_ros_msgs/include/micro_ros_msgs/micro_ros_msgs/msg/detail/node__builder.hpp
[5.085s] -- Up-to-date: /home/chino/brazo_ws/install/micro_ros_msgs/include/micro_ros_msgs/micro_ros_msgs/msg/detail/graph__traits.hpp
[5.085s] -- Up-to-date: /home/chino/brazo_ws/install/micro_ros_msgs/include/micro_ros_msgs/micro_ros_msgs/msg/node.hpp
[5.086s] -- Up-to-date: /home/chino/brazo_ws/install/micro_ros_msgs/include/micro_ros_msgs/micro_ros_msgs/msg/entity.hpp
[5.089s] -- Up-to-date: /home/chino/brazo_ws/install/micro_ros_msgs/include/micro_ros_msgs/micro_ros_msgs/msg/rosidl_generator_cpp__visibility_control.hpp
[5.092s] -- Up-to-date: /home/chino/brazo_ws/install/micro_ros_msgs/include/micro_ros_msgs/micro_ros_msgs
[5.093s] -- Up-to-date: /home/chino/brazo_ws/install/micro_ros_msgs/include/micro_ros_msgs/micro_ros_msgs/msg
[5.094s] -- Up-to-date: /home/chino/brazo_ws/install/micro_ros_msgs/include/micro_ros_msgs/micro_ros_msgs/msg/rosidl_typesupport_fastrtps_cpp__visibility_control.h
[5.094s] -- Up-to-date: /home/chino/brazo_ws/install/micro_ros_msgs/include/micro_ros_msgs/micro_ros_msgs/msg/detail
[5.095s] -- Up-to-date: /home/chino/brazo_ws/install/micro_ros_msgs/include/micro_ros_msgs/micro_ros_msgs/msg/detail/graph__rosidl_typesupport_fastrtps_cpp.hpp
[5.097s] -- Up-to-date: /home/chino/brazo_ws/install/micro_ros_msgs/include/micro_ros_msgs/micro_ros_msgs/msg/detail/dds_fastrtps
[5.101s] -- Up-to-date: /home/chino/brazo_ws/install/micro_ros_msgs/include/micro_ros_msgs/micro_ros_msgs/msg/detail/entity__rosidl_typesupport_fastrtps_cpp.hpp
[5.104s] -- Up-to-date: /home/chino/brazo_ws/install/micro_ros_msgs/include/micro_ros_msgs/micro_ros_msgs/msg/detail/node__rosidl_typesupport_fastrtps_cpp.hpp
[5.106s] -- Up-to-date: /home/chino/brazo_ws/install/micro_ros_msgs/lib/libmicro_ros_msgs__rosidl_typesupport_fastrtps_cpp.so
[5.106s] -- Up-to-date: /home/chino/brazo_ws/install/micro_ros_msgs/include/micro_ros_msgs/micro_ros_msgs
[5.107s] -- Up-to-date: /home/chino/brazo_ws/install/micro_ros_msgs/include/micro_ros_msgs/micro_ros_msgs/msg
[5.109s] -- Up-to-date: /home/chino/brazo_ws/install/micro_ros_msgs/include/micro_ros_msgs/micro_ros_msgs/msg/detail
[5.110s] -- Up-to-date: /home/chino/brazo_ws/install/micro_ros_msgs/include/micro_ros_msgs/micro_ros_msgs/msg/detail/graph__rosidl_typesupport_introspection_cpp.hpp
[5.113s] -- Up-to-date: /home/chino/brazo_ws/install/micro_ros_msgs/include/micro_ros_msgs/micro_ros_msgs/msg/detail/node__rosidl_typesupport_introspection_cpp.hpp
[5.114s] -- Up-to-date: /home/chino/brazo_ws/install/micro_ros_msgs/include/micro_ros_msgs/micro_ros_msgs/msg/detail/graph__type_support.cpp
[5.114s] -- Up-to-date: /home/chino/brazo_ws/install/micro_ros_msgs/include/micro_ros_msgs/micro_ros_msgs/msg/detail/entity__rosidl_typesupport_introspection_cpp.hpp
[5.116s] -- Up-to-date: /home/chino/brazo_ws/install/micro_ros_msgs/include/micro_ros_msgs/micro_ros_msgs/msg/detail/entity__type_support.cpp
[5.117s] -- Up-to-date: /home/chino/brazo_ws/install/micro_ros_msgs/include/micro_ros_msgs/micro_ros_msgs/msg/detail/node__type_support.cpp
[5.117s] -- Up-to-date: /home/chino/brazo_ws/install/micro_ros_msgs/lib/libmicro_ros_msgs__rosidl_typesupport_introspection_cpp.so
[5.118s] -- Up-to-date: /home/chino/brazo_ws/install/micro_ros_msgs/lib/libmicro_ros_msgs__rosidl_typesupport_cpp.so
[5.119s] -- Up-to-date: /home/chino/brazo_ws/install/micro_ros_msgs/share/micro_ros_msgs/environment/pythonpath.sh
[5.121s] -- Up-to-date: /home/chino/brazo_ws/install/micro_ros_msgs/share/micro_ros_msgs/environment/pythonpath.dsv
[5.122s] -- Up-to-date: /home/chino/brazo_ws/install/micro_ros_msgs/local/lib/python3.10/dist-packages/micro_ros_msgs-3.0.1-py3.10.egg-info
[5.122s] -- Installing: /home/chino/brazo_ws/install/micro_ros_msgs/local/lib/python3.10/dist-packages/micro_ros_msgs-3.0.1-py3.10.egg-info/dependency_links.txt
[5.123s] -- Installing: /home/chino/brazo_ws/install/micro_ros_msgs/local/lib/python3.10/dist-packages/micro_ros_msgs-3.0.1-py3.10.egg-info/SOURCES.txt
[5.124s] -- Installing: /home/chino/brazo_ws/install/micro_ros_msgs/local/lib/python3.10/dist-packages/micro_ros_msgs-3.0.1-py3.10.egg-info/top_level.txt
[5.126s] -- Installing: /home/chino/brazo_ws/install/micro_ros_msgs/local/lib/python3.10/dist-packages/micro_ros_msgs-3.0.1-py3.10.egg-info/PKG-INFO
[5.127s] -- Up-to-date: /home/chino/brazo_ws/install/micro_ros_msgs/local/lib/python3.10/dist-packages/micro_ros_msgs
[5.128s] -- Up-to-date: /home/chino/brazo_ws/install/micro_ros_msgs/local/lib/python3.10/dist-packages/micro_ros_msgs/_micro_ros_msgs_s.ep.rosidl_typesupport_c.c
[5.129s] -- Up-to-date: /home/chino/brazo_ws/install/micro_ros_msgs/local/lib/python3.10/dist-packages/micro_ros_msgs/micro_ros_msgs_s__rosidl_typesupport_introspection_c.cpython-310-x86_64-linux-gnu.so
[5.130s] -- Up-to-date: /home/chino/brazo_ws/install/micro_ros_msgs/local/lib/python3.10/dist-packages/micro_ros_msgs/_micro_ros_msgs_s.ep.rosidl_typesupport_introspection_c.c
[5.131s] -- Up-to-date: /home/chino/brazo_ws/install/micro_ros_msgs/local/lib/python3.10/dist-packages/micro_ros_msgs/__init__.py
[5.133s] -- Up-to-date: /home/chino/brazo_ws/install/micro_ros_msgs/local/lib/python3.10/dist-packages/micro_ros_msgs/libmicro_ros_msgs__rosidl_generator_py.so
[5.135s] -- Up-to-date: /home/chino/brazo_ws/install/micro_ros_msgs/local/lib/python3.10/dist-packages/micro_ros_msgs/msg
[5.136s] -- Up-to-date: /home/chino/brazo_ws/install/micro_ros_msgs/local/lib/python3.10/dist-packages/micro_ros_msgs/msg/_entity.py
[5.137s] -- Up-to-date: /home/chino/brazo_ws/install/micro_ros_msgs/local/lib/python3.10/dist-packages/micro_ros_msgs/msg/_graph.py
[5.138s] -- Up-to-date: /home/chino/brazo_ws/install/micro_ros_msgs/local/lib/python3.10/dist-packages/micro_ros_msgs/msg/_graph_s.c
[5.139s] -- Up-to-date: /home/chino/brazo_ws/install/micro_ros_msgs/local/lib/python3.10/dist-packages/micro_ros_msgs/msg/_entity_s.c
[5.141s] -- Up-to-date: /home/chino/brazo_ws/install/micro_ros_msgs/local/lib/python3.10/dist-packages/micro_ros_msgs/msg/_node.py
[5.142s] -- Up-to-date: /home/chino/brazo_ws/install/micro_ros_msgs/local/lib/python3.10/dist-packages/micro_ros_msgs/msg/__init__.py
[5.143s] -- Up-to-date: /home/chino/brazo_ws/install/micro_ros_msgs/local/lib/python3.10/dist-packages/micro_ros_msgs/msg/_node_s.c
[5.144s] -- Up-to-date: /home/chino/brazo_ws/install/micro_ros_msgs/local/lib/python3.10/dist-packages/micro_ros_msgs/micro_ros_msgs_s__rosidl_typesupport_c.cpython-310-x86_64-linux-gnu.so
[5.146s] -- Up-to-date: /home/chino/brazo_ws/install/micro_ros_msgs/local/lib/python3.10/dist-packages/micro_ros_msgs/_micro_ros_msgs_s.ep.rosidl_typesupport_fastrtps_c.c
[5.147s] -- Up-to-date: /home/chino/brazo_ws/install/micro_ros_msgs/local/lib/python3.10/dist-packages/micro_ros_msgs/micro_ros_msgs_s__rosidl_typesupport_fastrtps_c.cpython-310-x86_64-linux-gnu.so
[5.148s] Listing '/home/chino/brazo_ws/install/micro_ros_msgs/local/lib/python3.10/dist-packages/micro_ros_msgs'...
[5.148s] Listing '/home/chino/brazo_ws/install/micro_ros_msgs/local/lib/python3.10/dist-packages/micro_ros_msgs/msg'...
[5.151s] -- Up-to-date: /home/chino/brazo_ws/install/micro_ros_msgs/local/lib/python3.10/dist-packages/micro_ros_msgs/micro_ros_msgs_s__rosidl_typesupport_fastrtps_c.cpython-310-x86_64-linux-gnu.so
[5.152s] -- Up-to-date: /home/chino/brazo_ws/install/micro_ros_msgs/local/lib/python3.10/dist-packages/micro_ros_msgs/micro_ros_msgs_s__rosidl_typesupport_introspection_c.cpython-310-x86_64-linux-gnu.so
[5.153s] -- Up-to-date: /home/chino/brazo_ws/install/micro_ros_msgs/local/lib/python3.10/dist-packages/micro_ros_msgs/micro_ros_msgs_s__rosidl_typesupport_c.cpython-310-x86_64-linux-gnu.so
[5.155s] -- Up-to-date: /home/chino/brazo_ws/install/micro_ros_msgs/lib/libmicro_ros_msgs__rosidl_generator_py.so
[5.159s] -- Up-to-date: /home/chino/brazo_ws/install/micro_ros_msgs/share/micro_ros_msgs/msg/Graph.idl
[5.160s] -- Up-to-date: /home/chino/brazo_ws/install/micro_ros_msgs/share/micro_ros_msgs/msg/Node.idl
[5.161s] -- Up-to-date: /home/chino/brazo_ws/install/micro_ros_msgs/share/micro_ros_msgs/msg/Entity.idl
[5.162s] -- Up-to-date: /home/chino/brazo_ws/install/micro_ros_msgs/share/micro_ros_msgs/msg/Graph.msg
[5.163s] -- Up-to-date: /home/chino/brazo_ws/install/micro_ros_msgs/share/micro_ros_msgs/msg/Node.msg
[5.164s] -- Up-to-date: /home/chino/brazo_ws/install/micro_ros_msgs/share/micro_ros_msgs/msg/Entity.msg
[5.165s] -- Up-to-date: /home/chino/brazo_ws/install/micro_ros_msgs/share/ament_index/resource_index/package_run_dependencies/micro_ros_msgs
[5.166s] -- Up-to-date: /home/chino/brazo_ws/install/micro_ros_msgs/share/ament_index/resource_index/parent_prefix_path/micro_ros_msgs
[5.167s] -- Up-to-date: /home/chino/brazo_ws/install/micro_ros_msgs/share/micro_ros_msgs/environment/ament_prefix_path.sh
[5.169s] -- Up-to-date: /home/chino/brazo_ws/install/micro_ros_msgs/share/micro_ros_msgs/environment/ament_prefix_path.dsv
[5.170s] -- Up-to-date: /home/chino/brazo_ws/install/micro_ros_msgs/share/micro_ros_msgs/environment/path.sh
[5.170s] -- Up-to-date: /home/chino/brazo_ws/install/micro_ros_msgs/share/micro_ros_msgs/environment/path.dsv
[5.171s] -- Up-to-date: /home/chino/brazo_ws/install/micro_ros_msgs/share/micro_ros_msgs/local_setup.bash
[5.171s] -- Up-to-date: /home/chino/brazo_ws/install/micro_ros_msgs/share/micro_ros_msgs/local_setup.sh
[5.172s] -- Up-to-date: /home/chino/brazo_ws/install/micro_ros_msgs/share/micro_ros_msgs/local_setup.zsh
[5.173s] -- Up-to-date: /home/chino/brazo_ws/install/micro_ros_msgs/share/micro_ros_msgs/local_setup.dsv
[5.175s] -- Installing: /home/chino/brazo_ws/install/micro_ros_msgs/share/micro_ros_msgs/package.dsv
[5.177s] -- Up-to-date: /home/chino/brazo_ws/install/micro_ros_msgs/share/ament_index/resource_index/packages/micro_ros_msgs
[5.181s] -- Up-to-date: /home/chino/brazo_ws/install/micro_ros_msgs/share/micro_ros_msgs/cmake/export_micro_ros_msgs__rosidl_generator_cExport.cmake
[5.184s] -- Up-to-date: /home/chino/brazo_ws/install/micro_ros_msgs/share/micro_ros_msgs/cmake/export_micro_ros_msgs__rosidl_generator_cExport-noconfig.cmake
[5.185s] -- Up-to-date: /home/chino/brazo_ws/install/micro_ros_msgs/share/micro_ros_msgs/cmake/export_micro_ros_msgs__rosidl_typesupport_fastrtps_cExport.cmake
[5.186s] -- Up-to-date: /home/chino/brazo_ws/install/micro_ros_msgs/share/micro_ros_msgs/cmake/export_micro_ros_msgs__rosidl_typesupport_fastrtps_cExport-noconfig.cmake
[5.187s] -- Up-to-date: /home/chino/brazo_ws/install/micro_ros_msgs/share/micro_ros_msgs/cmake/micro_ros_msgs__rosidl_typesupport_introspection_cExport.cmake
[5.191s] -- Up-to-date: /home/chino/brazo_ws/install/micro_ros_msgs/share/micro_ros_msgs/cmake/micro_ros_msgs__rosidl_typesupport_introspection_cExport-noconfig.cmake
[5.192s] -- Up-to-date: /home/chino/brazo_ws/install/micro_ros_msgs/share/micro_ros_msgs/cmake/micro_ros_msgs__rosidl_typesupport_cExport.cmake
[5.193s] -- Up-to-date: /home/chino/brazo_ws/install/micro_ros_msgs/share/micro_ros_msgs/cmake/micro_ros_msgs__rosidl_typesupport_cExport-noconfig.cmake
[5.194s] -- Up-to-date: /home/chino/brazo_ws/install/micro_ros_msgs/share/micro_ros_msgs/cmake/export_micro_ros_msgs__rosidl_generator_cppExport.cmake
[5.195s] -- Up-to-date: /home/chino/brazo_ws/install/micro_ros_msgs/share/micro_ros_msgs/cmake/export_micro_ros_msgs__rosidl_typesupport_fastrtps_cppExport.cmake
[5.198s] -- Up-to-date: /home/chino/brazo_ws/install/micro_ros_msgs/share/micro_ros_msgs/cmake/export_micro_ros_msgs__rosidl_typesupport_fastrtps_cppExport-noconfig.cmake
[5.199s] -- Up-to-date: /home/chino/brazo_ws/install/micro_ros_msgs/share/micro_ros_msgs/cmake/micro_ros_msgs__rosidl_typesupport_introspection_cppExport.cmake
[5.200s] -- Up-to-date: /home/chino/brazo_ws/install/micro_ros_msgs/share/micro_ros_msgs/cmake/micro_ros_msgs__rosidl_typesupport_introspection_cppExport-noconfig.cmake
[5.203s] -- Up-to-date: /home/chino/brazo_ws/install/micro_ros_msgs/share/micro_ros_msgs/cmake/micro_ros_msgs__rosidl_typesupport_cppExport.cmake
[5.204s] -- Up-to-date: /home/chino/brazo_ws/install/micro_ros_msgs/share/micro_ros_msgs/cmake/micro_ros_msgs__rosidl_typesupport_cppExport-noconfig.cmake
[5.205s] -- Up-to-date: /home/chino/brazo_ws/install/micro_ros_msgs/share/micro_ros_msgs/cmake/export_micro_ros_msgs__rosidl_generator_pyExport.cmake
[5.208s] -- Up-to-date: /home/chino/brazo_ws/install/micro_ros_msgs/share/micro_ros_msgs/cmake/export_micro_ros_msgs__rosidl_generator_pyExport-noconfig.cmake
[5.208s] -- Up-to-date: /home/chino/brazo_ws/install/micro_ros_msgs/share/micro_ros_msgs/cmake/rosidl_cmake-extras.cmake
[5.209s] -- Up-to-date: /home/chino/brazo_ws/install/micro_ros_msgs/share/micro_ros_msgs/cmake/ament_cmake_export_include_directories-extras.cmake
[5.210s] -- Up-to-date: /home/chino/brazo_ws/install/micro_ros_msgs/share/micro_ros_msgs/cmake/ament_cmake_export_libraries-extras.cmake
[5.212s] -- Up-to-date: /home/chino/brazo_ws/install/micro_ros_msgs/share/micro_ros_msgs/cmake/ament_cmake_export_targets-extras.cmake
[5.213s] -- Up-to-date: /home/chino/brazo_ws/install/micro_ros_msgs/share/micro_ros_msgs/cmake/rosidl_cmake_export_typesupport_targets-extras.cmake
[5.216s] -- Up-to-date: /home/chino/brazo_ws/install/micro_ros_msgs/share/micro_ros_msgs/cmake/ament_cmake_export_dependencies-extras.cmake
[5.217s] -- Up-to-date: /home/chino/brazo_ws/install/micro_ros_msgs/share/micro_ros_msgs/cmake/rosidl_cmake_export_typesupport_libraries-extras.cmake
[5.219s] -- Up-to-date: /home/chino/brazo_ws/install/micro_ros_msgs/share/micro_ros_msgs/cmake/micro_ros_msgsConfig.cmake
[5.220s] -- Up-to-date: /home/chino/brazo_ws/install/micro_ros_msgs/share/micro_ros_msgs/cmake/micro_ros_msgsConfig-version.cmake
[5.222s] -- Up-to-date: /home/chino/brazo_ws/install/micro_ros_msgs/share/micro_ros_msgs/package.xml
[5.229s] Invoked command in '/home/chino/brazo_ws/build/micro_ros_msgs' returned '0': CMAKE_PREFIX_PATH=${CMAKE_PREFIX_PATH}:/home/chino/brazo_ws/install/trajectory_publisher:/home/chino/brazo_ws/install/ik_bridge:/home/chino/brazo_ws/install/Trayectorias:/home/chino/brazo_ws/install/BRAZOROBOTICO_description:/opt/ros/humble /usr/bin/cmake --install /home/chino/brazo_ws/build/micro_ros_msgs
