[6.960s] Invoking command in '/home/chino/brazo_ws/src/Trayectorias': PYTHONPATH=/home/chino/brazo_ws/build/Trayectorias/prefix_override:/usr/lib/python3/dist-packages/colcon_core/task/python/colcon_distutils_commands:/home/chino/brazo_ws/install/Trayectorias/lib/python3.10/site-packages:${PYTHONPATH} /usr/bin/python3 -W ignore:setup.py install is deprecated -W ignore:easy_install command is deprecated setup.py egg_info --egg-base ../../build/Trayectorias build --build-base /home/chino/brazo_ws/build/Trayectorias/build install --record /home/chino/brazo_ws/build/Trayectorias/install.log --single-version-externally-managed install_data
[7.939s] running egg_info
[7.941s] writing ../../build/Trayectorias/Trayectorias.egg-info/PKG-INFO
[7.942s] writing dependency_links to ../../build/Trayectorias/Trayectorias.egg-info/dependency_links.txt
[7.943s] writing entry points to ../../build/Trayectorias/Trayectorias.egg-info/entry_points.txt
[7.944s] writing requirements to ../../build/Trayectorias/Trayectorias.egg-info/requires.txt
[7.945s] writing top-level names to ../../build/Trayectorias/Trayectorias.egg-info/top_level.txt
[7.954s] reading manifest file '../../build/Trayectorias/Trayectorias.egg-info/SOURCES.txt'
[7.955s] adding license file 'LICENSE'
[7.958s] writing manifest file '../../build/Trayectorias/Trayectorias.egg-info/SOURCES.txt'
[7.958s] running build
[7.959s] running build_py
[7.960s] running install
[7.962s] running install_lib
[7.967s] running install_data
[7.968s] running install_egg_info
[7.974s] removing '/home/chino/brazo_ws/install/Trayectorias/lib/python3.10/site-packages/Trayectorias-0.0.0-py3.10.egg-info' (and everything under it)
[7.981s] Copying ../../build/Trayectorias/Trayectorias.egg-info to /home/chino/brazo_ws/install/Trayectorias/lib/python3.10/site-packages/Trayectorias-0.0.0-py3.10.egg-info
[7.984s] running install_scripts
[8.067s] writing list of installed files to '/home/chino/brazo_ws/build/Trayectorias/install.log'
[8.202s] Invoked command in '/home/chino/brazo_ws/src/Trayectorias' returned '0': PYTHONPATH=/home/chino/brazo_ws/build/Trayectorias/prefix_override:/usr/lib/python3/dist-packages/colcon_core/task/python/colcon_distutils_commands:/home/chino/brazo_ws/install/Trayectorias/lib/python3.10/site-packages:${PYTHONPATH} /usr/bin/python3 -W ignore:setup.py install is deprecated -W ignore:easy_install command is deprecated setup.py egg_info --egg-base ../../build/Trayectorias build --build-base /home/chino/brazo_ws/build/Trayectorias/build install --record /home/chino/brazo_ws/build/Trayectorias/install.log --single-version-externally-managed install_data
